2016-04-15 17:02:02.014392|INFO    |ServerLibPriv |   | TeamSpeak 3 Server 3.0.11.2 (2014-12-15 14:43:52)
2016-04-15 17:02:02.041609|INFO    |ServerLibPriv |   | SystemInformation: Linux 2.6.32-042stab111.12 #1 SMP Thu Sep 17 11:38:20 MSK 2015 x86_64 Binary: 64bit
2016-04-15 17:02:02.213471|INFO    |DatabaseQuery |   | dbPlugin name:    SQLite3 plugin, Version 2, (c)TeamSpeak Systems GmbH
2016-04-15 17:02:02.230243|INFO    |DatabaseQuery |   | dbPlugin version: 3.6.21
2016-04-15 17:02:02.270214|INFO    |DatabaseQuery |   | checking database integrity (may take a while)
2016-04-15 17:02:02.626956|ERROR   |              |   | TS3ANetwork::Connect failed error: 111
2016-04-15 17:02:02.627064|ERROR   |              |   | Unable to connect to primary address, trying secondary
2016-04-15 17:02:02.838019|INFO    |Accounting    |   | Licensing Information
2016-04-15 17:02:02.838133|INFO    |Accounting    |   | type              : Non-profit
2016-04-15 17:02:02.838214|INFO    |Accounting    |   | starting date     : Mon Dec 24 00:00:00 2012
2016-04-15 17:02:02.838262|INFO    |Accounting    |   | ending date       : Sat Jun 29 00:00:00 2013
2016-04-15 17:02:02.838306|INFO    |Accounting    |   | max virtualservers: 10
2016-04-15 17:02:02.838348|INFO    |Accounting    |   | max slots         : 512
2016-04-15 17:02:04.751547|INFO    |              |   | Puzzle precompute time: 1864
2016-04-15 17:02:04.754033|INFO    |FileManager   |   | listening on 0.0.0.0:30033
2016-04-15 17:02:05.090717|INFO    |CIDRManager   |   | updated query_ip_whitelist ips: 127.0.0.1, 
2016-04-15 17:02:05.093286|INFO    |Query         |   | listening on 0.0.0.0:10011
2016-04-15 17:02:05.193835|ERROR   |              |   | TS3ANetwork::Connect failed error: 111
2016-04-15 17:02:05.193933|ERROR   |              |   | Unable to connect to primary address, trying secondary
2016-04-15 17:06:45.177744|INFO    |Query         |   | query from 1 87.205.93.108:3350 issued: login with account "serveradmin"(serveradmin)
2016-04-15 18:04:09.942183|ERROR   |              |   | TS3ANetwork::Connect failed error: 111
2016-04-15 18:04:09.942308|ERROR   |              |   | Unable to connect to primary address, trying secondary
2016-04-15 19:06:31.842349|ERROR   |              |   | TS3ANetwork::Connect failed error: 111
2016-04-15 19:06:31.842455|ERROR   |              |   | Unable to connect to primary address, trying secondary
2016-04-15 20:08:33.373207|ERROR   |              |   | TS3ANetwork::Connect failed error: 111
2016-04-15 20:08:33.373325|ERROR   |              |   | Unable to connect to primary address, trying secondary
2016-04-15 21:11:23.547758|ERROR   |              |   | TS3ANetwork::Connect failed error: 111
2016-04-15 21:11:23.547859|ERROR   |              |   | Unable to connect to primary address, trying secondary
2016-04-15 22:13:44.736517|ERROR   |              |   | TS3ANetwork::Connect failed error: 111
2016-04-15 22:13:44.736637|ERROR   |              |   | Unable to connect to primary address, trying secondary
2016-04-15 23:16:56.635233|ERROR   |              |   | TS3ANetwork::Connect failed error: 111
2016-04-15 23:16:56.635364|ERROR   |              |   | Unable to connect to primary address, trying secondary
2016-04-16 00:18:55.279825|ERROR   |              |   | TS3ANetwork::Connect failed error: 111
2016-04-16 00:18:55.279978|ERROR   |              |   | Unable to connect to primary address, trying secondary
2016-04-16 01:20:19.675963|ERROR   |              |   | TS3ANetwork::Connect failed error: 111
2016-04-16 01:20:19.676088|ERROR   |              |   | Unable to connect to primary address, trying secondary
2016-04-16 02:23:15.676425|ERROR   |              |   | TS3ANetwork::Connect failed error: 111
2016-04-16 02:23:15.676538|ERROR   |              |   | Unable to connect to primary address, trying secondary
2016-04-16 03:24:42.583380|ERROR   |              |   | TS3ANetwork::Connect failed error: 111
2016-04-16 03:24:42.583608|ERROR   |              |   | Unable to connect to primary address, trying secondary
2016-04-16 04:25:52.745037|ERROR   |              |   | TS3ANetwork::Connect failed error: 111
2016-04-16 04:25:52.745188|ERROR   |              |   | Unable to connect to primary address, trying secondary
2016-04-16 05:27:08.760342|ERROR   |              |   | TS3ANetwork::Connect failed error: 111
2016-04-16 05:27:08.760436|ERROR   |              |   | Unable to connect to primary address, trying secondary
2016-04-16 06:28:58.970260|ERROR   |              |   | TS3ANetwork::Connect failed error: 111
2016-04-16 06:28:58.970389|ERROR   |              |   | Unable to connect to primary address, trying secondary
2016-04-16 07:30:46.325023|ERROR   |              |   | TS3ANetwork::Connect failed error: 111
2016-04-16 07:30:46.325127|ERROR   |              |   | Unable to connect to primary address, trying secondary
2016-04-16 08:32:37.794000|ERROR   |              |   | TS3ANetwork::Connect failed error: 111
2016-04-16 08:32:37.794138|ERROR   |              |   | Unable to connect to primary address, trying secondary
2016-04-16 09:35:59.486068|ERROR   |              |   | TS3ANetwork::Connect failed error: 111
2016-04-16 09:35:59.486169|ERROR   |              |   | Unable to connect to primary address, trying secondary
2016-04-16 10:38:19.587982|ERROR   |              |   | TS3ANetwork::Connect failed error: 111
2016-04-16 10:38:19.588096|ERROR   |              |   | Unable to connect to primary address, trying secondary
2016-04-16 11:41:47.967944|ERROR   |              |   | TS3ANetwork::Connect failed error: 111
2016-04-16 11:41:47.968079|ERROR   |              |   | Unable to connect to primary address, trying secondary
2016-04-16 12:45:25.406838|ERROR   |              |   | TS3ANetwork::Connect failed error: 111
2016-04-16 12:45:25.406958|ERROR   |              |   | Unable to connect to primary address, trying secondary
2016-04-16 13:49:10.721861|ERROR   |              |   | TS3ANetwork::Connect failed error: 111
2016-04-16 13:49:10.722004|ERROR   |              |   | Unable to connect to primary address, trying secondary
2016-04-16 14:51:48.406241|ERROR   |              |   | TS3ANetwork::Connect failed error: 111
2016-04-16 14:51:48.406357|ERROR   |              |   | Unable to connect to primary address, trying secondary
2016-04-16 15:55:46.264892|ERROR   |              |   | TS3ANetwork::Connect failed error: 111
2016-04-16 15:55:46.265085|ERROR   |              |   | Unable to connect to primary address, trying secondary
2016-04-16 16:58:46.224006|ERROR   |              |   | TS3ANetwork::Connect failed error: 111
2016-04-16 16:58:46.224163|ERROR   |              |   | Unable to connect to primary address, trying secondary
2016-04-16 18:02:27.425517|ERROR   |              |   | TS3ANetwork::Connect failed error: 111
2016-04-16 18:02:27.425647|ERROR   |              |   | Unable to connect to primary address, trying secondary
2016-04-16 19:05:45.629173|ERROR   |              |   | TS3ANetwork::Connect failed error: 111
2016-04-16 19:05:45.629331|ERROR   |              |   | Unable to connect to primary address, trying secondary
2016-04-16 20:08:35.846065|ERROR   |              |   | TS3ANetwork::Connect failed error: 111
2016-04-16 20:08:35.846319|ERROR   |              |   | Unable to connect to primary address, trying secondary
2016-04-16 21:11:31.853067|ERROR   |              |   | TS3ANetwork::Connect failed error: 111
2016-04-16 21:11:31.853184|ERROR   |              |   | Unable to connect to primary address, trying secondary
2016-04-16 22:14:01.288039|ERROR   |              |   | TS3ANetwork::Connect failed error: 111
2016-04-16 22:14:01.288197|ERROR   |              |   | Unable to connect to primary address, trying secondary
2016-04-16 23:16:10.652227|ERROR   |              |   | TS3ANetwork::Connect failed error: 111
2016-04-16 23:16:10.652361|ERROR   |              |   | Unable to connect to primary address, trying secondary
2016-04-17 00:18:45.811874|ERROR   |              |   | TS3ANetwork::Connect failed error: 111
2016-04-17 00:18:45.811986|ERROR   |              |   | Unable to connect to primary address, trying secondary
2016-04-17 01:20:49.747935|ERROR   |              |   | TS3ANetwork::Connect failed error: 111
2016-04-17 01:20:49.748068|ERROR   |              |   | Unable to connect to primary address, trying secondary
2016-04-17 02:23:04.440374|ERROR   |              |   | TS3ANetwork::Connect failed error: 111
2016-04-17 02:23:04.441017|ERROR   |              |   | Unable to connect to primary address, trying secondary
2016-04-17 03:24:25.081620|ERROR   |              |   | TS3ANetwork::Connect failed error: 111
2016-04-17 03:24:25.081755|ERROR   |              |   | Unable to connect to primary address, trying secondary
2016-04-17 04:26:39.164477|ERROR   |              |   | TS3ANetwork::Connect failed error: 111
2016-04-17 04:26:39.164589|ERROR   |              |   | Unable to connect to primary address, trying secondary
2016-04-17 05:28:35.286876|ERROR   |              |   | TS3ANetwork::Connect failed error: 111
2016-04-17 05:28:35.287013|ERROR   |              |   | Unable to connect to primary address, trying secondary
2016-04-17 06:31:17.512478|ERROR   |              |   | TS3ANetwork::Connect failed error: 111
2016-04-17 06:31:17.512600|ERROR   |              |   | Unable to connect to primary address, trying secondary
2016-04-17 07:33:14.334577|ERROR   |              |   | TS3ANetwork::Connect failed error: 111
2016-04-17 07:33:14.334700|ERROR   |              |   | Unable to connect to primary address, trying secondary
2016-04-17 08:35:46.014264|ERROR   |              |   | TS3ANetwork::Connect failed error: 111
2016-04-17 08:35:46.014383|ERROR   |              |   | Unable to connect to primary address, trying secondary
2016-04-17 09:38:13.231869|ERROR   |              |   | TS3ANetwork::Connect failed error: 111
2016-04-17 09:38:13.232029|ERROR   |              |   | Unable to connect to primary address, trying secondary
2016-04-17 10:40:36.944633|ERROR   |              |   | TS3ANetwork::Connect failed error: 111
2016-04-17 10:40:36.944770|ERROR   |              |   | Unable to connect to primary address, trying secondary
2016-04-17 11:42:57.793655|ERROR   |              |   | TS3ANetwork::Connect failed error: 111
2016-04-17 11:42:57.793797|ERROR   |              |   | Unable to connect to primary address, trying secondary
2016-04-17 12:45:44.571321|ERROR   |              |   | TS3ANetwork::Connect failed error: 111
2016-04-17 12:45:44.571434|ERROR   |              |   | Unable to connect to primary address, trying secondary
2016-04-17 13:48:32.066345|ERROR   |              |   | TS3ANetwork::Connect failed error: 111
2016-04-17 13:48:32.066475|ERROR   |              |   | Unable to connect to primary address, trying secondary
2016-04-17 14:51:37.963632|ERROR   |              |   | TS3ANetwork::Connect failed error: 111
2016-04-17 14:51:37.963769|ERROR   |              |   | Unable to connect to primary address, trying secondary
2016-04-17 15:53:31.229720|ERROR   |              |   | TS3ANetwork::Connect failed error: 111
2016-04-17 15:53:31.229820|ERROR   |              |   | Unable to connect to primary address, trying secondary
2016-04-17 16:56:16.532640|ERROR   |              |   | TS3ANetwork::Connect failed error: 111
2016-04-17 16:56:16.532786|ERROR   |              |   | Unable to connect to primary address, trying secondary
2016-04-17 18:00:00.898238|ERROR   |              |   | TS3ANetwork::Connect failed error: 111
2016-04-17 18:00:00.898359|ERROR   |              |   | Unable to connect to primary address, trying secondary
2016-04-17 19:03:43.688074|ERROR   |              |   | TS3ANetwork::Connect failed error: 111
2016-04-17 19:03:43.688206|ERROR   |              |   | Unable to connect to primary address, trying secondary
2016-04-17 20:06:40.558217|ERROR   |              |   | TS3ANetwork::Connect failed error: 111
2016-04-17 20:06:40.558320|ERROR   |              |   | Unable to connect to primary address, trying secondary
2016-04-17 21:09:18.056557|ERROR   |              |   | TS3ANetwork::Connect failed error: 111
2016-04-17 21:09:18.056683|ERROR   |              |   | Unable to connect to primary address, trying secondary
2016-04-17 22:11:38.586880|ERROR   |              |   | TS3ANetwork::Connect failed error: 111
2016-04-17 22:11:38.587039|ERROR   |              |   | Unable to connect to primary address, trying secondary
2016-04-17 23:14:04.447764|ERROR   |              |   | TS3ANetwork::Connect failed error: 111
2016-04-17 23:14:04.447902|ERROR   |              |   | Unable to connect to primary address, trying secondary
2016-04-18 00:16:14.437826|ERROR   |              |   | TS3ANetwork::Connect failed error: 111
2016-04-18 00:16:14.438150|ERROR   |              |   | Unable to connect to primary address, trying secondary
2016-04-18 01:17:46.881132|ERROR   |              |   | TS3ANetwork::Connect failed error: 111
2016-04-18 01:17:46.881253|ERROR   |              |   | Unable to connect to primary address, trying secondary
2016-04-18 02:19:39.896716|ERROR   |              |   | TS3ANetwork::Connect failed error: 111
2016-04-18 02:19:39.896837|ERROR   |              |   | Unable to connect to primary address, trying secondary
2016-04-18 03:20:52.300256|ERROR   |              |   | TS3ANetwork::Connect failed error: 111
2016-04-18 03:20:52.300511|ERROR   |              |   | Unable to connect to primary address, trying secondary
2016-04-18 04:22:22.440601|ERROR   |              |   | TS3ANetwork::Connect failed error: 111
2016-04-18 04:22:22.440815|ERROR   |              |   | Unable to connect to primary address, trying secondary
2016-04-18 05:24:32.059369|ERROR   |              |   | TS3ANetwork::Connect failed error: 111
2016-04-18 05:24:32.059507|ERROR   |              |   | Unable to connect to primary address, trying secondary
2016-04-18 06:26:17.628465|ERROR   |              |   | TS3ANetwork::Connect failed error: 111
2016-04-18 06:26:17.628619|ERROR   |              |   | Unable to connect to primary address, trying secondary
2016-04-18 07:27:58.620758|ERROR   |              |   | TS3ANetwork::Connect failed error: 111
2016-04-18 07:27:58.642171|ERROR   |              |   | Unable to connect to primary address, trying secondary
2016-04-18 08:29:42.108236|ERROR   |              |   | TS3ANetwork::Connect failed error: 111
2016-04-18 08:29:42.108351|ERROR   |              |   | Unable to connect to primary address, trying secondary
2016-04-18 09:32:32.791199|ERROR   |              |   | TS3ANetwork::Connect failed error: 111
2016-04-18 09:32:32.791373|ERROR   |              |   | Unable to connect to primary address, trying secondary
2016-04-18 10:34:36.838767|ERROR   |              |   | TS3ANetwork::Connect failed error: 111
2016-04-18 10:34:36.839029|ERROR   |              |   | Unable to connect to primary address, trying secondary
2016-04-18 11:37:46.448130|ERROR   |              |   | TS3ANetwork::Connect failed error: 111
2016-04-18 11:37:46.448320|ERROR   |              |   | Unable to connect to primary address, trying secondary
2016-04-18 12:40:23.635986|ERROR   |              |   | TS3ANetwork::Connect failed error: 111
2016-04-18 12:40:23.636104|ERROR   |              |   | Unable to connect to primary address, trying secondary
2016-04-18 13:43:51.799474|ERROR   |              |   | TS3ANetwork::Connect failed error: 111
2016-04-18 13:43:51.799663|ERROR   |              |   | Unable to connect to primary address, trying secondary
2016-04-18 14:46:20.693515|ERROR   |              |   | TS3ANetwork::Connect failed error: 111
2016-04-18 14:46:20.693664|ERROR   |              |   | Unable to connect to primary address, trying secondary
2016-04-18 15:47:57.656742|ERROR   |              |   | TS3ANetwork::Connect failed error: 111
2016-04-18 15:47:57.656860|ERROR   |              |   | Unable to connect to primary address, trying secondary
2016-04-18 16:51:19.902632|ERROR   |              |   | TS3ANetwork::Connect failed error: 111
2016-04-18 16:51:19.902754|ERROR   |              |   | Unable to connect to primary address, trying secondary
2016-04-18 17:53:42.479174|ERROR   |              |   | TS3ANetwork::Connect failed error: 111
2016-04-18 17:53:42.479291|ERROR   |              |   | Unable to connect to primary address, trying secondary
2016-04-18 18:57:30.246116|ERROR   |              |   | TS3ANetwork::Connect failed error: 111
2016-04-18 18:57:30.246302|ERROR   |              |   | Unable to connect to primary address, trying secondary
2016-04-18 19:59:32.422177|ERROR   |              |   | TS3ANetwork::Connect failed error: 111
2016-04-18 19:59:32.422321|ERROR   |              |   | Unable to connect to primary address, trying secondary
2016-04-18 21:01:37.117904|ERROR   |              |   | TS3ANetwork::Connect failed error: 111
2016-04-18 21:01:37.118030|ERROR   |              |   | Unable to connect to primary address, trying secondary
2016-04-18 22:03:30.619565|ERROR   |              |   | TS3ANetwork::Connect failed error: 111
2016-04-18 22:03:30.619674|ERROR   |              |   | Unable to connect to primary address, trying secondary
2016-04-18 23:05:22.489671|ERROR   |              |   | TS3ANetwork::Connect failed error: 111
2016-04-18 23:05:22.489816|ERROR   |              |   | Unable to connect to primary address, trying secondary
2016-04-19 00:07:07.573842|ERROR   |              |   | TS3ANetwork::Connect failed error: 111
2016-04-19 00:07:07.573972|ERROR   |              |   | Unable to connect to primary address, trying secondary
2016-04-19 01:08:32.886995|ERROR   |              |   | TS3ANetwork::Connect failed error: 111
2016-04-19 01:08:32.887104|ERROR   |              |   | Unable to connect to primary address, trying secondary
2016-04-19 02:10:47.865773|ERROR   |              |   | TS3ANetwork::Connect failed error: 111
2016-04-19 02:10:47.865894|ERROR   |              |   | Unable to connect to primary address, trying secondary
2016-04-19 03:13:54.540037|ERROR   |              |   | TS3ANetwork::Connect failed error: 111
2016-04-19 03:13:54.540174|ERROR   |              |   | Unable to connect to primary address, trying secondary
2016-04-19 04:16:41.362983|ERROR   |              |   | TS3ANetwork::Connect failed error: 111
2016-04-19 04:16:41.363111|ERROR   |              |   | Unable to connect to primary address, trying secondary
2016-04-19 05:18:16.948651|ERROR   |              |   | TS3ANetwork::Connect failed error: 111
2016-04-19 05:18:16.948771|ERROR   |              |   | Unable to connect to primary address, trying secondary
2016-04-19 06:20:29.515319|ERROR   |              |   | TS3ANetwork::Connect failed error: 111
2016-04-19 06:20:29.515433|ERROR   |              |   | Unable to connect to primary address, trying secondary
2016-04-19 07:23:01.123720|ERROR   |              |   | TS3ANetwork::Connect failed error: 111
2016-04-19 07:23:01.123892|ERROR   |              |   | Unable to connect to primary address, trying secondary
2016-04-19 08:25:52.081274|ERROR   |              |   | TS3ANetwork::Connect failed error: 111
2016-04-19 08:25:52.081405|ERROR   |              |   | Unable to connect to primary address, trying secondary
2016-04-19 09:28:46.752573|ERROR   |              |   | TS3ANetwork::Connect failed error: 111
2016-04-19 09:28:46.752778|ERROR   |              |   | Unable to connect to primary address, trying secondary
2016-04-19 10:31:30.515379|ERROR   |              |   | TS3ANetwork::Connect failed error: 111
2016-04-19 10:31:30.515528|ERROR   |              |   | Unable to connect to primary address, trying secondary
2016-04-19 11:33:14.958892|ERROR   |              |   | TS3ANetwork::Connect failed error: 111
2016-04-19 11:33:14.959023|ERROR   |              |   | Unable to connect to primary address, trying secondary
2016-04-19 12:35:24.880706|ERROR   |              |   | TS3ANetwork::Connect failed error: 111
2016-04-19 12:35:24.880868|ERROR   |              |   | Unable to connect to primary address, trying secondary
2016-04-19 13:37:15.536922|ERROR   |              |   | TS3ANetwork::Connect failed error: 111
2016-04-19 13:37:15.537032|ERROR   |              |   | Unable to connect to primary address, trying secondary
2016-04-19 14:38:53.165146|ERROR   |              |   | TS3ANetwork::Connect failed error: 111
2016-04-19 14:38:53.165285|ERROR   |              |   | Unable to connect to primary address, trying secondary
2016-04-19 15:40:12.905684|ERROR   |              |   | TS3ANetwork::Connect failed error: 111
2016-04-19 15:40:12.905855|ERROR   |              |   | Unable to connect to primary address, trying secondary
2016-04-19 16:41:48.457326|ERROR   |              |   | TS3ANetwork::Connect failed error: 111
2016-04-19 16:41:48.457439|ERROR   |              |   | Unable to connect to primary address, trying secondary
2016-04-19 17:43:09.431214|ERROR   |              |   | TS3ANetwork::Connect failed error: 111
2016-04-19 17:43:09.431311|ERROR   |              |   | Unable to connect to primary address, trying secondary
2016-04-19 18:45:31.004059|ERROR   |              |   | TS3ANetwork::Connect failed error: 111
2016-04-19 18:45:31.004184|ERROR   |              |   | Unable to connect to primary address, trying secondary
2016-04-19 19:47:42.492404|ERROR   |              |   | TS3ANetwork::Connect failed error: 111
2016-04-19 19:47:42.492529|ERROR   |              |   | Unable to connect to primary address, trying secondary
2016-04-19 20:49:22.873151|ERROR   |              |   | TS3ANetwork::Connect failed error: 111
2016-04-19 20:49:22.873302|ERROR   |              |   | Unable to connect to primary address, trying secondary
2016-04-19 21:50:58.946899|ERROR   |              |   | TS3ANetwork::Connect failed error: 111
2016-04-19 21:50:58.947001|ERROR   |              |   | Unable to connect to primary address, trying secondary
2016-04-19 22:52:43.129594|ERROR   |              |   | TS3ANetwork::Connect failed error: 111
2016-04-19 22:52:43.129732|ERROR   |              |   | Unable to connect to primary address, trying secondary
2016-04-19 23:54:28.838625|ERROR   |              |   | TS3ANetwork::Connect failed error: 111
2016-04-19 23:54:28.838761|ERROR   |              |   | Unable to connect to primary address, trying secondary
2016-04-20 00:56:32.306942|ERROR   |              |   | TS3ANetwork::Connect failed error: 111
2016-04-20 00:56:32.307075|ERROR   |              |   | Unable to connect to primary address, trying secondary
2016-04-20 01:58:44.426828|ERROR   |              |   | TS3ANetwork::Connect failed error: 111
2016-04-20 01:58:44.426956|ERROR   |              |   | Unable to connect to primary address, trying secondary
2016-04-20 03:01:02.775735|ERROR   |              |   | TS3ANetwork::Connect failed error: 111
2016-04-20 03:01:02.775942|ERROR   |              |   | Unable to connect to primary address, trying secondary
2016-04-20 04:03:02.211325|ERROR   |              |   | TS3ANetwork::Connect failed error: 111
2016-04-20 04:03:02.211462|ERROR   |              |   | Unable to connect to primary address, trying secondary
2016-04-20 05:04:36.560035|ERROR   |              |   | TS3ANetwork::Connect failed error: 111
2016-04-20 05:04:36.560194|ERROR   |              |   | Unable to connect to primary address, trying secondary
2016-04-20 06:06:24.005830|ERROR   |              |   | TS3ANetwork::Connect failed error: 111
2016-04-20 06:06:24.005953|ERROR   |              |   | Unable to connect to primary address, trying secondary
2016-04-20 07:07:45.365315|ERROR   |              |   | TS3ANetwork::Connect failed error: 111
2016-04-20 07:07:45.365446|ERROR   |              |   | Unable to connect to primary address, trying secondary
2016-04-20 08:09:15.428340|ERROR   |              |   | TS3ANetwork::Connect failed error: 111
2016-04-20 08:09:15.428457|ERROR   |              |   | Unable to connect to primary address, trying secondary
2016-04-20 09:11:13.510660|ERROR   |              |   | TS3ANetwork::Connect failed error: 111
2016-04-20 09:11:13.510787|ERROR   |              |   | Unable to connect to primary address, trying secondary
2016-04-20 10:12:56.901811|ERROR   |              |   | TS3ANetwork::Connect failed error: 111
2016-04-20 10:12:56.901919|ERROR   |              |   | Unable to connect to primary address, trying secondary
2016-04-20 11:15:17.427732|ERROR   |              |   | TS3ANetwork::Connect failed error: 111
2016-04-20 11:15:17.427860|ERROR   |              |   | Unable to connect to primary address, trying secondary
2016-04-20 12:17:32.921515|ERROR   |              |   | TS3ANetwork::Connect failed error: 111
2016-04-20 12:17:32.921676|ERROR   |              |   | Unable to connect to primary address, trying secondary
2016-04-20 13:20:00.006367|ERROR   |              |   | TS3ANetwork::Connect failed error: 111
2016-04-20 13:20:00.006522|ERROR   |              |   | Unable to connect to primary address, trying secondary
2016-04-20 14:22:36.117249|ERROR   |              |   | TS3ANetwork::Connect failed error: 111
2016-04-20 14:22:36.117398|ERROR   |              |   | Unable to connect to primary address, trying secondary
2016-04-20 15:24:07.477748|ERROR   |              |   | TS3ANetwork::Connect failed error: 111
2016-04-20 15:24:07.477843|ERROR   |              |   | Unable to connect to primary address, trying secondary
2016-04-20 16:25:46.833109|ERROR   |              |   | TS3ANetwork::Connect failed error: 111
2016-04-20 16:25:46.833236|ERROR   |              |   | Unable to connect to primary address, trying secondary
2016-04-20 17:29:22.357051|ERROR   |              |   | TS3ANetwork::Connect failed error: 111
2016-04-20 17:29:22.357200|ERROR   |              |   | Unable to connect to primary address, trying secondary
2016-04-20 18:33:46.980819|ERROR   |              |   | TS3ANetwork::Connect failed error: 111
2016-04-20 18:33:46.980988|ERROR   |              |   | Unable to connect to primary address, trying secondary
2016-04-20 19:37:11.135779|ERROR   |              |   | TS3ANetwork::Connect failed error: 111
2016-04-20 19:37:11.135901|ERROR   |              |   | Unable to connect to primary address, trying secondary
2016-04-20 20:40:28.306419|ERROR   |              |   | TS3ANetwork::Connect failed error: 111
2016-04-20 20:40:28.306522|ERROR   |              |   | Unable to connect to primary address, trying secondary
2016-04-20 21:43:39.533281|ERROR   |              |   | TS3ANetwork::Connect failed error: 111
2016-04-20 21:43:39.533478|ERROR   |              |   | Unable to connect to primary address, trying secondary
2016-04-20 22:47:28.573096|ERROR   |              |   | TS3ANetwork::Connect failed error: 111
2016-04-20 22:47:28.573224|ERROR   |              |   | Unable to connect to primary address, trying secondary
2016-04-20 23:51:23.841260|ERROR   |              |   | TS3ANetwork::Connect failed error: 111
2016-04-20 23:51:23.841408|ERROR   |              |   | Unable to connect to primary address, trying secondary
2016-04-21 00:55:43.159693|ERROR   |              |   | TS3ANetwork::Connect failed error: 111
2016-04-21 00:55:43.159844|ERROR   |              |   | Unable to connect to primary address, trying secondary
2016-04-21 01:57:27.816801|ERROR   |              |   | TS3ANetwork::Connect failed error: 111
2016-04-21 01:57:27.816940|ERROR   |              |   | Unable to connect to primary address, trying secondary
2016-04-21 02:59:52.440358|ERROR   |              |   | TS3ANetwork::Connect failed error: 111
2016-04-21 02:59:52.440499|ERROR   |              |   | Unable to connect to primary address, trying secondary
2016-04-21 04:02:16.886481|ERROR   |              |   | TS3ANetwork::Connect failed error: 111
2016-04-21 04:02:16.886628|ERROR   |              |   | Unable to connect to primary address, trying secondary
2016-04-21 05:04:17.454590|ERROR   |              |   | TS3ANetwork::Connect failed error: 111
2016-04-21 05:04:17.454717|ERROR   |              |   | Unable to connect to primary address, trying secondary
2016-04-21 06:06:20.903250|ERROR   |              |   | TS3ANetwork::Connect failed error: 111
2016-04-21 06:06:20.903382|ERROR   |              |   | Unable to connect to primary address, trying secondary
2016-04-21 07:08:09.713929|ERROR   |              |   | TS3ANetwork::Connect failed error: 111
2016-04-21 07:08:09.714066|ERROR   |              |   | Unable to connect to primary address, trying secondary
2016-04-21 08:10:15.000680|ERROR   |              |   | TS3ANetwork::Connect failed error: 111
2016-04-21 08:10:15.001255|ERROR   |              |   | Unable to connect to primary address, trying secondary
2016-04-21 09:12:06.406642|ERROR   |              |   | TS3ANetwork::Connect failed error: 111
2016-04-21 09:12:06.406777|ERROR   |              |   | Unable to connect to primary address, trying secondary
2016-04-21 10:13:51.667879|ERROR   |              |   | TS3ANetwork::Connect failed error: 111
2016-04-21 10:13:51.668026|ERROR   |              |   | Unable to connect to primary address, trying secondary
2016-04-21 11:15:53.117210|ERROR   |              |   | TS3ANetwork::Connect failed error: 111
2016-04-21 11:15:53.117357|ERROR   |              |   | Unable to connect to primary address, trying secondary
2016-04-21 12:18:18.095675|ERROR   |              |   | TS3ANetwork::Connect failed error: 111
2016-04-21 12:18:18.095777|ERROR   |              |   | Unable to connect to primary address, trying secondary
2016-04-21 13:20:49.888047|ERROR   |              |   | TS3ANetwork::Connect failed error: 111
2016-04-21 13:20:49.888156|ERROR   |              |   | Unable to connect to primary address, trying secondary
2016-04-21 14:23:39.520609|ERROR   |              |   | TS3ANetwork::Connect failed error: 111
2016-04-21 14:23:39.520776|ERROR   |              |   | Unable to connect to primary address, trying secondary
2016-04-21 15:26:01.492048|ERROR   |              |   | TS3ANetwork::Connect failed error: 111
2016-04-21 15:26:01.492148|ERROR   |              |   | Unable to connect to primary address, trying secondary
2016-04-21 16:28:11.941647|ERROR   |              |   | TS3ANetwork::Connect failed error: 111
2016-04-21 16:28:11.941773|ERROR   |              |   | Unable to connect to primary address, trying secondary
2016-04-21 17:30:30.032218|ERROR   |              |   | TS3ANetwork::Connect failed error: 111
2016-04-21 17:30:30.032361|ERROR   |              |   | Unable to connect to primary address, trying secondary
2016-04-21 18:33:46.956698|ERROR   |              |   | TS3ANetwork::Connect failed error: 111
2016-04-21 18:33:46.956848|ERROR   |              |   | Unable to connect to primary address, trying secondary
2016-04-21 19:36:26.218422|ERROR   |              |   | TS3ANetwork::Connect failed error: 111
2016-04-21 19:36:26.218616|ERROR   |              |   | Unable to connect to primary address, trying secondary
2016-04-21 20:39:17.281085|ERROR   |              |   | TS3ANetwork::Connect failed error: 111
2016-04-21 20:39:17.281215|ERROR   |              |   | Unable to connect to primary address, trying secondary
2016-04-21 21:41:51.745367|ERROR   |              |   | TS3ANetwork::Connect failed error: 111
2016-04-21 21:41:51.745524|ERROR   |              |   | Unable to connect to primary address, trying secondary
2016-04-21 22:45:18.158672|ERROR   |              |   | TS3ANetwork::Connect failed error: 111
2016-04-21 22:45:18.158795|ERROR   |              |   | Unable to connect to primary address, trying secondary
2016-04-21 23:47:55.824574|ERROR   |              |   | TS3ANetwork::Connect failed error: 111
2016-04-21 23:47:55.824691|ERROR   |              |   | Unable to connect to primary address, trying secondary
2016-04-22 00:49:48.444310|ERROR   |              |   | TS3ANetwork::Connect failed error: 111
2016-04-22 00:49:48.444489|ERROR   |              |   | Unable to connect to primary address, trying secondary
2016-04-22 01:51:35.014788|ERROR   |              |   | TS3ANetwork::Connect failed error: 111
2016-04-22 01:51:35.014910|ERROR   |              |   | Unable to connect to primary address, trying secondary
2016-04-22 02:53:43.083945|ERROR   |              |   | TS3ANetwork::Connect failed error: 111
2016-04-22 02:53:43.084116|ERROR   |              |   | Unable to connect to primary address, trying secondary
2016-04-22 03:55:47.005678|ERROR   |              |   | TS3ANetwork::Connect failed error: 111
2016-04-22 03:55:47.005814|ERROR   |              |   | Unable to connect to primary address, trying secondary
2016-04-22 04:57:26.605812|ERROR   |              |   | TS3ANetwork::Connect failed error: 111
2016-04-22 04:57:26.606475|ERROR   |              |   | Unable to connect to primary address, trying secondary
2016-04-22 05:59:33.528087|ERROR   |              |   | TS3ANetwork::Connect failed error: 111
2016-04-22 05:59:33.528227|ERROR   |              |   | Unable to connect to primary address, trying secondary
2016-04-22 07:01:31.470914|ERROR   |              |   | TS3ANetwork::Connect failed error: 111
2016-04-22 07:01:31.471050|ERROR   |              |   | Unable to connect to primary address, trying secondary
2016-04-22 08:03:58.049513|ERROR   |              |   | TS3ANetwork::Connect failed error: 111
2016-04-22 08:03:58.049853|ERROR   |              |   | Unable to connect to primary address, trying secondary
2016-04-22 09:06:41.158996|ERROR   |              |   | TS3ANetwork::Connect failed error: 111
2016-04-22 09:06:41.159148|ERROR   |              |   | Unable to connect to primary address, trying secondary
2016-04-22 10:09:26.301824|ERROR   |              |   | TS3ANetwork::Connect failed error: 111
2016-04-22 10:09:26.301975|ERROR   |              |   | Unable to connect to primary address, trying secondary
2016-04-22 11:12:26.490639|ERROR   |              |   | TS3ANetwork::Connect failed error: 111
2016-04-22 11:12:26.490821|ERROR   |              |   | Unable to connect to primary address, trying secondary
2016-04-22 12:15:24.587689|ERROR   |              |   | TS3ANetwork::Connect failed error: 111
2016-04-22 12:15:24.587811|ERROR   |              |   | Unable to connect to primary address, trying secondary
2016-04-22 13:18:48.885315|ERROR   |              |   | TS3ANetwork::Connect failed error: 111
2016-04-22 13:18:48.885448|ERROR   |              |   | Unable to connect to primary address, trying secondary
2016-04-22 14:21:49.552590|ERROR   |              |   | TS3ANetwork::Connect failed error: 111
2016-04-22 14:21:49.552702|ERROR   |              |   | Unable to connect to primary address, trying secondary
2016-04-22 15:24:55.770718|ERROR   |              |   | TS3ANetwork::Connect failed error: 111
2016-04-22 15:24:55.770850|ERROR   |              |   | Unable to connect to primary address, trying secondary
2016-04-22 16:27:43.617977|ERROR   |              |   | TS3ANetwork::Connect failed error: 111
2016-04-22 16:27:43.618099|ERROR   |              |   | Unable to connect to primary address, trying secondary
2016-04-22 17:30:35.525514|ERROR   |              |   | TS3ANetwork::Connect failed error: 111
2016-04-22 17:30:35.525645|ERROR   |              |   | Unable to connect to primary address, trying secondary
2016-04-22 18:33:19.909455|ERROR   |              |   | TS3ANetwork::Connect failed error: 111
2016-04-22 18:33:19.909623|ERROR   |              |   | Unable to connect to primary address, trying secondary
2016-04-22 19:35:22.840942|ERROR   |              |   | TS3ANetwork::Connect failed error: 111
2016-04-22 19:35:22.841082|ERROR   |              |   | Unable to connect to primary address, trying secondary
2016-04-22 20:37:52.474255|ERROR   |              |   | TS3ANetwork::Connect failed error: 111
2016-04-22 20:37:52.474372|ERROR   |              |   | Unable to connect to primary address, trying secondary
2016-04-22 21:39:46.706097|ERROR   |              |   | TS3ANetwork::Connect failed error: 111
2016-04-22 21:39:46.706234|ERROR   |              |   | Unable to connect to primary address, trying secondary
2016-04-22 22:42:02.567686|ERROR   |              |   | TS3ANetwork::Connect failed error: 111
2016-04-22 22:42:02.567827|ERROR   |              |   | Unable to connect to primary address, trying secondary
2016-04-22 23:44:27.125363|ERROR   |              |   | TS3ANetwork::Connect failed error: 111
2016-04-22 23:44:27.125508|ERROR   |              |   | Unable to connect to primary address, trying secondary
2016-04-23 00:48:22.391698|ERROR   |              |   | TS3ANetwork::Connect failed error: 111
2016-04-23 00:48:22.391806|ERROR   |              |   | Unable to connect to primary address, trying secondary
2016-04-23 01:51:24.523645|ERROR   |              |   | TS3ANetwork::Connect failed error: 111
2016-04-23 01:51:24.524212|ERROR   |              |   | Unable to connect to primary address, trying secondary
2016-04-23 02:54:09.498458|ERROR   |              |   | TS3ANetwork::Connect failed error: 111
2016-04-23 02:54:09.498616|ERROR   |              |   | Unable to connect to primary address, trying secondary
2016-04-23 03:56:08.834345|ERROR   |              |   | TS3ANetwork::Connect failed error: 111
2016-04-23 03:56:08.834524|ERROR   |              |   | Unable to connect to primary address, trying secondary
2016-04-23 04:58:39.928170|ERROR   |              |   | TS3ANetwork::Connect failed error: 111
2016-04-23 04:58:39.928267|ERROR   |              |   | Unable to connect to primary address, trying secondary
2016-04-23 06:00:27.429279|ERROR   |              |   | TS3ANetwork::Connect failed error: 111
2016-04-23 06:00:27.429404|ERROR   |              |   | Unable to connect to primary address, trying secondary
2016-04-23 07:02:44.812509|ERROR   |              |   | TS3ANetwork::Connect failed error: 111
2016-04-23 07:02:44.812647|ERROR   |              |   | Unable to connect to primary address, trying secondary
2016-04-23 08:04:50.035237|ERROR   |              |   | TS3ANetwork::Connect failed error: 111
2016-04-23 08:04:50.035359|ERROR   |              |   | Unable to connect to primary address, trying secondary
2016-04-23 09:06:53.339295|ERROR   |              |   | TS3ANetwork::Connect failed error: 111
2016-04-23 09:06:53.339396|ERROR   |              |   | Unable to connect to primary address, trying secondary
2016-04-23 10:08:48.364285|ERROR   |              |   | TS3ANetwork::Connect failed error: 111
2016-04-23 10:08:48.364399|ERROR   |              |   | Unable to connect to primary address, trying secondary
2016-04-23 11:12:09.502158|ERROR   |              |   | TS3ANetwork::Connect failed error: 111
2016-04-23 11:12:09.502285|ERROR   |              |   | Unable to connect to primary address, trying secondary
2016-04-23 12:15:59.631046|ERROR   |              |   | TS3ANetwork::Connect failed error: 111
2016-04-23 12:15:59.631198|ERROR   |              |   | Unable to connect to primary address, trying secondary
2016-04-23 13:18:45.646909|ERROR   |              |   | TS3ANetwork::Connect failed error: 111
2016-04-23 13:18:45.647024|ERROR   |              |   | Unable to connect to primary address, trying secondary
2016-04-23 14:21:06.988998|ERROR   |              |   | TS3ANetwork::Connect failed error: 111
2016-04-23 14:21:06.989156|ERROR   |              |   | Unable to connect to primary address, trying secondary
2016-04-23 15:24:11.230627|ERROR   |              |   | TS3ANetwork::Connect failed error: 111
2016-04-23 15:24:11.230764|ERROR   |              |   | Unable to connect to primary address, trying secondary
2016-04-23 16:25:59.884526|ERROR   |              |   | TS3ANetwork::Connect failed error: 111
2016-04-23 16:25:59.884673|ERROR   |              |   | Unable to connect to primary address, trying secondary
2016-04-23 17:30:03.168517|ERROR   |              |   | TS3ANetwork::Connect failed error: 111
2016-04-23 17:30:03.168663|ERROR   |              |   | Unable to connect to primary address, trying secondary
2016-04-23 18:34:40.764025|ERROR   |              |   | TS3ANetwork::Connect failed error: 111
2016-04-23 18:34:40.764145|ERROR   |              |   | Unable to connect to primary address, trying secondary
2016-04-23 19:37:52.075672|ERROR   |              |   | TS3ANetwork::Connect failed error: 111
2016-04-23 19:37:52.075797|ERROR   |              |   | Unable to connect to primary address, trying secondary
2016-04-23 20:40:23.350760|ERROR   |              |   | TS3ANetwork::Connect failed error: 111
2016-04-23 20:40:23.350893|ERROR   |              |   | Unable to connect to primary address, trying secondary
2016-04-23 21:45:02.868397|ERROR   |              |   | TS3ANetwork::Connect failed error: 111
2016-04-23 21:45:02.868556|ERROR   |              |   | Unable to connect to primary address, trying secondary
2016-04-23 22:47:41.589398|ERROR   |              |   | TS3ANetwork::Connect failed error: 111
2016-04-23 22:47:41.590644|ERROR   |              |   | Unable to connect to primary address, trying secondary
2016-04-23 23:49:29.371185|ERROR   |              |   | TS3ANetwork::Connect failed error: 111
2016-04-23 23:49:29.371321|ERROR   |              |   | Unable to connect to primary address, trying secondary
2016-04-24 00:51:21.703046|ERROR   |              |   | TS3ANetwork::Connect failed error: 111
2016-04-24 00:51:21.703504|ERROR   |              |   | Unable to connect to primary address, trying secondary
2016-04-24 01:54:23.563284|ERROR   |              |   | TS3ANetwork::Connect failed error: 111
2016-04-24 01:54:23.563450|ERROR   |              |   | Unable to connect to primary address, trying secondary
2016-04-24 02:57:13.665847|ERROR   |              |   | TS3ANetwork::Connect failed error: 111
2016-04-24 02:57:13.666100|ERROR   |              |   | Unable to connect to primary address, trying secondary
2016-04-24 03:58:44.038458|ERROR   |              |   | TS3ANetwork::Connect failed error: 111
2016-04-24 03:58:44.038610|ERROR   |              |   | Unable to connect to primary address, trying secondary
2016-04-24 05:01:30.697249|ERROR   |              |   | TS3ANetwork::Connect failed error: 111
2016-04-24 05:01:30.697474|ERROR   |              |   | Unable to connect to primary address, trying secondary
2016-04-24 06:05:17.026981|ERROR   |              |   | TS3ANetwork::Connect failed error: 111
2016-04-24 06:05:17.027214|ERROR   |              |   | Unable to connect to primary address, trying secondary
2016-04-24 07:08:11.332188|ERROR   |              |   | TS3ANetwork::Connect failed error: 111
2016-04-24 07:08:11.332327|ERROR   |              |   | Unable to connect to primary address, trying secondary
2016-04-24 08:11:09.461007|ERROR   |              |   | TS3ANetwork::Connect failed error: 111
2016-04-24 08:11:09.461222|ERROR   |              |   | Unable to connect to primary address, trying secondary
2016-04-24 09:14:17.866890|ERROR   |              |   | TS3ANetwork::Connect failed error: 111
2016-04-24 09:14:17.867022|ERROR   |              |   | Unable to connect to primary address, trying secondary
2016-04-24 10:19:27.878017|ERROR   |              |   | TS3ANetwork::Connect failed error: 111
2016-04-24 10:19:27.878222|ERROR   |              |   | Unable to connect to primary address, trying secondary
2016-04-24 11:23:33.729648|ERROR   |              |   | TS3ANetwork::Connect failed error: 111
2016-04-24 11:23:33.729806|ERROR   |              |   | Unable to connect to primary address, trying secondary
2016-04-24 12:26:54.806697|ERROR   |              |   | TS3ANetwork::Connect failed error: 111
2016-04-24 12:26:54.806930|ERROR   |              |   | Unable to connect to primary address, trying secondary
2016-04-24 13:30:54.771912|ERROR   |              |   | TS3ANetwork::Connect failed error: 111
2016-04-24 13:30:54.773766|ERROR   |              |   | Unable to connect to primary address, trying secondary
2016-04-24 14:35:59.485047|ERROR   |              |   | TS3ANetwork::Connect failed error: 111
2016-04-24 14:35:59.485153|ERROR   |              |   | Unable to connect to primary address, trying secondary
2016-04-24 15:38:36.418529|ERROR   |              |   | TS3ANetwork::Connect failed error: 111
2016-04-24 15:38:36.418797|ERROR   |              |   | Unable to connect to primary address, trying secondary
2016-04-24 16:41:05.212344|ERROR   |              |   | TS3ANetwork::Connect failed error: 111
2016-04-24 16:41:05.212542|ERROR   |              |   | Unable to connect to primary address, trying secondary
2016-04-24 17:43:04.702321|ERROR   |              |   | TS3ANetwork::Connect failed error: 111
2016-04-24 17:43:04.702452|ERROR   |              |   | Unable to connect to primary address, trying secondary
2016-04-24 18:46:25.622635|ERROR   |              |   | TS3ANetwork::Connect failed error: 111
2016-04-24 18:46:25.622804|ERROR   |              |   | Unable to connect to primary address, trying secondary
2016-04-24 19:48:42.247539|ERROR   |              |   | TS3ANetwork::Connect failed error: 111
2016-04-24 19:48:42.247687|ERROR   |              |   | Unable to connect to primary address, trying secondary
2016-04-24 20:51:22.168769|ERROR   |              |   | TS3ANetwork::Connect failed error: 111
2016-04-24 20:51:22.168973|ERROR   |              |   | Unable to connect to primary address, trying secondary
2016-04-24 21:53:15.190803|ERROR   |              |   | TS3ANetwork::Connect failed error: 111
2016-04-24 21:53:15.190944|ERROR   |              |   | Unable to connect to primary address, trying secondary
2016-04-24 22:56:12.525057|ERROR   |              |   | TS3ANetwork::Connect failed error: 111
2016-04-24 22:56:12.525182|ERROR   |              |   | Unable to connect to primary address, trying secondary
2016-04-24 23:58:21.337505|ERROR   |              |   | TS3ANetwork::Connect failed error: 111
2016-04-24 23:58:21.337702|ERROR   |              |   | Unable to connect to primary address, trying secondary
2016-04-25 01:00:50.919590|ERROR   |              |   | TS3ANetwork::Connect failed error: 111
2016-04-25 01:00:50.919764|ERROR   |              |   | Unable to connect to primary address, trying secondary
2016-04-25 02:03:23.804028|ERROR   |              |   | TS3ANetwork::Connect failed error: 111
2016-04-25 02:03:23.804214|ERROR   |              |   | Unable to connect to primary address, trying secondary
2016-04-25 03:05:02.736845|ERROR   |              |   | TS3ANetwork::Connect failed error: 111
2016-04-25 03:05:02.737023|ERROR   |              |   | Unable to connect to primary address, trying secondary
2016-04-25 04:06:29.753047|ERROR   |              |   | TS3ANetwork::Connect failed error: 111
2016-04-25 04:06:29.753206|ERROR   |              |   | Unable to connect to primary address, trying secondary
2016-04-25 05:09:12.137340|ERROR   |              |   | TS3ANetwork::Connect failed error: 111
2016-04-25 05:09:12.137536|ERROR   |              |   | Unable to connect to primary address, trying secondary
2016-04-25 06:11:35.271289|ERROR   |              |   | TS3ANetwork::Connect failed error: 111
2016-04-25 06:11:35.271474|ERROR   |              |   | Unable to connect to primary address, trying secondary
2016-04-25 07:15:03.132024|ERROR   |              |   | TS3ANetwork::Connect failed error: 111
2016-04-25 07:15:03.132221|ERROR   |              |   | Unable to connect to primary address, trying secondary
2016-04-25 08:18:33.174647|ERROR   |              |   | TS3ANetwork::Connect failed error: 111
2016-04-25 08:18:33.174815|ERROR   |              |   | Unable to connect to primary address, trying secondary
2016-04-25 09:23:13.150282|ERROR   |              |   | TS3ANetwork::Connect failed error: 111
2016-04-25 09:23:13.150512|ERROR   |              |   | Unable to connect to primary address, trying secondary
2016-04-25 10:26:39.259880|ERROR   |              |   | TS3ANetwork::Connect failed error: 111
2016-04-25 10:26:39.266945|ERROR   |              |   | Unable to connect to primary address, trying secondary
2016-04-25 11:29:08.370604|ERROR   |              |   | TS3ANetwork::Connect failed error: 111
2016-04-25 11:29:08.370772|ERROR   |              |   | Unable to connect to primary address, trying secondary
2016-04-25 12:32:31.231765|ERROR   |              |   | TS3ANetwork::Connect failed error: 111
2016-04-25 12:32:31.232001|ERROR   |              |   | Unable to connect to primary address, trying secondary
2016-04-25 13:35:05.122937|ERROR   |              |   | TS3ANetwork::Connect failed error: 111
2016-04-25 13:35:05.123111|ERROR   |              |   | Unable to connect to primary address, trying secondary
2016-04-25 14:40:53.919378|ERROR   |              |   | TS3ANetwork::Connect failed error: 111
2016-04-25 14:40:53.919510|ERROR   |              |   | Unable to connect to primary address, trying secondary
2016-04-25 15:44:14.094815|ERROR   |              |   | TS3ANetwork::Connect failed error: 111
2016-04-25 15:44:14.095051|ERROR   |              |   | Unable to connect to primary address, trying secondary
2016-04-25 16:46:58.878693|ERROR   |              |   | TS3ANetwork::Connect failed error: 111
2016-04-25 16:46:58.878861|ERROR   |              |   | Unable to connect to primary address, trying secondary
2016-04-25 17:49:41.878831|ERROR   |              |   | TS3ANetwork::Connect failed error: 111
2016-04-25 17:49:41.878947|ERROR   |              |   | Unable to connect to primary address, trying secondary
2016-04-25 18:52:51.234206|ERROR   |              |   | TS3ANetwork::Connect failed error: 111
2016-04-25 18:52:51.234369|ERROR   |              |   | Unable to connect to primary address, trying secondary
2016-04-25 19:54:37.158589|ERROR   |              |   | TS3ANetwork::Connect failed error: 111
2016-04-25 19:54:37.158742|ERROR   |              |   | Unable to connect to primary address, trying secondary
2016-04-25 20:57:23.461418|ERROR   |              |   | TS3ANetwork::Connect failed error: 111
2016-04-25 20:57:23.461557|ERROR   |              |   | Unable to connect to primary address, trying secondary
2016-04-25 21:59:27.130652|ERROR   |              |   | TS3ANetwork::Connect failed error: 111
2016-04-25 21:59:27.130829|ERROR   |              |   | Unable to connect to primary address, trying secondary
2016-04-25 23:03:17.596154|ERROR   |              |   | TS3ANetwork::Connect failed error: 111
2016-04-25 23:03:17.596301|ERROR   |              |   | Unable to connect to primary address, trying secondary
2016-04-26 00:04:38.158672|ERROR   |              |   | TS3ANetwork::Connect failed error: 111
2016-04-26 00:04:38.158843|ERROR   |              |   | Unable to connect to primary address, trying secondary
2016-04-26 01:06:04.032132|ERROR   |              |   | TS3ANetwork::Connect failed error: 111
2016-04-26 01:06:04.032278|ERROR   |              |   | Unable to connect to primary address, trying secondary
2016-04-26 02:08:20.755020|ERROR   |              |   | TS3ANetwork::Connect failed error: 111
2016-04-26 02:08:20.755135|ERROR   |              |   | Unable to connect to primary address, trying secondary
2016-04-26 03:11:09.505751|ERROR   |              |   | TS3ANetwork::Connect failed error: 111
2016-04-26 03:11:09.505896|ERROR   |              |   | Unable to connect to primary address, trying secondary
2016-04-26 04:12:45.317249|ERROR   |              |   | TS3ANetwork::Connect failed error: 111
2016-04-26 04:12:45.317362|ERROR   |              |   | Unable to connect to primary address, trying secondary
2016-04-26 05:14:56.886733|ERROR   |              |   | TS3ANetwork::Connect failed error: 111
2016-04-26 05:14:56.886869|ERROR   |              |   | Unable to connect to primary address, trying secondary
2016-04-26 06:16:58.510065|ERROR   |              |   | TS3ANetwork::Connect failed error: 111
2016-04-26 06:16:58.510181|ERROR   |              |   | Unable to connect to primary address, trying secondary
2016-04-26 07:19:47.278401|ERROR   |              |   | TS3ANetwork::Connect failed error: 111
2016-04-26 07:19:47.278568|ERROR   |              |   | Unable to connect to primary address, trying secondary
2016-04-26 08:21:59.076967|ERROR   |              |   | TS3ANetwork::Connect failed error: 111
2016-04-26 08:21:59.077102|ERROR   |              |   | Unable to connect to primary address, trying secondary
2016-04-26 09:24:38.645342|ERROR   |              |   | TS3ANetwork::Connect failed error: 111
2016-04-26 09:24:38.645480|ERROR   |              |   | Unable to connect to primary address, trying secondary
2016-04-26 10:26:38.035867|ERROR   |              |   | TS3ANetwork::Connect failed error: 111
2016-04-26 10:26:38.035994|ERROR   |              |   | Unable to connect to primary address, trying secondary
2016-04-26 11:28:14.635184|ERROR   |              |   | TS3ANetwork::Connect failed error: 111
2016-04-26 11:28:14.635319|ERROR   |              |   | Unable to connect to primary address, trying secondary
2016-04-26 12:30:00.440659|ERROR   |              |   | TS3ANetwork::Connect failed error: 111
2016-04-26 12:30:00.440836|ERROR   |              |   | Unable to connect to primary address, trying secondary
2016-04-26 13:32:25.326264|ERROR   |              |   | TS3ANetwork::Connect failed error: 111
2016-04-26 13:32:25.326483|ERROR   |              |   | Unable to connect to primary address, trying secondary
2016-04-26 14:34:44.653420|ERROR   |              |   | TS3ANetwork::Connect failed error: 111
2016-04-26 14:34:44.653565|ERROR   |              |   | Unable to connect to primary address, trying secondary
2016-04-26 15:37:03.950359|ERROR   |              |   | TS3ANetwork::Connect failed error: 111
2016-04-26 15:37:03.950499|ERROR   |              |   | Unable to connect to primary address, trying secondary
2016-04-26 16:39:05.066370|ERROR   |              |   | TS3ANetwork::Connect failed error: 111
2016-04-26 16:39:05.066553|ERROR   |              |   | Unable to connect to primary address, trying secondary
2016-04-26 17:40:50.558038|ERROR   |              |   | TS3ANetwork::Connect failed error: 111
2016-04-26 17:40:50.558160|ERROR   |              |   | Unable to connect to primary address, trying secondary
2016-04-26 18:42:51.478152|ERROR   |              |   | TS3ANetwork::Connect failed error: 111
2016-04-26 18:42:51.478255|ERROR   |              |   | Unable to connect to primary address, trying secondary
2016-04-26 19:45:22.271277|ERROR   |              |   | TS3ANetwork::Connect failed error: 111
2016-04-26 19:45:22.271396|ERROR   |              |   | Unable to connect to primary address, trying secondary
2016-04-26 20:47:49.015894|ERROR   |              |   | TS3ANetwork::Connect failed error: 111
2016-04-26 20:47:49.016016|ERROR   |              |   | Unable to connect to primary address, trying secondary
2016-04-26 21:49:25.864652|ERROR   |              |   | TS3ANetwork::Connect failed error: 111
2016-04-26 21:49:25.864786|ERROR   |              |   | Unable to connect to primary address, trying secondary
