2016-01-16 09:14:52.739441|INFO    |VirtualServer |  1| listening on 0.0.0.0:9987
2016-01-16 11:12:50.422136|INFO    |VirtualServer |  1| client 'KriSS'(id:2046) was added to channelgroup 'Dziwka'(id:21) by client 'McKeyPL'(id:2) in channel 'Gwiazda Scarleta'(id:593)
2016-01-16 20:21:53.370897|INFO    |VirtualServer |  1| permission 'i_client_kick_from_server_power'(id:196) with values (value:100) was added by 'Scarlet'(id:1383) to client (id:1383)
2016-01-16 20:21:54.185773|INFO    |VirtualServer |  1| permission 'i_client_kick_from_channel_power'(id:198) with values (value:100) was added by 'Scarlet'(id:1383) to client (id:1383)
2016-01-16 20:31:47.508932|INFO    |VirtualServer |  1| permission 'b_client_is_priority_speaker'(id:177) with values (value:1) was added by 'McKeyPL PCG_work'(id:2) for client (id:1383) and channel 'Red Scarlet 4 iLuminacja'(id:605)
2016-01-16 20:32:14.069322|INFO    |VirtualServer |  1| permission 'b_client_is_priority_speaker'(id:177) was deleted by 'Scarlet'(id:1383) for client (id:1383) and channel 'Red Scarlet 4 iLuminacja'(id:605)
2016-01-17 11:08:15.566667|INFO    |VirtualServer |  1| client 'KriSS'(id:2046) was added to channelgroup 'Normal'(id:8) by client 'Scarlet'(id:1383) in channel 'Gwiazda Scarleta'(id:593)
2016-01-17 13:48:50.880430|INFO    |VirtualServerBase|  1| channel 'Gwiazda Scarleta'(id:593) edited by 'Scarlet'(id:1383)
2016-01-17 13:50:32.681341|INFO    |VirtualServerBase|  1| channel 'Gwiazda Scarleta'(id:593) edited by 'Scarlet'(id:1383)
2016-01-17 22:41:20.003938|INFO    |VirtualServer |  1| servergroup 'Ashe'(id:102) was copied by 'McKeyPL'(id:2) to 'Udyr'(id:115)
2016-01-17 22:41:36.114787|INFO    |VirtualServer |  1| file upload to (id:0), '/icon_2368985832' by client 'McKeyPL'(id:2)
2016-01-17 22:41:47.729176|INFO    |VirtualServer |  1| file upload to (id:0), '/icon_2368985832' by client 'McKeyPL'(id:2)
2016-01-17 22:42:12.396159|INFO    |VirtualServer |  1| permission 'i_icon_id'(id:142) with values (value:-341633553, negated:0, skipchannel:0) was added by 'McKeyPL'(id:2) to servergroup 'Udyr'(id:115)
2016-01-17 22:42:21.276205|INFO    |VirtualServer |  1| client (id:1787) was added to servergroup 'Udyr'(id:115) by client 'McKeyPL'(id:2)
2016-01-18 14:26:54.143417|INFO    |VirtualServer |  1| client (id:2347) was added to servergroup 'Zarejestrowany'(id:7) by client 'McKeyPL'(id:2)
2016-01-18 16:54:21.584230|INFO    |VirtualServer |  1| client '&#1042;&#1083;&#1072;&#1076;&#1080;&#1084;&#1080;&#1088; &#1055;&#1091;&#1090;&#1080;&#1085;'(id:2198) was added to channelgroup 'Normal'(id:8) by client 'McKeyPL'(id:2) in channel 'Red Scarlet 4 iLuminacja'(id:605)
2016-01-18 18:51:19.660336|INFO    |VirtualServer |  1| client 'Arek'(id:1787) was added to channelgroup 'Normal'(id:8) by client 'Scarlet'(id:1383) in channel '[cspacer8]&#8729;&#8226;&#9679;&#9679;&#8226;&#8729; Zau&#322;ek Debili &#8729;&#8226;&#9679;&#9679;&#8226;&#8729;'(id:619)
2016-01-18 18:51:41.890230|INFO    |VirtualServerBase|  1| channel '[cspacer8]&#8729;&#8226;&#9679;&#9679;&#8226;&#8729; Zau&#322;ek Debili &#8729;&#8226;&#9679;&#9679;&#8226;&#8729;'(id:619) edited by 'Scarlet'(id:1383)
2016-01-18 20:39:09.742179|INFO    |VirtualServer |  1| client 'Zurek'(id:2198) was added to channelgroup 'Frajer'(id:19) by client 'Scarlet'(id:1383) in channel 'Red Scarlet 4 iLuminacja'(id:605)
2016-01-18 20:39:15.249161|INFO    |VirtualServer |  1| client 'Zurek'(id:2198) was added to channelgroup ' ( &#864;&#176; &#863;&#662; &#865;&#176;)'(id:20) by client 'Scarlet'(id:1383) in channel 'Red Scarlet 4 iLuminacja'(id:605)
2016-01-18 20:39:19.031585|INFO    |VirtualServer |  1| client 'Zurek'(id:2198) was added to channelgroup 'Dziwka'(id:21) by client 'Scarlet'(id:1383) in channel 'Red Scarlet 4 iLuminacja'(id:605)
2016-01-18 20:39:23.861608|INFO    |VirtualServer |  1| client 'Zurek'(id:2198) was added to channelgroup 'AFK'(id:17) by client 'Scarlet'(id:1383) in channel 'Red Scarlet 4 iLuminacja'(id:605)
2016-01-18 23:29:46.456284|INFO    |VirtualServerBase|  1| channel 'bo moge'(id:723) created as sub channel of 'Red Scarlet 4 iLuminacja'(id:605) by 'Fred'(id:1787)
2016-01-18 23:29:52.351994|INFO    |VirtualServerBase|  1| channel 'bo moge'(id:723) deleted by 'server'(id:0)
2016-01-18 23:30:08.974027|INFO    |VirtualServer |  1| file download from (id:647), '/6967604d621153e93287838252b66eea.jpg' by client 'Fred'(id:1787)
2016-01-20 14:06:56.307667|INFO    |VirtualServer |  1| client (id:2350) was added to servergroup 'Zarejestrowany'(id:7) by client 'Red Mrroczny'(id:1729)
2016-01-20 14:08:41.133476|INFO    |VirtualServerBase|  1| channel 'Red Scarlet 4 iLuminacja'(id:605) deleted by 'McKeyPL'(id:2)
2016-01-20 14:09:10.276669|INFO    |VirtualServer |  1| client (id:2350) was removed from servergroup 'Zarejestrowany'(id:7) by client 'McKeyPL'(id:2)
2016-01-20 14:09:15.739881|INFO    |VirtualServer |  1| client 'Fred'(id:1787) was added to channelgroup 'Normal'(id:8) by client 'McKeyPL'(id:2) in channel 'Fredownia'(id:647)
2016-01-20 14:12:10.050358|INFO    |VirtualServerBase|  1| channel 'Red Alert 3 : Chuj wam w cyce'(id:724) created as sub channel of '[cspacer8]&#9562;&#9552;&#9552;&#9552;&#9552;&#9552;&#9552;&#9552;&#9552;&#9552;&#9552;&#9552;&#9552;&#9552;&#9552;&#9552;&#9565;'(id:618) by 'McKeyPL'(id:2)
2016-01-20 14:12:14.698836|INFO    |VirtualServerBase|  1| channel 'Red Alert 3 : Chuj wam w cyce'(id:724) edited by 'McKeyPL'(id:2)
2016-01-20 14:12:20.789952|INFO    |VirtualServer |  1| client 'Red'(id:1729) was added to channelgroup 'Admin kana&#322;u'(id:5) by client 'McKeyPL'(id:2) in channel 'Red Alert 3 : Chuj wam w cyce'(id:724)
2016-01-20 14:13:03.399374|INFO    |VirtualServerBase|  1| channel 'Red Alert 3 : Chuj wam w cyce'(id:724) edited by 'McKeyPL'(id:2)
2016-01-20 14:13:34.717994|INFO    |VirtualServer |  1| client (id:2350) was added to servergroup 'Zarejestrowany'(id:7) by client 'McKeyPL'(id:2)
2016-01-20 16:54:47.639709|INFO    |VirtualServer |  1| client 'Fred'(id:1787) was added to channelgroup 'Admin kana&#322;u'(id:5) by client 'Scarlet'(id:1383) in channel 'Fredownia'(id:647)
2016-01-20 17:15:54.183374|INFO    |VirtualServerBase|  1| channel 'arek paramble'(id:647) edited by 'Fred'(id:1787)
2016-01-21 12:23:04.128261|INFO    |VirtualServerBase|  1| channel 'VAC'acje FENZIGO i McKeya'(id:596) deleted by 'Scarlet'(id:1383)
2016-01-21 12:35:34.372268|INFO    |VirtualServerBase|  1| channel 'Burdel Jan&#243;&#380;a'(id:682) deleted by 'Scarlet'(id:1383)
2016-01-21 12:35:44.829465|INFO    |VirtualServerBase|  1| channel 'sasdfsaf'(id:725) created as sub channel of '[cspacer8]&#9562;&#9552;&#9552;&#9552;&#9552;&#9552;&#9552;&#9552;&#9552;&#9552;&#9552;&#9552;&#9552;&#9552;&#9552;&#9552;&#9565;'(id:618) by 'Scarlet'(id:1383)
2016-01-21 12:35:49.440021|INFO    |VirtualServerBase|  1| channel 'sasdfsaf'(id:725) edited by 'Scarlet'(id:1383)
2016-01-21 12:36:10.292442|INFO    |VirtualServer |  1| client 'KriSS'(id:2046) was added to channelgroup 'Admin kana&#322;u'(id:5) by client 'Scarlet'(id:1383) in channel 'sasdfsaf'(id:725)
2016-01-21 12:36:15.211484|INFO    |VirtualServer |  1| client 'Scarlet'(id:1383) was added to channelgroup 'Normal'(id:8) by client 'Scarlet'(id:1383) in channel 'sasdfsaf'(id:725)
2016-01-21 12:36:41.085216|INFO    |VirtualServerBase|  1| channel 'Poci&#261;g KriSSa'(id:725) edited by 'KriSS'(id:2046)
2016-01-21 12:43:27.501929|INFO    |VirtualServerBase|  1| channel 'Poci&#261;g KriSSa'(id:725) edited by 'KriSS'(id:2046)
2016-01-21 12:44:00.532450|INFO    |VirtualServerBase|  1| channel 'Poci&#261;g KriSSa'(id:725) edited by 'KriSS'(id:2046)
2016-01-21 12:44:07.211290|INFO    |VirtualServerBase|  1| channel 'Poci&#261;g KriSSa'(id:725) edited by 'KriSS'(id:2046)
2016-01-21 12:44:54.817923|INFO    |VirtualServerBase|  1| channel 'Poci&#261;g KriSSa'(id:725) edited by 'KriSS'(id:2046)
2016-01-21 12:44:58.765497|INFO    |VirtualServerBase|  1| channel 'Poci&#261;g KriSSa'(id:725) edited by 'Scarlet'(id:1383)
2016-01-21 13:11:19.124609|INFO    |VirtualServerBase|  1| channel 'Fredownia'(id:647) edited by 'Fred'(id:1787)
2016-01-21 15:34:31.426770|INFO    |VirtualServerBase|  1| channel 'HWDPJP100%'(id:726) created by '69herkules69'(id:2321)
2016-01-21 18:06:35.328090|INFO    |VirtualServer |  1| client 'hlebek'(id:1450) was added to channelgroup 'Zast&#281;pca'(id:6) by client 'KriSS'(id:2046) in channel 'Poci&#261;g KriSSa'(id:725)
2016-01-21 18:06:52.226212|INFO    |VirtualServer |  1| client 'hlebek'(id:1450) was added to channelgroup 'Voice'(id:7) by client 'KriSS'(id:2046) in channel 'Poci&#261;g KriSSa'(id:725)
2016-01-21 19:04:25.590830|INFO    |VirtualServer |  1| client 'hlebek'(id:1450) was added to channelgroup 'Normal'(id:8) by client 'Scarlet'(id:1383) in channel 'Poci&#261;g KriSSa'(id:725)
2016-01-21 19:32:55.776236|INFO    |VirtualServerBase|  1| channel 'HWDPJP100%'(id:726) deleted by 'server'(id:0)
2016-01-21 20:11:48.674406|INFO    |VirtualServerBase|  1| channel 'Poci&#261;g KriSSa'(id:725) edited by 'KriSS'(id:2046)
2016-01-21 20:11:59.218361|INFO    |VirtualServerBase|  1| channel 'Poci&#261;g KriSSa'(id:725) edited by 'KriSS'(id:2046)
2016-01-21 20:12:06.988166|INFO    |VirtualServerBase|  1| channel 'Poci&#261;g KriSSa'(id:725) edited by 'Scarlet'(id:1383)
2016-01-21 20:12:17.251321|INFO    |VirtualServerBase|  1| channel 'Poci&#261;g KriSSa'(id:725) edited by 'Scarlet'(id:1383)
2016-01-21 20:12:18.997235|INFO    |VirtualServerBase|  1| channel 'Poci&#261;g KriSSa'(id:725) edited by 'Scarlet'(id:1383)
2016-01-22 13:41:31.868134|INFO    |VirtualServerBase|  1| channel 'League of zajebywanie'(id:647) edited by 'Fred'(id:1787)
2016-01-22 20:22:33.041444|INFO    |VirtualServer |  1| client 'hlebek'(id:1450) was added to channelgroup 'Dziwka'(id:21) by client 'Scarlet'(id:1383) in channel 'Poci&#261;g KriSSa'(id:725)
2016-01-22 20:22:37.155694|INFO    |VirtualServer |  1| client 'hlebek'(id:1450) was added to channelgroup 'Frajer'(id:19) by client 'Scarlet'(id:1383) in channel 'Poci&#261;g KriSSa'(id:725)
2016-01-22 20:22:43.523244|INFO    |VirtualServer |  1| client 'hlebek'(id:1450) was added to channelgroup 'AFK'(id:17) by client 'Scarlet'(id:1383) in channel 'Poci&#261;g KriSSa'(id:725)
2016-01-22 20:22:50.727384|INFO    |VirtualServer |  1| client 'hlebek'(id:1450) was added to channelgroup 'Normal'(id:8) by client 'Scarlet'(id:1383) in channel 'Poci&#261;g KriSSa'(id:725)
2016-01-22 20:22:53.297551|INFO    |VirtualServer |  1| client 'hlebek'(id:1450) was added to channelgroup 'AFK'(id:17) by client 'Scarlet'(id:1383) in channel 'Poci&#261;g KriSSa'(id:725)
2016-01-22 20:23:07.149222|INFO    |VirtualServer |  1| client 'hlebek'(id:1450) was added to channelgroup 'Voice'(id:7) by client 'KriSS'(id:2046) in channel 'Poci&#261;g KriSSa'(id:725)
2016-01-22 20:23:23.751390|INFO    |VirtualServer |  1| client 'hlebek'(id:1450) was added to channelgroup 'Normal'(id:8) by client 'Scarlet'(id:1383) in channel 'Poci&#261;g KriSSa'(id:725)
2016-01-22 20:24:04.837556|INFO    |VirtualServer |  1| client 'hlebek'(id:1450) was added to channelgroup 'AFK'(id:17) by client 'Scarlet'(id:1383) in channel 'Poci&#261;g KriSSa'(id:725)
2016-01-22 20:24:12.442534|INFO    |VirtualServer |  1| client 'hlebek'(id:1450) was added to channelgroup 'Normal'(id:8) by client 'Scarlet'(id:1383) in channel 'Poci&#261;g KriSSa'(id:725)
2016-01-22 20:26:33.911347|INFO    |VirtualServerBase|  1| channel 'Poci&#261;g KriSSa'(id:725) edited by 'KriSS'(id:2046)
2016-01-22 20:26:48.601951|INFO    |VirtualServerBase|  1| channel 'Poci&#261;g KriSSa'(id:725) edited by 'KriSS'(id:2046)
2016-01-22 20:27:54.546430|INFO    |VirtualServer |  1| client (id:1450) was added to servergroup 'Karny Piese&#322;'(id:83) by client 'KriSS'(id:2046)
2016-01-22 20:28:03.210437|INFO    |VirtualServer |  1| client (id:1450) was removed from servergroup 'Karny Piese&#322;'(id:83) by client 'KriSS'(id:2046)
2016-01-22 20:28:48.399322|INFO    |VirtualServer |  1| client 'hlebek'(id:1450) was added to channelgroup 'Dziwka'(id:21) by client 'Scarlet'(id:1383) in channel 'Poci&#261;g KriSSa'(id:725)
2016-01-22 20:28:51.372075|INFO    |VirtualServer |  1| client 'hlebek'(id:1450) was added to channelgroup 'Normal'(id:8) by client 'Scarlet'(id:1383) in channel 'Poci&#261;g KriSSa'(id:725)
2016-01-22 20:29:11.388701|INFO    |VirtualServer |  1| client (id:1450) was added to servergroup 'Anal Wizard'(id:54) by client 'Scarlet'(id:1383)
2016-01-22 20:29:14.693543|INFO    |VirtualServer |  1| client (id:1450) was removed from servergroup 'Anal Wizard'(id:54) by client 'Scarlet'(id:1383)
2016-01-22 20:29:31.395873|INFO    |VirtualServer |  1| client (id:1450) was added to servergroup 'Legia Warszawa'(id:23) by client 'KriSS'(id:2046)
2016-01-22 20:29:41.274171|INFO    |VirtualServer |  1| client (id:1450) was removed from servergroup 'Legia Warszawa'(id:23) by client 'KriSS'(id:2046)
2016-01-22 20:30:32.171346|INFO    |VirtualServer |  1| permission 'i_group_member_add_power'(id:163) was deleted by 'Scarlet'(id:1383) from channelgroup 'Admin kana&#322;u'(id:5)
2016-01-22 20:30:33.601352|INFO    |VirtualServer |  1| permission 'i_group_modify_power'(id:161) was deleted by 'Scarlet'(id:1383) from channelgroup 'Admin kana&#322;u'(id:5)
2016-01-22 20:30:35.319773|INFO    |VirtualServer |  1| permission 'i_group_needed_modify_power'(id:162) was deleted by 'Scarlet'(id:1383) from channelgroup 'Admin kana&#322;u'(id:5)
2016-01-22 20:30:36.436721|INFO    |VirtualServer |  1| permission 'i_group_needed_member_add_power'(id:164) was deleted by 'Scarlet'(id:1383) from channelgroup 'Admin kana&#322;u'(id:5)
2016-01-22 20:30:37.183398|INFO    |VirtualServer |  1| permission 'i_group_member_remove_power'(id:165) was deleted by 'Scarlet'(id:1383) from channelgroup 'Admin kana&#322;u'(id:5)
2016-01-22 20:30:38.256387|INFO    |VirtualServer |  1| permission 'i_group_needed_member_remove_power'(id:166) was deleted by 'Scarlet'(id:1383) from channelgroup 'Admin kana&#322;u'(id:5)
2016-01-22 20:32:08.484215|INFO    |VirtualServer |  1| permission 'i_needed_modify_power_channel_join_ignore_password'(id:32902) with values (value:100, negated:0, skipchannel:0) was added by 'Scarlet'(id:1383) to servergroup 'Prenium'(id:12)
2016-01-22 20:32:08.873120|INFO    |VirtualServer |  1| permission 'b_channel_join_ignore_password'(id:134) with values (value:1, negated:0, skipchannel:0) was added by 'Scarlet'(id:1383) to servergroup 'Prenium'(id:12)
2016-01-22 20:32:10.419370|INFO    |VirtualServer |  1| permission 'i_needed_modify_power_channel_join_ignore_password'(id:32902) was deleted by 'Scarlet'(id:1383) from servergroup 'Prenium'(id:12)
2016-01-22 20:32:47.120014|INFO    |VirtualServer |  1| permission 'i_client_needed_ban_power'(id:201) with values (value:75, negated:0, skipchannel:0) was added by 'Scarlet'(id:1383) to servergroup 'Prenium'(id:12)
2016-01-22 20:33:44.252704|INFO    |VirtualServer |  1| permission 'b_client_ignore_antiflood'(id:181) with values (value:1, negated:0, skipchannel:0) was added by 'Scarlet'(id:1383) to servergroup 'Prenium'(id:12)
2016-01-22 20:33:44.893268|INFO    |VirtualServer |  1| permission 'b_client_ignore_sticky'(id:188) with values (value:1, negated:0, skipchannel:0) was added by 'Scarlet'(id:1383) to servergroup 'Prenium'(id:12)
2016-01-22 20:33:50.488590|INFO    |VirtualServer |  1| permission 'b_client_ignore_sticky'(id:188) was deleted by 'Scarlet'(id:1383) from servergroup 'Prenium'(id:12)
2016-01-22 20:33:53.396354|INFO    |VirtualServer |  1| client 'hlebek'(id:1450) was added to channelgroup 'Dziwka'(id:21) by client 'Scarlet'(id:1383) in channel 'Poci&#261;g KriSSa'(id:725)
2016-01-22 20:34:05.672268|INFO    |VirtualServer |  1| permission 'b_client_ignore_sticky'(id:188) with values (value:1, negated:0, skipchannel:0) was added by 'Scarlet'(id:1383) to servergroup 'Prenium'(id:12)
2016-01-22 20:34:12.146770|INFO    |VirtualServer |  1| client 'hlebek'(id:1450) was added to channelgroup 'Normal'(id:8) by client 'Scarlet'(id:1383) in channel 'Poci&#261;g KriSSa'(id:725)
2016-01-22 20:40:29.590360|INFO    |VirtualServerBase|  1| channel '[cspacer2]&#8729;&#8226;&#9679;&#9679;&#8226;&#8729; Regulamin &#8729;&#8226;&#9679;&#9679;&#8226;&#8729;'(id:17) edited by 'Scarlet'(id:1383)
2016-01-22 20:41:38.459796|INFO    |VirtualServerBase|  1| channel '[cspacer2]&#8729;&#8226;&#9679;&#9679;&#8226;&#8729; Regulamin &#8729;&#8226;&#9679;&#9679;&#8226;&#8729;'(id:17) edited by 'Scarlet'(id:1383)
2016-01-22 20:42:37.840060|INFO    |VirtualServerBase|  1| channel '[cspacer2]&#8729;&#8226;&#9679;&#9679;&#8226;&#8729; Regulamin &#8729;&#8226;&#9679;&#9679;&#8226;&#8729;'(id:17) edited by 'Scarlet'(id:1383)
2016-01-22 20:59:10.569543|INFO    |VirtualServerBase|  1| channel 'Poci&#261;g KriSSa'(id:725) edited by 'hlebek'(id:1450)
2016-01-22 20:59:36.836743|INFO    |VirtualServerBase|  1| channel 'Poci&#261;g KriSSa'(id:725) edited by 'Scarlet'(id:1383)
2016-01-22 21:00:05.969307|INFO    |VirtualServerBase|  1| channel 'Poci&#261;g KriSSa'(id:725) edited by 'KriSS'(id:2046)
2016-01-22 21:00:55.042378|INFO    |VirtualServerBase|  1| channel 'Poci&#261;g KriSSa'(id:725) edited by 'KriSS'(id:2046)
2016-01-22 21:35:12.920825|INFO    |VirtualServerBase|  1| channel 'Poci&#261;g KriSSa'(id:725) edited by 'KriSS'(id:2046)
2016-01-22 21:35:18.106816|INFO    |VirtualServerBase|  1| channel 'Piecyk hlebka'(id:615) edited by 'hlebek'(id:1450)
2016-01-22 21:35:23.426969|INFO    |VirtualServerBase|  1| channel 'Poci&#261;g KriSSa'(id:725) edited by 'KriSS'(id:2046)
2016-01-22 21:36:13.266548|INFO    |VirtualServerBase|  1| channel 'Piecyk hlebka'(id:615) edited by 'hlebek'(id:1450)
2016-01-22 21:40:31.595944|INFO    |VirtualServer |  1| client (id:1383) was added to servergroup 'Zajerestrowany'(id:9) by client 'McKeyPL'(id:2)
2016-01-22 21:40:34.217098|INFO    |VirtualServer |  1| client (id:1383) was removed from servergroup 'Admin Scarlet'(id:16) by client 'McKeyPL'(id:2)
2016-01-22 21:40:38.372306|INFO    |VirtualServer |  1| client (id:1383) was added to servergroup 'Zarejestrowany'(id:7) by client 'McKeyPL'(id:2)
2016-01-22 21:40:43.475329|INFO    |VirtualServer |  1| client (id:1383) was removed from servergroup 'Zajerestrowany'(id:9) by client 'McKeyPL'(id:2)
2016-01-22 21:41:09.352436|INFO    |VirtualServer |  1| permission 'b_client_ignore_bans'(id:180) was deleted by 'McKeyPL'(id:2) from client (id:1383)
2016-01-22 21:43:16.363367|INFO    |VirtualServer |  1| client (id:1383) was added to servergroup 'Admin Scarlet'(id:16) by client 'McKeyPL'(id:2)
2016-01-22 21:43:22.255765|INFO    |VirtualServer |  1| client (id:1383) was removed from servergroup 'Zarejestrowany'(id:7) by client 'Scarlet'(id:1383)
2016-01-22 21:59:43.883648|INFO    |VirtualServerBase|  1| channel 'Piecyk hlebka'(id:615) edited by 'hlebek'(id:1450)
2016-01-22 22:00:32.575678|INFO    |VirtualServerBase|  1| channel 'Piecyk hlebka'(id:615) edited by 'hlebek'(id:1450)
2016-01-22 22:01:08.489962|INFO    |VirtualServerBase|  1| channel 'Piecyk hlebka'(id:615) edited by 'hlebek'(id:1450)
2016-01-22 22:01:30.564246|INFO    |VirtualServerBase|  1| channel 'Piecyk hlebka'(id:615) edited by 'Scarlet'(id:1383)
2016-01-22 22:01:53.562960|INFO    |VirtualServerBase|  1| channel 'Piecyk hlebka'(id:615) edited by 'Scarlet'(id:1383)
2016-01-22 23:21:12.811178|INFO    |VirtualServer |  1| client 'Scarlet'(id:1383) was added to channelgroup 'Dziwka'(id:21) by client 'McKeyPL'(id:2) in channel 'League of zajebywanie'(id:647)
2016-01-22 23:21:17.684764|INFO    |VirtualServer |  1| client (id:1383) was removed from servergroup 'Admin Scarlet'(id:16) by client 'McKeyPL'(id:2)
2016-01-22 23:21:32.929212|INFO    |VirtualServer |  1| client 'Scarlet'(id:1383) was added to channelgroup 'Normal'(id:8) by client 'McKeyPL'(id:2) in channel 'League of zajebywanie'(id:647)
2016-01-22 23:21:37.726555|INFO    |VirtualServer |  1| client (id:1383) was added to servergroup 'Admin Scarlet'(id:16) by client 'McKeyPL'(id:2)
2016-01-22 23:21:43.049166|INFO    |VirtualServer |  1| client (id:1383) was added to servergroup 'Karny Piese&#322;'(id:83) by client 'McKeyPL'(id:2)
2016-01-22 23:21:46.028369|INFO    |VirtualServer |  1| client (id:1383) was removed from servergroup 'Karny Piese&#322;'(id:83) by client 'McKeyPL'(id:2)
2016-01-22 23:22:16.385180|INFO    |VirtualServer |  1| permission 'b_client_ignore_sticky'(id:188) with values (value:1) was added by 'Scarlet'(id:1383) to client (id:1383)
2016-01-22 23:22:17.630254|INFO    |VirtualServer |  1| permission 'b_client_ignore_bans'(id:180) with values (value:1) was added by 'Scarlet'(id:1383) to client (id:1383)
2016-01-22 23:22:34.524522|INFO    |VirtualServer |  1| permission 'i_channel_join_power'(id:136) with values (value:100) was added by 'Scarlet'(id:1383) to client (id:1383)
2016-01-22 23:22:36.052251|INFO    |VirtualServer |  1| permission 'i_channel_subscribe_power'(id:138) with values (value:100) was added by 'Scarlet'(id:1383) to client (id:1383)
2016-01-22 23:22:37.900373|INFO    |VirtualServer |  1| permission 'i_channel_description_view_power'(id:140) with values (value:100) was added by 'Scarlet'(id:1383) to client (id:1383)
2016-01-22 23:22:40.234899|INFO    |VirtualServer |  1| permission 'i_needed_modify_power_channel_permission_modify_power'(id:32847) with values (value:100) was added by 'Scarlet'(id:1383) to client (id:1383)
2016-01-22 23:22:42.401384|INFO    |VirtualServer |  1| permission 'i_needed_modify_power_channel_permission_modify_power'(id:32847) was deleted by 'Scarlet'(id:1383) from client (id:1383)
2016-01-22 23:22:43.868683|INFO    |VirtualServer |  1| permission 'i_channel_permission_modify_power'(id:79) with values (value:100) was added by 'Scarlet'(id:1383) to client (id:1383)
2016-01-23 00:55:46.009770|INFO    |VirtualServerBase|  1| channel 'naplili mi w twarz'(id:647) edited by 'Producent Paszy'(id:1787)
2016-01-23 00:56:11.774451|INFO    |VirtualServerBase|  1| channel 'napluli mi w twarz'(id:647) edited by 'Producent Paszy'(id:1787)
2016-01-23 04:18:44.486200|INFO    |VirtualServerBase|  1| channel 'Red  11111 : Chuj wam w cyce'(id:724) edited by 'Mrroczny RED'(id:1729)
2016-01-23 13:30:58.284700|INFO    |VirtualServerBase|  1| channel 'Fredownia'(id:647) edited by 'Fred'(id:1787)
2016-01-23 15:42:32.862727|INFO    |VirtualServer |  1| client (id:2350) was added to servergroup 'Anal Wizard'(id:54) by client 'Scarlet'(id:1383)
2016-01-23 17:06:06.832824|INFO    |VirtualServer |  1| client (id:2) was removed from servergroup 'Radiowiec'(id:13) by client 'Jaros&#322;aw Pasza'(id:2)
2016-01-23 17:06:10.606967|INFO    |VirtualServer |  1| client (id:2) was removed from servergroup 'Twilight Sparkle'(id:31) by client 'Jaros&#322;aw Pasza'(id:2)
2016-01-23 17:06:13.917254|INFO    |VirtualServer |  1| client (id:2) was removed from servergroup 'Azir'(id:84) by client 'Jaros&#322;aw Pasza'(id:2)
2016-01-23 17:06:21.076105|INFO    |VirtualServer |  1| client (id:2) was added to servergroup 'Global Elite'(id:65) by client 'Jaros&#322;aw Pasza'(id:2)
2016-01-23 17:06:27.504447|INFO    |VirtualServer |  1| client (id:2) was added to servergroup 'HL3-Confirmed'(id:17) by client 'Jaros&#322;aw Pasza'(id:2)
2016-01-23 17:06:30.764396|INFO    |VirtualServer |  1| client (id:2) was added to servergroup 'CS:GO'(id:62) by client 'Jaros&#322;aw Pasza'(id:2)
2016-01-23 17:55:11.222567|INFO    |VirtualServerBase|  1| channel 'Derfownia'(id:647) edited by 'Derf'(id:1787)
2016-01-23 17:55:54.036735|INFO    |VirtualServerBase|  1| channel 'League of zajebywanie'(id:647) edited by 'Derf'(id:1787)
2016-01-23 17:56:09.257732|INFO    |VirtualServerBase|  1| channel 'Twoja stara to nano'(id:647) edited by 'McKey'(id:2)
2016-01-23 17:58:01.561481|INFO    |VirtualServerBase|  1| channel 'Fredownia'(id:647) edited by 'Fred'(id:1787)
2016-01-23 17:59:30.736527|INFO    |VirtualServerBase|  1| channel 'Fredownia'(id:647) edited by 'Fred'(id:1787)
2016-01-23 18:01:31.845035|INFO    |VirtualServer |  1| file download from (id:647), '/6967604d621153e93287838252b66eea.jpg' by client 'Fred'(id:1787)
2016-01-23 18:02:07.412222|INFO    |VirtualServer |  1| file download from (id:647), '/6967604d621153e93287838252b66eea.jpg' by client 'A tw&#243;j stary to emacs'(id:2)
2016-01-23 18:37:01.000052|INFO    |VirtualServerBase|  1| channel 'Skiny Mattika'(id:599) edited by 'McK'(id:2)
2016-01-23 18:59:13.937766|INFO    |VirtualServerBase|  1| channel 'Skiny Mattika'(id:599) edited by 'McK'(id:2)
2016-01-23 19:11:33.150464|INFO    |VirtualServer |  1| client (id:1787) was removed from servergroup 'Udyr'(id:115) by client 'McK'(id:2)
2016-01-23 19:11:35.935545|INFO    |VirtualServer |  1| client (id:1787) was removed from servergroup 'Soraka'(id:89) by client 'McK'(id:2)
2016-01-23 19:11:53.528152|INFO    |VirtualServer |  1| client (id:1787) was added to servergroup 'Cycki'(id:103) by client 'McK'(id:2)
2016-01-23 19:12:00.534020|INFO    |VirtualServer |  1| client (id:1787) was removed from servergroup 'Cycki'(id:103) by client 'McK'(id:2)
2016-01-23 19:12:04.022316|INFO    |VirtualServer |  1| client (id:1787) was removed from servergroup 'Zarejestrowany'(id:7) by client 'McK'(id:2)
2016-01-23 19:12:10.595751|INFO    |VirtualServer |  1| client (id:1787) was added to servergroup 'Zarejestrowany'(id:7) by client 'McK'(id:2)
2016-01-23 19:12:15.967185|INFO    |VirtualServer |  1| client (id:1787) was added to servergroup 'Fallout Equestria'(id:50) by client 'McK'(id:2)
2016-01-23 19:12:19.309143|INFO    |VirtualServer |  1| client (id:1787) was removed from servergroup 'Fallout Equestria'(id:50) by client 'McK'(id:2)
2016-01-23 19:12:22.115519|INFO    |VirtualServer |  1| client (id:1787) was added to servergroup 'Anal Wizard'(id:54) by client 'McK'(id:2)
2016-01-23 19:12:25.808524|INFO    |VirtualServer |  1| client (id:2347) was added to servergroup 'Anal Wizard'(id:54) by client 'McK'(id:2)
2016-01-23 19:12:34.639555|INFO    |VirtualServer |  1| client (id:1383) was removed from servergroup 'Obojniak'(id:100) by client 'McK'(id:2)
2016-01-23 19:12:38.333424|INFO    |VirtualServer |  1| client (id:1383) was added to servergroup 'Anal Wizard'(id:54) by client 'McK'(id:2)
2016-01-23 19:12:44.156590|INFO    |VirtualServer |  1| client (id:2347) was removed from servergroup 'Anal Wizard'(id:54) by client 'McK'(id:2)
2016-01-23 19:12:46.726259|INFO    |VirtualServer |  1| client (id:1383) was removed from servergroup 'Anal Wizard'(id:54) by client 'Scarlet'(id:1383)
2016-01-23 19:12:56.329398|INFO    |VirtualServer |  1| client (id:2347) was added to servergroup 'Ukryty Diament'(id:85) by client 'McK'(id:2)
2016-01-23 19:12:58.193571|INFO    |VirtualServer |  1| client (id:1383) was added to servergroup 'Obojniak'(id:100) by client 'Scarlet'(id:1383)
2016-01-23 19:13:02.613956|INFO    |VirtualServer |  1| client (id:1787) was added to servergroup 'Ukryty Diament'(id:85) by client 'McK'(id:2)
2016-01-23 19:13:08.192825|INFO    |VirtualServer |  1| client (id:1787) was removed from servergroup 'Anal Wizard'(id:54) by client 'McK'(id:2)
2016-01-23 19:13:18.236363|INFO    |VirtualServer |  1| client (id:1383) was added to servergroup 'Anal Wizard'(id:54) by client 'McK'(id:2)
2016-01-23 19:13:23.740152|INFO    |VirtualServer |  1| client (id:1383) was removed from servergroup 'Anal Wizard'(id:54) by client 'Scarlet'(id:1383)
2016-01-23 19:13:27.377422|INFO    |VirtualServer |  1| client (id:1383) was added to servergroup 'Anal Wizard'(id:54) by client 'McK'(id:2)
2016-01-23 19:13:42.652308|INFO    |VirtualServer |  1| permission 'i_group_needed_member_add_power'(id:164) with values (value:1000) was added by 'Scarlet'(id:1383) to client (id:1383)
2016-01-23 19:13:46.945337|INFO    |VirtualServer |  1| permission 'i_group_needed_member_remove_power'(id:166) with values (value:1000) was added by 'Scarlet'(id:1383) to client (id:1383)
2016-01-23 19:13:55.787855|INFO    |VirtualServer |  1| client (id:1383) was removed from servergroup 'Anal Wizard'(id:54) by client 'Scarlet'(id:1383)
2016-01-23 19:13:59.641632|INFO    |VirtualServer |  1| permission 'i_group_modify_power'(id:161) with values (value:99, negated:0, skipchannel:0) was added by 'McK'(id:2) to servergroup 'Admin Scarlet'(id:16)
2016-01-23 19:14:05.145366|INFO    |VirtualServer |  1| client (id:1383) was added to servergroup 'Anal Wizard'(id:54) by client 'McK'(id:2)
2016-01-23 19:14:33.994322|INFO    |VirtualServer |  1| client (id:1383) was removed from servergroup 'Anal Wizard'(id:54) by client 'Scarlet'(id:1383)
2016-01-23 19:14:35.599264|INFO    |VirtualServerBase|  1| channel 'liga sukinsynow'(id:647) edited by 'Drewnen krul broznuf'(id:1787)
2016-01-23 19:14:52.285977|INFO    |VirtualServer |  1| permission 'i_group_modify_power'(id:161) with values (value:100, negated:0, skipchannel:0) was added by 'McK'(id:2) to servergroup 'Admin Scarlet'(id:16)
2016-01-23 21:48:13.677249|INFO    |VirtualServer |  1| client (id:2369) was added to servergroup 'Zarejestrowany'(id:7) by client 'Scarlet'(id:1383)
2016-01-24 01:27:36.106608|INFO    |VirtualServer |  1| permission 'i_client_needed_poke_power'(id:222) with values (value:10000) was added by 'Scarlet'(id:1383) to client (id:1383)
2016-01-24 01:27:50.757726|INFO    |VirtualServerBase|  1| channel 'liga sukinsynow i producenci paszy'(id:647) edited by 'Fred'(id:1787)
2016-01-24 01:29:30.998840|INFO    |VirtualServer |  1| permission 'i_client_needed_kick_from_server_power'(id:197) with values (value:1000) was added by 'Scarlet'(id:1383) to client (id:1383)
2016-01-24 01:29:32.293930|INFO    |VirtualServer |  1| permission 'i_client_needed_kick_from_channel_power'(id:199) with values (value:1000) was added by 'Scarlet'(id:1383) to client (id:1383)
2016-01-24 01:29:32.823657|INFO    |VirtualServer |  1| permission 'i_client_needed_poke_power'(id:222) was deleted by 'McKeyPL'(id:2) from client (id:1383)
2016-01-24 01:29:44.958089|INFO    |VirtualServer |  1| permission 'i_client_needed_ban_power'(id:201) with values (value:1000) was added by 'Scarlet'(id:1383) to client (id:1383)
2016-01-24 01:29:57.985988|INFO    |VirtualServer |  1| permission 'i_group_needed_member_add_power'(id:164) was deleted by 'McKeyPL'(id:2) from client (id:1383)
2016-01-24 01:29:59.976569|INFO    |VirtualServer |  1| permission 'i_group_needed_member_remove_power'(id:166) was deleted by 'McKeyPL'(id:2) from client (id:1383)
2016-01-24 01:30:48.961981|INFO    |VirtualServer |  1| permission 'i_client_needed_kick_from_channel_power'(id:199) was deleted by 'Scarlet'(id:1383) from client (id:1383)
2016-01-24 01:30:49.826093|INFO    |VirtualServer |  1| permission 'i_client_needed_ban_power'(id:201) was deleted by 'Scarlet'(id:1383) from client (id:1383)
2016-01-24 01:30:50.817572|INFO    |VirtualServer |  1| permission 'i_client_kick_from_channel_power'(id:198) was deleted by 'Scarlet'(id:1383) from client (id:1383)
2016-01-24 01:30:51.860026|INFO    |VirtualServer |  1| permission 'i_client_needed_kick_from_server_power'(id:197) was deleted by 'Scarlet'(id:1383) from client (id:1383)
2016-01-24 01:31:09.823350|INFO    |VirtualServer |  1| permission 'i_client_ban_power'(id:200) with values (value:100) was added by 'Scarlet'(id:1383) to client (id:1383)
2016-01-24 01:31:30.463358|INFO    |VirtualServer |  1| permission 'i_permission_modify_power'(id:167) was deleted by 'McKeyPL'(id:2) from servergroup 'Admin Scarlet'(id:16)
2016-01-24 01:31:32.574478|INFO    |VirtualServer |  1| permission 'b_permission_modify_power_ignore'(id:168) was deleted by 'McKeyPL'(id:2) from servergroup 'Admin Scarlet'(id:16)
2016-01-24 01:32:11.531039|INFO    |VirtualServer |  1| permission 'i_client_poke_power'(id:221) with values (value:100) was added by 'McKeyPL'(id:2) to client (id:1383)
2016-01-24 01:32:22.025971|INFO    |VirtualServer |  1| permission 'b_client_ignore_bans'(id:180) was deleted by 'McKeyPL'(id:2) from client (id:1383)
2016-01-24 01:32:24.079829|INFO    |VirtualServer |  1| permission 'i_client_ban_power'(id:200) was deleted by 'McKeyPL'(id:2) from client (id:1383)
2016-01-24 01:33:03.873979|INFO    |VirtualServer |  1| permission 'i_client_needed_permission_modify_power'(id:172) was deleted by 'McKeyPL'(id:2) from servergroup 'Guest Server Query'(id:1)
2016-01-24 01:33:11.721646|INFO    |VirtualServer |  1| permission 'i_client_needed_permission_modify_power'(id:172) with values (value:100, negated:0, skipchannel:0) was added by 'McKeyPL'(id:2) to servergroup 'Guest Server Query'(id:1)
2016-01-24 01:33:17.312046|INFO    |VirtualServer |  1| permission 'i_client_permission_modify_power'(id:171) was deleted by 'McKeyPL'(id:2) from servergroup 'Admin Scarlet'(id:16)
2016-01-24 01:33:49.242598|INFO    |VirtualServer |  1| permission 'b_client_ignore_bans'(id:180) was deleted by 'McKeyPL'(id:2) from servergroup 'Admin Scarlet'(id:16)
2016-01-24 01:35:01.137018|INFO    |VirtualServer |  1| permission 'b_client_ignore_bans'(id:180) with values (value:1, negated:0, skipchannel:0) was added by 'McKeyPL'(id:2) to servergroup 'Admin Scarlet'(id:16)
2016-01-24 01:35:07.950995|INFO    |VirtualServer |  1| permission 'i_permission_modify_power'(id:167) with values (value:100, negated:0, skipchannel:0) was added by 'McKeyPL'(id:2) to servergroup 'Admin Scarlet'(id:16)
2016-01-24 01:35:08.096167|INFO    |VirtualServer |  1| permission 'b_permission_modify_power_ignore'(id:168) with values (value:1, negated:0, skipchannel:0) was added by 'McKeyPL'(id:2) to servergroup 'Admin Scarlet'(id:16)
2016-01-24 01:35:10.733897|INFO    |VirtualServer |  1| permission 'i_client_permission_modify_power'(id:171) with values (value:100, negated:0, skipchannel:0) was added by 'McKeyPL'(id:2) to servergroup 'Admin Scarlet'(id:16)
2016-01-24 01:50:42.608388|INFO    |VirtualServer |  1| permission 'b_client_ignore_bans'(id:180) with values (value:1) was added by 'Scarlet'(id:1383) to client (id:1383)
2016-01-24 01:50:56.774245|INFO    |VirtualServer |  1| permission 'i_client_needed_ban_power'(id:201) with values (value:100) was added by 'Scarlet'(id:1383) to client (id:1383)
2016-01-24 01:50:59.550074|INFO    |VirtualServer |  1| permission 'i_client_needed_ban_power'(id:201) with values (value:1000) was added by 'Scarlet'(id:1383) to client (id:1383)
2016-01-24 01:51:08.366313|INFO    |VirtualServer |  1| permission 'i_client_kick_from_server_power'(id:196) with values (value:1000) was added by 'Scarlet'(id:1383) to client (id:1383)
2016-01-24 17:20:38.028288|INFO    |VirtualServerBase|  1| channel 'bo moge'(id:727) created as sub channel of 'liga sukinsynow i producenci paszy'(id:647) by 'Fred'(id:1787)
2016-01-24 17:20:51.544241|INFO    |VirtualServerBase|  1| channel 'e1111'(id:728) created by 'Kijori'(id:5)
2016-01-24 17:21:00.116145|INFO    |VirtualServerBase|  1| channel 'e1111'(id:728) deleted by 'server'(id:0)
2016-01-24 17:21:02.313983|INFO    |VirtualServerBase|  1| channel 'bo moge'(id:727) deleted by 'Fred'(id:1787)
2016-01-24 17:21:03.379689|INFO    |VirtualServerBase|  1| channel '1111'(id:729) created as sub channel of 'liga sukinsynow i producenci paszy'(id:647) by 'Kijori'(id:5)
2016-01-24 17:21:09.735355|INFO    |VirtualServerBase|  1| channel '1111'(id:729) deleted by 'Fred'(id:1787)
2016-01-24 17:59:49.080193|INFO    |VirtualServer |  1| client 'eXtremePentaKill'(id:2347) was added to channelgroup 'Admin kana&#322;u'(id:5) by client 'MrCore'(id:2275) in channel 'liga sukinsynow i producenci paszy'(id:647)
2016-01-24 18:00:07.746866|INFO    |VirtualServer |  1| client 'eXtremePentaKill'(id:2347) was added to channelgroup 'Voice'(id:7) by client 'MrCore'(id:2275) in channel 'liga sukinsynow i producenci paszy'(id:647)
2016-01-24 18:01:10.270922|INFO    |VirtualServer |  1| client 'eXtremePentaKill'(id:2347) was added to channelgroup 'Zast&#281;pca'(id:6) by client 'MrCore'(id:2275) in channel 'liga sukinsynow i producenci paszy'(id:647)
2016-01-24 18:01:45.499253|INFO    |VirtualServerBase|  1| channel 'liga sukinsynow i producenci paszy'(id:647) edited by 'Fred'(id:1787)
2016-01-24 18:04:51.723872|INFO    |VirtualServer |  1| client (id:1787) was added to servergroup 'Karny Piese&#322;'(id:83) by client 'eXtremePentaKill'(id:2347)
2016-01-24 18:05:01.429972|INFO    |VirtualServer |  1| client (id:1787) was removed from servergroup 'Karny Piese&#322;'(id:83) by client 'eXtremePentaKill'(id:2347)
2016-01-24 18:14:43.718494|INFO    |VirtualServerBase|  1| channel 'Piecyk hlebka'(id:615) edited by 'hlebek (&#380;ygam flegm&#261;)'(id:1450)
2016-01-24 18:14:59.111424|INFO    |VirtualServerBase|  1| channel 'Piecyk hlebka'(id:615) edited by 'hlebek (&#380;ygam flegm&#261;)'(id:1450)
2016-01-24 18:39:03.528126|INFO    |VirtualServerBase|  1| channel 'Red  11111 : Chuj wam w cyce'(id:724) edited by 'Mrroczny RED'(id:1729)
2016-01-24 22:03:51.715583|INFO    |VirtualServer |  1| client (id:1450) was removed from servergroup 'Prenium'(id:12) by client 'Scarlet'(id:1383)
2016-01-24 22:03:58.131833|INFO    |VirtualServer |  1| client (id:1450) was added to servergroup 'Prenium'(id:12) by client 'Scarlet'(id:1383)
2016-01-24 22:07:46.670702|INFO    |VirtualServer |  1| permission 'b_client_modify_own_description'(id:227) with values (value:1, negated:0, skipchannel:0) was added by 'Scarlet'(id:1383) to servergroup 'Prenium'(id:12)
2016-01-25 14:46:30.374048|INFO    |VirtualServerBase|  1| channel 'Red  11111 : Chipsy i busty LoLa'(id:724) edited by 'Red robie Dzungle w sklepie'(id:1729)
2016-01-25 15:09:12.591784|INFO    |VirtualServer |  1| client (id:2327) was added to servergroup 'Zarejestrowany'(id:7) by client 'Scarlet'(id:1383)
2016-01-25 16:52:23.804994|INFO    |VirtualServerBase|  1| channel 'Klawiatura Kijori'ego'(id:595) edited by 'Scarlet'(id:1383)
2016-01-25 16:52:57.037521|INFO    |VirtualServerBase|  1| channel 'Klawiatura Kijori'ego'(id:595) edited by 'Scarlet'(id:1383)
2016-01-25 17:07:00.856949|INFO    |VirtualServer |  1| permission 'b_client_use_reserved_slot'(id:183) with values (value:1, negated:0, skipchannel:0) was added by 'Scarlet'(id:1383) to servergroup 'Prenium'(id:12)
2016-01-25 17:10:48.275142|INFO    |VirtualServer |  1| client 'hlebek'(id:1450) was added to channelgroup 'Admin kana&#322;u'(id:5) by client 'Scarlet'(id:1383) in channel 'SMIOT'(id:387)
2016-01-25 17:11:14.647940|INFO    |VirtualServer |  1| client 'hlebek'(id:1450) was added to channelgroup 'Zast&#281;pca'(id:6) by client 'Scarlet'(id:1383) in channel 'Terraria'(id:338)
2016-01-25 17:11:23.542634|INFO    |VirtualServer |  1| client 'hlebek'(id:1450) was added to channelgroup 'Frajer'(id:19) by client 'Scarlet'(id:1383) in channel 'League of Legends'(id:239)
2016-01-25 17:11:28.918046|INFO    |VirtualServer |  1| client 'hlebek'(id:1450) was added to channelgroup 'Normal'(id:8) by client 'Scarlet'(id:1383) in channel 'League of Legends'(id:239)
2016-01-25 17:11:31.157997|INFO    |VirtualServer |  1| client 'hlebek'(id:1450) was added to channelgroup 'Dziwka'(id:21) by client 'Scarlet'(id:1383) in channel 'League of Legends'(id:239)
2016-01-25 21:03:50.060097|INFO    |VirtualServer |  1| client (id:2378) was added to servergroup 'Zarejestrowany'(id:7) by client 'Scarlet'(id:1383)
2016-01-25 23:30:58.889426|INFO    |VirtualServerBase|  1| channel 'Gwiazda Scarleta'(id:593) edited by 'Scarlet'(id:1383)
2016-01-26 14:54:33.057204|INFO    |VirtualServerBase|  1| channel 'iuoioajfsa'(id:730) created as sub channel of '[cspacer9]&#9562;&#9552;&#9552;&#9552;&#9552;&#9552;&#9552;&#9552;&#9552;&#9552;&#9552;&#9552;&#9552;&#9552;&#9552;&#9552;&#9565;'(id:165) by 'Admin'(id:1383)
2016-01-26 14:54:44.409225|INFO    |VirtualServerBase|  1| channel 'iuoioajfsa'(id:730) edited by 'Admin'(id:1383)
2016-01-26 14:54:55.522584|INFO    |VirtualServer |  1| client 'Szablos'(id:1910) was added to channelgroup 'Admin kana&#322;u'(id:5) by client 'Admin'(id:1383) in channel 'iuoioajfsa'(id:730)
2016-01-26 14:55:06.497829|INFO    |VirtualServerBase|  1| channel 'ddddddd'(id:731) created as sub channel of 'iuoioajfsa'(id:730) by 'Admin'(id:1383)
2016-01-26 14:55:15.881176|INFO    |VirtualServerBase|  1| channel 'asdg'(id:730) edited by 'Szablos'(id:1910)
2016-01-26 14:55:20.571024|INFO    |VirtualServerBase|  1| channel 'dadasd'(id:732) created as sub channel of 'asdg'(id:730) by 'Admin'(id:1383)
2016-01-26 14:55:32.281055|INFO    |VirtualServerBase|  1| channel 'dsadasdasd'(id:733) created as sub channel of 'asdg'(id:730) by 'Admin'(id:1383)
2016-01-26 14:55:36.424346|INFO    |VirtualServerBase|  1| channel 'dsadasdasd'(id:733) edited by 'Admin'(id:1383)
2016-01-26 14:56:51.043991|INFO    |VirtualServerBase|  1| channel 'ddddddd'(id:731) edited by 'Szablos'(id:1910)
2016-01-26 14:56:57.432166|INFO    |VirtualServerBase|  1| channel 'dadasd'(id:732) edited by 'Szablos'(id:1910)
2016-01-26 14:57:01.039885|INFO    |VirtualServerBase|  1| channel 'dsadasdasd'(id:733) edited by 'Szablos'(id:1910)
2016-01-26 14:57:06.403109|INFO    |VirtualServerBase|  1| channel 'asdg'(id:730) edited by 'Szablos'(id:1910)
2016-01-26 14:57:12.188819|INFO    |VirtualServerBase|  1| channel 'asdg'(id:730) edited by 'Szablos'(id:1910)
2016-01-26 14:57:35.358816|INFO    |VirtualServerBase|  1| channel 'Padawan Jebaczy'(id:730) edited by 'Szablos'(id:1910)
2016-01-26 14:57:48.212470|INFO    |VirtualServerBase|  1| channel 'Konter Strike'(id:731) edited by 'Szablos'(id:1910)
2016-01-26 14:57:57.091435|INFO    |VirtualServerBase|  1| channel 'Lig of Legend'(id:732) edited by 'Szablos'(id:1910)
2016-01-26 14:58:13.158262|INFO    |VirtualServerBase|  1| channel 'Walem sie... nie przeszkadza&#263;.'(id:733) edited by 'Szablos'(id:1910)
2016-01-26 14:58:21.452811|INFO    |VirtualServerBase|  1| channel 'Walem sie... nie przeszkadza&#263;.'(id:733) edited by 'Szablos'(id:1910)
2016-01-26 15:00:08.661063|INFO    |VirtualServer |  1| client (id:1898) was added to servergroup 'Zarejestrowany'(id:7) by client 'Admin'(id:1383)
2016-01-26 15:00:15.393819|INFO    |VirtualServer |  1| client 'BLENDZIOR'(id:1898) was added to channelgroup 'Zast&#281;pca'(id:6) by client 'Admin'(id:1383) in channel 'Padawan Jebaczy'(id:730)
2016-01-26 15:03:24.356125|INFO    |VirtualServerBase|  1| channel 'Padawan Jebaczy'(id:730) edited by 'Szablos'(id:1910)
2016-01-26 15:03:38.345099|INFO    |VirtualServerBase|  1| channel 'Konter Strike'(id:731) edited by 'Szablos'(id:1910)
2016-01-26 15:03:48.047215|INFO    |VirtualServerBase|  1| channel 'Lig of Legend'(id:732) edited by 'Szablos'(id:1910)
2016-01-26 15:03:53.029546|INFO    |VirtualServerBase|  1| channel 'Walem sie... nie przeszkadza&#263;.'(id:733) edited by 'Szablos'(id:1910)
2016-01-26 15:04:06.371475|INFO    |VirtualServerBase|  1| channel 'Padawan Jebaczy Szablosa'(id:730) edited by 'Szablos'(id:1910)
2016-01-26 15:05:07.008265|INFO    |VirtualServer |  1| client (id:1856) was added to servergroup 'Zarejestrowany'(id:7) by client 'Scarlet'(id:1383)
2016-01-26 15:05:16.673172|INFO    |VirtualServer |  1| client (id:1851) was added to servergroup 'Zarejestrowany'(id:7) by client 'Scarlet'(id:1383)
2016-01-26 15:05:37.196809|INFO    |VirtualServer |  1| client 'Scarlet'(id:1383) was added to channelgroup 'Admin kana&#322;u'(id:5) by client 'Scarlet'(id:1383) in channel 'Piecyk hlebka'(id:615)
2016-01-26 15:05:42.295180|INFO    |VirtualServer |  1| client (id:1383) was added to servergroup 'Prenium'(id:12) by client 'Scarlet'(id:1383)
2016-01-26 15:05:50.401975|INFO    |VirtualServer |  1| client (id:1383) was added to servergroup 'Cycki'(id:103) by client 'Scarlet'(id:1383)
2016-01-26 15:05:54.593051|INFO    |VirtualServer |  1| client (id:1383) was removed from servergroup 'Cycki'(id:103) by client 'Scarlet'(id:1383)
2016-01-26 15:05:56.975254|INFO    |VirtualServer |  1| client (id:1383) was removed from servergroup 'Prenium'(id:12) by client 'Scarlet'(id:1383)
2016-01-26 15:06:06.839535|INFO    |VirtualServer |  1| client 'hlebek'(id:1450) was added to channelgroup 'Zast&#281;pca'(id:6) by client 'Scarlet'(id:1383) in channel 'Piecyk hlebka'(id:615)
2016-01-26 15:06:12.220269|INFO    |VirtualServer |  1| client 'hlebek'(id:1450) was added to channelgroup 'Admin kana&#322;u'(id:5) by client 'Scarlet'(id:1383) in channel 'Piecyk hlebka'(id:615)
2016-01-26 15:06:14.733257|INFO    |VirtualServer |  1| client 'Scarlet'(id:1383) was added to channelgroup 'Normal'(id:8) by client 'Scarlet'(id:1383) in channel 'Piecyk hlebka'(id:615)
2016-01-26 17:48:24.613885|INFO    |VirtualServerBase|  1| channel 'Stacia paliw odkurzacz'(id:724) edited by 'Mrroczny RED'(id:1729)
2016-01-26 20:45:02.727325|INFO    |VirtualServerBase|  1| channel 'Klawiatura Kijori'ego'(id:595) edited by 'Kijori'(id:5)
2016-01-26 21:01:22.286025|INFO    |VirtualServerBase|  1| channel 'Klawiatura Kijori'ego'(id:595) edited by 'Kijori'(id:5)
2016-01-27 13:42:21.331791|INFO    |VirtualServer |  1| file download from (id:647), '/6967604d621153e93287838252b66eea.jpg' by client 'eXtremePentaKill'(id:2347)
2016-01-27 15:02:27.539979|INFO    |VirtualServer |  1| client 'mili'(id:1202) was added to channelgroup 'Admin kana&#322;u'(id:5) by client 'Scarlet - wyluzowany'(id:1383) in channel 'La Gaming'(id:498)
2016-01-27 15:02:49.256227|INFO    |VirtualServerBase|  1| channel 'domek dla atroxa'(id:629) deleted by 'Scarlet - wyluzowany'(id:1383)
2016-01-27 15:02:50.268227|INFO    |VirtualServerBase|  1| channel 'jeziorko rado&#347;ci skarleta'(id:611) deleted by 'Scarlet - wyluzowany'(id:1383)
2016-01-27 15:02:54.838372|INFO    |VirtualServerBase|  1| channel 'CS'(id:500) deleted by 'Scarlet - wyluzowany'(id:1383)
2016-01-27 15:03:15.059240|INFO    |VirtualServerBase|  1| channel '1'(id:499) edited by 'mili'(id:1202)
2016-01-27 15:03:21.178567|INFO    |VirtualServerBase|  1| channel '2'(id:501) edited by 'mili'(id:1202)
2016-01-27 15:03:30.843137|INFO    |VirtualServerBase|  1| channel 'dom atroxa tajga'(id:502) edited by 'mili'(id:1202)
2016-01-27 15:03:33.768773|INFO    |VirtualServerBase|  1| channel '3'(id:502) edited by 'mili'(id:1202)
2016-01-27 15:05:01.245100|INFO    |VirtualServerBase|  1| channel '*.*'(id:498) edited by 'mili'(id:1202)
2016-01-27 16:15:04.443330|INFO    |VirtualServerBase|  1| channel 'I'(id:499) edited by 'Milosz'(id:1202)
2016-01-27 16:15:09.356740|INFO    |VirtualServerBase|  1| channel 'II'(id:501) edited by 'Milosz'(id:1202)
2016-01-27 16:15:12.281174|INFO    |VirtualServerBase|  1| channel 'III'(id:502) edited by 'Milosz'(id:1202)
2016-01-27 16:15:33.781496|INFO    |VirtualServerBase|  1| channel 'League Of Legends Paradise.'(id:498) edited by 'Milosz'(id:1202)
2016-01-28 13:39:38.202842|INFO    |VirtualServerBase|  1| channel 'League Of Legends Paradise.'(id:498) edited by 'mili'(id:1202)
2016-01-28 16:21:53.461583|INFO    |VirtualServerBase|  1| channel 'Klawiatura Kijori'ego'(id:595) edited by 'Kijori'(id:5)
2016-01-29 18:44:35.194811|INFO    |VirtualServer |  1| client (id:2385) was added to servergroup 'Zarejestrowany'(id:7) by client 'Scarlet'(id:1383)
2016-01-29 19:44:59.297582|INFO    |VirtualServerBase|  1| channel 'Piecyk hlebka'(id:615) edited by 'hlebek'(id:1450)
2016-01-29 19:45:03.393299|INFO    |VirtualServerBase|  1| channel 'Piecyk hlebka'(id:615) edited by 'hlebek'(id:1450)
2016-01-29 20:14:37.136511|INFO    |VirtualServerBase|  1| channel 'Ostry premade Lego Legend.'(id:499) edited by 'Milosz | kocham Aatroxdead'(id:1202)
2016-01-29 20:14:43.454268|INFO    |VirtualServerBase|  1| channel 'Chujowy premade Lego Legend.'(id:501) edited by 'Milosz | kocham Aatroxdead'(id:1202)
2016-01-29 20:14:49.888726|INFO    |VirtualServerBase|  1| channel 'Trzepie, sry.'(id:502) edited by 'Milosz | kocham Aatroxdead'(id:1202)
2016-01-29 20:30:12.862298|INFO    |VirtualServerBase|  1| channel 'Piecyk hlebka'(id:615) edited by 'hlebek'(id:1450)
2016-01-30 15:31:22.072162|INFO    |VirtualServerBase|  1| channel 'Stacia paliw odkurzacz'(id:724) edited by 'Mrroczny RED'(id:1729)
2016-01-30 15:31:45.518565|INFO    |VirtualServerBase|  1| channel 'liga sukinsynow i producenci paszy'(id:647) edited by 'Fred'(id:1787)
2016-01-30 15:31:59.043962|INFO    |VirtualServerBase|  1| channel 'liga sukinsynow i producenci paszy'(id:647) edited by 'Fred'(id:1787)
2016-01-30 15:32:36.362365|INFO    |VirtualServerBase|  1| channel 'liga sukinsynow i producenci paszy'(id:647) edited by 'Fred'(id:1787)
2016-01-30 18:12:42.489863|INFO    |VirtualServerBase|  1| channel 'Stacia paliw odkurzacz'(id:724) edited by 'RED'(id:1729)
2016-01-30 18:47:59.621501|INFO    |VirtualServerBase|  1| channel 'Poci&#261;g KriSSa'(id:725) edited by 'Scarlet'(id:1383)
2016-01-30 20:10:01.408110|INFO    |VirtualServerBase|  1| channel 'Klawiatura Kijori'ego'(id:595) edited by 'Kijori'(id:5)
2016-01-30 20:10:15.180233|INFO    |VirtualServerBase|  1| channel 'Klawiatura Kijori'ego'(id:595) edited by 'Kijori'(id:5)
2016-01-30 20:10:24.289474|INFO    |VirtualServerBase|  1| channel 'liga sukinsynow i producenci paszy'(id:647) edited by 'RED'(id:1787)
2016-01-30 20:10:36.111573|INFO    |VirtualServerBase|  1| channel 'liga sukinsynow i producenci paszy'(id:647) edited by 'RED'(id:1787)
2016-01-31 17:00:05.590242|INFO    |VirtualServerBase|  1| channel 'Lig of Legend'(id:732) edited by 'Szablos'(id:1910)
2016-01-31 20:32:44.369081|INFO    |VirtualServerBase|  1| channel 'Lig of Legend'(id:732) edited by 'Szablos'(id:1910)
2016-02-01 17:15:31.667418|INFO    |VirtualServer |  1| client (id:2) was removed from servergroup 'HL3-Confirmed'(id:17) by client 'McKeyPL'(id:2)
2016-02-01 17:15:35.644841|INFO    |VirtualServer |  1| client (id:2) was removed from servergroup 'CS:GO'(id:62) by client 'McKeyPL'(id:2)
2016-02-01 17:15:39.277431|INFO    |VirtualServer |  1| client (id:2) was removed from servergroup 'Global Elite'(id:65) by client 'McKeyPL'(id:2)
2016-02-01 17:15:52.116179|INFO    |VirtualServer |  1| client (id:2) was added to servergroup 'Twilight Sparkle'(id:31) by client 'McKeyPL'(id:2)
2016-02-01 17:16:02.317137|INFO    |VirtualServer |  1| client (id:2) was added to servergroup 'Ashe'(id:102) by client 'McKeyPL'(id:2)
2016-02-01 17:16:10.849981|INFO    |VirtualServer |  1| client (id:2) was added to servergroup 'Radiowiec'(id:13) by client 'McKeyPL'(id:2)
2016-02-01 18:08:56.379687|INFO    |VirtualServer |  1| client 'McKeyPL'(id:2) was added to channelgroup 'Normal'(id:8) by client 'McKeyPL'(id:2) in channel 'Stacia paliw odkurzacz'(id:724)
2016-02-01 18:51:36.452218|INFO    |VirtualServerBase|  1| channel 'Piecyk hlebka'(id:615) edited by 'hlebek [mam platyne w smiocie]'(id:1450)
2016-02-02 10:46:51.737565|INFO    |VirtualServerBase|  1| channel 'Padawan Jebaczy'(id:730) edited by 'Szablos'(id:1910)
2016-02-02 21:56:16.227525|INFO    |VirtualServerBase|  1| channel 'Kana&#322; graczy 1 /Unlimited'(id:711) edited by 'MrCore1'(id:2275)
2016-02-03 18:39:48.131317|INFO    |VirtualServerBase|  1| channel 'RED Kompany'(id:724) edited by 'Mrroczny RED'(id:1729)
2016-02-04 21:38:17.798021|INFO    |VirtualServerBase|  1| channel 'asasas'(id:734) created as sub channel of '[cspacer9]&#9562;&#9552;&#9552;&#9552;&#9552;&#9552;&#9552;&#9552;&#9552;&#9552;&#9552;&#9552;&#9552;&#9552;&#9552;&#9552;&#9565;'(id:165) by 'Scarlet'(id:1383)
2016-02-04 21:38:24.054126|INFO    |VirtualServerBase|  1| channel 'dadsad'(id:735) created as sub channel of 'asasas'(id:734) by 'Scarlet'(id:1383)
2016-02-04 21:38:39.982562|INFO    |VirtualServerBase|  1| channel 'dsdsdsdsa'(id:736) created as sub channel of 'asasas'(id:734) by 'Scarlet'(id:1383)
2016-02-04 21:38:50.042660|INFO    |VirtualServerBase|  1| channel 'asasas'(id:734) edited by 'Scarlet'(id:1383)
2016-02-04 21:39:11.748771|INFO    |VirtualServerBase|  1| channel 'ddaaaad'(id:737) created as sub channel of 'asasas'(id:734) by 'Scarlet'(id:1383)
2016-02-04 21:39:24.114275|INFO    |VirtualServer |  1| client 'FENZIGO11'(id:2378) was added to channelgroup 'Admin kana&#322;u'(id:5) by client 'Scarlet'(id:1383) in channel 'asasas'(id:734)
2016-02-04 21:39:31.829966|INFO    |VirtualServerBase|  1| channel 'asasas'(id:734) edited by 'Scarlet'(id:1383)
2016-02-04 21:39:43.131972|INFO    |VirtualServerBase|  1| channel 'asasas'(id:734) edited by 'Scarlet'(id:1383)
2016-02-04 21:40:40.254214|INFO    |VirtualServer |  1| client (id:2389) was added to servergroup 'Zarejestrowany'(id:7) by client 'Scarlet'(id:1383)
2016-02-04 21:40:48.729300|INFO    |VirtualServer |  1| client (id:2417) was added to servergroup 'Zarejestrowany'(id:7) by client 'Scarlet'(id:1383)
2016-02-04 21:41:01.755014|INFO    |VirtualServer |  1| client (id:2418) was added to servergroup 'Zarejestrowany'(id:7) by client 'Scarlet'(id:1383)
2016-02-04 21:41:05.542268|INFO    |VirtualServer |  1| client (id:2420) was added to servergroup 'Zarejestrowany'(id:7) by client 'Scarlet'(id:1383)
2016-02-04 21:41:53.085229|INFO    |VirtualServer |  1| client (id:2417) was added to servergroup 'Anal Wizard'(id:54) by client 'Scarlet'(id:1383)
2016-02-04 21:43:03.945898|INFO    |VirtualServer |  1| client (id:2419) was added to servergroup 'Zarejestrowany'(id:7) by client 'Scarlet'(id:1383)
2016-02-04 21:43:09.312402|INFO    |VirtualServer |  1| client (id:2417) was removed from servergroup 'Anal Wizard'(id:54) by client 'Scarlet'(id:1383)
2016-02-04 21:43:36.351042|INFO    |VirtualServer |  1| client (id:2417) was added to servergroup 'Magnozjebus'(id:19) by client 'Scarlet'(id:1383)
2016-02-04 21:43:40.255566|INFO    |VirtualServer |  1| client (id:2417) was added to servergroup 'Osu! Player'(id:61) by client 'Scarlet'(id:1383)
2016-02-04 21:43:46.639432|INFO    |VirtualServer |  1| client (id:2417) was added to servergroup 'Anal Wizard'(id:54) by client 'Scarlet'(id:1383)
2016-02-04 21:44:45.978646|INFO    |VirtualServerBase|  1| channel 'Patalanty z HURTWORLD'(id:734) edited by 'FENZIGO11'(id:2378)
2016-02-04 21:45:20.951779|INFO    |VirtualServer |  1| client (id:2418) was added to servergroup 'Global Elite'(id:65) by client 'Scarlet'(id:1383)
2016-02-04 21:47:09.691871|INFO    |VirtualServer |  1| client (id:2419) was added to servergroup 'Kocham Marceline'(id:99) by client 'Scarlet'(id:1383)
2016-02-04 21:47:32.417796|INFO    |VirtualServer |  1| client (id:2418) was added to servergroup 'Legia Warszawa'(id:23) by client 'Scarlet'(id:1383)
2016-02-04 21:47:49.241363|INFO    |VirtualServer |  1| client (id:2418) was added to servergroup 'Rainbow Dash'(id:32) by client 'Scarlet'(id:1383)
2016-02-04 21:48:44.749480|INFO    |VirtualServer |  1| client (id:2420) was added to servergroup 'Radiowiec'(id:13) by client 'Scarlet'(id:1383)
2016-02-04 21:48:53.794465|INFO    |VirtualServer |  1| client (id:2420) was added to servergroup 'Trynda'(id:66) by client 'Scarlet'(id:1383)
2016-02-04 21:49:54.756589|INFO    |VirtualServer |  1| client 'Scarlet'(id:1383) was added to channelgroup 'Normal'(id:8) by client 'Scarlet'(id:1383) in channel 'hlebek'(id:721)
2016-02-04 21:50:13.900938|INFO    |VirtualServer |  1| client 'Scarlet'(id:1383) was added to channelgroup 'Normal'(id:8) by client 'Scarlet'(id:1383) in channel 'dadsad'(id:735)
2016-02-04 21:50:15.406406|INFO    |VirtualServer |  1| client 'Scarlet'(id:1383) was added to channelgroup 'Normal'(id:8) by client 'Scarlet'(id:1383) in channel 'dadsad'(id:735)
2016-02-04 21:50:16.655990|INFO    |VirtualServer |  1| client 'Scarlet'(id:1383) was added to channelgroup 'Normal'(id:8) by client 'Scarlet'(id:1383) in channel 'dsdsdsdsa'(id:736)
2016-02-04 21:50:17.894815|INFO    |VirtualServer |  1| client 'Scarlet'(id:1383) was added to channelgroup 'Normal'(id:8) by client 'Scarlet'(id:1383) in channel 'ddaaaad'(id:737)
2016-02-04 21:50:19.717759|INFO    |VirtualServer |  1| client 'Scarlet'(id:1383) was added to channelgroup 'Normal'(id:8) by client 'Scarlet'(id:1383) in channel 'Padawan Jebaczy'(id:730)
2016-02-04 21:50:23.775369|INFO    |VirtualServer |  1| client 'Scarlet'(id:1383) was added to channelgroup 'Normal'(id:8) by client 'Scarlet'(id:1383) in channel 'Konter Strike'(id:731)
2016-02-04 21:50:25.056995|INFO    |VirtualServer |  1| client 'Scarlet'(id:1383) was added to channelgroup 'Normal'(id:8) by client 'Scarlet'(id:1383) in channel 'Lig of Legend'(id:732)
2016-02-04 21:50:26.408617|INFO    |VirtualServer |  1| client 'Scarlet'(id:1383) was added to channelgroup 'Normal'(id:8) by client 'Scarlet'(id:1383) in channel 'Walem sie... nie przeszkadza&#263;.'(id:733)
2016-02-04 21:50:39.877535|INFO    |VirtualServer |  1| client (id:2387) was added to servergroup 'Zarejestrowany'(id:7) by client 'Scarlet'(id:1383)
2016-02-04 21:50:43.078618|INFO    |VirtualServer |  1| client 'Radek47'(id:2389) was added to channelgroup 'Zast&#281;pca'(id:6) by client 'Scarlet'(id:1383) in channel 'dadsad'(id:735)
2016-02-04 21:53:22.844510|INFO    |VirtualServerBase|  1| channel 'dadsad'(id:735) edited by 'Scarlet'(id:1383)
2016-02-04 21:53:27.307015|INFO    |VirtualServerBase|  1| channel 'dadsad'(id:735) edited by 'Scarlet'(id:1383)
2016-02-04 21:53:55.057252|INFO    |VirtualServerBase|  1| channel 'dadsad'(id:735) edited by 'Scarlet'(id:1383)
2016-02-04 21:54:55.929471|INFO    |VirtualServerBase|  1| channel 'dadsad'(id:735) edited by 'FENZIGO11'(id:2378)
2016-02-04 21:55:14.624454|INFO    |VirtualServer |  1| servergroup 'CS:GO'(id:62) was copied by 'Scarlet'(id:1383) to 'Cycki '(id:116)
2016-02-04 21:55:22.708843|INFO    |VirtualServerBase|  1| channel 'dadsad'(id:735) edited by 'FENZIGO11'(id:2378)
2016-02-04 21:55:30.416596|INFO    |VirtualServer |  1| permission 'i_icon_id'(id:142) with values (value:-1065818629, negated:0, skipchannel:0) was added by 'Scarlet'(id:1383) to servergroup 'Cycki '(id:116)
2016-02-04 21:55:37.967840|INFO    |VirtualServer |  1| client (id:2420) was added to servergroup 'Cycki '(id:116) by client 'Scarlet'(id:1383)
2016-02-04 21:56:21.687708|INFO    |VirtualServer |  1| client 'kn21'(id:2387) was added to channelgroup 'Zast&#281;pca'(id:6) by client 'Scarlet'(id:1383) in channel 'dadsad'(id:735)
2016-02-04 22:20:24.082246|INFO    |VirtualServerBase|  1| channel 'dadsad'(id:735) edited by 'FENZIGO11'(id:2378)
2016-02-04 22:21:17.831501|INFO    |VirtualServer |  1| client 'kn21'(id:2387) was added to channelgroup 'Zast&#281;pca'(id:6) by client 'Scarlet'(id:1383) in channel 'Patalanty z HURTWORLD'(id:734)
2016-02-04 22:39:48.116020|INFO    |VirtualServerBase|  1| channel 'fg'(id:738) created by 'FENZIGO11'(id:2378)
2016-02-04 22:39:53.051448|INFO    |VirtualServerBase|  1| channel 'fg'(id:738) deleted by 'FENZIGO11'(id:2378)
2016-02-04 23:18:25.681577|INFO    |VirtualServerBase|  1| channel 'Scarlet to pa&#322;a'(id:735) edited by 'FENZIGO11'(id:2378)
2016-02-05 01:30:19.508729|INFO    |VirtualServerBase|  1| channel 'I nie umie gra&#263; w lol-a'(id:736) edited by 'FENZIGO11'(id:2378)
2016-02-05 22:51:10.551327|INFO    |VirtualServer |  1| client 'leniuszek 2000'(id:1942) was added to channelgroup 'Dziwka'(id:21) by client 'McKeyPL'(id:2) in channel 'RED Kompany'(id:724)
2016-02-05 23:44:29.873407|INFO    |VirtualServerBase|  1| channel 'FENZIGO lubi w dupe'(id:735) edited by 'Scarlet'(id:1383)
2016-02-05 23:44:42.521453|INFO    |VirtualServerBase|  1| channel 'i jest g&#322;upim chujem'(id:736) edited by 'Scarlet'(id:1383)
2016-02-05 23:44:42.583903|INFO    |VirtualServerBase|  1| channel 'ewedq'(id:735) edited by 'FENZIGO'(id:2378)
2016-02-05 23:44:48.132559|INFO    |VirtualServer |  1| client (id:2394) was added to servergroup 'Zarejestrowany'(id:7) by client 'Scarlet'(id:1383)
2016-02-06 00:09:00.063252|INFO    |VirtualServerBase|  1| channel 'Piecyk hlebka'(id:615) edited by 'Sir Kurwiszon XVII (hlebek)'(id:1450)
2016-02-06 00:09:08.944705|INFO    |VirtualServerBase|  1| channel 'Piecyk hlebka'(id:615) edited by 'Sir Kurwiszon XVII (hlebek)'(id:1450)
2016-02-06 15:43:09.379031|INFO    |VirtualServerBase|  1| channel 'Kana&#322; Graczy 5 /Max 6 os.'(id:717) edited by 'MrCore'(id:2275)
2016-02-06 18:25:31.432871|INFO    |VirtualServer |  1| client (id:2311) was added to servergroup 'Soraka'(id:89) by client 'MrCore'(id:2275)
2016-02-06 18:25:40.940923|INFO    |VirtualServer |  1| client (id:2311) was added to servergroup 'Anal Wizard'(id:54) by client 'MrCore'(id:2275)
2016-02-06 18:25:44.283985|INFO    |VirtualServer |  1| client (id:2311) was removed from servergroup 'CS:GO'(id:62) by client 'MrCore'(id:2275)
2016-02-06 18:25:48.217511|INFO    |VirtualServer |  1| client (id:2311) was removed from servergroup 'MLG'(id:93) by client 'MrCore'(id:2275)
2016-02-06 18:25:50.712750|INFO    |VirtualServer |  1| client (id:2311) was removed from servergroup 'Ziomal'(id:98) by client 'MrCore'(id:2275)
2016-02-06 18:27:03.657854|INFO    |VirtualServer |  1| permission 'i_channel_needed_join_power'(id:137) with values (value:75) was added by 'McKeyPL'(id:2) to channel 'Patalanty z HURTWORLD'(id:734)
2016-02-06 18:27:10.374211|INFO    |VirtualServer |  1| permission 'i_channel_needed_join_power'(id:137) with values (value:75) was added by 'McKeyPL'(id:2) to channel 'ddaaaad'(id:737)
2016-02-06 18:27:15.479354|INFO    |VirtualServer |  1| permission 'i_channel_needed_join_power'(id:137) with values (value:75) was added by 'McKeyPL'(id:2) to channel 'i jest g&#322;upim chujem'(id:736)
2016-02-06 18:27:25.376349|INFO    |VirtualServer |  1| permission 'i_channel_needed_join_power'(id:137) with values (value:75) was added by 'McKeyPL'(id:2) to channel 'ewedq'(id:735)
2016-02-06 18:28:38.933266|INFO    |VirtualServer |  1| client (id:2311) was removed from servergroup 'Anal Wizard'(id:54) by client 'MrCore'(id:2275)
2016-02-06 18:28:47.072821|INFO    |VirtualServer |  1| client (id:2311) was removed from servergroup 'Soraka'(id:89) by client 'MrCore'(id:2275)
2016-02-06 18:29:06.552847|INFO    |VirtualServer |  1| client (id:2311) was added to servergroup 'CS:GO'(id:62) by client 'MrCore'(id:2275)
2016-02-06 18:29:30.627745|INFO    |VirtualServerBase|  1| channel 'Prenium'(id:16) edited by 'McKeyPL'(id:2)
2016-02-06 18:29:31.384998|INFO    |VirtualServerBase|  1| channel 'Prenium'(id:16) edited by 'McKeyPL'(id:2)
2016-02-06 18:30:23.214790|INFO    |VirtualServerBase|  1| channel '&#8729;&#8226;&#9679;&#9679;&#8226;&#8729; Pro&#347;ba o Kana&#322; &#8729;&#8226;&#9679;&#9679;&#8226;&#8729;'(id:325) edited by 'McKeyPL'(id:2)
2016-02-06 18:31:33.852507|INFO    |VirtualServerBase|  1| channel 'Prenium:'(id:179) edited by 'McKeyPL'(id:2)
2016-02-06 18:31:52.290852|INFO    |VirtualServerBase|  1| channel 'Hck'(id:359) edited by 'McKeyPL'(id:2)
2016-02-06 18:32:09.014961|INFO    |VirtualServerBase|  1| channel 'MKXD'(id:365) edited by 'McKeyPL'(id:2)
2016-02-06 18:33:15.544438|INFO    |VirtualServerBase|  1| channel '[cspacer5]&#8729;&#8226;&#9679;&#9679;&#8226;&#8729; SurviTeam &#8729;&#8226;&#9679;&#9679;&#8226;&#8729;'(id:196) edited by 'McKeyPL'(id:2)
2016-02-06 18:33:29.151086|INFO    |VirtualServerBase|  1| channel '[cspacer5]&#8729;&#8226;&#9679;&#9679;&#8226;&#8729; SurviTeam &#8729;&#8226;&#9679;&#9679;&#8226;&#8729;'(id:196) edited by 'McKeyPL'(id:2)
2016-02-06 18:34:30.964416|INFO    |VirtualServerBase|  1| channel 'League of Legends'(id:239) edited by 'McKeyPL'(id:2)
2016-02-06 18:37:45.457989|INFO    |VirtualServerBase|  1| channel 'Ingress'(id:739) created as sub channel of '[cspacer6]&#9562;&#9552;&#9552;&#9552;&#9552;&#9552;&#9552;&#9552;&#9552;&#9552;&#9552;&#9552;&#9552;&#9552;&#9552;&#9552;&#9565;'(id:215) by 'McKeyPL'(id:2)
2016-02-06 18:37:51.976263|INFO    |VirtualServerBase|  1| channel 'Ingress'(id:739) edited by 'McKeyPL'(id:2)
2016-02-06 18:37:57.579410|INFO    |VirtualServer |  1| permission 'i_channel_needed_join_power'(id:137) with values (value:100) was added by 'McKeyPL'(id:2) to channel 'Ingress'(id:739)
2016-02-06 18:38:02.393263|INFO    |VirtualServerBase|  1| channel 'Ingress'(id:739) edited by 'McKeyPL'(id:2)
2016-02-06 18:38:18.184831|INFO    |VirtualServerBase|  1| channel '&#379;aby'(id:740) created as sub channel of 'Ingress'(id:739) by 'McKeyPL'(id:2)
2016-02-06 18:38:29.404918|INFO    |VirtualServerBase|  1| channel 'Smerfy'(id:741) created as sub channel of 'Ingress'(id:739) by 'McKeyPL'(id:2)
2016-02-06 18:38:34.749528|INFO    |VirtualServerBase|  1| channel '&#379;aby'(id:740) edited by 'McKeyPL'(id:2)
2016-02-06 18:39:12.317888|INFO    |VirtualServerBase|  1| channel 'Ingress'(id:739) edited by 'McKeyPL'(id:2)
2016-02-06 18:39:27.479029|INFO    |VirtualServerBase|  1| channel 'Ingress'(id:739) edited by 'McKeyPL'(id:2)
2016-02-06 18:39:37.763227|INFO    |VirtualServerBase|  1| channel '&#379;aby'(id:740) edited by 'McKeyPL'(id:2)
2016-02-06 18:40:19.547498|INFO    |VirtualServerBase|  1| channel 'Ostry premade Lego Legend.'(id:499) deleted by 'McKeyPL'(id:2)
2016-02-06 18:40:19.572298|INFO    |VirtualServerBase|  1| channel 'Chujowy premade Lego Legend.'(id:501) deleted by 'McKeyPL'(id:2)
2016-02-06 18:40:19.578324|INFO    |VirtualServerBase|  1| channel 'Trzepie, sry.'(id:502) deleted by 'McKeyPL'(id:2)
2016-02-06 18:40:19.605283|INFO    |VirtualServerBase|  1| channel 'League Of Legends Paradise.'(id:498) deleted by 'McKeyPL'(id:2)
2016-02-06 18:41:08.563828|INFO    |VirtualServerBase|  1| channel 'Ponyville'(id:602) edited by 'McKeyPL'(id:2)
2016-02-06 18:41:14.675217|INFO    |VirtualServerBase|  1| channel 'Konter Strike'(id:731) edited by 'McKeyPL'(id:2)
2016-02-06 18:41:23.096014|INFO    |VirtualServerBase|  1| channel 'Inne'(id:369) edited by 'McKeyPL'(id:2)
2016-02-06 18:42:05.163349|INFO    |VirtualServerBase|  1| channel '[cspacer9]&#8729;&#8226;&#9679;&#9679;&#8226;&#8729; Prywatne &#8729;&#8226;&#9679;&#9679;&#8226;&#8729;'(id:163) edited by 'McKeyPL'(id:2)
2016-02-06 18:42:19.010451|INFO    |VirtualServerBase|  1| channel '[cspacer9]&#8729;&#8226;&#9679;&#9679;&#8226;&#8729; Prywatne &#8729;&#8226;&#9679;&#9679;&#8226;&#8729;'(id:163) edited by 'McKeyPL'(id:2)
2016-02-06 18:43:19.712681|INFO    |VirtualServerBase|  1| channel 'RadioYaY [*]'(id:435) edited by 'McKeyPL'(id:2)
2016-02-06 18:43:24.741041|INFO    |VirtualServerBase|  1| channel 'DerpCraft [*]'(id:226) edited by 'McKeyPL'(id:2)
2016-02-06 19:18:16.206380|INFO    |VirtualServerBase|  1| channel 'Konter Strike'(id:731) edited by 'Szablos'(id:1910)
2016-02-06 19:53:07.443263|INFO    |VirtualServer |  1| client (id:2311) was removed from servergroup 'CS:GO'(id:62) by client 'MrCore'(id:2275)
2016-02-06 19:53:11.613605|INFO    |VirtualServer |  1| client (id:2311) was added to servergroup 'Anal Wizard'(id:54) by client 'MrCore'(id:2275)
2016-02-06 19:53:14.532807|INFO    |VirtualServer |  1| client (id:2311) was removed from servergroup 'Riven'(id:82) by client 'MrCore'(id:2275)
2016-02-06 23:43:50.545005|INFO    |VirtualServerBase|  1| channel 'Lig of Legend'(id:732) edited by 'Szablos'(id:1910)
2016-02-07 00:25:51.299786|INFO    |VirtualServerBase|  1| channel 'Lig of Legend'(id:732) edited by 'Szablos'(id:1910)
2016-02-07 02:02:30.050743|INFO    |VirtualServerBase|  1| channel 'Piecyk hlebka'(id:615) edited by 'hlebek'(id:1450)
2016-02-07 15:03:51.648030|INFO    |VirtualServer |  1| client (id:1729) was added to servergroup 'Admin Scarlet'(id:16) by client 'Scarlet'(id:1383)
2016-02-07 15:34:13.968715|INFO    |VirtualServer |  1| client (id:1729) was removed from servergroup 'Admin Scarlet'(id:16) by client 'Scarlet'(id:1383)
2016-02-07 16:20:36.280410|INFO    |VirtualServerBase|  1| channel 'DSADAD'(id:742) created as sub channel of '[cspacer9]&#9562;&#9552;&#9552;&#9552;&#9552;&#9552;&#9552;&#9552;&#9552;&#9552;&#9552;&#9552;&#9552;&#9552;&#9552;&#9552;&#9565;'(id:165) by 'Scarlet'(id:1383)
2016-02-07 16:20:51.662672|INFO    |VirtualServerBase|  1| channel 'DFSFSFS'(id:743) created as sub channel of 'DSADAD'(id:742) by 'Scarlet'(id:1383)
2016-02-07 16:20:59.754554|INFO    |VirtualServerBase|  1| channel 'dsdsdsdasd'(id:744) created as sub channel of 'DSADAD'(id:742) by 'Scarlet'(id:1383)
2016-02-07 16:21:07.935787|INFO    |VirtualServerBase|  1| channel 'dsdsafsaf'(id:745) created as sub channel of 'DSADAD'(id:742) by 'Scarlet'(id:1383)
2016-02-07 16:21:21.043474|INFO    |VirtualServer |  1| client 'gachiGASM'(id:1202) was added to channelgroup 'Admin kana&#322;u'(id:5) by client 'Scarlet'(id:1383) in channel 'DSADAD'(id:742)
2016-02-07 16:21:51.453196|INFO    |VirtualServerBase|  1| channel 'gachiLeague.'(id:742) edited by 'gachiGASM'(id:1202)
2016-02-07 16:22:08.881649|INFO    |VirtualServerBase|  1| channel 'Ranked League.'(id:743) edited by 'gachiGASM'(id:1202)
2016-02-07 16:22:16.568438|INFO    |VirtualServerBase|  1| channel '2.'(id:744) edited by 'gachiGASM'(id:1202)
2016-02-07 16:22:21.902121|INFO    |VirtualServerBase|  1| channel '3.'(id:745) edited by 'gachiGASM'(id:1202)
2016-02-07 16:34:59.119307|INFO    |VirtualServerBase|  1| channel 'Hearthstone.'(id:744) edited by 'gachiGASM'(id:1202)
2016-02-07 16:35:04.598703|INFO    |VirtualServerBase|  1| channel 'League of Legends.'(id:743) edited by 'gachiGASM'(id:1202)
2016-02-07 16:35:08.835796|INFO    |VirtualServerBase|  1| channel 'Inne giery.'(id:745) edited by 'gachiGASM'(id:1202)
2016-02-08 14:16:50.947430|INFO    |VirtualServerBase|  1| channel 'Gwiazda Scarleta'(id:593) edited by 'Scarlet'(id:1383)
2016-02-08 14:17:10.142651|INFO    |VirtualServerBase|  1| channel 'Gwiazda Scarleta'(id:593) edited by 'Scarlet'(id:1383)
2016-02-08 14:17:20.483719|INFO    |VirtualServerBase|  1| channel 'Gwiazda Scarleta'(id:593) edited by 'Scarlet'(id:1383)
2016-02-08 21:22:28.925355|INFO    |VirtualServer |  1| client (id:1402) was added to servergroup 'Rarity'(id:34) by client 'McKeyPL'(id:2)
2016-02-09 17:23:37.753851|INFO    |VirtualServer |  1| client (id:1383) was removed from servergroup 'Admin Scarlet'(id:16) by client 'McKeyPL'(id:2)
2016-02-09 17:24:12.409717|INFO    |VirtualServer |  1| client (id:1383) was added to servergroup 'Admin Scarlet'(id:16) by client 'McKeyPL'(id:2)
2016-02-09 17:24:49.859117|INFO    |VirtualServer |  1| client (id:1383) was removed from servergroup 'Admin Scarlet'(id:16) by client 'McKeyPL'(id:2)
2016-02-09 17:25:16.102636|INFO    |VirtualServer |  1| permission 'b_client_ignore_bans'(id:180) was deleted by 'McKeyPL'(id:2) from client (id:1383)
2016-02-09 17:25:18.022562|INFO    |VirtualServer |  1| permission 'i_client_needed_ban_power'(id:201) was deleted by 'McKeyPL'(id:2) from client (id:1383)
2016-02-09 17:26:54.072483|INFO    |VirtualServer |  1| client (id:1383) was added to servergroup 'Admin Scarlet'(id:16) by client 'McKeyPL'(id:2)
2016-02-09 21:58:42.363600|INFO    |VirtualServerBase|  1| channel 'Piecyk hlebka (ziomlandia)'(id:615) edited by 'hlebek'(id:1450)
2016-02-10 17:28:15.454910|INFO    |VirtualServerBase|  1| channel 'Klawiatura Kijori'ego'(id:595) edited by 'McKeyPL'(id:2)
2016-02-10 17:28:22.609371|INFO    |VirtualServerBase|  1| channel 'Klawiatura Kijori'ego'(id:595) edited by 'McKeyPL'(id:2)
2016-02-10 17:42:11.800137|INFO    |VirtualServer |  1| client (id:1383) was removed from servergroup 'Admin Scarlet'(id:16) by client '\/ On ma rodzine w SS'(id:2)
2016-02-10 17:42:46.258150|INFO    |VirtualServer |  1| client (id:1383) was added to servergroup 'Admin Scarlet'(id:16) by client 'McK'(id:2)
2016-02-11 12:25:07.473715|INFO    |VirtualServerBase|  1| channel '[cspacer1]&#8729;&#8226;&#9679;&#9679;&#8226;&#8729;!!  Witamy / AFK!!&#8729;&#8226;&#9679;&#9679;&#8226;&#8729;'(id:146) edited by 'Scarlet'(id:1383)
2016-02-11 12:25:17.219687|INFO    |VirtualServerBase|  1| channel '[cspacer10]&#8729;&#8226;&#9679;&#9679;&#8226;&#8729; AFK &#8729;&#8226;&#9679;&#9679;&#8226;&#8729;'(id:38) deleted by 'Scarlet'(id:1383)
2016-02-11 12:25:20.169043|INFO    |VirtualServerBase|  1| channel '[*spacer11]___'(id:426) deleted by 'Scarlet'(id:1383)
2016-02-11 16:24:19.566452|INFO    |VirtualServer |  1| client (id:1383) was removed from servergroup 'Admin Scarlet'(id:16) by client 'McKeyPL'(id:2)
2016-02-11 16:37:32.415201|INFO    |VirtualServer |  1| client (id:1383) was added to servergroup 'Admin Scarlet'(id:16) by client 'McKeyPL'(id:2)
2016-02-11 19:06:45.321822|INFO    |VirtualServerBase|  1| channel 'BIOWARE55'(id:595) edited by 'Kijori'(id:5)
2016-02-11 19:06:58.439991|INFO    |VirtualServerBase|  1| channel 'Bioware55'(id:595) edited by 'Kijori'(id:5)
2016-02-11 19:07:23.777458|INFO    |VirtualServerBase|  1| channel 'Klawiatura Kijori'ego'(id:595) edited by 'Kijori'(id:5)
2016-02-12 04:33:47.020098|INFO    |VirtualServerBase|  1| stopped
