2016-04-26 21:55:20.841673|INFO    |ServerLibPriv |   |TeamSpeak 3 Server 3.0.12.4 (2016-03-23 10:36:05)
2016-04-26 21:55:20.841935|INFO    |ServerLibPriv |   |SystemInformation: Linux 2.6.32-042stab111.12 #1 SMP Thu Sep 17 11:38:20 MSK 2015 x86_64 Binary: 64bit
2016-04-26 21:55:20.842903|INFO    |DatabaseQuery |   |dbPlugin name:    SQLite3 plugin, Version 2, (c)TeamSpeak Systems GmbH
2016-04-26 21:55:20.842944|INFO    |DatabaseQuery |   |dbPlugin version: 3.8.6
2016-04-26 21:55:20.843228|INFO    |DatabaseQuery |   |checking database integrity (may take a while)
2016-04-26 21:55:20.896519|INFO    |SQL           |   |database updated successfully to revision: 24
2016-04-26 21:55:20.907709|ERROR   |              |   |TS3ANetwork::Connect failed error: 111
2016-04-26 21:55:20.907770|ERROR   |              |   |Unable to connect to primary address, trying secondary
2016-04-26 21:55:21.089505|INFO    |Accounting    |   |Licensing Information
2016-04-26 21:55:21.089612|INFO    |Accounting    |   |type              : Non-profit
2016-04-26 21:55:21.089646|INFO    |Accounting    |   |starting date     : Mon Dec 24 00:00:00 2012
2016-04-26 21:55:21.089668|INFO    |Accounting    |   |ending date       : Sat Jun 29 00:00:00 2013
2016-04-26 21:55:21.089687|INFO    |Accounting    |   |max virtualservers: 10
2016-04-26 21:55:21.089706|INFO    |Accounting    |   |max slots         : 512
2016-04-26 21:55:25.069803|INFO    |              |   |Puzzle precompute time: 3913
2016-04-26 21:55:25.071002|INFO    |FileManager   |   |listening on 0.0.0.0:30033
2016-04-26 21:55:25.071275|ERROR   |              |   |TS3ANetwork::Connect failed error: 97
2016-04-26 21:55:25.071311|ERROR   |              |   |Could not open default UDP connection for weblist
2016-04-26 21:55:25.201633|INFO    |CIDRManager   |   |updated query_ip_whitelist ips: 127.0.0.1, 
2016-04-26 21:55:25.202405|INFO    |Query         |   |listening on 0.0.0.0:10011
2016-04-26 21:55:25.244048|ERROR   |              |   |TS3ANetwork::Connect failed error: 111
2016-04-26 21:55:25.244176|ERROR   |              |   |Unable to connect to primary address, trying secondary
2016-04-26 21:55:26.053288|CRITICAL|Connection    |   |Assertion "m_AckWaitIterList[packetType].push_back(pID, i)" failed at ../../../../s/deps/teamspeak_common_lib/src/connection.cpp:681; 
