2015-03-07 20:06:54.460696|INFO    |ServerLibPriv |   | TeamSpeak 3 Server 3.0.11.2 (2014-12-15 14:43:52)
2015-03-07 20:06:54.460963|INFO    |ServerLibPriv |   | SystemInformation: Linux 2.6.32-042stab103.6 #1 SMP Wed Jan 21 13:07:39 MSK 2015 x86_64 Binary: 64bit
2015-03-07 20:06:54.462525|INFO    |DatabaseQuery |   | dbPlugin name:    SQLite3 plugin, Version 2, (c)TeamSpeak Systems GmbH
2015-03-07 20:06:54.462585|INFO    |DatabaseQuery |   | dbPlugin version: 3.6.21
2015-03-07 20:06:54.463285|INFO    |DatabaseQuery |   | checking database integrity (may take a while)
2015-03-07 20:06:54.699046|ERROR   |              |   | TS3ANetwork::Connect failed error: 111
2015-03-07 20:06:54.699168|ERROR   |              |   | Unable to connect to primary address, trying secondary
2015-03-07 20:06:55.234240|INFO    |Accounting    |   | Licensing Information
2015-03-07 20:06:55.234360|INFO    |Accounting    |   | type              : Non-profit
2015-03-07 20:06:55.234437|INFO    |Accounting    |   | starting date     : Mon Dec 24 00:00:00 2012
2015-03-07 20:06:55.234478|INFO    |Accounting    |   | ending date       : Sat Jun 29 00:00:00 2013
2015-03-07 20:06:55.234536|INFO    |Accounting    |   | max virtualservers: 10
2015-03-07 20:06:55.234574|INFO    |Accounting    |   | max slots         : 512
2015-03-07 20:07:00.739990|INFO    |              |   | Puzzle precompute time: 5392
2015-03-07 20:07:00.740647|INFO    |FileManager   |   | listening on 0.0.0.0:30033
2015-03-07 20:07:00.869422|INFO    |CIDRManager   |   | updated query_ip_whitelist ips: 127.0.0.1, 
2015-03-07 20:07:00.870197|INFO    |Query         |   | listening on 0.0.0.0:10011
2015-03-07 20:07:00.975738|ERROR   |              |   | TS3ANetwork::Connect failed error: 111
2015-03-07 20:07:00.975958|ERROR   |              |   | Unable to connect to primary address, trying secondary
2015-03-07 20:12:02.004010|ERROR   |              |   | TS3ANetwork::Send failed error: 111
2015-03-07 20:12:04.000070|ERROR   |              |   | TS3ANetwork::Send failed error: 111
2015-03-07 20:22:01.046934|ERROR   |              |   | TS3ANetwork::Send failed error: 111
2015-03-07 20:22:03.071692|ERROR   |              |   | TS3ANetwork::Send failed error: 111
2015-03-07 20:22:05.000070|ERROR   |              |   | TS3ANetwork::Send failed error: 111
2015-03-07 20:23:08.852194|INFO    |Query         |   | query from 7 78.10.250.92:13805 issued: login with account "serveradmin"(serveradmin)
2015-03-07 20:23:47.607758|INFO    |Query         |   | query from 8 78.10.250.92:13815 issued: login with account "serveradmin"(serveradmin)
2015-03-07 20:32:01.031569|ERROR   |              |   | TS3ANetwork::Send failed error: 111
2015-03-07 20:32:03.000080|ERROR   |              |   | TS3ANetwork::Send failed error: 111
2015-03-07 20:32:05.000063|ERROR   |              |   | TS3ANetwork::Send failed error: 111
2015-03-07 20:42:01.199152|ERROR   |              |   | TS3ANetwork::Send failed error: 111
2015-03-07 20:42:03.242626|ERROR   |              |   | TS3ANetwork::Send failed error: 111
2015-03-07 20:42:05.549026|ERROR   |              |   | TS3ANetwork::Send failed error: 111
2015-03-07 20:52:01.124774|ERROR   |              |   | TS3ANetwork::Send failed error: 111
2015-03-07 20:52:03.000070|ERROR   |              |   | TS3ANetwork::Send failed error: 111
2015-03-07 20:52:05.115652|ERROR   |              |   | TS3ANetwork::Send failed error: 111
2015-03-07 21:02:01.312918|ERROR   |              |   | TS3ANetwork::Send failed error: 111
2015-03-07 21:02:03.244840|ERROR   |              |   | TS3ANetwork::Send failed error: 111
2015-03-07 21:02:05.059372|ERROR   |              |   | TS3ANetwork::Send failed error: 111
2015-03-07 21:12:01.278933|ERROR   |              |   | TS3ANetwork::Send failed error: 111
2015-03-07 21:12:03.017518|ERROR   |              |   | TS3ANetwork::Send failed error: 111
2015-03-07 21:12:05.267416|ERROR   |              |   | TS3ANetwork::Send failed error: 111
2015-03-07 21:22:01.398116|ERROR   |              |   | TS3ANetwork::Send failed error: 111
2015-03-07 21:22:03.089905|ERROR   |              |   | TS3ANetwork::Send failed error: 111
2015-03-07 21:22:05.030169|ERROR   |              |   | TS3ANetwork::Send failed error: 111
2015-03-07 21:23:58.465770|WARNING |Accounting    |   | detected incorrectly running system clock
2015-03-07 21:23:58.466242|ERROR   |              |   | TS3ANetwork::Connect failed error: 111
2015-03-07 21:23:58.466292|ERROR   |              |   | Unable to connect to primary address, trying secondary
2015-03-07 21:32:01.472275|ERROR   |              |   | TS3ANetwork::Send failed error: 111
2015-03-07 21:32:03.179151|ERROR   |              |   | TS3ANetwork::Send failed error: 111
2015-03-07 21:32:05.075749|ERROR   |              |   | TS3ANetwork::Send failed error: 111
2015-03-07 21:42:01.733443|ERROR   |              |   | TS3ANetwork::Send failed error: 111
2015-03-07 21:42:03.044841|ERROR   |              |   | TS3ANetwork::Send failed error: 111
2015-03-07 21:42:05.015733|ERROR   |              |   | TS3ANetwork::Send failed error: 111
2015-03-07 21:52:01.693967|ERROR   |              |   | TS3ANetwork::Send failed error: 111
2015-03-07 21:52:03.000083|ERROR   |              |   | TS3ANetwork::Send failed error: 111
2015-03-07 21:52:05.058939|ERROR   |              |   | TS3ANetwork::Send failed error: 111
2015-03-07 22:02:01.766608|ERROR   |              |   | TS3ANetwork::Send failed error: 111
2015-03-07 22:02:03.000288|ERROR   |              |   | TS3ANetwork::Send failed error: 111
2015-03-07 22:02:05.060572|ERROR   |              |   | TS3ANetwork::Send failed error: 111
2015-03-07 22:12:01.820256|ERROR   |              |   | TS3ANetwork::Send failed error: 111
2015-03-07 22:12:03.004675|ERROR   |              |   | TS3ANetwork::Send failed error: 111
2015-03-07 22:12:05.558494|ERROR   |              |   | TS3ANetwork::Send failed error: 111
2015-03-07 22:22:01.989508|ERROR   |              |   | TS3ANetwork::Send failed error: 111
2015-03-07 22:22:03.252599|ERROR   |              |   | TS3ANetwork::Send failed error: 111
2015-03-07 22:22:05.000073|ERROR   |              |   | TS3ANetwork::Send failed error: 111
2015-03-07 22:32:01.881608|ERROR   |              |   | TS3ANetwork::Send failed error: 111
2015-03-07 22:32:03.421556|ERROR   |              |   | TS3ANetwork::Send failed error: 111
2015-03-07 22:32:05.000181|ERROR   |              |   | TS3ANetwork::Send failed error: 111
2015-03-07 22:41:32.246814|WARNING |Accounting    |   | detected incorrectly running system clock
2015-03-07 22:41:32.247540|ERROR   |              |   | TS3ANetwork::Connect failed error: 111
2015-03-07 22:41:32.247602|ERROR   |              |   | Unable to connect to primary address, trying secondary
2015-03-07 22:42:02.065959|ERROR   |              |   | TS3ANetwork::Send failed error: 111
2015-03-07 22:42:04.000077|ERROR   |              |   | TS3ANetwork::Send failed error: 111
2015-03-07 22:42:06.536090|ERROR   |              |   | TS3ANetwork::Send failed error: 111
2015-03-07 22:52:02.378890|ERROR   |              |   | TS3ANetwork::Send failed error: 111
2015-03-07 22:52:04.036409|ERROR   |              |   | TS3ANetwork::Send failed error: 111
2015-03-07 22:52:06.000065|ERROR   |              |   | TS3ANetwork::Send failed error: 111
2015-03-07 23:02:02.176737|ERROR   |              |   | TS3ANetwork::Send failed error: 111
2015-03-07 23:02:04.048316|ERROR   |              |   | TS3ANetwork::Send failed error: 111
2015-03-07 23:02:06.000270|ERROR   |              |   | TS3ANetwork::Send failed error: 111
2015-03-07 23:12:02.676022|ERROR   |              |   | TS3ANetwork::Send failed error: 111
2015-03-07 23:12:04.070028|ERROR   |              |   | TS3ANetwork::Send failed error: 111
2015-03-07 23:12:06.000055|ERROR   |              |   | TS3ANetwork::Send failed error: 111
2015-03-07 23:22:02.776258|ERROR   |              |   | TS3ANetwork::Send failed error: 111
2015-03-07 23:22:04.000064|ERROR   |              |   | TS3ANetwork::Send failed error: 111
2015-03-07 23:22:06.000080|ERROR   |              |   | TS3ANetwork::Send failed error: 111
2015-03-07 23:32:02.748477|ERROR   |              |   | TS3ANetwork::Send failed error: 111
2015-03-07 23:32:04.026498|ERROR   |              |   | TS3ANetwork::Send failed error: 111
2015-03-07 23:32:06.027552|ERROR   |              |   | TS3ANetwork::Send failed error: 111
2015-03-07 23:42:02.815642|ERROR   |              |   | TS3ANetwork::Send failed error: 111
2015-03-07 23:42:04.000101|ERROR   |              |   | TS3ANetwork::Send failed error: 111
2015-03-07 23:42:06.000298|ERROR   |              |   | TS3ANetwork::Send failed error: 111
2015-03-07 23:51:51.527506|WARNING |Accounting    |   | detected incorrectly running system clock
2015-03-07 23:51:51.528156|ERROR   |              |   | TS3ANetwork::Connect failed error: 111
2015-03-07 23:51:51.528213|ERROR   |              |   | Unable to connect to primary address, trying secondary
2015-03-07 23:52:02.868007|ERROR   |              |   | TS3ANetwork::Send failed error: 111
2015-03-07 23:52:04.000069|ERROR   |              |   | TS3ANetwork::Send failed error: 111
2015-03-07 23:52:06.000077|ERROR   |              |   | TS3ANetwork::Send failed error: 111
2015-03-08 00:02:02.794347|ERROR   |              |   | TS3ANetwork::Send failed error: 111
2015-03-08 00:02:04.000077|ERROR   |              |   | TS3ANetwork::Send failed error: 111
2015-03-08 00:02:06.000078|ERROR   |              |   | TS3ANetwork::Send failed error: 111
2015-03-08 00:12:03.022759|ERROR   |              |   | TS3ANetwork::Send failed error: 111
2015-03-08 00:12:05.000146|ERROR   |              |   | TS3ANetwork::Send failed error: 111
2015-03-08 00:12:07.000074|ERROR   |              |   | TS3ANetwork::Send failed error: 111
2015-03-08 00:22:03.016472|ERROR   |              |   | TS3ANetwork::Send failed error: 111
2015-03-08 00:22:05.014868|ERROR   |              |   | TS3ANetwork::Send failed error: 111
2015-03-08 00:22:07.000089|ERROR   |              |   | TS3ANetwork::Send failed error: 111
2015-03-08 00:32:03.090405|ERROR   |              |   | TS3ANetwork::Send failed error: 111
2015-03-08 00:32:05.087116|ERROR   |              |   | TS3ANetwork::Send failed error: 111
2015-03-08 00:32:07.000270|ERROR   |              |   | TS3ANetwork::Send failed error: 111
2015-03-08 00:42:03.102629|ERROR   |              |   | TS3ANetwork::Send failed error: 111
2015-03-08 00:42:05.000075|ERROR   |              |   | TS3ANetwork::Send failed error: 111
2015-03-08 00:42:07.008127|ERROR   |              |   | TS3ANetwork::Send failed error: 111
2015-03-08 00:52:03.110629|ERROR   |              |   | TS3ANetwork::Send failed error: 111
2015-03-08 00:52:05.000062|ERROR   |              |   | TS3ANetwork::Send failed error: 111
2015-03-08 00:52:07.000068|ERROR   |              |   | TS3ANetwork::Send failed error: 111
2015-03-08 00:59:02.246513|ERROR   |              |   | TS3ANetwork::Connect failed error: 111
2015-03-08 00:59:02.246655|ERROR   |              |   | Unable to connect to primary address, trying secondary
2015-03-08 01:02:03.098613|ERROR   |              |   | TS3ANetwork::Send failed error: 111
2015-03-08 01:02:05.011931|ERROR   |              |   | TS3ANetwork::Send failed error: 111
2015-03-08 01:02:07.000075|ERROR   |              |   | TS3ANetwork::Send failed error: 111
2015-03-08 01:12:03.354101|ERROR   |              |   | TS3ANetwork::Send failed error: 111
2015-03-08 01:12:05.034930|ERROR   |              |   | TS3ANetwork::Send failed error: 111
2015-03-08 01:12:07.000243|ERROR   |              |   | TS3ANetwork::Send failed error: 111
2015-03-08 01:22:03.561441|ERROR   |              |   | TS3ANetwork::Send failed error: 111
2015-03-08 01:22:05.042051|ERROR   |              |   | TS3ANetwork::Send failed error: 111
2015-03-08 01:22:07.037360|ERROR   |              |   | TS3ANetwork::Send failed error: 111
2015-03-08 01:32:03.683296|ERROR   |              |   | TS3ANetwork::Send failed error: 111
2015-03-08 01:32:05.033868|ERROR   |              |   | TS3ANetwork::Send failed error: 111
2015-03-08 01:32:07.024349|ERROR   |              |   | TS3ANetwork::Send failed error: 111
2015-03-08 01:42:03.750365|ERROR   |              |   | TS3ANetwork::Send failed error: 111
2015-03-08 01:42:05.000272|ERROR   |              |   | TS3ANetwork::Send failed error: 111
2015-03-08 01:42:07.000075|ERROR   |              |   | TS3ANetwork::Send failed error: 111
2015-03-08 01:52:03.793924|ERROR   |              |   | TS3ANetwork::Send failed error: 111
2015-03-08 01:52:05.000711|ERROR   |              |   | TS3ANetwork::Send failed error: 111
2015-03-08 01:52:07.008716|ERROR   |              |   | TS3ANetwork::Send failed error: 111
2015-03-08 02:02:03.957490|ERROR   |              |   | TS3ANetwork::Send failed error: 111
2015-03-08 02:02:05.014670|ERROR   |              |   | TS3ANetwork::Send failed error: 111
2015-03-08 02:02:07.000081|ERROR   |              |   | TS3ANetwork::Send failed error: 111
2015-03-08 02:11:22.220354|WARNING |Accounting    |   | detected incorrectly running system clock
2015-03-08 02:11:22.222763|ERROR   |              |   | TS3ANetwork::Connect failed error: 111
2015-03-08 02:11:22.222913|ERROR   |              |   | Unable to connect to primary address, trying secondary
2015-03-08 02:12:03.939758|ERROR   |              |   | TS3ANetwork::Send failed error: 111
2015-03-08 02:12:05.043363|ERROR   |              |   | TS3ANetwork::Send failed error: 111
2015-03-08 02:12:07.001684|ERROR   |              |   | TS3ANetwork::Send failed error: 111
2015-03-08 02:22:03.948213|ERROR   |              |   | TS3ANetwork::Send failed error: 111
2015-03-08 02:22:05.054756|ERROR   |              |   | TS3ANetwork::Send failed error: 111
2015-03-08 02:22:07.092494|ERROR   |              |   | TS3ANetwork::Send failed error: 111
2015-03-08 02:32:04.228276|ERROR   |              |   | TS3ANetwork::Send failed error: 111
2015-03-08 02:32:06.212595|ERROR   |              |   | TS3ANetwork::Send failed error: 111
2015-03-08 02:32:08.010126|ERROR   |              |   | TS3ANetwork::Send failed error: 111
2015-03-08 02:42:04.244285|ERROR   |              |   | TS3ANetwork::Send failed error: 111
2015-03-08 02:42:06.001385|ERROR   |              |   | TS3ANetwork::Send failed error: 111
2015-03-08 02:42:08.092620|ERROR   |              |   | TS3ANetwork::Send failed error: 111
2015-03-08 02:52:04.344446|ERROR   |              |   | TS3ANetwork::Send failed error: 111
2015-03-08 02:52:06.030088|ERROR   |              |   | TS3ANetwork::Send failed error: 111
2015-03-08 02:52:08.175204|ERROR   |              |   | TS3ANetwork::Send failed error: 111
2015-03-08 03:02:04.410435|ERROR   |              |   | TS3ANetwork::Send failed error: 111
2015-03-08 03:02:06.000071|ERROR   |              |   | TS3ANetwork::Send failed error: 111
2015-03-08 03:02:08.074888|ERROR   |              |   | TS3ANetwork::Send failed error: 111
2015-03-08 03:12:04.564759|ERROR   |              |   | TS3ANetwork::Send failed error: 111
2015-03-08 03:12:06.077196|ERROR   |              |   | TS3ANetwork::Send failed error: 111
2015-03-08 03:12:08.139368|ERROR   |              |   | TS3ANetwork::Send failed error: 111
2015-03-08 03:22:04.512464|ERROR   |              |   | TS3ANetwork::Send failed error: 111
2015-03-08 03:22:06.245148|ERROR   |              |   | TS3ANetwork::Send failed error: 111
2015-03-08 03:22:08.000454|ERROR   |              |   | TS3ANetwork::Send failed error: 111
2015-03-08 03:26:41.179142|WARNING |Accounting    |   | detected incorrectly running system clock
2015-03-08 03:26:41.179772|ERROR   |              |   | TS3ANetwork::Connect failed error: 111
2015-03-08 03:26:41.179861|ERROR   |              |   | Unable to connect to primary address, trying secondary
2015-03-08 03:32:04.855342|ERROR   |              |   | TS3ANetwork::Send failed error: 111
2015-03-08 03:32:06.000073|ERROR   |              |   | TS3ANetwork::Send failed error: 111
2015-03-08 03:32:08.003310|ERROR   |              |   | TS3ANetwork::Send failed error: 111
2015-03-08 03:42:04.799767|ERROR   |              |   | TS3ANetwork::Send failed error: 111
2015-03-08 03:42:06.029215|ERROR   |              |   | TS3ANetwork::Send failed error: 111
2015-03-08 03:42:08.031450|ERROR   |              |   | TS3ANetwork::Send failed error: 111
2015-03-08 03:52:05.049772|ERROR   |              |   | TS3ANetwork::Send failed error: 111
2015-03-08 03:52:07.000380|ERROR   |              |   | TS3ANetwork::Send failed error: 111
2015-03-08 03:52:09.075010|ERROR   |              |   | TS3ANetwork::Send failed error: 111
2015-03-08 04:02:04.962788|ERROR   |              |   | TS3ANetwork::Send failed error: 111
2015-03-08 04:02:06.089322|ERROR   |              |   | TS3ANetwork::Send failed error: 111
2015-03-08 04:02:08.042037|ERROR   |              |   | TS3ANetwork::Send failed error: 111
2015-03-08 04:12:05.059591|ERROR   |              |   | TS3ANetwork::Send failed error: 111
2015-03-08 04:12:07.000441|ERROR   |              |   | TS3ANetwork::Send failed error: 111
2015-03-08 04:12:09.011813|ERROR   |              |   | TS3ANetwork::Send failed error: 111
2015-03-08 04:22:05.081627|ERROR   |              |   | TS3ANetwork::Send failed error: 111
2015-03-08 04:22:07.016791|ERROR   |              |   | TS3ANetwork::Send failed error: 111
2015-03-08 04:22:09.036032|ERROR   |              |   | TS3ANetwork::Send failed error: 111
2015-03-08 04:32:05.081728|ERROR   |              |   | TS3ANetwork::Send failed error: 111
2015-03-08 04:32:07.000064|ERROR   |              |   | TS3ANetwork::Send failed error: 111
2015-03-08 04:32:09.000063|ERROR   |              |   | TS3ANetwork::Send failed error: 111
2015-03-08 04:37:10.478616|WARNING |Accounting    |   | detected incorrectly running system clock
2015-03-08 04:37:10.479210|ERROR   |              |   | TS3ANetwork::Connect failed error: 111
2015-03-08 04:37:10.479275|ERROR   |              |   | Unable to connect to primary address, trying secondary
2015-03-08 04:42:05.186026|ERROR   |              |   | TS3ANetwork::Send failed error: 111
2015-03-08 04:42:07.203196|ERROR   |              |   | TS3ANetwork::Send failed error: 111
2015-03-08 04:42:09.216408|ERROR   |              |   | TS3ANetwork::Send failed error: 111
2015-03-08 04:52:05.371332|ERROR   |              |   | TS3ANetwork::Send failed error: 111
2015-03-08 04:52:07.075234|ERROR   |              |   | TS3ANetwork::Send failed error: 111
2015-03-08 04:52:09.043708|ERROR   |              |   | TS3ANetwork::Send failed error: 111
2015-03-08 05:02:05.299524|ERROR   |              |   | TS3ANetwork::Send failed error: 111
2015-03-08 05:02:07.000064|ERROR   |              |   | TS3ANetwork::Send failed error: 111
2015-03-08 05:02:09.028517|ERROR   |              |   | TS3ANetwork::Send failed error: 111
2015-03-08 05:12:05.383206|ERROR   |              |   | TS3ANetwork::Send failed error: 111
2015-03-08 05:12:07.027815|ERROR   |              |   | TS3ANetwork::Send failed error: 111
2015-03-08 05:12:09.021096|ERROR   |              |   | TS3ANetwork::Send failed error: 111
2015-03-08 05:22:05.502313|ERROR   |              |   | TS3ANetwork::Send failed error: 111
2015-03-08 05:22:07.040691|ERROR   |              |   | TS3ANetwork::Send failed error: 111
2015-03-08 05:22:09.000061|ERROR   |              |   | TS3ANetwork::Send failed error: 111
2015-03-08 05:32:05.542180|ERROR   |              |   | TS3ANetwork::Send failed error: 111
2015-03-08 05:32:07.000263|ERROR   |              |   | TS3ANetwork::Send failed error: 111
2015-03-08 05:32:09.022605|ERROR   |              |   | TS3ANetwork::Send failed error: 111
2015-03-08 05:42:05.636072|ERROR   |              |   | TS3ANetwork::Send failed error: 111
2015-03-08 05:42:07.000067|ERROR   |              |   | TS3ANetwork::Send failed error: 111
2015-03-08 05:42:09.020523|ERROR   |              |   | TS3ANetwork::Send failed error: 111
2015-03-08 05:45:19.256870|ERROR   |              |   | TS3ANetwork::Connect failed error: 111
2015-03-08 05:45:19.257058|ERROR   |              |   | Unable to connect to primary address, trying secondary
2015-03-08 05:52:05.578226|ERROR   |              |   | TS3ANetwork::Send failed error: 111
2015-03-08 05:52:07.000132|ERROR   |              |   | TS3ANetwork::Send failed error: 111
2015-03-08 05:52:09.000066|ERROR   |              |   | TS3ANetwork::Send failed error: 111
2015-03-08 06:02:05.671754|ERROR   |              |   | TS3ANetwork::Send failed error: 111
2015-03-08 06:02:07.052160|ERROR   |              |   | TS3ANetwork::Send failed error: 111
2015-03-08 06:02:09.000082|ERROR   |              |   | TS3ANetwork::Send failed error: 111
2015-03-08 06:12:05.893129|ERROR   |              |   | TS3ANetwork::Send failed error: 111
2015-03-08 06:12:07.166972|ERROR   |              |   | TS3ANetwork::Send failed error: 111
2015-03-08 06:12:09.099798|ERROR   |              |   | TS3ANetwork::Send failed error: 111
2015-03-08 06:22:05.972884|ERROR   |              |   | TS3ANetwork::Send failed error: 111
2015-03-08 06:22:07.086558|ERROR   |              |   | TS3ANetwork::Send failed error: 111
2015-03-08 06:22:09.211669|ERROR   |              |   | TS3ANetwork::Send failed error: 111
2015-03-08 06:32:05.850220|ERROR   |              |   | TS3ANetwork::Send failed error: 111
2015-03-08 06:32:07.002788|ERROR   |              |   | TS3ANetwork::Send failed error: 111
2015-03-08 06:32:09.048031|ERROR   |              |   | TS3ANetwork::Send failed error: 111
2015-03-08 06:42:05.970630|ERROR   |              |   | TS3ANetwork::Send failed error: 111
2015-03-08 06:42:07.000072|ERROR   |              |   | TS3ANetwork::Send failed error: 111
2015-03-08 06:42:09.000104|ERROR   |              |   | TS3ANetwork::Send failed error: 111
2015-03-08 06:52:05.988652|ERROR   |              |   | TS3ANetwork::Send failed error: 111
2015-03-08 06:52:07.020500|ERROR   |              |   | TS3ANetwork::Send failed error: 111
2015-03-08 06:52:09.000092|ERROR   |              |   | TS3ANetwork::Send failed error: 111
2015-03-08 06:52:36.885628|ERROR   |              |   | TS3ANetwork::Connect failed error: 111
2015-03-08 06:52:36.885781|ERROR   |              |   | Unable to connect to primary address, trying secondary
2015-03-08 07:02:06.016566|ERROR   |              |   | TS3ANetwork::Send failed error: 111
2015-03-08 07:02:08.000962|ERROR   |              |   | TS3ANetwork::Send failed error: 111
2015-03-08 07:02:10.001617|ERROR   |              |   | TS3ANetwork::Send failed error: 111
2015-03-08 07:12:06.052332|ERROR   |              |   | TS3ANetwork::Send failed error: 111
2015-03-08 07:12:08.000074|ERROR   |              |   | TS3ANetwork::Send failed error: 111
2015-03-08 07:12:10.002316|ERROR   |              |   | TS3ANetwork::Send failed error: 111
2015-03-08 07:22:06.060813|ERROR   |              |   | TS3ANetwork::Send failed error: 111
2015-03-08 07:22:08.000073|ERROR   |              |   | TS3ANetwork::Send failed error: 111
2015-03-08 07:22:10.000075|ERROR   |              |   | TS3ANetwork::Send failed error: 111
2015-03-08 07:32:06.253492|ERROR   |              |   | TS3ANetwork::Send failed error: 111
2015-03-08 07:32:08.005789|ERROR   |              |   | TS3ANetwork::Send failed error: 111
2015-03-08 07:32:10.068273|ERROR   |              |   | TS3ANetwork::Send failed error: 111
2015-03-08 07:42:06.260484|ERROR   |              |   | TS3ANetwork::Send failed error: 111
2015-03-08 07:42:08.000264|ERROR   |              |   | TS3ANetwork::Send failed error: 111
2015-03-08 07:42:10.000071|ERROR   |              |   | TS3ANetwork::Send failed error: 111
2015-03-08 07:52:06.264653|ERROR   |              |   | TS3ANetwork::Send failed error: 111
2015-03-08 07:52:08.008922|ERROR   |              |   | TS3ANetwork::Send failed error: 111
2015-03-08 07:52:10.000265|ERROR   |              |   | TS3ANetwork::Send failed error: 111
2015-03-08 08:01:01.823892|ERROR   |              |   | TS3ANetwork::Connect failed error: 111
2015-03-08 08:01:01.824137|ERROR   |              |   | Unable to connect to primary address, trying secondary
2015-03-08 08:02:06.234166|ERROR   |              |   | TS3ANetwork::Send failed error: 111
2015-03-08 08:02:08.000070|ERROR   |              |   | TS3ANetwork::Send failed error: 111
2015-03-08 08:02:10.007927|ERROR   |              |   | TS3ANetwork::Send failed error: 111
2015-03-08 08:12:06.380930|ERROR   |              |   | TS3ANetwork::Send failed error: 111
2015-03-08 08:12:08.000063|ERROR   |              |   | TS3ANetwork::Send failed error: 111
2015-03-08 08:12:10.001116|ERROR   |              |   | TS3ANetwork::Send failed error: 111
2015-03-08 08:22:06.419894|ERROR   |              |   | TS3ANetwork::Send failed error: 111
2015-03-08 08:22:08.003245|ERROR   |              |   | TS3ANetwork::Send failed error: 111
2015-03-08 08:22:10.016504|ERROR   |              |   | TS3ANetwork::Send failed error: 111
2015-03-08 08:32:06.491191|ERROR   |              |   | TS3ANetwork::Send failed error: 111
2015-03-08 08:32:08.032358|ERROR   |              |   | TS3ANetwork::Send failed error: 111
2015-03-08 08:32:10.000267|ERROR   |              |   | TS3ANetwork::Send failed error: 111
2015-03-08 08:42:06.661375|ERROR   |              |   | TS3ANetwork::Send failed error: 111
2015-03-08 08:42:08.058973|ERROR   |              |   | TS3ANetwork::Send failed error: 111
2015-03-08 08:42:10.000067|ERROR   |              |   | TS3ANetwork::Send failed error: 111
2015-03-08 08:52:06.731243|ERROR   |              |   | TS3ANetwork::Send failed error: 111
2015-03-08 08:52:08.009774|ERROR   |              |   | TS3ANetwork::Send failed error: 111
2015-03-08 08:52:10.040228|ERROR   |              |   | TS3ANetwork::Send failed error: 111
2015-03-08 09:02:06.763929|ERROR   |              |   | TS3ANetwork::Send failed error: 111
2015-03-08 09:02:08.026235|ERROR   |              |   | TS3ANetwork::Send failed error: 111
2015-03-08 09:02:10.000066|ERROR   |              |   | TS3ANetwork::Send failed error: 111
2015-03-08 09:12:06.835887|ERROR   |              |   | TS3ANetwork::Send failed error: 111
2015-03-08 09:12:08.000087|ERROR   |              |   | TS3ANetwork::Send failed error: 111
2015-03-08 09:12:08.682318|WARNING |Accounting    |   | detected incorrectly running system clock
2015-03-08 09:12:08.738375|ERROR   |              |   | TS3ANetwork::Connect failed error: 111
2015-03-08 09:12:08.738569|ERROR   |              |   | Unable to connect to primary address, trying secondary
2015-03-08 09:12:10.024778|ERROR   |              |   | TS3ANetwork::Send failed error: 111
2015-03-08 09:22:06.826671|ERROR   |              |   | TS3ANetwork::Send failed error: 111
2015-03-08 09:22:08.000319|ERROR   |              |   | TS3ANetwork::Send failed error: 111
2015-03-08 09:22:10.000069|ERROR   |              |   | TS3ANetwork::Send failed error: 111
2015-03-08 09:32:06.890178|ERROR   |              |   | TS3ANetwork::Send failed error: 111
2015-03-08 09:32:08.000061|ERROR   |              |   | TS3ANetwork::Send failed error: 111
2015-03-08 09:32:10.000070|ERROR   |              |   | TS3ANetwork::Send failed error: 111
2015-03-08 09:42:06.971583|ERROR   |              |   | TS3ANetwork::Send failed error: 111
2015-03-08 09:42:08.000326|ERROR   |              |   | TS3ANetwork::Send failed error: 111
2015-03-08 09:42:10.050257|ERROR   |              |   | TS3ANetwork::Send failed error: 111
2015-03-08 09:52:06.998017|ERROR   |              |   | TS3ANetwork::Send failed error: 111
2015-03-08 09:52:08.176877|ERROR   |              |   | TS3ANetwork::Send failed error: 111
2015-03-08 09:52:10.000253|ERROR   |              |   | TS3ANetwork::Send failed error: 111
2015-03-08 10:02:07.006672|ERROR   |              |   | TS3ANetwork::Send failed error: 111
2015-03-08 10:02:09.005821|ERROR   |              |   | TS3ANetwork::Send failed error: 111
2015-03-08 10:02:11.081198|ERROR   |              |   | TS3ANetwork::Send failed error: 111
2015-03-08 10:12:07.200246|ERROR   |              |   | TS3ANetwork::Send failed error: 111
2015-03-08 10:12:09.056941|ERROR   |              |   | TS3ANetwork::Send failed error: 111
2015-03-08 10:12:11.177174|ERROR   |              |   | TS3ANetwork::Send failed error: 111
2015-03-08 10:20:33.276686|ERROR   |              |   | TS3ANetwork::Connect failed error: 111
2015-03-08 10:20:33.276799|ERROR   |              |   | Unable to connect to primary address, trying secondary
2015-03-08 10:22:07.227814|ERROR   |              |   | TS3ANetwork::Send failed error: 111
2015-03-08 10:22:09.000881|ERROR   |              |   | TS3ANetwork::Send failed error: 111
2015-03-08 10:22:11.019278|ERROR   |              |   | TS3ANetwork::Send failed error: 111
2015-03-08 10:32:07.290991|ERROR   |              |   | TS3ANetwork::Send failed error: 111
2015-03-08 10:32:09.000357|ERROR   |              |   | TS3ANetwork::Send failed error: 111
2015-03-08 10:32:11.008044|ERROR   |              |   | TS3ANetwork::Send failed error: 111
2015-03-08 10:42:07.255945|ERROR   |              |   | TS3ANetwork::Send failed error: 111
2015-03-08 10:42:09.000083|ERROR   |              |   | TS3ANetwork::Send failed error: 111
2015-03-08 10:42:11.000268|ERROR   |              |   | TS3ANetwork::Send failed error: 111
2015-03-08 10:52:07.423532|ERROR   |              |   | TS3ANetwork::Send failed error: 111
2015-03-08 10:52:09.000064|ERROR   |              |   | TS3ANetwork::Send failed error: 111
2015-03-08 10:52:11.000061|ERROR   |              |   | TS3ANetwork::Send failed error: 111
2015-03-08 11:02:07.425358|ERROR   |              |   | TS3ANetwork::Send failed error: 111
2015-03-08 11:02:09.000069|ERROR   |              |   | TS3ANetwork::Send failed error: 111
2015-03-08 11:02:11.000060|ERROR   |              |   | TS3ANetwork::Send failed error: 111
2015-03-08 11:12:07.440292|ERROR   |              |   | TS3ANetwork::Send failed error: 111
2015-03-08 11:12:09.000263|ERROR   |              |   | TS3ANetwork::Send failed error: 111
2015-03-08 11:12:11.084820|ERROR   |              |   | TS3ANetwork::Send failed error: 111
2015-03-08 11:22:07.593093|ERROR   |              |   | TS3ANetwork::Send failed error: 111
2015-03-08 11:22:09.204575|ERROR   |              |   | TS3ANetwork::Send failed error: 111
2015-03-08 11:22:11.075163|ERROR   |              |   | TS3ANetwork::Send failed error: 111
2015-03-08 11:27:27.374163|ERROR   |              |   | TS3ANetwork::Connect failed error: 111
2015-03-08 11:27:27.374321|ERROR   |              |   | Unable to connect to primary address, trying secondary
2015-03-08 11:32:07.679337|ERROR   |              |   | TS3ANetwork::Send failed error: 111
2015-03-08 11:32:09.000077|ERROR   |              |   | TS3ANetwork::Send failed error: 111
2015-03-08 11:32:11.000062|ERROR   |              |   | TS3ANetwork::Send failed error: 111
2015-03-08 11:42:07.753865|ERROR   |              |   | TS3ANetwork::Send failed error: 111
2015-03-08 11:42:09.000074|ERROR   |              |   | TS3ANetwork::Send failed error: 111
2015-03-08 11:42:11.000057|ERROR   |              |   | TS3ANetwork::Send failed error: 111
2015-03-08 11:52:07.852571|ERROR   |              |   | TS3ANetwork::Send failed error: 111
2015-03-08 11:52:09.075845|ERROR   |              |   | TS3ANetwork::Send failed error: 111
2015-03-08 11:52:11.000062|ERROR   |              |   | TS3ANetwork::Send failed error: 111
2015-03-08 12:02:07.856284|ERROR   |              |   | TS3ANetwork::Send failed error: 111
2015-03-08 12:02:09.000124|ERROR   |              |   | TS3ANetwork::Send failed error: 111
2015-03-08 12:02:11.003504|ERROR   |              |   | TS3ANetwork::Send failed error: 111
2015-03-08 12:12:07.959909|ERROR   |              |   | TS3ANetwork::Send failed error: 111
2015-03-08 12:12:09.000073|ERROR   |              |   | TS3ANetwork::Send failed error: 111
2015-03-08 12:12:11.000079|ERROR   |              |   | TS3ANetwork::Send failed error: 111
2015-03-08 12:22:07.909717|ERROR   |              |   | TS3ANetwork::Send failed error: 111
2015-03-08 12:22:09.000065|ERROR   |              |   | TS3ANetwork::Send failed error: 111
2015-03-08 12:22:11.000062|ERROR   |              |   | TS3ANetwork::Send failed error: 111
2015-03-08 12:32:08.063701|ERROR   |              |   | TS3ANetwork::Send failed error: 111
2015-03-08 12:32:10.102792|ERROR   |              |   | TS3ANetwork::Send failed error: 111
2015-03-08 12:32:12.000063|ERROR   |              |   | TS3ANetwork::Send failed error: 111
2015-03-08 12:35:53.390551|ERROR   |              |   | TS3ANetwork::Connect failed error: 111
2015-03-08 12:35:53.390731|ERROR   |              |   | Unable to connect to primary address, trying secondary
2015-03-08 12:42:08.175608|ERROR   |              |   | TS3ANetwork::Send failed error: 111
2015-03-08 12:42:10.000278|ERROR   |              |   | TS3ANetwork::Send failed error: 111
2015-03-08 12:42:12.000075|ERROR   |              |   | TS3ANetwork::Send failed error: 111
2015-03-08 12:52:08.208045|ERROR   |              |   | TS3ANetwork::Send failed error: 111
2015-03-08 12:52:10.009801|ERROR   |              |   | TS3ANetwork::Send failed error: 111
2015-03-08 12:52:12.005676|ERROR   |              |   | TS3ANetwork::Send failed error: 111
2015-03-08 13:02:08.186991|ERROR   |              |   | TS3ANetwork::Send failed error: 111
2015-03-08 13:02:10.000065|ERROR   |              |   | TS3ANetwork::Send failed error: 111
2015-03-08 13:02:12.000057|ERROR   |              |   | TS3ANetwork::Send failed error: 111
2015-03-08 13:12:08.305155|ERROR   |              |   | TS3ANetwork::Send failed error: 111
2015-03-08 13:12:10.000120|ERROR   |              |   | TS3ANetwork::Send failed error: 111
2015-03-08 13:12:12.016944|ERROR   |              |   | TS3ANetwork::Send failed error: 111
2015-03-08 13:22:08.394770|ERROR   |              |   | TS3ANetwork::Send failed error: 111
2015-03-08 13:22:10.005929|ERROR   |              |   | TS3ANetwork::Send failed error: 111
2015-03-08 13:22:12.111650|ERROR   |              |   | TS3ANetwork::Send failed error: 111
2015-03-08 13:32:08.492499|ERROR   |              |   | TS3ANetwork::Send failed error: 111
2015-03-08 13:32:10.076452|ERROR   |              |   | TS3ANetwork::Send failed error: 111
2015-03-08 13:32:12.000346|ERROR   |              |   | TS3ANetwork::Send failed error: 111
2015-03-08 13:42:08.440657|ERROR   |              |   | TS3ANetwork::Send failed error: 111
2015-03-08 13:42:10.034935|ERROR   |              |   | TS3ANetwork::Send failed error: 111
2015-03-08 13:42:12.000108|ERROR   |              |   | TS3ANetwork::Send failed error: 111
2015-03-08 13:45:52.660838|ERROR   |              |   | TS3ANetwork::Connect failed error: 111
2015-03-08 13:45:52.660974|ERROR   |              |   | Unable to connect to primary address, trying secondary
2015-03-08 13:52:08.597410|ERROR   |              |   | TS3ANetwork::Send failed error: 111
2015-03-08 13:52:10.000062|ERROR   |              |   | TS3ANetwork::Send failed error: 111
2015-03-08 13:52:12.000885|ERROR   |              |   | TS3ANetwork::Send failed error: 111
2015-03-08 14:02:08.650376|ERROR   |              |   | TS3ANetwork::Send failed error: 111
2015-03-08 14:02:10.002105|ERROR   |              |   | TS3ANetwork::Send failed error: 111
2015-03-08 14:02:12.034018|ERROR   |              |   | TS3ANetwork::Send failed error: 111
2015-03-08 14:12:08.685870|ERROR   |              |   | TS3ANetwork::Send failed error: 111
2015-03-08 14:12:10.078592|ERROR   |              |   | TS3ANetwork::Send failed error: 111
2015-03-08 14:12:12.003132|ERROR   |              |   | TS3ANetwork::Send failed error: 111
2015-03-08 14:22:08.726712|ERROR   |              |   | TS3ANetwork::Send failed error: 111
2015-03-08 14:22:10.021808|ERROR   |              |   | TS3ANetwork::Send failed error: 111
2015-03-08 14:22:12.010767|ERROR   |              |   | TS3ANetwork::Send failed error: 111
2015-03-08 14:32:08.828920|ERROR   |              |   | TS3ANetwork::Send failed error: 111
2015-03-08 14:32:10.000069|ERROR   |              |   | TS3ANetwork::Send failed error: 111
2015-03-08 14:32:12.011934|ERROR   |              |   | TS3ANetwork::Send failed error: 111
2015-03-08 14:42:08.899433|ERROR   |              |   | TS3ANetwork::Send failed error: 111
2015-03-08 14:42:10.001210|ERROR   |              |   | TS3ANetwork::Send failed error: 111
2015-03-08 14:42:12.009457|ERROR   |              |   | TS3ANetwork::Send failed error: 111
2015-03-08 14:52:09.095359|ERROR   |              |   | TS3ANetwork::Send failed error: 111
2015-03-08 14:52:11.068778|ERROR   |              |   | TS3ANetwork::Send failed error: 111
2015-03-08 14:52:13.281549|ERROR   |              |   | TS3ANetwork::Send failed error: 111
2015-03-08 14:58:52.724086|WARNING |Accounting    |   | detected incorrectly running system clock
2015-03-08 14:58:52.724809|ERROR   |              |   | TS3ANetwork::Connect failed error: 111
2015-03-08 14:58:52.724898|ERROR   |              |   | Unable to connect to primary address, trying secondary
2015-03-08 15:02:08.898801|ERROR   |              |   | TS3ANetwork::Send failed error: 111
2015-03-08 15:02:10.000078|ERROR   |              |   | TS3ANetwork::Send failed error: 111
2015-03-08 15:02:12.000308|ERROR   |              |   | TS3ANetwork::Send failed error: 111
2015-03-08 15:12:09.040147|ERROR   |              |   | TS3ANetwork::Send failed error: 111
2015-03-08 15:12:11.072754|ERROR   |              |   | TS3ANetwork::Send failed error: 111
2015-03-08 15:12:13.098139|ERROR   |              |   | TS3ANetwork::Send failed error: 111
2015-03-08 15:22:09.106876|ERROR   |              |   | TS3ANetwork::Send failed error: 111
2015-03-08 15:22:11.000065|ERROR   |              |   | TS3ANetwork::Send failed error: 111
2015-03-08 15:22:13.000079|ERROR   |              |   | TS3ANetwork::Send failed error: 111
2015-03-08 15:32:09.144122|ERROR   |              |   | TS3ANetwork::Send failed error: 111
2015-03-08 15:32:11.207516|ERROR   |              |   | TS3ANetwork::Send failed error: 111
2015-03-08 15:32:13.004747|ERROR   |              |   | TS3ANetwork::Send failed error: 111
2015-03-08 15:42:09.197431|ERROR   |              |   | TS3ANetwork::Send failed error: 111
2015-03-08 15:42:11.000332|ERROR   |              |   | TS3ANetwork::Send failed error: 111
2015-03-08 15:42:13.014598|ERROR   |              |   | TS3ANetwork::Send failed error: 111
2015-03-08 15:52:09.122784|ERROR   |              |   | TS3ANetwork::Send failed error: 111
2015-03-08 15:52:11.085517|ERROR   |              |   | TS3ANetwork::Send failed error: 111
2015-03-08 15:52:13.155883|ERROR   |              |   | TS3ANetwork::Send failed error: 111
2015-03-08 16:02:09.312632|ERROR   |              |   | TS3ANetwork::Send failed error: 111
2015-03-08 16:02:11.000121|ERROR   |              |   | TS3ANetwork::Send failed error: 111
2015-03-08 16:02:13.130589|ERROR   |              |   | TS3ANetwork::Send failed error: 111
2015-03-08 16:08:31.550092|ERROR   |              |   | TS3ANetwork::Connect failed error: 111
2015-03-08 16:08:31.550267|ERROR   |              |   | Unable to connect to primary address, trying secondary
2015-03-08 16:12:09.448409|ERROR   |              |   | TS3ANetwork::Send failed error: 111
2015-03-08 16:12:11.008896|ERROR   |              |   | TS3ANetwork::Send failed error: 111
2015-03-08 16:12:13.000063|ERROR   |              |   | TS3ANetwork::Send failed error: 111
2015-03-08 16:22:09.503526|ERROR   |              |   | TS3ANetwork::Send failed error: 111
2015-03-08 16:22:11.011149|ERROR   |              |   | TS3ANetwork::Send failed error: 111
2015-03-08 16:22:13.000112|ERROR   |              |   | TS3ANetwork::Send failed error: 111
2015-03-08 16:32:09.568219|ERROR   |              |   | TS3ANetwork::Send failed error: 111
2015-03-08 16:32:11.025904|ERROR   |              |   | TS3ANetwork::Send failed error: 111
2015-03-08 16:32:13.000316|ERROR   |              |   | TS3ANetwork::Send failed error: 111
2015-03-08 16:42:09.681697|ERROR   |              |   | TS3ANetwork::Send failed error: 111
2015-03-08 16:42:11.000090|ERROR   |              |   | TS3ANetwork::Send failed error: 111
2015-03-08 16:42:13.029903|ERROR   |              |   | TS3ANetwork::Send failed error: 111
2015-03-08 16:52:09.714034|ERROR   |              |   | TS3ANetwork::Send failed error: 111
2015-03-08 16:52:11.000806|ERROR   |              |   | TS3ANetwork::Send failed error: 111
2015-03-08 16:52:13.000088|ERROR   |              |   | TS3ANetwork::Send failed error: 111
2015-03-08 17:02:09.792461|ERROR   |              |   | TS3ANetwork::Send failed error: 111
2015-03-08 17:02:11.000226|ERROR   |              |   | TS3ANetwork::Send failed error: 111
2015-03-08 17:02:13.000162|ERROR   |              |   | TS3ANetwork::Send failed error: 111
2015-03-08 17:12:09.803046|ERROR   |              |   | TS3ANetwork::Send failed error: 111
2015-03-08 17:12:11.000052|ERROR   |              |   | TS3ANetwork::Send failed error: 111
2015-03-08 17:12:13.000353|ERROR   |              |   | TS3ANetwork::Send failed error: 111
2015-03-08 17:21:12.721101|WARNING |Accounting    |   | detected incorrectly running system clock
2015-03-08 17:21:12.724174|ERROR   |              |   | TS3ANetwork::Connect failed error: 111
2015-03-08 17:21:12.724245|ERROR   |              |   | Unable to connect to primary address, trying secondary
2015-03-08 17:22:09.879373|ERROR   |              |   | TS3ANetwork::Send failed error: 111
2015-03-08 17:22:11.001368|ERROR   |              |   | TS3ANetwork::Send failed error: 111
2015-03-08 17:22:13.030646|ERROR   |              |   | TS3ANetwork::Send failed error: 111
2015-03-08 17:32:09.878195|ERROR   |              |   | TS3ANetwork::Send failed error: 111
2015-03-08 17:32:11.002790|ERROR   |              |   | TS3ANetwork::Send failed error: 111
2015-03-08 17:32:13.000065|ERROR   |              |   | TS3ANetwork::Send failed error: 111
2015-03-08 17:42:09.908596|ERROR   |              |   | TS3ANetwork::Send failed error: 111
2015-03-08 17:42:11.000226|ERROR   |              |   | TS3ANetwork::Send failed error: 111
2015-03-08 17:42:13.000067|ERROR   |              |   | TS3ANetwork::Send failed error: 111
2015-03-08 17:52:09.982983|ERROR   |              |   | TS3ANetwork::Send failed error: 111
2015-03-08 17:52:11.006882|ERROR   |              |   | TS3ANetwork::Send failed error: 111
2015-03-08 17:52:13.065037|ERROR   |              |   | TS3ANetwork::Send failed error: 111
2015-03-08 18:02:10.097482|ERROR   |              |   | TS3ANetwork::Send failed error: 111
2015-03-08 18:02:12.005553|ERROR   |              |   | TS3ANetwork::Send failed error: 111
2015-03-08 18:02:14.029008|ERROR   |              |   | TS3ANetwork::Send failed error: 111
2015-03-08 18:12:10.103861|ERROR   |              |   | TS3ANetwork::Send failed error: 111
2015-03-08 18:12:12.000059|ERROR   |              |   | TS3ANetwork::Send failed error: 111
2015-03-08 18:12:14.158962|ERROR   |              |   | TS3ANetwork::Send failed error: 111
2015-03-08 18:22:10.136871|ERROR   |              |   | TS3ANetwork::Send failed error: 111
2015-03-08 18:22:12.000079|ERROR   |              |   | TS3ANetwork::Send failed error: 111
2015-03-08 18:22:14.000084|ERROR   |              |   | TS3ANetwork::Send failed error: 111
2015-03-08 18:28:33.563083|ERROR   |              |   | TS3ANetwork::Connect failed error: 111
2015-03-08 18:28:33.563200|ERROR   |              |   | Unable to connect to primary address, trying secondary
2015-03-08 18:29:35.180869|ERROR   |              |   | TS3ANetwork::Connect failed error: 111
2015-03-08 18:29:35.181035|ERROR   |              |   | Unable to connect to primary address, trying secondary
2015-03-08 18:30:53.670513|ERROR   |              |   | TS3ANetwork::Connect failed error: 111
2015-03-08 18:30:53.670658|ERROR   |              |   | Unable to connect to primary address, trying secondary
2015-03-08 18:32:10.412822|ERROR   |              |   | TS3ANetwork::Send failed error: 111
2015-03-08 18:32:12.054288|ERROR   |              |   | TS3ANetwork::Send failed error: 111
2015-03-08 18:32:14.000060|ERROR   |              |   | TS3ANetwork::Send failed error: 111
2015-03-08 18:42:10.400860|ERROR   |              |   | TS3ANetwork::Send failed error: 111
2015-03-08 18:42:12.067134|ERROR   |              |   | TS3ANetwork::Send failed error: 111
2015-03-08 18:42:14.000281|ERROR   |              |   | TS3ANetwork::Send failed error: 111
2015-03-08 18:52:10.419807|ERROR   |              |   | TS3ANetwork::Send failed error: 111
2015-03-08 18:52:12.000059|ERROR   |              |   | TS3ANetwork::Send failed error: 111
2015-03-08 18:52:14.000068|ERROR   |              |   | TS3ANetwork::Send failed error: 111
2015-03-08 19:02:10.333917|ERROR   |              |   | TS3ANetwork::Send failed error: 111
2015-03-08 19:02:12.000068|ERROR   |              |   | TS3ANetwork::Send failed error: 111
2015-03-08 19:02:14.178997|ERROR   |              |   | TS3ANetwork::Send failed error: 111
2015-03-08 19:12:10.397916|ERROR   |              |   | TS3ANetwork::Send failed error: 111
2015-03-08 19:12:12.098247|ERROR   |              |   | TS3ANetwork::Send failed error: 111
2015-03-08 19:12:14.000072|ERROR   |              |   | TS3ANetwork::Send failed error: 111
2015-03-08 19:22:10.624247|ERROR   |              |   | TS3ANetwork::Send failed error: 111
2015-03-08 19:22:12.076691|ERROR   |              |   | TS3ANetwork::Send failed error: 111
2015-03-08 19:22:14.000446|ERROR   |              |   | TS3ANetwork::Send failed error: 111
2015-03-08 19:32:10.650769|ERROR   |              |   | TS3ANetwork::Send failed error: 111
2015-03-08 19:32:12.008991|ERROR   |              |   | TS3ANetwork::Send failed error: 111
2015-03-08 19:32:14.000062|ERROR   |              |   | TS3ANetwork::Send failed error: 111
2015-03-08 19:41:42.451839|WARNING |Accounting    |   | detected incorrectly running system clock
2015-03-08 19:41:42.453136|ERROR   |              |   | TS3ANetwork::Connect failed error: 111
2015-03-08 19:41:42.453339|ERROR   |              |   | Unable to connect to primary address, trying secondary
2015-03-08 19:42:10.741268|ERROR   |              |   | TS3ANetwork::Send failed error: 111
2015-03-08 19:42:12.017154|ERROR   |              |   | TS3ANetwork::Send failed error: 111
2015-03-08 19:42:14.000059|ERROR   |              |   | TS3ANetwork::Send failed error: 111
2015-03-08 19:52:10.871110|ERROR   |              |   | TS3ANetwork::Send failed error: 111
2015-03-08 19:52:12.141758|ERROR   |              |   | TS3ANetwork::Send failed error: 111
2015-03-08 19:52:14.000060|ERROR   |              |   | TS3ANetwork::Send failed error: 111
2015-03-08 20:02:10.900713|ERROR   |              |   | TS3ANetwork::Send failed error: 111
2015-03-08 20:02:12.189487|ERROR   |              |   | TS3ANetwork::Send failed error: 111
2015-03-08 20:02:14.003994|ERROR   |              |   | TS3ANetwork::Send failed error: 111
2015-03-08 20:12:10.831114|ERROR   |              |   | TS3ANetwork::Send failed error: 111
2015-03-08 20:12:12.000064|ERROR   |              |   | TS3ANetwork::Send failed error: 111
2015-03-08 20:12:14.000053|ERROR   |              |   | TS3ANetwork::Send failed error: 111
2015-03-08 20:22:11.022610|ERROR   |              |   | TS3ANetwork::Send failed error: 111
2015-03-08 20:22:13.001285|ERROR   |              |   | TS3ANetwork::Send failed error: 111
2015-03-08 20:22:15.008144|ERROR   |              |   | TS3ANetwork::Send failed error: 111
2015-03-08 20:32:11.022515|ERROR   |              |   | TS3ANetwork::Send failed error: 111
2015-03-08 20:32:13.000255|ERROR   |              |   | TS3ANetwork::Send failed error: 111
2015-03-08 20:32:15.000058|ERROR   |              |   | TS3ANetwork::Send failed error: 111
2015-03-08 20:42:11.077728|ERROR   |              |   | TS3ANetwork::Send failed error: 111
2015-03-08 20:42:13.000069|ERROR   |              |   | TS3ANetwork::Send failed error: 111
2015-03-08 20:42:15.000260|ERROR   |              |   | TS3ANetwork::Send failed error: 111
2015-03-08 20:52:10.975233|ERROR   |              |   | TS3ANetwork::Send failed error: 111
2015-03-08 20:52:12.011195|ERROR   |              |   | TS3ANetwork::Send failed error: 111
2015-03-08 20:52:14.059177|ERROR   |              |   | TS3ANetwork::Send failed error: 111
2015-03-08 20:52:39.412256|WARNING |Accounting    |   | detected incorrectly running system clock
2015-03-08 20:52:39.415714|ERROR   |              |   | TS3ANetwork::Connect failed error: 111
2015-03-08 20:52:39.415834|ERROR   |              |   | Unable to connect to primary address, trying secondary
2015-03-08 21:02:11.121037|ERROR   |              |   | TS3ANetwork::Send failed error: 111
2015-03-08 21:02:13.001294|ERROR   |              |   | TS3ANetwork::Send failed error: 111
2015-03-08 21:02:15.000067|ERROR   |              |   | TS3ANetwork::Send failed error: 111
2015-03-08 21:12:11.294593|ERROR   |              |   | TS3ANetwork::Send failed error: 111
2015-03-08 21:12:13.000363|ERROR   |              |   | TS3ANetwork::Send failed error: 111
2015-03-08 21:12:15.000104|ERROR   |              |   | TS3ANetwork::Send failed error: 111
2015-03-08 21:22:11.419283|ERROR   |              |   | TS3ANetwork::Send failed error: 111
2015-03-08 21:22:13.000076|ERROR   |              |   | TS3ANetwork::Send failed error: 111
2015-03-08 21:22:15.076629|ERROR   |              |   | TS3ANetwork::Send failed error: 111
2015-03-08 21:32:11.637564|ERROR   |              |   | TS3ANetwork::Send failed error: 111
2015-03-08 21:32:13.169985|ERROR   |              |   | TS3ANetwork::Send failed error: 111
2015-03-08 21:32:15.008190|ERROR   |              |   | TS3ANetwork::Send failed error: 111
2015-03-08 21:42:11.666415|ERROR   |              |   | TS3ANetwork::Send failed error: 111
2015-03-08 21:42:13.009807|ERROR   |              |   | TS3ANetwork::Send failed error: 111
2015-03-08 21:42:15.033079|ERROR   |              |   | TS3ANetwork::Send failed error: 111
2015-03-08 21:52:11.708710|ERROR   |              |   | TS3ANetwork::Send failed error: 111
2015-03-08 21:52:13.017211|ERROR   |              |   | TS3ANetwork::Send failed error: 111
2015-03-08 21:52:15.000064|ERROR   |              |   | TS3ANetwork::Send failed error: 111
2015-03-08 22:02:11.627917|ERROR   |              |   | TS3ANetwork::Send failed error: 111
2015-03-08 22:02:13.022481|ERROR   |              |   | TS3ANetwork::Send failed error: 111
2015-03-08 22:02:15.000255|ERROR   |              |   | TS3ANetwork::Send failed error: 111
2015-03-08 22:03:32.532758|WARNING |Accounting    |   | detected incorrectly running system clock
2015-03-08 22:03:32.538173|ERROR   |              |   | TS3ANetwork::Connect failed error: 111
2015-03-08 22:03:32.538304|ERROR   |              |   | Unable to connect to primary address, trying secondary
2015-03-08 22:12:11.818602|ERROR   |              |   | TS3ANetwork::Send failed error: 111
2015-03-08 22:12:13.000050|ERROR   |              |   | TS3ANetwork::Send failed error: 111
2015-03-08 22:12:15.000057|ERROR   |              |   | TS3ANetwork::Send failed error: 111
2015-03-08 22:22:11.854843|ERROR   |              |   | TS3ANetwork::Send failed error: 111
2015-03-08 22:22:13.000154|ERROR   |              |   | TS3ANetwork::Send failed error: 111
2015-03-08 22:22:15.000105|ERROR   |              |   | TS3ANetwork::Send failed error: 111
2015-03-08 22:32:11.988098|ERROR   |              |   | TS3ANetwork::Send failed error: 111
2015-03-08 22:32:13.006016|ERROR   |              |   | TS3ANetwork::Send failed error: 111
2015-03-08 22:32:15.026822|ERROR   |              |   | TS3ANetwork::Send failed error: 111
2015-03-08 22:42:11.999508|ERROR   |              |   | TS3ANetwork::Send failed error: 111
2015-03-08 22:42:13.018155|ERROR   |              |   | TS3ANetwork::Send failed error: 111
2015-03-08 22:42:15.105121|ERROR   |              |   | TS3ANetwork::Send failed error: 111
2015-03-08 22:52:12.015654|ERROR   |              |   | TS3ANetwork::Send failed error: 111
2015-03-08 22:52:14.000422|ERROR   |              |   | TS3ANetwork::Send failed error: 111
2015-03-08 22:52:16.000268|ERROR   |              |   | TS3ANetwork::Send failed error: 111
2015-03-08 23:02:12.126767|ERROR   |              |   | TS3ANetwork::Send failed error: 111
2015-03-08 23:02:14.000066|ERROR   |              |   | TS3ANetwork::Send failed error: 111
2015-03-08 23:02:16.005502|ERROR   |              |   | TS3ANetwork::Send failed error: 111
2015-03-08 23:09:08.238721|ERROR   |              |   | TS3ANetwork::Connect failed error: 111
2015-03-08 23:09:08.238872|ERROR   |              |   | Unable to connect to primary address, trying secondary
2015-03-08 23:12:12.224615|ERROR   |              |   | TS3ANetwork::Send failed error: 111
2015-03-08 23:12:14.120404|ERROR   |              |   | TS3ANetwork::Send failed error: 111
2015-03-08 23:12:16.004814|ERROR   |              |   | TS3ANetwork::Send failed error: 111
2015-03-08 23:22:12.187162|ERROR   |              |   | TS3ANetwork::Send failed error: 111
2015-03-08 23:22:14.000396|ERROR   |              |   | TS3ANetwork::Send failed error: 111
2015-03-08 23:22:16.000082|ERROR   |              |   | TS3ANetwork::Send failed error: 111
2015-03-08 23:32:12.109253|ERROR   |              |   | TS3ANetwork::Send failed error: 111
2015-03-08 23:32:14.003194|ERROR   |              |   | TS3ANetwork::Send failed error: 111
2015-03-08 23:32:16.000290|ERROR   |              |   | TS3ANetwork::Send failed error: 111
2015-03-08 23:42:12.224587|ERROR   |              |   | TS3ANetwork::Send failed error: 111
2015-03-08 23:42:14.000115|ERROR   |              |   | TS3ANetwork::Send failed error: 111
2015-03-08 23:42:16.000066|ERROR   |              |   | TS3ANetwork::Send failed error: 111
2015-03-08 23:52:12.231986|ERROR   |              |   | TS3ANetwork::Send failed error: 111
2015-03-08 23:52:14.000072|ERROR   |              |   | TS3ANetwork::Send failed error: 111
2015-03-08 23:52:16.001687|ERROR   |              |   | TS3ANetwork::Send failed error: 111
2015-03-09 00:02:12.250072|ERROR   |              |   | TS3ANetwork::Send failed error: 111
2015-03-09 00:02:14.000323|ERROR   |              |   | TS3ANetwork::Send failed error: 111
2015-03-09 00:02:16.000055|ERROR   |              |   | TS3ANetwork::Send failed error: 111
2015-03-09 00:12:12.260987|ERROR   |              |   | TS3ANetwork::Send failed error: 111
2015-03-09 00:12:14.000085|ERROR   |              |   | TS3ANetwork::Send failed error: 111
2015-03-09 00:12:16.078331|ERROR   |              |   | TS3ANetwork::Send failed error: 111
2015-03-09 00:15:39.681836|ERROR   |              |   | TS3ANetwork::Connect failed error: 111
2015-03-09 00:15:39.681961|ERROR   |              |   | Unable to connect to primary address, trying secondary
2015-03-09 00:22:12.386230|ERROR   |              |   | TS3ANetwork::Send failed error: 111
2015-03-09 00:22:14.012875|ERROR   |              |   | TS3ANetwork::Send failed error: 111
2015-03-09 00:22:16.000070|ERROR   |              |   | TS3ANetwork::Send failed error: 111
2015-03-09 00:32:12.411166|ERROR   |              |   | TS3ANetwork::Send failed error: 111
2015-03-09 00:32:14.076960|ERROR   |              |   | TS3ANetwork::Send failed error: 111
2015-03-09 00:32:16.011756|ERROR   |              |   | TS3ANetwork::Send failed error: 111
2015-03-09 00:42:12.494421|ERROR   |              |   | TS3ANetwork::Send failed error: 111
2015-03-09 00:42:14.019348|ERROR   |              |   | TS3ANetwork::Send failed error: 111
2015-03-09 00:42:16.000076|ERROR   |              |   | TS3ANetwork::Send failed error: 111
2015-03-09 00:52:12.403689|ERROR   |              |   | TS3ANetwork::Send failed error: 111
2015-03-09 00:52:14.000074|ERROR   |              |   | TS3ANetwork::Send failed error: 111
2015-03-09 00:52:16.020356|ERROR   |              |   | TS3ANetwork::Send failed error: 111
2015-03-09 01:02:12.643311|ERROR   |              |   | TS3ANetwork::Send failed error: 111
2015-03-09 01:02:14.075119|ERROR   |              |   | TS3ANetwork::Send failed error: 111
2015-03-09 01:02:16.000074|ERROR   |              |   | TS3ANetwork::Send failed error: 111
2015-03-09 01:12:12.740566|ERROR   |              |   | TS3ANetwork::Send failed error: 111
2015-03-09 01:12:14.016059|ERROR   |              |   | TS3ANetwork::Send failed error: 111
2015-03-09 01:12:16.000079|ERROR   |              |   | TS3ANetwork::Send failed error: 111
2015-03-09 01:22:12.894117|ERROR   |              |   | TS3ANetwork::Send failed error: 111
2015-03-09 01:22:14.051606|ERROR   |              |   | TS3ANetwork::Send failed error: 111
2015-03-09 01:22:16.176171|ERROR   |              |   | TS3ANetwork::Send failed error: 111
2015-03-09 01:24:54.161128|ERROR   |              |   | TS3ANetwork::Connect failed error: 111
2015-03-09 01:24:54.161235|ERROR   |              |   | Unable to connect to primary address, trying secondary
2015-03-09 01:32:12.830219|ERROR   |              |   | TS3ANetwork::Send failed error: 111
2015-03-09 01:32:14.048742|ERROR   |              |   | TS3ANetwork::Send failed error: 111
2015-03-09 01:32:16.184897|ERROR   |              |   | TS3ANetwork::Send failed error: 111
2015-03-09 01:42:12.865749|ERROR   |              |   | TS3ANetwork::Send failed error: 111
2015-03-09 01:42:14.000067|ERROR   |              |   | TS3ANetwork::Send failed error: 111
2015-03-09 01:42:16.000102|ERROR   |              |   | TS3ANetwork::Send failed error: 111
2015-03-09 01:52:12.946221|ERROR   |              |   | TS3ANetwork::Send failed error: 111
2015-03-09 01:52:14.000094|ERROR   |              |   | TS3ANetwork::Send failed error: 111
2015-03-09 01:52:16.033386|ERROR   |              |   | TS3ANetwork::Send failed error: 111
2015-03-09 02:02:12.831498|ERROR   |              |   | TS3ANetwork::Send failed error: 111
2015-03-09 02:02:14.063277|ERROR   |              |   | TS3ANetwork::Send failed error: 111
2015-03-09 02:02:16.000072|ERROR   |              |   | TS3ANetwork::Send failed error: 111
2015-03-09 02:12:12.845902|ERROR   |              |   | TS3ANetwork::Send failed error: 111
2015-03-09 02:12:14.000086|ERROR   |              |   | TS3ANetwork::Send failed error: 111
2015-03-09 02:12:16.001274|ERROR   |              |   | TS3ANetwork::Send failed error: 111
2015-03-09 02:22:13.007297|ERROR   |              |   | TS3ANetwork::Send failed error: 111
2015-03-09 02:22:15.075130|ERROR   |              |   | TS3ANetwork::Send failed error: 111
2015-03-09 02:22:17.000264|ERROR   |              |   | TS3ANetwork::Send failed error: 111
2015-03-09 02:31:58.830945|ERROR   |              |   | TS3ANetwork::Connect failed error: 111
2015-03-09 02:31:58.831129|ERROR   |              |   | Unable to connect to primary address, trying secondary
2015-03-09 02:32:13.067973|ERROR   |              |   | TS3ANetwork::Send failed error: 111
2015-03-09 02:32:15.000074|ERROR   |              |   | TS3ANetwork::Send failed error: 111
2015-03-09 02:32:17.000094|ERROR   |              |   | TS3ANetwork::Send failed error: 111
2015-03-09 02:42:13.092634|ERROR   |              |   | TS3ANetwork::Send failed error: 111
2015-03-09 02:42:15.000071|ERROR   |              |   | TS3ANetwork::Send failed error: 111
2015-03-09 02:42:17.000073|ERROR   |              |   | TS3ANetwork::Send failed error: 111
2015-03-09 02:52:13.104685|ERROR   |              |   | TS3ANetwork::Send failed error: 111
2015-03-09 02:52:15.000319|ERROR   |              |   | TS3ANetwork::Send failed error: 111
2015-03-09 02:52:17.000076|ERROR   |              |   | TS3ANetwork::Send failed error: 111
2015-03-09 03:02:13.110590|ERROR   |              |   | TS3ANetwork::Send failed error: 111
2015-03-09 03:02:15.175820|ERROR   |              |   | TS3ANetwork::Send failed error: 111
2015-03-09 03:02:17.034191|ERROR   |              |   | TS3ANetwork::Send failed error: 111
2015-03-09 03:12:13.045028|ERROR   |              |   | TS3ANetwork::Send failed error: 111
2015-03-09 03:12:15.000070|ERROR   |              |   | TS3ANetwork::Send failed error: 111
2015-03-09 03:12:17.024312|ERROR   |              |   | TS3ANetwork::Send failed error: 111
2015-03-09 03:22:13.188733|ERROR   |              |   | TS3ANetwork::Send failed error: 111
2015-03-09 03:22:15.000073|ERROR   |              |   | TS3ANetwork::Send failed error: 111
2015-03-09 03:22:17.000072|ERROR   |              |   | TS3ANetwork::Send failed error: 111
2015-03-09 03:32:13.150758|ERROR   |              |   | TS3ANetwork::Send failed error: 111
2015-03-09 03:32:15.019157|ERROR   |              |   | TS3ANetwork::Send failed error: 111
2015-03-09 03:32:17.015735|ERROR   |              |   | TS3ANetwork::Send failed error: 111
2015-03-09 03:39:52.614315|ERROR   |              |   | TS3ANetwork::Connect failed error: 111
2015-03-09 03:39:52.614603|ERROR   |              |   | Unable to connect to primary address, trying secondary
2015-03-09 03:42:13.318888|ERROR   |              |   | TS3ANetwork::Send failed error: 111
2015-03-09 03:42:15.000081|ERROR   |              |   | TS3ANetwork::Send failed error: 111
2015-03-09 03:42:17.000307|ERROR   |              |   | TS3ANetwork::Send failed error: 111
2015-03-09 03:52:13.303195|ERROR   |              |   | TS3ANetwork::Send failed error: 111
2015-03-09 03:52:15.000070|ERROR   |              |   | TS3ANetwork::Send failed error: 111
2015-03-09 03:52:17.000068|ERROR   |              |   | TS3ANetwork::Send failed error: 111
2015-03-09 04:02:13.423446|ERROR   |              |   | TS3ANetwork::Send failed error: 111
2015-03-09 04:02:15.003779|ERROR   |              |   | TS3ANetwork::Send failed error: 111
2015-03-09 04:02:17.044736|ERROR   |              |   | TS3ANetwork::Send failed error: 111
2015-03-09 04:12:13.493962|ERROR   |              |   | TS3ANetwork::Send failed error: 111
2015-03-09 04:12:15.001124|ERROR   |              |   | TS3ANetwork::Send failed error: 111
2015-03-09 04:12:17.000070|ERROR   |              |   | TS3ANetwork::Send failed error: 111
2015-03-09 04:22:13.549138|ERROR   |              |   | TS3ANetwork::Send failed error: 111
2015-03-09 04:22:15.000128|ERROR   |              |   | TS3ANetwork::Send failed error: 111
2015-03-09 04:22:17.000321|ERROR   |              |   | TS3ANetwork::Send failed error: 111
2015-03-09 04:32:13.614712|ERROR   |              |   | TS3ANetwork::Send failed error: 111
2015-03-09 04:32:15.000074|ERROR   |              |   | TS3ANetwork::Send failed error: 111
2015-03-09 04:32:17.000839|ERROR   |              |   | TS3ANetwork::Send failed error: 111
2015-03-09 04:42:13.735487|ERROR   |              |   | TS3ANetwork::Send failed error: 111
2015-03-09 04:42:15.000078|ERROR   |              |   | TS3ANetwork::Send failed error: 111
2015-03-09 04:42:17.000090|ERROR   |              |   | TS3ANetwork::Send failed error: 111
2015-03-09 04:44:52.042841|ERROR   |              |   | TS3ANetwork::Connect failed error: 111
2015-03-09 04:44:52.042986|ERROR   |              |   | Unable to connect to primary address, trying secondary
2015-03-09 04:52:13.794161|ERROR   |              |   | TS3ANetwork::Send failed error: 111
2015-03-09 04:52:15.000268|ERROR   |              |   | TS3ANetwork::Send failed error: 111
2015-03-09 04:52:17.000176|ERROR   |              |   | TS3ANetwork::Send failed error: 111
2015-03-09 05:02:13.868074|ERROR   |              |   | TS3ANetwork::Send failed error: 111
2015-03-09 05:02:15.000072|ERROR   |              |   | TS3ANetwork::Send failed error: 111
2015-03-09 05:02:17.000288|ERROR   |              |   | TS3ANetwork::Send failed error: 111
2015-03-09 05:12:13.893047|ERROR   |              |   | TS3ANetwork::Send failed error: 111
2015-03-09 05:12:15.000088|ERROR   |              |   | TS3ANetwork::Send failed error: 111
2015-03-09 05:12:17.000066|ERROR   |              |   | TS3ANetwork::Send failed error: 111
2015-03-09 05:22:13.905746|ERROR   |              |   | TS3ANetwork::Send failed error: 111
2015-03-09 05:22:15.000083|ERROR   |              |   | TS3ANetwork::Send failed error: 111
2015-03-09 05:22:17.000223|ERROR   |              |   | TS3ANetwork::Send failed error: 111
2015-03-09 05:32:13.811116|ERROR   |              |   | TS3ANetwork::Send failed error: 111
2015-03-09 05:32:15.006118|ERROR   |              |   | TS3ANetwork::Send failed error: 111
2015-03-09 05:32:17.000068|ERROR   |              |   | TS3ANetwork::Send failed error: 111
2015-03-09 05:42:13.936268|ERROR   |              |   | TS3ANetwork::Send failed error: 111
2015-03-09 05:42:15.000074|ERROR   |              |   | TS3ANetwork::Send failed error: 111
2015-03-09 05:42:17.000346|ERROR   |              |   | TS3ANetwork::Send failed error: 111
2015-03-09 05:48:24.786314|ERROR   |              |   | TS3ANetwork::Connect failed error: 111
2015-03-09 05:48:24.786473|ERROR   |              |   | Unable to connect to primary address, trying secondary
2015-03-09 05:52:13.989048|ERROR   |              |   | TS3ANetwork::Send failed error: 111
2015-03-09 05:52:15.000083|ERROR   |              |   | TS3ANetwork::Send failed error: 111
2015-03-09 05:52:17.000077|ERROR   |              |   | TS3ANetwork::Send failed error: 111
2015-03-09 06:02:14.032904|ERROR   |              |   | TS3ANetwork::Send failed error: 111
2015-03-09 06:02:16.000081|ERROR   |              |   | TS3ANetwork::Send failed error: 111
2015-03-09 06:02:18.002856|ERROR   |              |   | TS3ANetwork::Send failed error: 111
2015-03-09 06:12:14.108332|ERROR   |              |   | TS3ANetwork::Send failed error: 111
2015-03-09 06:12:16.000346|ERROR   |              |   | TS3ANetwork::Send failed error: 111
2015-03-09 06:12:18.000079|ERROR   |              |   | TS3ANetwork::Send failed error: 111
2015-03-09 06:22:14.199495|ERROR   |              |   | TS3ANetwork::Send failed error: 111
2015-03-09 06:22:16.000116|ERROR   |              |   | TS3ANetwork::Send failed error: 111
2015-03-09 06:22:18.012518|ERROR   |              |   | TS3ANetwork::Send failed error: 111
2015-03-09 06:32:14.117758|ERROR   |              |   | TS3ANetwork::Send failed error: 111
2015-03-09 06:32:16.000068|ERROR   |              |   | TS3ANetwork::Send failed error: 111
2015-03-09 06:32:18.011853|ERROR   |              |   | TS3ANetwork::Send failed error: 111
2015-03-09 06:42:14.245140|ERROR   |              |   | TS3ANetwork::Send failed error: 111
2015-03-09 06:42:16.000343|ERROR   |              |   | TS3ANetwork::Send failed error: 111
2015-03-09 06:42:18.000086|ERROR   |              |   | TS3ANetwork::Send failed error: 111
2015-03-09 06:52:04.238374|ERROR   |              |   | TS3ANetwork::Connect failed error: 111
2015-03-09 06:52:04.238570|ERROR   |              |   | Unable to connect to primary address, trying secondary
2015-03-09 06:52:14.329956|ERROR   |              |   | TS3ANetwork::Send failed error: 111
2015-03-09 06:52:16.082814|ERROR   |              |   | TS3ANetwork::Send failed error: 111
2015-03-09 06:52:18.000344|ERROR   |              |   | TS3ANetwork::Send failed error: 111
2015-03-09 07:02:14.401880|ERROR   |              |   | TS3ANetwork::Send failed error: 111
2015-03-09 07:02:16.000068|ERROR   |              |   | TS3ANetwork::Send failed error: 111
2015-03-09 07:02:18.056787|ERROR   |              |   | TS3ANetwork::Send failed error: 111
2015-03-09 07:12:14.505967|ERROR   |              |   | TS3ANetwork::Send failed error: 111
2015-03-09 07:12:16.000074|ERROR   |              |   | TS3ANetwork::Send failed error: 111
2015-03-09 07:12:18.000132|ERROR   |              |   | TS3ANetwork::Send failed error: 111
2015-03-09 07:22:14.586982|ERROR   |              |   | TS3ANetwork::Send failed error: 111
2015-03-09 07:22:16.044156|ERROR   |              |   | TS3ANetwork::Send failed error: 111
2015-03-09 07:22:18.018727|ERROR   |              |   | TS3ANetwork::Send failed error: 111
2015-03-09 07:32:14.591334|ERROR   |              |   | TS3ANetwork::Send failed error: 111
2015-03-09 07:32:16.000283|ERROR   |              |   | TS3ANetwork::Send failed error: 111
2015-03-09 07:32:18.000079|ERROR   |              |   | TS3ANetwork::Send failed error: 111
2015-03-09 07:42:14.632532|ERROR   |              |   | TS3ANetwork::Send failed error: 111
2015-03-09 07:42:16.000104|ERROR   |              |   | TS3ANetwork::Send failed error: 111
2015-03-09 07:42:18.277269|ERROR   |              |   | TS3ANetwork::Send failed error: 111
2015-03-09 07:52:14.635382|ERROR   |              |   | TS3ANetwork::Send failed error: 111
2015-03-09 07:52:16.000111|ERROR   |              |   | TS3ANetwork::Send failed error: 111
2015-03-09 07:52:18.010058|ERROR   |              |   | TS3ANetwork::Send failed error: 111
2015-03-09 07:57:32.128066|ERROR   |              |   | TS3ANetwork::Connect failed error: 111
2015-03-09 07:57:32.128216|ERROR   |              |   | Unable to connect to primary address, trying secondary
2015-03-09 08:02:14.655740|ERROR   |              |   | TS3ANetwork::Send failed error: 111
2015-03-09 08:02:16.007749|ERROR   |              |   | TS3ANetwork::Send failed error: 111
2015-03-09 08:02:18.000077|ERROR   |              |   | TS3ANetwork::Send failed error: 111
2015-03-09 08:12:14.771399|ERROR   |              |   | TS3ANetwork::Send failed error: 111
2015-03-09 08:12:16.000291|ERROR   |              |   | TS3ANetwork::Send failed error: 111
2015-03-09 08:12:18.013980|ERROR   |              |   | TS3ANetwork::Send failed error: 111
2015-03-09 08:22:14.776110|ERROR   |              |   | TS3ANetwork::Send failed error: 111
2015-03-09 08:22:16.065318|ERROR   |              |   | TS3ANetwork::Send failed error: 111
2015-03-09 08:22:18.000303|ERROR   |              |   | TS3ANetwork::Send failed error: 111
2015-03-09 08:32:14.788383|ERROR   |              |   | TS3ANetwork::Send failed error: 111
2015-03-09 08:32:16.000072|ERROR   |              |   | TS3ANetwork::Send failed error: 111
2015-03-09 08:32:18.038321|ERROR   |              |   | TS3ANetwork::Send failed error: 111
2015-03-09 08:42:14.802987|ERROR   |              |   | TS3ANetwork::Send failed error: 111
2015-03-09 08:42:16.000077|ERROR   |              |   | TS3ANetwork::Send failed error: 111
2015-03-09 08:42:18.028685|ERROR   |              |   | TS3ANetwork::Send failed error: 111
2015-03-09 08:52:14.901043|ERROR   |              |   | TS3ANetwork::Send failed error: 111
2015-03-09 08:52:16.000264|ERROR   |              |   | TS3ANetwork::Send failed error: 111
2015-03-09 08:52:18.000096|ERROR   |              |   | TS3ANetwork::Send failed error: 111
2015-03-09 09:02:14.924498|ERROR   |              |   | TS3ANetwork::Send failed error: 111
2015-03-09 09:02:16.000076|ERROR   |              |   | TS3ANetwork::Send failed error: 111
2015-03-09 09:02:18.000375|ERROR   |              |   | TS3ANetwork::Send failed error: 111
2015-03-09 09:07:50.249131|WARNING |Accounting    |   | detected incorrectly running system clock
2015-03-09 09:07:50.484902|ERROR   |              |   | TS3ANetwork::Connect failed error: 111
2015-03-09 09:07:50.485043|ERROR   |              |   | Unable to connect to primary address, trying secondary
2015-03-09 09:12:14.990392|ERROR   |              |   | TS3ANetwork::Send failed error: 111
2015-03-09 09:12:16.001793|ERROR   |              |   | TS3ANetwork::Send failed error: 111
2015-03-09 09:12:18.046190|ERROR   |              |   | TS3ANetwork::Send failed error: 111
2015-03-09 09:22:15.026307|ERROR   |              |   | TS3ANetwork::Send failed error: 111
2015-03-09 09:22:17.000081|ERROR   |              |   | TS3ANetwork::Send failed error: 111
2015-03-09 09:22:19.033013|ERROR   |              |   | TS3ANetwork::Send failed error: 111
2015-03-09 09:32:15.066210|ERROR   |              |   | TS3ANetwork::Send failed error: 111
2015-03-09 09:32:17.021982|ERROR   |              |   | TS3ANetwork::Send failed error: 111
2015-03-09 09:32:19.189490|ERROR   |              |   | TS3ANetwork::Send failed error: 111
2015-03-09 09:42:15.109341|ERROR   |              |   | TS3ANetwork::Send failed error: 111
2015-03-09 09:42:17.090575|ERROR   |              |   | TS3ANetwork::Send failed error: 111
2015-03-09 09:42:19.029060|ERROR   |              |   | TS3ANetwork::Send failed error: 111
2015-03-09 09:52:15.097150|ERROR   |              |   | TS3ANetwork::Send failed error: 111
2015-03-09 09:52:17.000238|ERROR   |              |   | TS3ANetwork::Send failed error: 111
2015-03-09 09:52:19.000099|ERROR   |              |   | TS3ANetwork::Send failed error: 111
2015-03-09 10:02:15.353335|ERROR   |              |   | TS3ANetwork::Send failed error: 111
2015-03-09 10:02:17.006853|ERROR   |              |   | TS3ANetwork::Send failed error: 111
2015-03-09 10:02:19.174830|ERROR   |              |   | TS3ANetwork::Send failed error: 111
2015-03-09 10:12:15.354805|ERROR   |              |   | TS3ANetwork::Send failed error: 111
2015-03-09 10:12:17.390549|ERROR   |              |   | TS3ANetwork::Send failed error: 111
2015-03-09 10:12:19.000106|ERROR   |              |   | TS3ANetwork::Send failed error: 111
2015-03-09 10:21:41.154055|WARNING |Accounting    |   | detected incorrectly running system clock
2015-03-09 10:21:41.175520|ERROR   |              |   | TS3ANetwork::Connect failed error: 111
2015-03-09 10:21:41.175688|ERROR   |              |   | Unable to connect to primary address, trying secondary
2015-03-09 10:22:15.368741|ERROR   |              |   | TS3ANetwork::Send failed error: 111
2015-03-09 10:22:17.005207|ERROR   |              |   | TS3ANetwork::Send failed error: 111
2015-03-09 10:22:19.000278|ERROR   |              |   | TS3ANetwork::Send failed error: 111
2015-03-09 10:32:15.369021|ERROR   |              |   | TS3ANetwork::Send failed error: 111
2015-03-09 10:32:17.000075|ERROR   |              |   | TS3ANetwork::Send failed error: 111
2015-03-09 10:32:19.000097|ERROR   |              |   | TS3ANetwork::Send failed error: 111
2015-03-09 10:42:15.291178|ERROR   |              |   | TS3ANetwork::Send failed error: 111
2015-03-09 10:42:17.000131|ERROR   |              |   | TS3ANetwork::Send failed error: 111
2015-03-09 10:42:19.000066|ERROR   |              |   | TS3ANetwork::Send failed error: 111
2015-03-09 10:52:15.471418|ERROR   |              |   | TS3ANetwork::Send failed error: 111
2015-03-09 10:52:17.039938|ERROR   |              |   | TS3ANetwork::Send failed error: 111
2015-03-09 10:52:19.000067|ERROR   |              |   | TS3ANetwork::Send failed error: 111
2015-03-09 11:02:15.525930|ERROR   |              |   | TS3ANetwork::Send failed error: 111
2015-03-09 11:02:17.078108|ERROR   |              |   | TS3ANetwork::Send failed error: 111
2015-03-09 11:02:19.077521|ERROR   |              |   | TS3ANetwork::Send failed error: 111
2015-03-09 11:12:15.581984|ERROR   |              |   | TS3ANetwork::Send failed error: 111
2015-03-09 11:12:17.001995|ERROR   |              |   | TS3ANetwork::Send failed error: 111
2015-03-09 11:12:19.001389|ERROR   |              |   | TS3ANetwork::Send failed error: 111
2015-03-09 11:22:15.719498|ERROR   |              |   | TS3ANetwork::Send failed error: 111
2015-03-09 11:22:17.111611|ERROR   |              |   | TS3ANetwork::Send failed error: 111
2015-03-09 11:22:20.087690|ERROR   |              |   | TS3ANetwork::Send failed error: 111
2015-03-09 11:32:15.793974|ERROR   |              |   | TS3ANetwork::Send failed error: 111
2015-03-09 11:32:17.002315|ERROR   |              |   | TS3ANetwork::Send failed error: 111
2015-03-09 11:32:19.249220|ERROR   |              |   | TS3ANetwork::Send failed error: 111
2015-03-09 11:36:30.809317|WARNING |Accounting    |   | detected incorrectly running system clock
2015-03-09 11:36:30.810232|ERROR   |              |   | TS3ANetwork::Connect failed error: 111
2015-03-09 11:36:30.810352|ERROR   |              |   | Unable to connect to primary address, trying secondary
2015-03-09 11:42:15.710734|ERROR   |              |   | TS3ANetwork::Send failed error: 111
2015-03-09 11:42:17.012115|ERROR   |              |   | TS3ANetwork::Send failed error: 111
2015-03-09 11:42:19.056444|ERROR   |              |   | TS3ANetwork::Send failed error: 111
2015-03-09 11:52:15.934675|ERROR   |              |   | TS3ANetwork::Send failed error: 111
2015-03-09 11:52:17.011501|ERROR   |              |   | TS3ANetwork::Send failed error: 111
2015-03-09 11:52:19.092717|ERROR   |              |   | TS3ANetwork::Send failed error: 111
2015-03-09 12:02:15.803684|ERROR   |              |   | TS3ANetwork::Send failed error: 111
2015-03-09 12:02:17.035782|ERROR   |              |   | TS3ANetwork::Send failed error: 111
2015-03-09 12:02:19.000071|ERROR   |              |   | TS3ANetwork::Send failed error: 111
2015-03-09 12:12:16.004465|ERROR   |              |   | TS3ANetwork::Send failed error: 111
2015-03-09 12:12:18.000062|ERROR   |              |   | TS3ANetwork::Send failed error: 111
2015-03-09 12:12:20.000101|ERROR   |              |   | TS3ANetwork::Send failed error: 111
2015-03-09 12:22:16.143624|ERROR   |              |   | TS3ANetwork::Send failed error: 111
2015-03-09 12:22:18.175995|ERROR   |              |   | TS3ANetwork::Send failed error: 111
2015-03-09 12:22:20.000069|ERROR   |              |   | TS3ANetwork::Send failed error: 111
2015-03-09 12:32:16.187701|ERROR   |              |   | TS3ANetwork::Send failed error: 111
2015-03-09 12:32:18.000075|ERROR   |              |   | TS3ANetwork::Send failed error: 111
2015-03-09 12:32:20.000303|ERROR   |              |   | TS3ANetwork::Send failed error: 111
2015-03-09 12:42:16.245840|ERROR   |              |   | TS3ANetwork::Send failed error: 111
2015-03-09 12:42:18.000067|ERROR   |              |   | TS3ANetwork::Send failed error: 111
2015-03-09 12:42:20.000071|ERROR   |              |   | TS3ANetwork::Send failed error: 111
2015-03-09 12:46:20.553951|ERROR   |              |   | TS3ANetwork::Connect failed error: 111
2015-03-09 12:46:20.554143|ERROR   |              |   | Unable to connect to primary address, trying secondary
2015-03-09 12:52:16.283760|ERROR   |              |   | TS3ANetwork::Send failed error: 111
2015-03-09 12:52:18.000107|ERROR   |              |   | TS3ANetwork::Send failed error: 111
2015-03-09 12:52:20.000107|ERROR   |              |   | TS3ANetwork::Send failed error: 111
2015-03-09 13:02:16.355120|ERROR   |              |   | TS3ANetwork::Send failed error: 111
2015-03-09 13:02:18.004507|ERROR   |              |   | TS3ANetwork::Send failed error: 111
2015-03-09 13:02:20.000104|ERROR   |              |   | TS3ANetwork::Send failed error: 111
2015-03-09 13:12:16.434913|ERROR   |              |   | TS3ANetwork::Send failed error: 111
2015-03-09 13:12:18.190343|ERROR   |              |   | TS3ANetwork::Send failed error: 111
2015-03-09 13:12:20.000263|ERROR   |              |   | TS3ANetwork::Send failed error: 111
2015-03-09 13:22:16.394428|ERROR   |              |   | TS3ANetwork::Send failed error: 111
2015-03-09 13:22:18.000201|ERROR   |              |   | TS3ANetwork::Send failed error: 111
2015-03-09 13:22:20.031226|ERROR   |              |   | TS3ANetwork::Send failed error: 111
2015-03-09 13:32:16.589132|ERROR   |              |   | TS3ANetwork::Send failed error: 111
2015-03-09 13:32:18.075176|ERROR   |              |   | TS3ANetwork::Send failed error: 111
2015-03-09 13:32:20.290875|ERROR   |              |   | TS3ANetwork::Send failed error: 111
2015-03-09 13:42:16.540190|ERROR   |              |   | TS3ANetwork::Send failed error: 111
2015-03-09 13:42:18.000318|ERROR   |              |   | TS3ANetwork::Send failed error: 111
2015-03-09 13:42:20.006417|ERROR   |              |   | TS3ANetwork::Send failed error: 111
2015-03-09 13:52:16.745792|ERROR   |              |   | TS3ANetwork::Send failed error: 111
2015-03-09 13:52:18.000071|ERROR   |              |   | TS3ANetwork::Send failed error: 111
2015-03-09 13:52:20.000264|ERROR   |              |   | TS3ANetwork::Send failed error: 111
2015-03-09 13:54:52.965922|ERROR   |              |   | TS3ANetwork::Connect failed error: 111
2015-03-09 13:54:52.966068|ERROR   |              |   | Unable to connect to primary address, trying secondary
2015-03-09 14:02:16.656030|ERROR   |              |   | TS3ANetwork::Send failed error: 111
2015-03-09 14:02:18.003261|ERROR   |              |   | TS3ANetwork::Send failed error: 111
2015-03-09 14:02:20.022946|ERROR   |              |   | TS3ANetwork::Send failed error: 111
2015-03-09 14:12:16.830353|ERROR   |              |   | TS3ANetwork::Send failed error: 111
2015-03-09 14:12:18.000056|ERROR   |              |   | TS3ANetwork::Send failed error: 111
2015-03-09 14:12:20.000059|ERROR   |              |   | TS3ANetwork::Send failed error: 111
2015-03-09 14:22:16.863934|ERROR   |              |   | TS3ANetwork::Send failed error: 111
2015-03-09 14:22:18.043057|ERROR   |              |   | TS3ANetwork::Send failed error: 111
2015-03-09 14:22:20.000067|ERROR   |              |   | TS3ANetwork::Send failed error: 111
