2015-01-02 22:57:03.675242|INFO    |VirtualServer |  1| listening on 0.0.0.0:9987
2015-01-05 16:20:44.627912|INFO    |VirtualServer |  1| client 'Kurenai'(id:63) was added to channelgroup 'Operator'(id:6) by client 'FrendzeL'(id:75) in channel 'Internety'(id:107)
2015-01-05 17:23:18.093546|INFO    |VirtualServer |  1| client 'FresherPL'(id:56) was added to channelgroup 'Voice'(id:7) by client 'FrendzeL'(id:75) in channel 'Internety'(id:107)
2015-01-05 17:44:36.687309|INFO    |VirtualServer |  1| client '&#3900; &#12388; &#9685;_&#9685; &#3901;&#12388; Jeffy &#3900; &#12388; &#9685;_&#9685; &#3901;&#12388;'(id:102) was added to channelgroup 'Channel Admin'(id:5) by client 'McKeyPL'(id:2) in channel 'White Eagles Clan'(id:66)
2015-01-05 20:21:07.523028|INFO    |VirtualServer |  1| client (id:101) was added to servergroup 'Lol-Player'(id:15) by client 'Kurenai'(id:63)
2015-01-05 20:22:48.280946|INFO    |VirtualServer |  1| servergroup 'Bioware55'(id:16) was renamed to 'Scarlet' by 'McKeyPL'(id:2)
2015-01-05 20:27:57.035577|INFO    |VirtualServer |  1| permission 'i_client_needed_kick_from_server_power'(id:197) with values (value:99) was added by 'McKeyPL'(id:2) to client (id:63)
2015-01-05 20:28:00.681324|INFO    |VirtualServer |  1| permission 'i_client_kick_from_server_power'(id:196) with values (value:80) was added by 'McKeyPL'(id:2) to client (id:63)
2015-01-05 20:29:05.440016|INFO    |VirtualServer |  1| permission 'i_client_needed_move_power'(id:203) with values (value:10) was added by 'McKeyPL'(id:2) to client (id:63)
2015-01-05 20:29:05.560149|INFO    |VirtualServer |  1| permission 'i_client_needed_move_power'(id:203) with values (value:10) was added by 'McKeyPL'(id:2) to client (id:63)
2015-01-05 20:29:07.411359|INFO    |VirtualServer |  1| permission 'i_client_needed_move_power'(id:203) with values (value:99) was added by 'McKeyPL'(id:2) to client (id:63)
2015-01-05 20:29:19.822743|INFO    |VirtualServer |  1| permission 'i_client_kick_from_channel_power'(id:198) with values (value:99) was added by 'McKeyPL'(id:2) to client (id:63)
2015-01-05 20:29:21.340214|INFO    |VirtualServer |  1| permission 'i_client_needed_kick_from_channel_power'(id:199) with values (value:99) was added by 'McKeyPL'(id:2) to client (id:63)
2015-01-05 20:50:25.682286|INFO    |VirtualServer |  1| client (id:63) was added to servergroup 'McKey'(id:9) by client 'Kurenai'(id:63)
2015-01-05 20:50:31.292142|INFO    |VirtualServer |  1| permission 'b_icon_manage'(id:144) with values (value:1) was added by 'McKeyPL'(id:2) to client (id:63)
2015-01-05 20:50:37.538086|INFO    |VirtualServer |  1| client (id:63) was removed from servergroup 'McKey'(id:9) by client 'McKeyPL'(id:2)
2015-01-05 21:06:14.371055|INFO    |VirtualServer |  1| permission 'i_icon_id'(id:142) with values (value:581053405) was added by 'Kurenai'(id:63) to channel 'HL3 Confirmed'(id:1)
2015-01-05 21:09:27.868872|INFO    |VirtualServer |  1| permission 'i_icon_id'(id:142) with values (value:-1227412950) was added by 'McKeyPL'(id:2) to channel 'Administracja'(id:136)
2015-01-05 21:11:58.420824|INFO    |VirtualServer |  1| permission 'i_icon_id'(id:142) with values (value:1730836226) was added by 'Kurenai'(id:63) to channel 'Moderacja'(id:137)
2015-01-05 21:12:14.102049|INFO    |VirtualServer |  1| permission 'i_icon_id'(id:142) with values (value:-439868900) was added by 'McKeyPL'(id:2) to channel 'Pro&#347;by / Skargi'(id:138)
2015-01-05 21:12:40.288356|INFO    |VirtualServer |  1| permission 'i_icon_id'(id:142) with values (value:1944607128, negated:0, skipchannel:0) was added by 'Kurenai'(id:63) to servergroup 'Random'(id:8)
2015-01-05 21:12:49.418371|INFO    |VirtualServer |  1| permission 'i_channel_delete_power'(id:129) with values (value:60, negated:0, skipchannel:0) was added by 'Kurenai'(id:63) to servergroup 'Random'(id:8)
2015-01-05 21:13:26.|INFO    |VirtualServer |  1| permission 'i_icon_id'(id:142) was deleted by 'Kurenai'(id:63) from servergroup 'Normal'(id:7)
2015-01-05 21:13:31.945515|INFO    |VirtualServer |  1| permission 'i_channel_delete_power'(id:129) with values (value:60, negated:0, skipchannel:0) was added by 'Kurenai'(id:63) to servergroup 'Normal'(id:7)
2015-01-05 21:14:46.919666|INFO    |VirtualServer |  1| client (id:12) was removed from servergroup 'McKey'(id:9) by client 'McKeyPL'(id:2)
2015-01-05 21:14:48.568500|INFO    |VirtualServer |  1| client (id:6) was removed from servergroup 'Server Admin'(id:6) by client 'Kurenai'(id:63)
2015-01-05 21:14:49.631491|INFO    |VirtualServer |  1| client (id:39) was removed from servergroup 'McKey'(id:9) by client 'McKeyPL'(id:2)
2015-01-05 21:14:50.658790|INFO    |VirtualServer |  1| client (id:81) was removed from servergroup 'Server Admin'(id:6) by client 'Kurenai'(id:63)
2015-01-05 21:14:51.543366|INFO    |VirtualServer |  1| client (id:40) was removed from servergroup 'McKey'(id:9) by client 'McKeyPL'(id:2)
2015-01-05 21:14:53.686068|INFO    |VirtualServer |  1| client (id:54) was removed from servergroup 'McKey'(id:9) by client 'McKeyPL'(id:2)
2015-01-05 21:14:56.067838|INFO    |VirtualServer |  1| client (id:58) was removed from servergroup 'McKey'(id:9) by client 'McKeyPL'(id:2)
2015-01-05 21:14:58.382336|INFO    |VirtualServer |  1| client (id:82) was removed from servergroup 'McKey'(id:9) by client 'McKeyPL'(id:2)
2015-01-05 21:15:00.566108|INFO    |VirtualServer |  1| client (id:100) was removed from servergroup 'McKey'(id:9) by client 'McKeyPL'(id:2)
2015-01-05 21:15:10.744722|INFO    |VirtualServer |  1| client (id:88) was removed from servergroup 'Prenium'(id:12) by client 'McKeyPL'(id:2)
2015-01-05 21:15:14.543764|INFO    |VirtualServer |  1| client (id:22) was removed from servergroup 'Radiowiec'(id:13) by client 'McKeyPL'(id:2)
2015-01-05 21:15:16.542835|INFO    |VirtualServer |  1| client (id:3) was removed from servergroup 'Radiowiec'(id:13) by client 'McKeyPL'(id:2)
2015-01-05 21:15:46.813599|INFO    |VirtualServer |  1| client (id:63) was added to servergroup 'McKey'(id:9) by client 'Kurenai'(id:63)
2015-01-05 21:15:54.481532|INFO    |VirtualServer |  1| client (id:63) was removed from servergroup 'Scarlet'(id:16) by client 'Kurenai'(id:63)
2015-01-05 21:15:58.699720|INFO    |VirtualServer |  1| permission 'i_needed_modify_power_virtualserver_modify_codec_encryption_mode'(id:32840) was deleted by 'Kurenai'(id:63) from servergroup 'Scarlet'(id:16)
2015-01-05 21:15:58.703953|INFO    |VirtualServer |  1| permission 'i_needed_modify_power_virtualserver_modify_icon_id'(id:32838) was deleted by 'Kurenai'(id:63) from servergroup 'Scarlet'(id:16)
2015-01-05 21:15:58.708546|INFO    |VirtualServer |  1| permission 'i_needed_modify_power_virtualserver_modify_weblist'(id:32839) was deleted by 'Kurenai'(id:63) from servergroup 'Scarlet'(id:16)
2015-01-05 21:15:58.712479|INFO    |VirtualServer |  1| permission 'i_needed_modify_power_virtualserver_modify_password'(id:32820) was deleted by 'Kurenai'(id:63) from servergroup 'Scarlet'(id:16)
2015-01-05 21:15:58.717516|INFO    |VirtualServer |  1| permission 'i_needed_modify_power_virtualserver_modify_name'(id:32816) was deleted by 'Kurenai'(id:63) from servergroup 'Scarlet'(id:16)
2015-01-05 21:15:58.721601|INFO    |VirtualServer |  1| permission 'i_needed_modify_power_virtualserver_modify_welcomemessage'(id:32817) was deleted by 'Kurenai'(id:63) from servergroup 'Scarlet'(id:16)
2015-01-05 21:15:58.725754|INFO    |VirtualServer |  1| permission 'i_needed_modify_power_virtualserver_join_ignore_password'(id:32810) was deleted by 'Kurenai'(id:63) from servergroup 'Scarlet'(id:16)
2015-01-05 21:15:58.730074|INFO    |VirtualServer |  1| permission 'i_needed_modify_power_client_ban_delete'(id:32980) was deleted by 'Kurenai'(id:63) from servergroup 'Scarlet'(id:16)
2015-01-05 21:15:58.734025|INFO    |VirtualServer |  1| permission 'i_needed_modify_power_client_ban_max_bantime'(id:32981) was deleted by 'Kurenai'(id:63) from servergroup 'Scarlet'(id:16)
2015-01-05 21:15:58.738311|INFO    |VirtualServer |  1| permission 'i_needed_modify_power_client_ban_list'(id:32977) was deleted by 'Kurenai'(id:63) from servergroup 'Scarlet'(id:16)
2015-01-05 21:15:58.741811|INFO    |VirtualServer |  1| permission 'i_needed_modify_power_client_ban_create'(id:32978) was deleted by 'Kurenai'(id:63) from servergroup 'Scarlet'(id:16)
2015-01-05 21:15:58.745211|INFO    |VirtualServer |  1| permission 'i_needed_modify_power_client_ban_delete_own'(id:32979) was deleted by 'Kurenai'(id:63) from servergroup 'Scarlet'(id:16)
2015-01-05 21:15:58.748305|INFO    |VirtualServer |  1| permission 'i_needed_modify_power_client_ban_power'(id:32968) was deleted by 'Kurenai'(id:63) from servergroup 'Scarlet'(id:16)
2015-01-05 21:15:58.752180|INFO    |VirtualServer |  1| permission 'i_needed_modify_power_client_ignore_bans'(id:32948) was deleted by 'Kurenai'(id:63) from servergroup 'Scarlet'(id:16)
2015-01-05 21:15:58.755690|INFO    |VirtualServer |  1| permission 'i_needed_modify_power_icon_manage'(id:32912) was deleted by 'Kurenai'(id:63) from servergroup 'Scarlet'(id:16)
2015-01-05 21:15:58.759407|INFO    |VirtualServer |  1| permission 'i_needed_modify_power_max_icon_filesize'(id:32911) was deleted by 'Kurenai'(id:63) from servergroup 'Scarlet'(id:16)
2015-01-05 21:15:58.812399|INFO    |VirtualServer |  1| permission 'i_channel_join_power'(id:136) with values (value:75, negated:0, skipchannel:0) was added by 'Kurenai'(id:63) to servergroup 'Scarlet'(id:16)
2015-01-05 21:15:58.818368|INFO    |VirtualServer |  1| permission 'i_channel_delete_power'(id:129) with values (value:60, negated:0, skipchannel:0) was added by 'Kurenai'(id:63) to servergroup 'Scarlet'(id:16)
2015-01-05 21:15:58.823535|INFO    |VirtualServer |  1| permission 'i_needed_modify_power_channel_join_power'(id:32904) with values (value:75, negated:0, skipchannel:0) was added by 'Kurenai'(id:63) to servergroup 'Scarlet'(id:16)
2015-01-05 21:16:07.837616|INFO    |VirtualServer |  1| client (id:63) was added to servergroup 'Scarlet'(id:16) by client 'Kurenai'(id:63)
2015-01-05 21:16:12.936452|INFO    |VirtualServer |  1| client (id:63) was removed from servergroup 'McKey'(id:9) by client 'Kurenai'(id:63)
2015-01-05 21:20:53.797461|INFO    |VirtualServer |  1| permission 'i_group_sort_id'(id:148) with values (value:2, negated:0, skipchannel:0) was added by 'McKeyPL'(id:2) to servergroup 'Server Admin'(id:6)
2015-01-05 21:21:02.231068|INFO    |VirtualServer |  1| permission 'i_group_sort_id'(id:148) with values (value:75, negated:0, skipchannel:0) was added by 'McKeyPL'(id:2) to servergroup 'Random'(id:8)
2015-01-05 21:21:05.816481|INFO    |VirtualServer |  1| permission 'i_group_sort_id'(id:148) with values (value:999, negated:0, skipchannel:0) was added by 'McKeyPL'(id:2) to servergroup 'Random'(id:8)
2015-01-05 21:21:20.163296|INFO    |VirtualServer |  1| permission 'i_group_sort_id'(id:148) with values (value:3, negated:0, skipchannel:0) was added by 'McKeyPL'(id:2) to servergroup 'Scarlet'(id:16)
2015-01-05 21:22:04.385729|INFO    |VirtualServer |  1| permission 'i_group_sort_id'(id:148) with values (value:4, negated:0, skipchannel:0) was added by 'McKeyPL'(id:2) to servergroup 'Server Admin'(id:6)
2015-01-05 21:24:57.934515|INFO    |VirtualServer |  1| permission 'b_channel_create_with_topic'(id:87) with values (value:0, negated:0, skipchannel:0) was added by 'Kurenai'(id:63) to servergroup 'Random'(id:8)
2015-01-05 21:24:58.590892|INFO    |VirtualServer |  1| permission 'b_channel_create_with_topic'(id:87) with values (value:1, negated:0, skipchannel:0) was added by 'Kurenai'(id:63) to servergroup 'Random'(id:8)
2015-01-05 21:25:31.437463|INFO    |VirtualServer |  1| permission 'b_channel_create_with_topic'(id:87) with values (value:0, negated:0, skipchannel:0) was added by 'Kurenai'(id:63) to servergroup 'Random'(id:8)
2015-01-05 21:25:32.508286|INFO    |VirtualServer |  1| permission 'b_channel_create_with_password'(id:89) with values (value:0, negated:0, skipchannel:0) was added by 'Kurenai'(id:63) to servergroup 'Random'(id:8)
2015-01-05 21:25:39.308343|INFO    |VirtualServer |  1| permission 'b_channel_create_modify_with_codec_speex8'(id:90) with values (value:0, negated:0, skipchannel:0) was added by 'Kurenai'(id:63) to servergroup 'Random'(id:8)
2015-01-05 21:25:41.015280|INFO    |VirtualServer |  1| permission 'b_channel_create_modify_with_codec_speex16'(id:91) with values (value:0, negated:0, skipchannel:0) was added by 'Kurenai'(id:63) to servergroup 'Random'(id:8)
2015-01-05 21:25:41.794543|INFO    |VirtualServer |  1| permission 'b_channel_create_modify_with_codec_speex16'(id:91) with values (value:1, negated:0, skipchannel:0) was added by 'Kurenai'(id:63) to servergroup 'Random'(id:8)
2015-01-05 21:25:42.218290|INFO    |VirtualServer |  1| permission 'b_channel_create_modify_with_codec_speex8'(id:90) with values (value:1, negated:0, skipchannel:0) was added by 'Kurenai'(id:63) to servergroup 'Random'(id:8)
2015-01-05 21:25:42.614024|INFO    |VirtualServer |  1| permission 'b_channel_create_with_password'(id:89) with values (value:1, negated:0, skipchannel:0) was added by 'Kurenai'(id:63) to servergroup 'Random'(id:8)
2015-01-05 21:26:48.285388|INFO    |VirtualServer |  1| permission 'b_channel_create_with_topic'(id:87) with values (value:1, negated:0, skipchannel:0) was added by 'Kurenai'(id:63) to servergroup 'Random'(id:8)
2015-01-05 21:28:15.034687|INFO    |VirtualServer |  1| permission 'b_channel_create_with_password'(id:89) was deleted by 'Kurenai'(id:63) from servergroup 'Random'(id:8)
2015-01-05 21:28:15.039223|INFO    |VirtualServer |  1| permission 'b_channel_create_modify_with_codec_speex8'(id:90) was deleted by 'Kurenai'(id:63) from servergroup 'Random'(id:8)
2015-01-05 21:28:15.043433|INFO    |VirtualServer |  1| permission 'b_channel_create_modify_with_codec_speex16'(id:91) was deleted by 'Kurenai'(id:63) from servergroup 'Random'(id:8)
2015-01-05 21:28:15.047705|INFO    |VirtualServer |  1| permission 'i_ft_file_download_power'(id:235) was deleted by 'Kurenai'(id:63) from servergroup 'Random'(id:8)
2015-01-05 21:28:15.052113|INFO    |VirtualServer |  1| permission 'b_channel_create_temporary'(id:85) was deleted by 'Kurenai'(id:63) from servergroup 'Random'(id:8)
2015-01-05 21:28:15.056547|INFO    |VirtualServer |  1| permission 'b_channel_create_with_topic'(id:87) was deleted by 'Kurenai'(id:63) from servergroup 'Random'(id:8)
2015-01-05 21:28:15.060734|INFO    |VirtualServer |  1| permission 'i_channel_max_depth'(id:77) was deleted by 'Kurenai'(id:63) from servergroup 'Random'(id:8)
2015-01-05 21:28:15.064999|INFO    |VirtualServer |  1| permission 'b_client_channel_textmessage_send'(id:217) was deleted by 'Kurenai'(id:63) from servergroup 'Random'(id:8)
2015-01-05 21:28:15.069094|INFO    |VirtualServer |  1| permission 'b_channel_create_with_needed_talk_power'(id:102) was deleted by 'Kurenai'(id:63) from servergroup 'Random'(id:8)
2015-01-05 21:28:15.073348|INFO    |VirtualServer |  1| permission 'i_ft_quota_mb_download_per_client'(id:245) was deleted by 'Kurenai'(id:63) from servergroup 'Random'(id:8)
2015-01-05 21:28:15.077030|INFO    |VirtualServer |  1| permission 'i_ft_quota_mb_upload_per_client'(id:246) was deleted by 'Kurenai'(id:63) from servergroup 'Random'(id:8)
2015-01-05 21:28:15.080786|INFO    |VirtualServer |  1| permission 'i_channel_create_modify_with_codec_maxquality'(id:96) was deleted by 'Kurenai'(id:63) from servergroup 'Random'(id:8)
2015-01-05 21:28:15.085198|INFO    |VirtualServer |  1| permission 'i_channel_create_modify_with_codec_latency_factor_min'(id:97) was deleted by 'Kurenai'(id:63) from servergroup 'Random'(id:8)
2015-01-05 21:28:15.089375|INFO    |VirtualServer |  1| permission 'b_channel_create_with_maxclients'(id:98) was deleted by 'Kurenai'(id:63) from servergroup 'Random'(id:8)
2015-01-05 21:28:15.093598|INFO    |VirtualServer |  1| permission 'i_ft_file_browse_power'(id:241) was deleted by 'Kurenai'(id:63) from servergroup 'Random'(id:8)
2015-01-05 21:28:15.097451|INFO    |VirtualServer |  1| permission 'i_channel_delete_power'(id:129) was deleted by 'Kurenai'(id:63) from servergroup 'Random'(id:8)
2015-01-05 21:28:15.148950|INFO    |VirtualServer |  1| permission 'i_channel_subscribe_power'(id:138) with values (value:25, negated:0, skipchannel:0) was added by 'Kurenai'(id:63) to servergroup 'Random'(id:8)
2015-01-05 21:29:11.305667|INFO    |VirtualServer |  1| client (id:102) was added to servergroup 'Normal'(id:7) by client 'Kurenai'(id:63)
2015-01-05 21:29:14.977119|INFO    |VirtualServer |  1| client (id:104) was added to servergroup 'Normal'(id:7) by client 'Kurenai'(id:63)
2015-01-05 21:29:17.713873|INFO    |VirtualServer |  1| client (id:105) was added to servergroup 'Normal'(id:7) by client 'Kurenai'(id:63)
2015-01-05 21:29:21.244777|INFO    |VirtualServer |  1| client (id:106) was added to servergroup 'Normal'(id:7) by client 'Kurenai'(id:63)
2015-01-05 21:29:24.485442|INFO    |VirtualServer |  1| client (id:107) was added to servergroup 'Normal'(id:7) by client 'Kurenai'(id:63)
2015-01-05 21:33:51.866659|INFO    |VirtualServer |  1| permission 'i_channel_needed_join_power'(id:137) with values (value:1) was added by 'McKeyPL'(id:2) to channel 'Nudy. Poprostu'(id:73)
2015-01-05 21:33:56.628058|INFO    |VirtualServer |  1| permission 'i_channel_needed_join_power'(id:137) with values (value:1) was added by 'McKeyPL'(id:2) to channel '[aspacer0]'(id:128)
2015-01-05 21:34:01.527664|INFO    |VirtualServer |  1| permission 'i_channel_needed_join_power'(id:137) with values (value:1) was added by 'McKeyPL'(id:2) to channel '[cspacer0G]-----===Inne Gry===-----'(id:10)
2015-01-05 21:34:06.971697|INFO    |VirtualServer |  1| permission 'i_channel_needed_join_power'(id:137) with values (value:1) was added by 'McKeyPL'(id:2) to channel '[cspacer0I]Prywatne'(id:43)
2015-01-05 21:34:20.184761|INFO    |VirtualServer |  1| permission 'i_channel_join_power'(id:136) with values (value:0, negated:0, skipchannel:0) was added by 'McKeyPL'(id:2) to servergroup 'Random'(id:8)
2015-01-05 21:34:41.564646|INFO    |VirtualServer |  1| permission 'i_channel_needed_join_power'(id:137) with values (value:2) was added by 'McKeyPL'(id:2) to channel '[aspacer0]'(id:128)
2015-01-05 21:34:52.914499|INFO    |VirtualServer |  1| permission 'i_channel_needed_join_power'(id:137) with values (value:2) was added by 'McKeyPL'(id:2) to channel 'Nudy. Poprostu'(id:73)
2015-01-05 21:34:58.664144|INFO    |VirtualServer |  1| permission 'i_channel_needed_join_power'(id:137) with values (value:2) was added by 'McKeyPL'(id:2) to channel '[cspacer0G]-----===Inne Gry===-----'(id:10)
2015-01-05 21:35:04.922569|INFO    |VirtualServer |  1| permission 'i_channel_needed_join_power'(id:137) with values (value:2) was added by 'McKeyPL'(id:2) to channel '[cspacer0I]Prywatne'(id:43)
2015-01-05 21:35:12.435242|INFO    |VirtualServer |  1| permission 'i_channel_join_power'(id:136) with values (value:1, negated:0, skipchannel:0) was added by 'McKeyPL'(id:2) to servergroup 'Random'(id:8)
2015-01-05 21:39:19.940983|INFO    |VirtualServer |  1| permission 'b_channel_join_permanent'(id:131) with values (value:0, negated:0, skipchannel:0) was added by 'McKeyPL'(id:2) to servergroup 'Random'(id:8)
2015-01-05 21:39:21.107106|INFO    |VirtualServer |  1| permission 'b_channel_join_temporary'(id:133) with values (value:0, negated:0, skipchannel:0) was added by 'McKeyPL'(id:2) to servergroup 'Random'(id:8)
2015-01-05 21:40:28.863602|INFO    |VirtualServer |  1| permission 'b_channel_join_temporary'(id:133) with values (value:1, negated:0, skipchannel:0) was added by 'McKeyPL'(id:2) to servergroup 'Random'(id:8)
2015-01-05 21:51:07.298048|INFO    |VirtualServer |  1| client 'Kurenai'(id:63) was added to channelgroup 'Guest'(id:8) by client 'McKeyPL'(id:2) in channel 'Administracja'(id:136)
2015-01-05 21:51:07.299261|INFO    |VirtualServer |  1| client 'Kurenai'(id:63) was added to channelgroup 'Guest'(id:8) by client 'McKeyPL'(id:2) in channel 'Moderacja'(id:137)
2015-01-05 21:51:07.300184|INFO    |VirtualServer |  1| client 'Kurenai'(id:63) was added to channelgroup 'Guest'(id:8) by client 'McKeyPL'(id:2) in channel 'Pro&#347;by / Skargi'(id:138)
2015-01-05 21:51:07.301237|INFO    |VirtualServer |  1| client 'Kurenai'(id:63) was added to channelgroup 'Guest'(id:8) by client 'McKeyPL'(id:2) in channel '1.6'(id:22)
2015-01-05 21:51:07.303082|INFO    |VirtualServer |  1| client 'Kurenai'(id:63) was added to channelgroup 'Guest'(id:8) by client 'McKeyPL'(id:2) in channel 'Osu!'(id:11)
2015-01-05 21:51:07.303635|INFO    |VirtualServer |  1| client 'Kurenai'(id:63) was added to channelgroup 'Guest'(id:8) by client 'McKeyPL'(id:2) in channel '[cspacer0]'(id:28)
2015-01-05 21:51:07.304081|INFO    |VirtualServer |  1| client 'Kurenai'(id:63) was added to channelgroup 'Guest'(id:8) by client 'McKeyPL'(id:2) in channel 'Internety'(id:107)
2015-01-05 21:51:07.304494|INFO    |VirtualServer |  1| client 'Kurenai'(id:63) was added to channelgroup 'Guest'(id:8) by client 'McKeyPL'(id:2) in channel 'Single'(id:108)
2015-01-05 21:51:07.305096|INFO    |VirtualServer |  1| client 'Kurenai'(id:63) was added to channelgroup 'Guest'(id:8) by client 'McKeyPL'(id:2) in channel 'Multi'(id:109)
2015-01-05 21:51:07.305583|INFO    |VirtualServer |  1| client 'Kurenai'(id:63) was added to channelgroup 'Guest'(id:8) by client 'McKeyPL'(id:2) in channel 'Diablo'(id:110)
2015-01-05 21:51:07.306008|INFO    |VirtualServer |  1| client 'Kurenai'(id:63) was added to channelgroup 'Guest'(id:8) by client 'McKeyPL'(id:2) in channel 'Diablo ll'(id:111)
2015-01-05 21:51:07.306396|INFO    |VirtualServer |  1| client 'Kurenai'(id:63) was added to channelgroup 'Guest'(id:8) by client 'McKeyPL'(id:2) in channel 'Diablo lll'(id:112)
2015-01-05 21:51:07.307062|INFO    |VirtualServer |  1| client 'Kurenai'(id:63) was added to channelgroup 'Guest'(id:8) by client 'McKeyPL'(id:2) in channel 'Source'(id:113)
2015-01-05 21:51:07.307566|INFO    |VirtualServer |  1| client 'Kurenai'(id:63) was added to channelgroup 'Guest'(id:8) by client 'McKeyPL'(id:2) in channel '3 vs 3'(id:115)
2015-01-05 21:51:07.308088|INFO    |VirtualServer |  1| client 'Kurenai'(id:63) was added to channelgroup 'Guest'(id:8) by client 'McKeyPL'(id:2) in channel 'Team 1'(id:116)
2015-01-05 21:51:07.308570|INFO    |VirtualServer |  1| client 'Kurenai'(id:63) was added to channelgroup 'Guest'(id:8) by client 'McKeyPL'(id:2) in channel 'Team 2'(id:117)
2015-01-05 21:51:07.309175|INFO    |VirtualServer |  1| client 'Kurenai'(id:63) was added to channelgroup 'Guest'(id:8) by client 'McKeyPL'(id:2) in channel '1 vs 1'(id:118)
2015-01-05 21:51:07.309737|INFO    |VirtualServer |  1| client 'Kurenai'(id:63) was added to channelgroup 'Guest'(id:8) by client 'McKeyPL'(id:2) in channel '5 vs 5'(id:119)
2015-01-05 21:51:07.310292|INFO    |VirtualServer |  1| client 'Kurenai'(id:63) was added to channelgroup 'Guest'(id:8) by client 'McKeyPL'(id:2) in channel 'Team 1'(id:120)
2015-01-05 21:51:07.311183|INFO    |VirtualServer |  1| client 'Kurenai'(id:63) was added to channelgroup 'Guest'(id:8) by client 'McKeyPL'(id:2) in channel 'Team 2'(id:121)
2015-01-05 21:51:07.311948|INFO    |VirtualServer |  1| client 'Kurenai'(id:63) was added to channelgroup 'Guest'(id:8) by client 'McKeyPL'(id:2) in channel 'Spectator'(id:122)
2015-01-05 21:51:07.312386|INFO    |VirtualServer |  1| client 'Kurenai'(id:63) was added to channelgroup 'Guest'(id:8) by client 'McKeyPL'(id:2) in channel 'ARAM'(id:123)
2015-01-05 21:51:15.333772|INFO    |VirtualServer |  1| client 'Kurenai'(id:63) was added to channelgroup 'Guest'(id:8) by client 'McKeyPL'(id:2) in channel '1.6'(id:22)
2015-01-05 21:51:19.560129|INFO    |VirtualServer |  1| client 'Kurenai'(id:63) was added to channelgroup 'Guest'(id:8) by client 'McKeyPL'(id:2) in channel '1.6'(id:22)
2015-01-05 21:51:35.877457|INFO    |VirtualServer |  1| client 'McKeyPL'(id:2) was added to channelgroup 'Guest'(id:8) by client 'McKeyPL'(id:2) in channel '[gspacer0]'(id:134)
2015-01-05 21:51:35.878009|INFO    |VirtualServer |  1| client 'McKeyPL'(id:2) was added to channelgroup 'Guest'(id:8) by client 'McKeyPL'(id:2) in channel '1.6'(id:22)
2015-01-05 21:51:35.879136|INFO    |VirtualServer |  1| client 'McKeyPL'(id:2) was added to channelgroup 'Guest'(id:8) by client 'McKeyPL'(id:2) in channel '[cspacer0]'(id:28)
2015-01-05 21:51:35.879826|INFO    |VirtualServer |  1| client 'McKeyPL'(id:2) was added to channelgroup 'Guest'(id:8) by client 'McKeyPL'(id:2) in channel '[cspacer0I]Prywatne'(id:43)
2015-01-05 21:51:35.880869|INFO    |VirtualServer |  1| client 'McKeyPL'(id:2) was added to channelgroup 'Guest'(id:8) by client 'McKeyPL'(id:2) in channel 'World of Tanks'(id:53)
2015-01-05 21:51:35.881270|INFO    |VirtualServer |  1| client 'McKeyPL'(id:2) was added to channelgroup 'Guest'(id:8) by client 'McKeyPL'(id:2) in channel 'Team 1'(id:54)
2015-01-05 21:51:35.881747|INFO    |VirtualServer |  1| client 'McKeyPL'(id:2) was added to channelgroup 'Guest'(id:8) by client 'McKeyPL'(id:2) in channel 'Team 2'(id:55)
2015-01-05 21:51:35.882188|INFO    |VirtualServer |  1| client 'McKeyPL'(id:2) was added to channelgroup 'Guest'(id:8) by client 'McKeyPL'(id:2) in channel 'Metin'(id:56)
2015-01-05 21:51:35.882645|INFO    |VirtualServer |  1| client 'McKeyPL'(id:2) was added to channelgroup 'Guest'(id:8) by client 'McKeyPL'(id:2) in channel 'CH 1'(id:57)
2015-01-05 21:51:35.883150|INFO    |VirtualServer |  1| client 'McKeyPL'(id:2) was added to channelgroup 'Guest'(id:8) by client 'McKeyPL'(id:2) in channel 'CH 2'(id:58)
2015-01-05 21:51:35.883549|INFO    |VirtualServer |  1| client 'McKeyPL'(id:2) was added to channelgroup 'Guest'(id:8) by client 'McKeyPL'(id:2) in channel 'CH 3'(id:59)
2015-01-05 21:51:35.883984|INFO    |VirtualServer |  1| client 'McKeyPL'(id:2) was added to channelgroup 'Guest'(id:8) by client 'McKeyPL'(id:2) in channel 'CH 4'(id:60)
2015-01-05 21:51:35.884398|INFO    |VirtualServer |  1| client 'McKeyPL'(id:2) was added to channelgroup 'Guest'(id:8) by client 'McKeyPL'(id:2) in channel 'Project Bronies'(id:61)
2015-01-05 21:51:35.884898|INFO    |VirtualServer |  1| client 'McKeyPL'(id:2) was added to channelgroup 'Guest'(id:8) by client 'McKeyPL'(id:2) in channel 'CH1'(id:62)
2015-01-05 21:51:35.885348|INFO    |VirtualServer |  1| client 'McKeyPL'(id:2) was added to channelgroup 'Guest'(id:8) by client 'McKeyPL'(id:2) in channel 'CH2'(id:63)
2015-01-05 21:51:35.886112|INFO    |VirtualServer |  1| client 'McKeyPL'(id:2) was added to channelgroup 'Guest'(id:8) by client 'McKeyPL'(id:2) in channel 'Verardowe Schronienie'(id:64)
2015-01-05 21:51:35.886736|INFO    |VirtualServer |  1| client 'McKeyPL'(id:2) was added to channelgroup 'Guest'(id:8) by client 'McKeyPL'(id:2) in channel '4xSample'(id:66)
2015-01-05 21:51:35.887135|INFO    |VirtualServer |  1| client 'McKeyPL'(id:2) was added to channelgroup 'Guest'(id:8) by client 'McKeyPL'(id:2) in channel 'Ch1'(id:67)
2015-01-05 21:51:35.887610|INFO    |VirtualServer |  1| client 'McKeyPL'(id:2) was added to channelgroup 'Guest'(id:8) by client 'McKeyPL'(id:2) in channel 'Ch2'(id:68)
2015-01-05 21:51:35.888220|INFO    |VirtualServer |  1| client 'McKeyPL'(id:2) was added to channelgroup 'Guest'(id:8) by client 'McKeyPL'(id:2) in channel 'Ch3'(id:69)
2015-01-05 21:51:35.888772|INFO    |VirtualServer |  1| client 'McKeyPL'(id:2) was added to channelgroup 'Guest'(id:8) by client 'McKeyPL'(id:2) in channel 'Unturned'(id:70)
2015-01-05 21:51:35.889201|INFO    |VirtualServer |  1| client 'McKeyPL'(id:2) was added to channelgroup 'Guest'(id:8) by client 'McKeyPL'(id:2) in channel 'Team Fight'(id:71)
2015-01-05 21:51:35.889655|INFO    |VirtualServer |  1| client 'McKeyPL'(id:2) was added to channelgroup 'Guest'(id:8) by client 'McKeyPL'(id:2) in channel 'Nudy. Poprostu'(id:73)
2015-01-05 21:51:35.890090|INFO    |VirtualServer |  1| client 'McKeyPL'(id:2) was added to channelgroup 'Guest'(id:8) by client 'McKeyPL'(id:2) in channel 'Tribrony - Bronies tr&#243;jmiasto'(id:74)
2015-01-05 21:51:35.890571|INFO    |VirtualServer |  1| client 'McKeyPL'(id:2) was added to channelgroup 'Guest'(id:8) by client 'McKeyPL'(id:2) in channel 'Pok&#243;j 3'(id:79)
2015-01-05 21:51:35.890989|INFO    |VirtualServer |  1| client 'McKeyPL'(id:2) was added to channelgroup 'Guest'(id:8) by client 'McKeyPL'(id:2) in channel 'AshRoom'(id:85)
2015-01-05 21:51:35.891415|INFO    |VirtualServer |  1| client 'McKeyPL'(id:2) was added to channelgroup 'Guest'(id:8) by client 'McKeyPL'(id:2) in channel 'Red'(id:86)
2015-01-05 21:51:35.891867|INFO    |VirtualServer |  1| client 'McKeyPL'(id:2) was added to channelgroup 'Guest'(id:8) by client 'McKeyPL'(id:2) in channel 'Green'(id:87)
2015-01-05 21:51:35.892258|INFO    |VirtualServer |  1| client 'McKeyPL'(id:2) was added to channelgroup 'Guest'(id:8) by client 'McKeyPL'(id:2) in channel 'Blue'(id:88)
2015-01-05 21:51:35.892829|INFO    |VirtualServer |  1| client 'McKeyPL'(id:2) was added to channelgroup 'Guest'(id:8) by client 'McKeyPL'(id:2) in channel 'Yellow'(id:89)
2015-01-05 21:51:35.893228|INFO    |VirtualServer |  1| client 'McKeyPL'(id:2) was added to channelgroup 'Channel Admin'(id:5) by client 'McKeyPL'(id:2) in channel '[aspacer0]'(id:128)
2015-01-05 21:51:35.893623|INFO    |VirtualServer |  1| client 'McKeyPL'(id:2) was added to channelgroup 'Channel Admin'(id:5) by client 'McKeyPL'(id:2) in channel '[aspacer0]'(id:128)
2015-01-05 21:51:35.894227|INFO    |VirtualServer |  1| client 'McKeyPL'(id:2) was added to channelgroup 'Channel Admin'(id:5) by client 'McKeyPL'(id:2) in channel '[aspacer0]'(id:128)
2015-01-05 21:51:35.894633|INFO    |VirtualServer |  1| client 'McKeyPL'(id:2) was added to channelgroup 'Channel Admin'(id:5) by client 'McKeyPL'(id:2) in channel '[aspacer0]'(id:128)
2015-01-05 21:51:35.895063|INFO    |VirtualServer |  1| client 'McKeyPL'(id:2) was added to channelgroup 'Guest'(id:8) by client 'McKeyPL'(id:2) in channel 'Specjal Events'(id:124)
2015-01-05 21:51:35.895452|INFO    |VirtualServer |  1| client 'McKeyPL'(id:2) was added to channelgroup 'Guest'(id:8) by client 'McKeyPL'(id:2) in channel '[aspacer0]'(id:128)
2015-01-05 21:51:35.895894|INFO    |VirtualServer |  1| client 'McKeyPL'(id:2) was added to channelgroup 'Guest'(id:8) by client 'McKeyPL'(id:2) in channel '[bspacer0]'(id:130)
2015-01-05 21:53:33.197983|INFO    |VirtualServer |  1| client (id:63) was added to servergroup 'McKey'(id:9) by client 'Kurenai'(id:63)
2015-01-05 21:53:36.166783|INFO    |VirtualServer |  1| client (id:63) was added to servergroup 'Server Admin'(id:6) by client 'Kurenai'(id:63)
2015-01-05 21:53:40.400202|INFO    |VirtualServer |  1| client (id:63) was added to servergroup 'Normal'(id:7) by client 'Kurenai'(id:63)
2015-01-05 21:53:43.141260|INFO    |VirtualServer |  1| client (id:63) was added to servergroup 'Prenium'(id:12) by client 'Kurenai'(id:63)
2015-01-05 21:53:45.892513|INFO    |VirtualServer |  1| client (id:63) was added to servergroup 'Radiowiec'(id:13) by client 'Kurenai'(id:63)
2015-01-05 21:53:48.580845|INFO    |VirtualServer |  1| client (id:63) was added to servergroup 'Ahri'(id:14) by client 'Kurenai'(id:63)
2015-01-05 21:53:50.952679|INFO    |VirtualServer |  1| client (id:63) was added to servergroup 'Lol-Player'(id:15) by client 'Kurenai'(id:63)
2015-01-05 21:53:53.287347|INFO    |VirtualServer |  1| client (id:63) was added to servergroup 'HL3-Confirmed'(id:17) by client 'Kurenai'(id:63)
2015-01-05 21:54:15.919586|INFO    |VirtualServer |  1| client (id:63) was removed from servergroup 'McKey'(id:9) by client 'Kurenai'(id:63)
2015-01-05 21:54:20.347231|INFO    |VirtualServer |  1| client (id:63) was removed from servergroup 'Server Admin'(id:6) by client 'Kurenai'(id:63)
2015-01-05 21:54:22.256140|INFO    |VirtualServer |  1| client (id:63) was removed from servergroup 'Prenium'(id:12) by client 'Kurenai'(id:63)
2015-01-05 21:54:25.165501|INFO    |VirtualServer |  1| client (id:63) was removed from servergroup 'Radiowiec'(id:13) by client 'Kurenai'(id:63)
2015-01-05 21:54:27.745788|INFO    |VirtualServer |  1| client (id:63) was removed from servergroup 'Ahri'(id:14) by client 'Kurenai'(id:63)
2015-01-05 21:54:30.024451|INFO    |VirtualServer |  1| client (id:63) was removed from servergroup 'Lol-Player'(id:15) by client 'Kurenai'(id:63)
2015-01-05 21:54:32.895938|INFO    |VirtualServer |  1| client (id:63) was added to servergroup 'Lol-Player'(id:15) by client 'Kurenai'(id:63)
2015-01-05 21:54:35.557507|INFO    |VirtualServer |  1| client (id:63) was removed from servergroup 'HL3-Confirmed'(id:17) by client 'Kurenai'(id:63)
2015-01-05 21:54:39.306300|INFO    |VirtualServer |  1| client (id:2) was added to servergroup 'Normal'(id:7) by client 'Kurenai'(id:63)
2015-01-05 21:54:46.805802|INFO    |VirtualServer |  1| client (id:75) was added to servergroup 'Normal'(id:7) by client 'Kurenai'(id:63)
2015-01-05 21:54:54.032406|INFO    |VirtualServer |  1| client (id:5) was added to servergroup 'Normal'(id:7) by client 'Kurenai'(id:63)
2015-01-05 21:55:00.901555|INFO    |VirtualServer |  1| client (id:101) was added to servergroup 'Normal'(id:7) by client 'Kurenai'(id:63)
2015-01-05 21:55:19.837563|INFO    |VirtualServer |  1| client (id:2) was removed from servergroup 'Normal'(id:7) by client 'McKeyPL'(id:2)
2015-01-05 21:55:30.186201|INFO    |VirtualServer |  1| client (id:63) was removed from servergroup 'Normal'(id:7) by client 'Kurenai'(id:63)
2015-01-05 21:59:41.589776|INFO    |VirtualServer |  1| permission 'i_icon_id'(id:142) with values (value:642016421) was added by 'Kurenai'(id:63) to channel '1.6'(id:22)
2015-01-05 22:00:07.878462|INFO    |VirtualServer |  1| permission 'i_icon_id'(id:142) with values (value:1611760414) was added by 'Kurenai'(id:63) to channel 'Source'(id:113)
2015-01-05 22:00:47.659880|INFO    |VirtualServer |  1| permission 'i_icon_id'(id:142) with values (value:1948490987) was added by 'Kurenai'(id:63) to channel 'GO'(id:23)
2015-01-05 22:00:52.927650|INFO    |VirtualServer |  1| permission 'i_icon_id'(id:142) with values (value:0) was added by 'Kurenai'(id:63) to channel 'CS'(id:14)
2015-01-05 22:01:03.868660|INFO    |VirtualServer |  1| permission 'i_icon_id'(id:142) with values (value:0) was added by 'Kurenai'(id:63) to channel 'Diablo'(id:36)
2015-01-05 22:05:43.575465|INFO    |VirtualServer |  1| permission 'i_icon_id'(id:142) with values (value:2101350922) was added by 'Kurenai'(id:63) to channel 'GO'(id:23)
2015-01-05 22:07:06.878242|INFO    |VirtualServer |  1| permission 'i_icon_id'(id:142) with values (value:-496135941) was added by 'Kurenai'(id:63) to channel 'Minecraft'(id:9)
2015-01-05 22:08:52.614974|INFO    |VirtualServer |  1| permission 'i_icon_id'(id:142) with values (value:0) was added by 'Kurenai'(id:63) to channel 'Unturned'(id:70)
2015-01-05 22:10:48.624492|INFO    |VirtualServer |  1| permission 'i_icon_id'(id:142) with values (value:1345595639) was added by 'Kurenai'(id:63) to channel 'DerpCraft'(id:25)
2015-01-05 22:11:59.200227|INFO    |VirtualServer |  1| permission 'i_channel_needed_join_power'(id:137) with values (value:999) was added by 'Kurenai'(id:63) to channel 'Administracja'(id:27)
2015-01-06 10:42:01.443021|INFO    |VirtualServer |  1| permission 'i_client_move_power'(id:202) with values (value:25) was added by 'Kurenai'(id:63) to channelgroup 'Channel Admin'(id:5)
2015-01-06 10:42:01.509517|INFO    |VirtualServer |  1| permission 'i_client_kick_from_channel_power'(id:198) with values (value:25) was added by 'Kurenai'(id:63) to channelgroup 'Channel Admin'(id:5)
2015-01-06 10:42:01.509886|INFO    |VirtualServer |  1| permission 'i_client_kick_from_server_power'(id:196) with values (value:0) was added by 'Kurenai'(id:63) to channelgroup 'Channel Admin'(id:5)
2015-01-06 10:42:01.510471|INFO    |VirtualServer |  1| permission 'i_channel_delete_power'(id:129) with values (value:60) was added by 'Kurenai'(id:63) to channelgroup 'Channel Admin'(id:5)
2015-01-06 10:42:01.510800|INFO    |VirtualServer |  1| permission 'i_client_max_avatar_filesize'(id:175) with values (value:200000) was added by 'Kurenai'(id:63) to channelgroup 'Channel Admin'(id:5)
2015-01-06 10:42:01.511062|INFO    |VirtualServer |  1| permission 'i_client_max_channel_subscriptions'(id:176) with values (value:-1) was added by 'Kurenai'(id:63) to channelgroup 'Channel Admin'(id:5)
2015-01-06 10:42:01.511415|INFO    |VirtualServer |  1| permission 'i_channel_subscribe_power'(id:138) with values (value:25) was added by 'Kurenai'(id:63) to channelgroup 'Channel Admin'(id:5)
2015-01-06 10:42:01.511758|INFO    |VirtualServer |  1| permission 'i_client_private_textmessage_power'(id:214) with values (value:25) was added by 'Kurenai'(id:63) to channelgroup 'Channel Admin'(id:5)
2015-01-06 10:42:01.512070|INFO    |VirtualServer |  1| permission 'b_client_channel_textmessage_send'(id:217) with values (value:1) was added by 'Kurenai'(id:63) to channelgroup 'Channel Admin'(id:5)
2015-01-06 10:42:01.525102|INFO    |VirtualServer |  1| permission 'b_client_offline_textmessage_send'(id:218) with values (value:1) was added by 'Kurenai'(id:63) to channelgroup 'Channel Admin'(id:5)
2015-01-06 10:42:29.007516|INFO    |VirtualServer |  1| permission 'i_client_kick_from_channel_power'(id:198) with values (value:60) was added by 'Kurenai'(id:63) to channelgroup 'Channel Admin'(id:5)
2015-01-06 10:49:56.703465|INFO    |VirtualServer |  1| permission 'i_channel_needed_modify_power'(id:122) with values (value:75) was added by 'McKeyPL'(id:2) to channel '[aspacer0]'(id:28)
2015-01-06 10:50:22.031897|INFO    |VirtualServer |  1| permission 'b_channel_modify_parent'(id:105) with values (value:1) was added by 'McKeyPL'(id:2) to client (id:63)
2015-01-06 10:50:22.572357|INFO    |VirtualServer |  1| permission 'b_channel_modify_parent'(id:105) with values (value:0) was added by 'McKeyPL'(id:2) to client (id:63)
2015-01-06 10:50:22.582364|INFO    |VirtualServer |  1| permission 'b_channel_modify_parent'(id:105) with values (value:1) was added by 'McKeyPL'(id:2) to client (id:63)
2015-01-06 10:50:24.429277|INFO    |VirtualServer |  1| permission 'b_channel_modify_parent'(id:105) was deleted by 'McKeyPL'(id:2) from client (id:63)
2015-01-06 10:51:21.769164|INFO    |VirtualServer |  1| permission 'i_channel_permission_modify_power'(id:79) with values (value:50) was added by 'McKeyPL'(id:2) for client (id:63) and channel '[aspacer0]'(id:28)
2015-01-06 10:51:24.560424|INFO    |VirtualServer |  1| permission 'i_channel_needed_permission_modify_power'(id:80) with values (value:75) was added by 'McKeyPL'(id:2) for client (id:63) and channel '[aspacer0]'(id:28)
2015-01-06 11:09:04.609098|INFO    |VirtualServer |  1| client (id:63) was added to servergroup 'McKey'(id:9) by client 'Kurenai'(id:63)
2015-01-06 11:39:39.244465|INFO    |VirtualServer |  1| permission 'i_channel_needed_join_power'(id:137) with values (value:1000) was added by 'Kurenai'(id:63) to channel 'W&#322;a&#347;ciciel:'(id:173)
2015-01-06 11:40:19.083313|INFO    |VirtualServer |  1| permission 'i_channel_needed_join_power'(id:137) with values (value:10000) was added by 'Kurenai'(id:63) to channel 'McKey'(id:174)
2015-01-06 11:42:06.838145|INFO    |VirtualServer |  1| permission 'i_channel_needed_join_power'(id:137) with values (value:1000) was added by 'Kurenai'(id:63) to channel 'Administracja:'(id:175)
2015-01-06 11:43:32.270463|INFO    |VirtualServer |  1| permission 'b_client_is_priority_speaker'(id:177) with values (value:1) was added by 'Kurenai'(id:63) for client (id:103) and channel 'HL3 Confirmed===---    ||'(id:1)
2015-01-06 11:43:42.734644|INFO    |VirtualServer |  1| client (id:103) was added to servergroup 'Normal'(id:7) by client 'Kurenai'(id:63)
2015-01-06 12:01:30.989766|INFO    |VirtualServer |  1| permission 'b_client_is_priority_speaker'(id:177) with values (value:1) was added by 'Scarlet'(id:63) for client (id:75) and channel '[cspacer0]&#9562;&#9552;&#9552;&#9552;&#9552;&#9552;&#9552;&#9552;&#9552;&#9552;&#9552;&#9552;&#9552;&#9552;&#9552;&#9552;&#9565;'(id:148)
2015-01-06 12:01:38.561852|INFO    |VirtualServer |  1| permission 'b_client_is_priority_speaker'(id:177) was deleted by 'Scarlet'(id:63) for client (id:75) and channel '[cspacer0]&#9562;&#9552;&#9552;&#9552;&#9552;&#9552;&#9552;&#9552;&#9552;&#9552;&#9552;&#9552;&#9552;&#9552;&#9552;&#9552;&#9565;'(id:148)
2015-01-06 12:04:30.124545|INFO    |VirtualServer |  1| client (id:63) was removed from servergroup 'McKey'(id:9) by client 'Scarlet'(id:63)
2015-01-06 12:04:35.130251|INFO    |VirtualServer |  1| client 'Scarlet'(id:63) was added to channelgroup 'Guest'(id:8) by client 'Scarlet'(id:63) in channel '[cspacer0]&#9562;&#9552;&#9552;&#9552;&#9552;&#9552;&#9552;&#9552;&#9552;&#9552;&#9552;&#9552;&#9552;&#9552;&#9552;&#9552;&#9565;'(id:148)
2015-01-06 12:04:40.332404|INFO    |VirtualServer |  1| client (id:63) was added to servergroup 'Normal'(id:7) by client 'Scarlet'(id:63)
2015-01-06 12:04:44.403698|INFO    |VirtualServer |  1| client (id:63) was removed from servergroup 'Lol-Player'(id:15) by client 'Scarlet'(id:63)
2015-01-06 12:04:47.100693|INFO    |VirtualServer |  1| client (id:63) was removed from servergroup 'Normal'(id:7) by client 'Scarlet'(id:63)
2015-01-06 12:05:31.391108|INFO    |VirtualServer |  1| client (id:75) was removed from servergroup 'Normal'(id:7) by client 'Scarlet'(id:63)
2015-01-06 12:05:37.572067|INFO    |VirtualServer |  1| client (id:75) was removed from servergroup 'HL3-Confirmed'(id:17) by client 'Scarlet'(id:63)
2015-01-06 12:06:21.599385|INFO    |VirtualServer |  1| client (id:75) was added to servergroup 'Normal'(id:7) by client 'Scarlet'(id:63)
2015-01-06 12:06:25.465462|INFO    |VirtualServer |  1| client (id:75) was added to servergroup 'HL3-Confirmed'(id:17) by client 'Scarlet'(id:63)
2015-01-06 12:23:21.633733|INFO    |VirtualServer |  1| client 'FrendzeL'(id:75) was added to channelgroup 'Guest'(id:8) by client 'Scarlet'(id:63) in channel 'Internety'(id:107)
2015-01-06 12:23:26.083914|INFO    |VirtualServer |  1| client (id:75) was removed from servergroup 'HL3-Confirmed'(id:17) by client 'Scarlet'(id:63)
2015-01-06 12:23:28.832048|INFO    |VirtualServer |  1| client (id:75) was removed from servergroup 'Normal'(id:7) by client 'Scarlet'(id:63)
2015-01-06 12:25:09.779993|INFO    |VirtualServer |  1| client (id:75) was added to servergroup 'HL3-Confirmed'(id:17) by client 'Scarlet'(id:63)
2015-01-06 12:25:14.292516|INFO    |VirtualServer |  1| client (id:75) was added to servergroup 'Normal'(id:7) by client 'Scarlet'(id:63)
2015-01-06 12:50:23.258963|INFO    |VirtualServer |  1| client 'RED ROW'(id:101) was added to channelgroup 'Channel Admin'(id:5) by client 'Scarlet'(id:63) in channel 'Internety'(id:107)
2015-01-06 12:50:33.082146|INFO    |VirtualServer |  1| client 'RED ROW'(id:101) was added to channelgroup 'Voice'(id:7) by client 'Scarlet'(id:63) in channel 'Internety'(id:107)
2015-01-06 12:50:37.836098|INFO    |VirtualServer |  1| client 'RED ROW'(id:101) was added to channelgroup 'Guest'(id:8) by client 'Scarlet'(id:63) in channel 'Internety'(id:107)
2015-01-06 12:50:40.451971|INFO    |VirtualServer |  1| client (id:101) was removed from servergroup 'Normal'(id:7) by client 'Scarlet'(id:63)
2015-01-06 12:50:43.334569|INFO    |VirtualServer |  1| client (id:101) was removed from servergroup 'Lol-Player'(id:15) by client 'Scarlet'(id:63)
2015-01-06 12:51:33.337964|INFO    |VirtualServer |  1| client (id:101) was added to servergroup 'Normal'(id:7) by client 'Scarlet'(id:63)
2015-01-06 12:51:37.907986|INFO    |VirtualServer |  1| client (id:23) was added to servergroup 'Normal'(id:7) by client 'Scarlet'(id:63)
2015-01-06 12:51:42.467931|INFO    |VirtualServer |  1| client (id:101) was added to servergroup 'Lol-Player'(id:15) by client 'Scarlet'(id:63)
2015-01-06 12:51:51.931253|INFO    |VirtualServer |  1| client (id:23) was added to servergroup 'Lol-Player'(id:15) by client 'Scarlet'(id:63)
2015-01-06 12:51:57.037587|INFO    |VirtualServer |  1| client (id:23) was removed from servergroup 'Prenium'(id:12) by client 'Scarlet'(id:63)
2015-01-06 12:52:29.612879|INFO    |VirtualServer |  1| permission 'i_icon_id'(id:142) with values (value:1910538173, negated:0, skipchannel:0) was added by 'Scarlet'(id:63) to servergroup 'Lol-Player'(id:15)
2015-01-06 12:52:43.486581|INFO    |VirtualServer |  1| permission 'i_icon_id'(id:142) with values (value:1513344601, negated:0, skipchannel:0) was added by 'Scarlet'(id:63) to servergroup 'Lol-Player'(id:15)
2015-01-06 12:52:50.405143|INFO    |VirtualServer |  1| permission 'i_icon_id'(id:142) with values (value:978780014, negated:0, skipchannel:0) was added by 'Scarlet'(id:63) to servergroup 'Prenium'(id:12)
2015-01-06 12:56:40.798168|INFO    |VirtualServer |  1| client (id:116) was added to servergroup 'Normal'(id:7) by client 'Scarlet'(id:63)
2015-01-06 13:07:06.893742|INFO    |VirtualServer |  1| client (id:115) was added to servergroup 'Normal'(id:7) by client 'Scarlet'(id:63)
2015-01-06 13:20:24.086295|INFO    |VirtualServer |  1| client (id:117) was added to servergroup 'Normal'(id:7) by client 'Scarlet'(id:63)
2015-01-06 13:30:51.495548|INFO    |VirtualServer |  1| permission 'i_client_needed_move_power'(id:203) with values (value:75) was added by 'McKeyPL'(id:2) to client (id:63)
2015-01-06 13:34:23.907350|INFO    |VirtualServer |  1| permission 'i_icon_id'(id:142) with values (value:-450503062) was added by 'McKeyPL'(id:2) to channel 'Twicraft'(id:201)
2015-01-06 13:34:31.703779|INFO    |VirtualServer |  1| permission 'i_icon_id'(id:142) with values (value:-1065818629) was added by 'McKeyPL'(id:2) to channel 'Ashley Terraria Serwer'(id:209)
2015-01-06 13:53:30.000114|INFO    |VirtualServer |  1| permission 'i_icon_id'(id:142) with values (value:1944607128) was added by 'Scarlet'(id:63) to channel 'W&#322;a&#347;ciciel:'(id:173)
2015-01-06 13:53:37.818813|INFO    |VirtualServer |  1| permission 'i_icon_id'(id:142) with values (value:-1227412950) was added by 'Scarlet'(id:63) to channel 'Administracja:'(id:175)
2015-01-06 13:53:48.600257|INFO    |VirtualServer |  1| permission 'i_icon_id'(id:142) with values (value:1730836226) was added by 'Scarlet'(id:63) to channel 'Moderacja:'(id:178)
2015-01-06 13:54:26.864017|INFO    |VirtualServer |  1| permission 'i_icon_id'(id:142) with values (value:978780014) was added by 'Scarlet'(id:63) to channel 'Prenium:'(id:179)
2015-01-06 13:57:04.179138|INFO    |VirtualServer |  1| permission 'i_icon_id'(id:142) with values (value:978780014) was added by 'Scarlet'(id:63) to channel 'Prenium i Chwalone'(id:16)
2015-01-06 13:57:50.135767|INFO    |VirtualServer |  1| client '&#3900; &#12388; &#9685;_&#9685; &#3901;&#12388; Jeffy &#3900; &#12388; &#9685;_&#9685; &#3901;&#12388;'(id:102) was added to channelgroup 'Channel Admin'(id:5) by client 'Scarlet'(id:63) in channel '4xSample'(id:66)
2015-01-06 13:57:50.136507|INFO    |VirtualServer |  1| client 'Luke'(id:105) was added to channelgroup 'Guest'(id:8) by client 'Scarlet'(id:63) in channel 'Treningi'(id:67)
2015-01-06 13:57:50.137200|INFO    |VirtualServer |  1| client 'Sp3cTR4ge'(id:103) was added to channelgroup 'Guest'(id:8) by client 'Scarlet'(id:63) in channel 'Treningi'(id:67)
2015-01-06 13:57:50.137892|INFO    |VirtualServer |  1| client 'patryq'(id:116) was added to channelgroup 'Guest'(id:8) by client 'Scarlet'(id:63) in channel 'Treningi'(id:67)
2015-01-06 13:57:50.138603|INFO    |VirtualServer |  1| client 'MaxiProsto'(id:117) was added to channelgroup 'Guest'(id:8) by client 'Scarlet'(id:63) in channel 'Treningi'(id:67)
2015-01-06 14:08:53.006301|INFO    |VirtualServer |  1| permission 'i_icon_id'(id:142) with values (value:-450503062) was added by 'Scarlet'(id:63) to channel 'TwiCraft'(id:221)
2015-01-06 14:09:04.758152|INFO    |VirtualServer |  1| permission 'i_icon_id'(id:142) with values (value:1345595639) was added by 'Scarlet'(id:63) to channel 'DerpCraft'(id:226)
2015-01-06 14:09:14.021663|INFO    |VirtualServer |  1| permission 'i_icon_id'(id:142) with values (value:110843289) was added by 'Scarlet'(id:63) to channel 'Terraria Serwer by Ashley'(id:230)
2015-01-06 16:21:05.043714|INFO    |VirtualServer |  1| client 'McKeyPL'(id:2) was added to channelgroup 'Operator'(id:6) by client 'McKeyPL'(id:2) in channel 'McKey'(id:174)
2015-01-06 16:21:17.156103|INFO    |VirtualServer |  1| client 'Scarlet'(id:63) was added to channelgroup 'Guest'(id:8) by client 'McKeyPL'(id:2) in channel '[cspacer3]&#9562;&#9552;&#9552;&#9552;&#9552;&#9552;&#9552;&#9552;&#9552;&#9552;&#9552;&#9552;&#9552;&#9552;&#9552;&#9552;&#9565;'(id:142)
2015-01-06 16:21:17.157186|INFO    |VirtualServer |  1| client 'Scarlet'(id:63) was added to channelgroup 'Guest'(id:8) by client 'McKeyPL'(id:2) in channel '[cspacer0]&#8729;&#8226;&#9679;&#9679;&#8226;&#8729;  !!  Witamy  !!  &#8729;&#8226;&#9679;&#9679;&#8226;&#8729;'(id:146)
2015-01-06 16:21:17.158125|INFO    |VirtualServer |  1| client 'Scarlet'(id:63) was added to channelgroup 'Guest'(id:8) by client 'McKeyPL'(id:2) in channel '[cspacer0]&#9556;&#9552;&#9552;&#9552;&#9552;&#9552;&#9552;&#9552;&#9552;&#9552;&#9552;&#9552;&#9552;&#9552;&#9552;&#9552;&#9559;'(id:147)
2015-01-06 16:21:17.159060|INFO    |VirtualServer |  1| client 'Scarlet'(id:63) was added to channelgroup 'Guest'(id:8) by client 'McKeyPL'(id:2) in channel '[*spacer1]___'(id:150)
2015-01-06 16:21:17.159813|INFO    |VirtualServer |  1| client 'Scarlet'(id:63) was added to channelgroup 'Guest'(id:8) by client 'McKeyPL'(id:2) in channel '[*spacer3]___'(id:153)
2015-01-06 16:21:17.160487|INFO    |VirtualServer |  1| client 'Scarlet'(id:63) was added to channelgroup 'Guest'(id:8) by client 'McKeyPL'(id:2) in channel '[cspacer41]&#9556;&#9552;&#9552;&#9552;&#9552;&#9552;&#9552;&#9552;&#9552;&#9552;&#9552;&#9552;&#9552;&#9552;&#9552;&#9552;&#9559;'(id:162)
2015-01-06 16:21:17.161120|INFO    |VirtualServer |  1| client 'Scarlet'(id:63) was added to channelgroup 'Guest'(id:8) by client 'McKeyPL'(id:2) in channel '[cspacer03]&#8729;&#8226;&#9679;&#9679;&#8226;&#8729;Prywatne&#8729;&#8226;&#9679;&#9679;&#8226;&#8729;'(id:163)
2015-01-06 16:21:17.161757|INFO    |VirtualServer |  1| client 'Scarlet'(id:63) was added to channelgroup 'Guest'(id:8) by client 'McKeyPL'(id:2) in channel '[*spacer02]___'(id:164)
2015-01-06 16:21:17.162382|INFO    |VirtualServer |  1| client 'Scarlet'(id:63) was added to channelgroup 'Guest'(id:8) by client 'McKeyPL'(id:2) in channel '[cspacer7]&#9562;&#9552;&#9552;&#9552;&#9552;&#9552;&#9552;&#9552;&#9552;&#9552;&#9552;&#9552;&#9552;&#9552;&#9552;&#9552;&#9565;'(id:165)
2015-01-06 16:21:17.162811|INFO    |VirtualServer |  1| client 'Scarlet'(id:63) was added to channelgroup 'Guest'(id:8) by client 'McKeyPL'(id:2) in channel '[*spacer04]___'(id:168)
2015-01-06 16:21:17.163204|INFO    |VirtualServer |  1| client 'Scarlet'(id:63) was added to channelgroup 'Guest'(id:8) by client 'McKeyPL'(id:2) in channel '[cspacer013]&#9562;&#9552;&#9552;&#9552;&#9552;&#9552;&#9552;&#9552;&#9552;&#9552;&#9552;&#9552;&#9552;&#9552;&#9552;&#9552;&#9565;'(id:169)
2015-01-06 16:21:17.163703|INFO    |VirtualServer |  1| client 'Scarlet'(id:63) was added to channelgroup 'Guest'(id:8) by client 'McKeyPL'(id:2) in channel '[cspacer230]&#9556;&#9552;&#9552;&#9552;&#9552;&#9552;&#9552;&#9552;&#9552;&#9552;&#9552;&#9552;&#9552;&#9552;&#9552;&#9552;&#9559;'(id:170)
2015-01-06 16:21:17.164131|INFO    |VirtualServer |  1| client 'Scarlet'(id:63) was added to channelgroup 'Guest'(id:8) by client 'McKeyPL'(id:2) in channel '[*spacer034]___'(id:171)
2015-01-06 16:21:17.164575|INFO    |VirtualServer |  1| client 'Scarlet'(id:63) was added to channelgroup 'Guest'(id:8) by client 'McKeyPL'(id:2) in channel '[*spacer12]___'(id:172)
2015-01-06 16:21:17.164972|INFO    |VirtualServer |  1| client 'Scarlet'(id:63) was added to channelgroup 'Channel Admin'(id:5) by client 'McKeyPL'(id:2) in channel '[cspacer345]&#9562;&#9552;&#9552;&#9552;&#9552;&#9552;&#9552;&#9552;&#9552;&#9552;&#9552;&#9552;&#9552;&#9552;&#9552;&#9552;&#9565;'(id:182)
2015-01-06 16:21:17.165425|INFO    |VirtualServer |  1| client 'Scarlet'(id:63) was added to channelgroup 'Channel Admin'(id:5) by client 'McKeyPL'(id:2) in channel '[cspacer345]&#9562;&#9552;&#9552;&#9552;&#9552;&#9552;&#9552;&#9552;&#9552;&#9552;&#9552;&#9552;&#9552;&#9552;&#9552;&#9552;&#9565;'(id:182)
2015-01-06 16:21:17.165855|INFO    |VirtualServer |  1| client 'Scarlet'(id:63) was added to channelgroup 'Channel Admin'(id:5) by client 'McKeyPL'(id:2) in channel '[cspacer345]&#9562;&#9552;&#9552;&#9552;&#9552;&#9552;&#9552;&#9552;&#9552;&#9552;&#9552;&#9552;&#9552;&#9552;&#9552;&#9552;&#9565;'(id:182)
2015-01-06 16:21:17.166253|INFO    |VirtualServer |  1| client 'Scarlet'(id:63) was added to channelgroup 'Channel Admin'(id:5) by client 'McKeyPL'(id:2) in channel '[cspacer345]&#9562;&#9552;&#9552;&#9552;&#9552;&#9552;&#9552;&#9552;&#9552;&#9552;&#9552;&#9552;&#9552;&#9552;&#9552;&#9552;&#9565;'(id:182)
2015-01-06 16:21:17.166885|INFO    |VirtualServer |  1| client 'Scarlet'(id:63) was added to channelgroup 'Channel Admin'(id:5) by client 'McKeyPL'(id:2) in channel '[cspacer345]&#9562;&#9552;&#9552;&#9552;&#9552;&#9552;&#9552;&#9552;&#9552;&#9552;&#9552;&#9552;&#9552;&#9552;&#9552;&#9552;&#9565;'(id:182)
2015-01-06 16:21:17.167291|INFO    |VirtualServer |  1| client 'Scarlet'(id:63) was added to channelgroup 'Channel Admin'(id:5) by client 'McKeyPL'(id:2) in channel '[cspacer345]&#9562;&#9552;&#9552;&#9552;&#9552;&#9552;&#9552;&#9552;&#9552;&#9552;&#9552;&#9552;&#9552;&#9552;&#9552;&#9552;&#9565;'(id:182)
2015-01-06 16:21:17.167761|INFO    |VirtualServer |  1| client 'Scarlet'(id:63) was added to channelgroup 'Guest'(id:8) by client 'McKeyPL'(id:2) in channel '[cspacer034]&#9556;&#9552;&#9552;&#9552;&#9552;&#9552;&#9552;&#9552;&#9552;&#9552;&#9552;&#9552;&#9552;&#9552;&#9552;&#9552;&#9559;'(id:180)
2015-01-06 16:21:17.168398|INFO    |VirtualServer |  1| client 'Scarlet'(id:63) was added to channelgroup 'Guest'(id:8) by client 'McKeyPL'(id:2) in channel '[cspacer023]&#8729;&#8226;&#9679;&#9679;&#8226;&#8729;Za&#322;oga&#8729;&#8226;&#9679;&#9679;&#8226;&#8729;'(id:181)
2015-01-06 16:21:17.168828|INFO    |VirtualServer |  1| client 'Scarlet'(id:63) was added to channelgroup 'Guest'(id:8) by client 'McKeyPL'(id:2) in channel '[cspacer345]&#9562;&#9552;&#9552;&#9552;&#9552;&#9552;&#9552;&#9552;&#9552;&#9552;&#9552;&#9552;&#9552;&#9552;&#9552;&#9552;&#9565;'(id:182)
2015-01-06 16:21:17.169227|INFO    |VirtualServer |  1| client 'Scarlet'(id:63) was added to channelgroup 'Guest'(id:8) by client 'McKeyPL'(id:2) in channel '[*spacer098]___'(id:183)
2015-01-06 16:21:17.169735|INFO    |VirtualServer |  1| client 'Scarlet'(id:63) was added to channelgroup 'Guest'(id:8) by client 'McKeyPL'(id:2) in channel '[cspacer]&#9556;&#9552;&#9552;&#9552;&#9552;&#9552;&#9552;&#9552;&#9552;&#9552;&#9552;&#9552;&#9552;&#9552;&#9552;&#9552;&#9552;&#9552;&#9552;&#9552;&#9552;&#9559;'(id:184)
2015-01-06 16:21:17.170165|INFO    |VirtualServer |  1| client 'Scarlet'(id:63) was added to channelgroup 'Channel Admin'(id:5) by client 'McKeyPL'(id:2) in channel '[cspacer]&#9562;&#9552;&#9552;&#9552;&#9552;&#9552;&#9552;&#9552;&#9552;&#9552;&#9552;&#9552;&#9552;&#9552;&#9552;&#9552;&#9552;&#9552;&#9552;&#9552;&#9552;&#9565;'(id:188)
2015-01-06 16:21:17.170675|INFO    |VirtualServer |  1| client 'Scarlet'(id:63) was added to channelgroup 'Channel Admin'(id:5) by client 'McKeyPL'(id:2) in channel '[cspacer]&#9562;&#9552;&#9552;&#9552;&#9552;&#9552;&#9552;&#9552;&#9552;&#9552;&#9552;&#9552;&#9552;&#9552;&#9552;&#9552;&#9552;&#9552;&#9552;&#9552;&#9552;&#9565;'(id:188)
2015-01-06 16:21:17.171134|INFO    |VirtualServer |  1| client 'Scarlet'(id:63) was added to channelgroup 'Channel Admin'(id:5) by client 'McKeyPL'(id:2) in channel '[cspacer]&#9562;&#9552;&#9552;&#9552;&#9552;&#9552;&#9552;&#9552;&#9552;&#9552;&#9552;&#9552;&#9552;&#9552;&#9552;&#9552;&#9552;&#9552;&#9552;&#9552;&#9552;&#9565;'(id:188)
2015-01-06 16:21:17.171637|INFO    |VirtualServer |  1| client 'Scarlet'(id:63) was added to channelgroup 'Guest'(id:8) by client 'McKeyPL'(id:2) in channel '[cspacer]&#9562;&#9552;&#9552;&#9552;&#9552;&#9552;&#9552;&#9552;&#9552;&#9552;&#9552;&#9552;&#9552;&#9552;&#9552;&#9552;&#9552;&#9552;&#9552;&#9552;&#9552;&#9565;'(id:188)
2015-01-06 16:21:17.172096|INFO    |VirtualServer |  1| client 'Scarlet'(id:63) was added to channelgroup 'Guest'(id:8) by client 'McKeyPL'(id:2) in channel '[cspacer310]___'(id:190)
2015-01-06 16:21:17.172620|INFO    |VirtualServer |  1| client 'Scarlet'(id:63) was added to channelgroup 'Guest'(id:8) by client 'McKeyPL'(id:2) in channel '[cspacer3402]&#9556;&#9552;&#9552;&#9552;&#9552;&#9552;&#9552;&#9552;&#9552;&#9552;&#9552;&#9552;&#9552;&#9552;&#9552;&#9552;&#9559;'(id:195)
2015-01-06 16:21:17.173028|INFO    |VirtualServer |  1| client 'Scarlet'(id:63) was added to channelgroup 'Guest'(id:8) by client 'McKeyPL'(id:2) in channel '[cspacer0]&#8729;&#8226;&#9679;&#9679;&#8226;&#8729;Serwery&#8729;&#8226;&#9679;&#9679;&#8226;&#8729;'(id:196)
2015-01-06 16:21:17.173449|INFO    |VirtualServer |  1| client 'Scarlet'(id:63) was added to channelgroup 'Guest'(id:8) by client 'McKeyPL'(id:2) in channel '[cspacer430]&#9562;&#9552;&#9552;&#9552;&#9552;&#9552;&#9552;&#9552;&#9552;&#9552;&#9552;&#9552;&#9552;&#9552;&#9552;&#9552;&#9565;'(id:197)
2015-01-06 16:21:17.173866|INFO    |VirtualServer |  1| client 'Scarlet'(id:63) was added to channelgroup 'Guest'(id:8) by client 'McKeyPL'(id:2) in channel '[cspacer40]&#9556;&#9552;&#9552;&#9552;&#9552;&#9552;&#9552;&#9552;&#9552;&#9552;&#9552;&#9552;&#9552;&#9552;&#9552;&#9552;&#9559;'(id:213)
2015-01-06 16:21:17.174254|INFO    |VirtualServer |  1| client 'Scarlet'(id:63) was added to channelgroup 'Guest'(id:8) by client 'McKeyPL'(id:2) in channel '[cspacer0]&#8729;&#8226;&#9679;&#9679;&#8226;&#8729; Strefa Graczy &#8729;&#8226;&#9679;&#9679;&#8226;&#8729;'(id:214)
2015-01-06 16:21:17.174691|INFO    |VirtualServer |  1| client 'Scarlet'(id:63) was added to channelgroup 'Guest'(id:8) by client 'McKeyPL'(id:2) in channel '[cspacer431]&#9562;&#9552;&#9552;&#9552;&#9552;&#9552;&#9552;&#9552;&#9552;&#9552;&#9552;&#9552;&#9552;&#9552;&#9552;&#9552;&#9565;'(id:215)
2015-01-06 16:21:17.175084|INFO    |VirtualServer |  1| client 'Scarlet'(id:63) was added to channelgroup 'Guest'(id:8) by client 'McKeyPL'(id:2) in channel '[*spacer14]___'(id:217)
2015-01-06 16:21:17.175512|INFO    |VirtualServer |  1| client 'Scarlet'(id:63) was added to channelgroup 'Guest'(id:8) by client 'McKeyPL'(id:2) in channel '[cspacer0]&#8729;&#8226;&#9679;&#9679;&#8226;&#8729;HELP&#8729;&#8226;&#9679;&#9679;&#8226;&#8729;'(id:218)
2015-01-06 16:21:17.175913|INFO    |VirtualServer |  1| client 'Scarlet'(id:63) was added to channelgroup 'Guest'(id:8) by client 'McKeyPL'(id:2) in channel '[*spacer17]___'(id:219)
2015-01-06 16:21:17.176293|INFO    |VirtualServer |  1| client 'Scarlet'(id:63) was added to channelgroup 'Guest'(id:8) by client 'McKeyPL'(id:2) in channel '&#8729;&#8226;&#9679;&#9679;&#8226;&#8729;Skargi&#8729;&#8226;&#9679;&#9679;&#8226;&#8729;'(id:220)
2015-01-06 16:21:17.176736|INFO    |VirtualServer |  1| client 'Scarlet'(id:63) was added to channelgroup 'Guest'(id:8) by client 'McKeyPL'(id:2) in channel 'TwiCraft'(id:221)
2015-01-06 16:21:17.177120|INFO    |VirtualServer |  1| client 'Scarlet'(id:63) was added to channelgroup 'Guest'(id:8) by client 'McKeyPL'(id:2) in channel 'S1'(id:222)
2015-01-06 16:21:17.177561|INFO    |VirtualServer |  1| client 'Scarlet'(id:63) was added to channelgroup 'Guest'(id:8) by client 'McKeyPL'(id:2) in channel 'S2'(id:224)
2015-01-06 16:21:17.177968|INFO    |VirtualServer |  1| client 'Scarlet'(id:63) was added to channelgroup 'Guest'(id:8) by client 'McKeyPL'(id:2) in channel 'Administracja'(id:225)
2015-01-06 16:21:17.178463|INFO    |VirtualServer |  1| client 'Scarlet'(id:63) was added to channelgroup 'Guest'(id:8) by client 'McKeyPL'(id:2) in channel 'DerpCraft'(id:226)
2015-01-06 16:21:17.178962|INFO    |VirtualServer |  1| client 'Scarlet'(id:63) was added to channelgroup 'Guest'(id:8) by client 'McKeyPL'(id:2) in channel 'S1'(id:227)
2015-01-06 16:21:17.179347|INFO    |VirtualServer |  1| client 'Scarlet'(id:63) was added to channelgroup 'Guest'(id:8) by client 'McKeyPL'(id:2) in channel 'S2'(id:228)
2015-01-06 16:21:17.179778|INFO    |VirtualServer |  1| client 'Scarlet'(id:63) was added to channelgroup 'Guest'(id:8) by client 'McKeyPL'(id:2) in channel 'Administracja'(id:229)
2015-01-06 16:21:17.180165|INFO    |VirtualServer |  1| client 'Scarlet'(id:63) was added to channelgroup 'Guest'(id:8) by client 'McKeyPL'(id:2) in channel 'Terraria Serwer by Ashley'(id:230)
2015-01-06 16:21:17.180628|INFO    |VirtualServer |  1| client 'Scarlet'(id:63) was added to channelgroup 'Guest'(id:8) by client 'McKeyPL'(id:2) in channel 'S1'(id:231)
2015-01-06 16:21:17.181048|INFO    |VirtualServer |  1| client 'Scarlet'(id:63) was added to channelgroup 'Guest'(id:8) by client 'McKeyPL'(id:2) in channel 'S2'(id:232)
2015-01-06 16:21:17.181465|INFO    |VirtualServer |  1| client 'Scarlet'(id:63) was added to channelgroup 'Guest'(id:8) by client 'McKeyPL'(id:2) in channel 'Administracja'(id:233)
2015-01-06 16:21:17.181952|INFO    |VirtualServer |  1| client 'Scarlet'(id:63) was added to channelgroup 'Guest'(id:8) by client 'McKeyPL'(id:2) in channel 'Osu!'(id:236)
2015-01-06 16:21:17.182391|INFO    |VirtualServer |  1| client 'Scarlet'(id:63) was added to channelgroup 'Guest'(id:8) by client 'McKeyPL'(id:2) in channel 'Single'(id:237)
2015-01-06 16:21:17.182804|INFO    |VirtualServer |  1| client 'Scarlet'(id:63) was added to channelgroup 'Guest'(id:8) by client 'McKeyPL'(id:2) in channel 'Multi'(id:238)
2015-01-06 16:21:17.183295|INFO    |VirtualServer |  1| client 'Scarlet'(id:63) was added to channelgroup 'Guest'(id:8) by client 'McKeyPL'(id:2) in channel 'League of legends'(id:239)
2015-01-06 16:21:17.183794|INFO    |VirtualServer |  1| client 'Scarlet'(id:63) was added to channelgroup 'Guest'(id:8) by client 'McKeyPL'(id:2) in channel '1 vs 1'(id:240)
2015-01-06 16:21:17.184183|INFO    |VirtualServer |  1| client 'Scarlet'(id:63) was added to channelgroup 'Guest'(id:8) by client 'McKeyPL'(id:2) in channel '3 vs 3'(id:241)
2015-01-06 16:21:17.184836|INFO    |VirtualServer |  1| client 'Scarlet'(id:63) was added to channelgroup 'Guest'(id:8) by client 'McKeyPL'(id:2) in channel 'Team 1'(id:242)
2015-01-06 16:21:17.185270|INFO    |VirtualServer |  1| client 'Scarlet'(id:63) was added to channelgroup 'Guest'(id:8) by client 'McKeyPL'(id:2) in channel 'Team 2'(id:243)
2015-01-06 16:21:17.185712|INFO    |VirtualServer |  1| client 'Scarlet'(id:63) was added to channelgroup 'Guest'(id:8) by client 'McKeyPL'(id:2) in channel '5 vs 5'(id:244)
2015-01-06 16:21:17.186098|INFO    |VirtualServer |  1| client 'Scarlet'(id:63) was added to channelgroup 'Guest'(id:8) by client 'McKeyPL'(id:2) in channel 'Team 1'(id:245)
2015-01-06 16:21:17.186537|INFO    |VirtualServer |  1| client 'Scarlet'(id:63) was added to channelgroup 'Guest'(id:8) by client 'McKeyPL'(id:2) in channel 'Team 2'(id:246)
2015-01-06 16:21:17.186928|INFO    |VirtualServer |  1| client 'Scarlet'(id:63) was added to channelgroup 'Guest'(id:8) by client 'McKeyPL'(id:2) in channel 'World of Tanks'(id:247)
2015-01-06 16:21:17.187303|INFO    |VirtualServer |  1| client 'Scarlet'(id:63) was added to channelgroup 'Guest'(id:8) by client 'McKeyPL'(id:2) in channel 'Team 1'(id:248)
2015-01-06 16:21:17.187732|INFO    |VirtualServer |  1| client 'Scarlet'(id:63) was added to channelgroup 'Guest'(id:8) by client 'McKeyPL'(id:2) in channel 'Team 2'(id:249)
2015-01-06 16:21:17.188221|INFO    |VirtualServer |  1| client 'Scarlet'(id:63) was added to channelgroup 'Guest'(id:8) by client 'McKeyPL'(id:2) in channel 'Team Fight'(id:250)
2015-01-06 16:21:23.661244|INFO    |VirtualServer |  1| client 'Scarlet'(id:63) was added to channelgroup 'Operator'(id:6) by client 'McKeyPL'(id:2) in channel 'Scarlet'(id:176)
2015-01-06 18:26:23.142364|INFO    |VirtualServer |  1| client (id:118) was added to servergroup 'Radiowiec'(id:13) by client 'McKeyPL'(id:2)
2015-01-06 18:26:47.658944|INFO    |VirtualServer |  1| client (id:118) was added to servergroup 'McKey'(id:9) by client 'McKeyPL'(id:2)
2015-01-06 23:42:29.383689|INFO    |VirtualServer |  1| permission 'i_channel_needed_join_power'(id:137) with values (value:75) was added by 'Random'(id:2) to channel 'McKey'(id:174)
2015-01-06 23:42:29.396753|INFO    |VirtualServer |  1| permission 'i_channel_needed_subscribe_power'(id:139) with values (value:75) was added by 'Random'(id:2) to channel 'McKey'(id:174)
2015-01-06 23:42:29.398500|INFO    |VirtualServer |  1| permission 'i_channel_needed_modify_power'(id:122) with values (value:75) was added by 'Random'(id:2) to channel 'McKey'(id:174)
2015-01-06 23:42:54.506334|INFO    |VirtualServer |  1| permission 'i_channel_modify_power'(id:121) with values (value:74, negated:0, skipchannel:0) was added by 'Random'(id:2) to servergroup 'Scarlet'(id:16)
2015-01-06 23:42:59.243671|INFO    |VirtualServer |  1| permission 'i_channel_join_power'(id:136) with values (value:74, negated:0, skipchannel:0) was added by 'Random'(id:2) to servergroup 'Scarlet'(id:16)
2015-01-06 23:43:02.682211|INFO    |VirtualServer |  1| permission 'i_channel_subscribe_power'(id:138) with values (value:74, negated:0, skipchannel:0) was added by 'Random'(id:2) to servergroup 'Scarlet'(id:16)
2015-01-07 06:55:36.764560|INFO    |VirtualServer |  1| permission 'i_icon_id'(id:142) with values (value:-272681933) was added by 'Scarlet'(id:63) to channel 'Osu!'(id:236)
2015-01-07 06:55:45.216963|INFO    |VirtualServer |  1| permission 'i_icon_id'(id:142) with values (value:1513344601) was added by 'Scarlet'(id:63) to channel 'League of legends'(id:239)
2015-01-07 06:56:02.318725|INFO    |VirtualServer |  1| permission 'i_icon_id'(id:142) with values (value:39402157) was added by 'Scarlet'(id:63) to channel 'World of Tanks'(id:247)
2015-01-07 17:12:56.376971|INFO    |VirtualServer |  1| client 'StormStar'(id:96) was added to channelgroup 'Channel Admin'(id:5) by client 'McKeyPL'(id:2) in channel 'TwiCraft'(id:221)
2015-01-07 17:13:05.211886|INFO    |VirtualServer |  1| client (id:96) was added to servergroup 'Normal'(id:7) by client 'McKeyPL'(id:2)
2015-01-07 19:19:50.798009|INFO    |VirtualServer |  1| client (id:81) was added to servergroup 'Scarlet'(id:16) by client 'McKeyPL'(id:2)
2015-01-07 19:20:03.148908|INFO    |VirtualServer |  1| client (id:81) was added to servergroup 'Normal'(id:7) by client 'Scarletto'(id:81)
2015-01-07 19:23:04.448978|INFO    |VirtualServer |  1| permission 'i_channel_join_power'(id:136) with values (value:0) was added by 'McKeyPL'(id:2) for client (id:81) and channel 'Nudy. Poprostu'(id:73)
2015-01-07 19:23:05.955123|INFO    |VirtualServer |  1| permission 'i_channel_needed_join_power'(id:137) with values (value:75) was added by 'McKeyPL'(id:2) for client (id:81) and channel 'Nudy. Poprostu'(id:73)
2015-01-07 19:24:02.456456|INFO    |VirtualServer |  1| permission 'i_client_needed_poke_power'(id:222) with values (value:75) was added by 'McKeyPL'(id:2) to client (id:2)
2015-01-07 19:24:06.315381|INFO    |VirtualServer |  1| permission 'i_client_poke_power'(id:221) with values (value:70) was added by 'McKeyPL'(id:2) to client (id:81)
2015-01-08 20:01:05.374410|INFO    |VirtualServer |  1| client (id:119) was added to servergroup 'McKey'(id:9) by client 'RadioYaY Live'(id:118)
2015-01-09 19:10:24.871344|INFO    |VirtualServer |  1| client (id:121) was added to servergroup 'Normal'(id:7) by client 'Scarlet'(id:63)
2015-01-10 16:00:06.274021|INFO    |VirtualServer |  1| permission 'b_client_is_priority_speaker'(id:177) with values (value:1) was added by 'Scarlet'(id:63) for client (id:123) and channel '[cspacer]&#9562;&#9552;&#9552;&#9552;&#9552;&#9552;&#9552;&#9552;&#9552;&#9552;&#9552;&#9552;&#9552;&#9552;&#9552;&#9552;&#9565;'(id:148)
2015-01-10 16:00:10.870164|INFO    |VirtualServer |  1| permission 'b_client_is_priority_speaker'(id:177) was deleted by 'Scarlet'(id:63) for client (id:123) and channel '[cspacer]&#9562;&#9552;&#9552;&#9552;&#9552;&#9552;&#9552;&#9552;&#9552;&#9552;&#9552;&#9552;&#9552;&#9552;&#9552;&#9552;&#9565;'(id:148)
2015-01-10 16:59:55.146901|INFO    |VirtualServer |  1| client (id:56) was added to servergroup 'Normal'(id:7) by client 'Scarlet'(id:63)
2015-01-14 23:21:41.237361|INFO    |VirtualServerBase|  1| stopped
