2015-08-13 23:17:07.115998|INFO    |VirtualServer |  1| listening on 0.0.0.0:9987
2015-08-14 18:20:26.359092|INFO    |VirtualServer |  1| client 'Jambojeta'(id:1185) was added to channelgroup 'Normal'(id:8) by client 'jambojeta'(id:1173) in channel 'dom atroxa las borealny'(id:502)
2015-08-14 18:20:39.412642|INFO    |VirtualServer |  1| client 'Jambojeta'(id:1185) was added to channelgroup 'Zast&#281;pca'(id:6) by client 'jambojeta'(id:1173) in channel 'dom atroxa las borealny'(id:502)
2015-08-14 18:24:39.723100|INFO    |VirtualServer |  1| client 'Jambojeta'(id:1185) was added to channelgroup 'Zast&#281;pca'(id:6) by client 'jambojeta'(id:1173) in channel 'LaGaming'(id:498)
2015-08-15 00:02:10.335694|INFO    |VirtualServer |  1| client (id:1665) was added to servergroup 'normal'(id:7) by client 'Scarlet'(id:1383)
2015-08-15 00:02:26.053869|INFO    |VirtualServer |  1| client (id:1651) was added to servergroup 'Anal Wizard'(id:54) by client 'Scarlet'(id:1383)
2015-08-15 00:02:45.037914|INFO    |VirtualServer |  1| client (id:1651) was removed from servergroup 'Anal Wizard'(id:54) by client 'Scarlet'(id:1383)
2015-08-16 05:50:23.337451|INFO    |VirtualServerBase|  1| channel 'Zau&#322;ek debili'(id:591) created as sub channel of '[cspacer430]&#9562;&#9552;&#9552;&#9552;&#9552;&#9552;&#9552;&#9552;&#9552;&#9552;&#9552;&#9552;&#9552;&#9552;&#9552;&#9552;&#9565;'(id:197) by 'Scarlet'(id:1383)
2015-08-16 05:50:31.704337|INFO    |VirtualServerBase|  1| channel 'Zau&#322;ek debili'(id:591) edited by 'Scarlet'(id:1383)
2015-08-16 05:50:53.580933|INFO    |VirtualServerBase|  1| channel 'Pustynia McKey'a'(id:592) created as sub channel of 'Zau&#322;ek debili'(id:591) by 'Scarlet'(id:1383)
2015-08-16 05:51:28.605876|INFO    |VirtualServerBase|  1| channel 'Kopalnia Scarleta'(id:593) created as sub channel of 'Zau&#322;ek debili'(id:591) by 'Scarlet'(id:1383)
2015-08-16 05:51:52.222005|INFO    |VirtualServerBase|  1| channel 'Pustynia McKeya'(id:592) edited by 'Scarlet'(id:1383)
2015-08-16 05:52:22.971176|INFO    |VirtualServerBase|  1| channel 'Kom&#243;rka Zurka'(id:594) created as sub channel of 'Zau&#322;ek debili'(id:591) by 'Scarlet'(id:1383)
2015-08-16 05:52:43.050260|INFO    |VirtualServerBase|  1| channel 'Klawiatura Kijori'ego'(id:595) created as sub channel of 'Zau&#322;ek debili'(id:591) by 'Scarlet'(id:1383)
2015-08-16 05:52:52.087509|INFO    |VirtualServerBase|  1| channel 'Pustynia McKey'a'(id:592) edited by 'Scarlet'(id:1383)
2015-08-16 05:52:57.708982|INFO    |VirtualServerBase|  1| channel 'Klawiatura Kijori'ego'(id:595) edited by 'Scarlet'(id:1383)
2015-08-16 05:53:52.463996|INFO    |VirtualServer |  1| client 'Scarlet'(id:1383) was added to channelgroup 'Normal'(id:8) by client 'Scarlet'(id:1383) in channel 'Kopalnia Scarleta'(id:593)
2015-08-16 05:53:52.465369|INFO    |VirtualServer |  1| client 'Scarlet'(id:1383) was added to channelgroup 'Normal'(id:8) by client 'Scarlet'(id:1383) in channel 'Klawiatura Kijori'ego'(id:595)
2015-08-16 05:53:52.465852|INFO    |VirtualServer |  1| client 'Scarlet'(id:1383) was added to channelgroup 'Normal'(id:8) by client 'Scarlet'(id:1383) in channel 'Kom&#243;rka Zurka'(id:594)
2015-08-16 05:53:52.466390|INFO    |VirtualServer |  1| client 'Scarlet'(id:1383) was added to channelgroup 'Normal'(id:8) by client 'Scarlet'(id:1383) in channel 'Kopalnia Scarleta'(id:593)
2015-08-16 05:53:52.467835|INFO    |VirtualServer |  1| client 'Scarlet'(id:1383) was added to channelgroup 'Normal'(id:8) by client 'Scarlet'(id:1383) in channel 'Pustynia McKey'a'(id:592)
2015-08-16 05:54:00.887535|INFO    |VirtualServerBase|  1| channel 'Pustynia McKey'a'(id:592) deleted by 'Scarlet'(id:1383)
2015-08-16 05:54:42.711467|INFO    |VirtualServerBase|  1| channel 'VAC'acje FENZIGO'(id:596) created as sub channel of 'Zau&#322;ek debili'(id:591) by 'Scarlet'(id:1383)
2015-08-16 05:54:49.223246|INFO    |VirtualServerBase|  1| channel 'VAC'acje FENZIGO'(id:596) edited by 'Scarlet'(id:1383)
2015-08-16 05:56:05.987767|INFO    |VirtualServer |  1| client 'Scarlet'(id:1383) was added to channelgroup 'Normal'(id:8) by client 'Scarlet'(id:1383) in channel 'VAC'acje FENZIGO'(id:596)
2015-08-16 05:56:16.918373|INFO    |VirtualServer |  1| permission 'i_group_needed_member_add_power'(id:164) with values (value:75, negated:0, skipchannel:0) was added by 'Scarlet'(id:1383) to servergroup '--- Administracyjne ---'(id:68)
2015-08-16 05:56:21.020902|INFO    |VirtualServer |  1| permission 'i_group_needed_member_add_power'(id:164) with values (value:75, negated:0, skipchannel:0) was added by 'Scarlet'(id:1383) to servergroup '--- Ikonki ---'(id:69)
2015-08-16 05:56:23.284018|INFO    |VirtualServer |  1| permission 'i_group_needed_modify_power'(id:162) with values (value:75, negated:0, skipchannel:0) was added by 'Scarlet'(id:1383) to servergroup '--- Ikonki ---'(id:69)
2015-08-16 05:56:25.492422|INFO    |VirtualServer |  1| permission 'i_group_needed_member_remove_power'(id:166) with values (value:75, negated:0, skipchannel:0) was added by 'Scarlet'(id:1383) to servergroup '--- Ikonki ---'(id:69)
2015-08-16 05:56:27.555934|INFO    |VirtualServer |  1| permission 'i_group_needed_modify_power'(id:162) with values (value:75, negated:0, skipchannel:0) was added by 'Scarlet'(id:1383) to servergroup '--- Administracyjne ---'(id:68)
2015-08-16 05:56:29.121994|INFO    |VirtualServer |  1| permission 'i_group_needed_member_remove_power'(id:166) with values (value:75, negated:0, skipchannel:0) was added by 'Scarlet'(id:1383) to servergroup '--- Administracyjne ---'(id:68)
2015-08-16 05:56:31.410301|INFO    |VirtualServer |  1| permission 'i_group_needed_member_add_power'(id:164) with values (value:75, negated:0, skipchannel:0) was added by 'Scarlet'(id:1383) to servergroup '--- MLP ---'(id:70)
2015-08-16 05:56:32.225929|INFO    |VirtualServer |  1| permission 'i_group_needed_modify_power'(id:162) with values (value:75, negated:0, skipchannel:0) was added by 'Scarlet'(id:1383) to servergroup '--- MLP ---'(id:70)
2015-08-16 05:56:33.234689|INFO    |VirtualServer |  1| permission 'i_group_needed_member_remove_power'(id:166) with values (value:75, negated:0, skipchannel:0) was added by 'Scarlet'(id:1383) to servergroup '--- MLP ---'(id:70)
2015-08-16 05:56:37.617843|INFO    |VirtualServer |  1| permission 'i_group_needed_member_remove_power'(id:166) with values (value:75, negated:0, skipchannel:0) was added by 'Scarlet'(id:1383) to servergroup '--- Kluby ---'(id:71)
2015-08-16 05:56:38.465793|INFO    |VirtualServer |  1| permission 'i_group_needed_member_add_power'(id:164) with values (value:75, negated:0, skipchannel:0) was added by 'Scarlet'(id:1383) to servergroup '--- Kluby ---'(id:71)
2015-08-16 05:56:39.427520|INFO    |VirtualServer |  1| permission 'i_group_needed_modify_power'(id:162) with values (value:75, negated:0, skipchannel:0) was added by 'Scarlet'(id:1383) to servergroup '--- Kluby ---'(id:71)
2015-08-16 05:56:41.793482|INFO    |VirtualServer |  1| permission 'i_group_needed_member_remove_power'(id:166) with values (value:75, negated:0, skipchannel:0) was added by 'Scarlet'(id:1383) to servergroup '--- CS:GO ---'(id:72)
2015-08-16 05:56:42.547748|INFO    |VirtualServer |  1| permission 'i_group_needed_member_add_power'(id:164) with values (value:75, negated:0, skipchannel:0) was added by 'Scarlet'(id:1383) to servergroup '--- CS:GO ---'(id:72)
2015-08-16 05:56:43.491788|INFO    |VirtualServer |  1| permission 'i_group_needed_modify_power'(id:162) with values (value:75, negated:0, skipchannel:0) was added by 'Scarlet'(id:1383) to servergroup '--- CS:GO ---'(id:72)
2015-08-16 05:56:45.667002|INFO    |VirtualServer |  1| permission 'i_group_needed_member_remove_power'(id:166) with values (value:75, negated:0, skipchannel:0) was added by 'Scarlet'(id:1383) to servergroup '--- Inne ---'(id:73)
2015-08-16 05:56:46.322772|INFO    |VirtualServer |  1| permission 'i_group_needed_member_add_power'(id:164) with values (value:75, negated:0, skipchannel:0) was added by 'Scarlet'(id:1383) to servergroup '--- Inne ---'(id:73)
2015-08-16 05:56:47.235268|INFO    |VirtualServer |  1| permission 'i_group_needed_modify_power'(id:162) with values (value:75, negated:0, skipchannel:0) was added by 'Scarlet'(id:1383) to servergroup '--- Inne ---'(id:73)
2015-08-16 05:56:53.865973|INFO    |VirtualServer |  1| client 'Scarlet'(id:1383) was added to channelgroup 'Admin kana&#322;u'(id:5) by client 'Scarlet'(id:1383) in channel 'VAC'acje FENZIGO'(id:596)
2015-08-16 05:57:02.856741|INFO    |VirtualServer |  1| client 'Scarlet'(id:1383) was added to channelgroup 'Normal'(id:8) by client 'Scarlet'(id:1383) in channel 'VAC'acje FENZIGO'(id:596)
2015-08-16 06:00:10.343146|INFO    |VirtualServer |  1| client 'FENZIGO'(id:1651) was added to channelgroup 'Admin kana&#322;u'(id:5) by client 'Scarlet'(id:1383) in channel 'VAC'acje FENZIGO'(id:596)
2015-08-17 11:52:23.540623|INFO    |VirtualServerBase|  1| channel 'Zau&#322;ek debili'(id:591) edited by 'McK'(id:2)
2015-08-17 12:05:42.485159|INFO    |VirtualServerBase|  1| channel 'Wysypisko &#347;mieci Jeffiego'(id:66) edited by '&#10026; Jeffy &#10084;'(id:1164)
2015-08-17 14:37:05.665143|INFO    |VirtualServer |  1| client (id:1512) was added to servergroup 'normal'(id:7) by client 'McK'(id:2)
2015-08-17 14:37:08.881646|INFO    |VirtualServer |  1| client (id:1676) was added to servergroup 'normal'(id:7) by client 'McK'(id:2)
2015-08-17 14:37:48.374950|INFO    |VirtualServer |  1| client (id:115) was added to servergroup 'Anal Wizard'(id:54) by client 'McK'(id:2)
2015-08-17 14:39:32.138105|INFO    |VirtualServer |  1| client 'MaxiProsto'(id:117) was added to channelgroup 'Zast&#281;pca'(id:6) by client '&#10026; Jeffy &#10084;'(id:1164) in channel 'CS:GO'(id:304)
2015-08-17 14:39:45.465149|INFO    |VirtualServer |  1| client 'Royal'(id:115) was added to channelgroup 'AFK'(id:17) by client '&#10026; Jeffy &#10084;'(id:1164) in channel 'CS:GO'(id:304)
2015-08-17 15:00:36.968901|INFO    |VirtualServer |  1| client 'Royal'(id:115) was added to channelgroup 'Normal'(id:8) by client '&#10026; Jeffy &#10084;'(id:1164) in channel 'CS:GO'(id:304)
2015-08-17 15:40:26.576151|INFO    |VirtualServerBase|  1| channel 'Team A'(id:597) created as sub channel of 'CS:GO'(id:304) by '&#10026; Jeffy &#10084;'(id:1164)
2015-08-17 15:40:36.414247|INFO    |VirtualServerBase|  1| channel 'Team B'(id:598) created as sub channel of 'CS:GO'(id:304) by '&#10026; Jeffy &#10084;'(id:1164)
2015-08-17 15:41:12.635805|INFO    |VirtualServer |  1| client 'Kijori'(id:5) was added to channelgroup 'Admin kana&#322;u'(id:5) by client 'Scarlet'(id:1383) in channel 'Klawiatura Kijori'ego'(id:595)
2015-08-17 15:44:42.102601|INFO    |VirtualServerBase|  1| channel 'Pustynia (McKey)'(id:588) edited by 'McK'(id:2)
2015-08-17 15:44:51.562714|INFO    |VirtualServerBase|  1| channel 'Pustynia McKeya'(id:588) edited by 'McK'(id:2)
2015-08-17 15:45:49.090138|INFO    |VirtualServerBase|  1| channel 'Skiny Mattika'(id:599) created as sub channel of 'Zau&#322;ek debili'(id:591) by 'Scarlet'(id:1383)
2015-08-17 15:45:54.121964|INFO    |VirtualServerBase|  1| channel 'Skiny Mattika'(id:599) edited by 'Scarlet'(id:1383)
2015-08-17 15:46:05.194050|INFO    |VirtualServer |  1| client 'MattikXD'(id:222) was added to channelgroup 'Admin kana&#322;u'(id:5) by client 'Scarlet'(id:1383) in channel 'Skiny Mattika'(id:599)
2015-08-17 15:48:05.139481|INFO    |VirtualServer |  1| permission 'i_client_needed_kick_from_server_power'(id:197) was deleted by 'McK'(id:2) from client (id:1383)
2015-08-17 15:48:05.976854|INFO    |VirtualServer |  1| permission 'i_client_needed_kick_from_channel_power'(id:199) was deleted by 'McK'(id:2) from client (id:1383)
2015-08-17 15:48:06.792570|INFO    |VirtualServer |  1| permission 'i_client_needed_ban_power'(id:201) was deleted by 'McK'(id:2) from client (id:1383)
2015-08-17 15:48:08.439950|INFO    |VirtualServer |  1| permission 'i_client_needed_move_power'(id:203) was deleted by 'McK'(id:2) from client (id:1383)
2015-08-17 15:48:09.347970|INFO    |VirtualServer |  1| permission 'i_client_needed_complain_power'(id:205) was deleted by 'McK'(id:2) from client (id:1383)
2015-08-17 15:48:10.905442|INFO    |VirtualServer |  1| permission 'i_client_talk_power'(id:219) was deleted by 'McK'(id:2) from client (id:1383)
2015-08-17 15:49:37.616396|INFO    |VirtualServer |  1| permission 'i_permission_modify_power'(id:167) with values (value:75, negated:0, skipchannel:1) was added by 'Scarlet'(id:1383) to servergroup 'Scarlet'(id:16)
2015-08-17 15:49:40.876794|INFO    |VirtualServer |  1| permission 'i_permission_modify_power'(id:167) was deleted by 'Scarlet'(id:1383) from servergroup 'Scarlet'(id:16)
2015-08-17 15:52:14.717677|INFO    |VirtualServer |  1| servergroup 'normal'(id:7) was renamed to 'Zarejestrowany' by 'McK'(id:2)
2015-08-17 15:52:56.107133|INFO    |VirtualServer |  1| client 'Scarlet'(id:1383) was added to channelgroup 'Admin kana&#322;u'(id:5) by client 'Scarlet'(id:1383) in channel 'Klawiatura Kijori'ego'(id:595)
2015-08-17 15:53:11.797521|INFO    |VirtualServer |  1| client (id:1383) was added to servergroup 'Zarejestrowany'(id:7) by client 'Scarlet'(id:1383)
2015-08-17 15:53:16.458928|INFO    |VirtualServer |  1| client (id:1383) was removed from servergroup 'Zarejestrowany'(id:7) by client 'Scarlet'(id:1383)
2015-08-17 15:53:43.150734|INFO    |VirtualServer |  1| client (id:1383) was removed from servergroup 'Scarlet'(id:16) by client 'McK'(id:2)
2015-08-17 15:53:57.343410|INFO    |VirtualServer |  1| client (id:1383) was added to servergroup 'Scarlet'(id:16) by client 'McK'(id:2)
2015-08-17 15:54:09.077588|INFO    |VirtualServer |  1| client 'MattikXD'(id:222) was added to channelgroup 'Admin kana&#322;u'(id:5) by client 'Scarlet'(id:1383) in channel 'Klawiatura Kijori'ego'(id:595)
2015-08-17 15:54:12.241527|INFO    |VirtualServer |  1| client 'Scarlet'(id:1383) was added to channelgroup 'Zast&#281;pca'(id:6) by client 'Kijori'(id:5) in channel 'Klawiatura Kijori'ego'(id:595)
2015-08-17 15:54:16.903483|INFO    |VirtualServer |  1| client 'Scarlet'(id:1383) was added to channelgroup 'Admin kana&#322;u'(id:5) by client 'Kijori'(id:5) in channel 'Klawiatura Kijori'ego'(id:595)
2015-08-17 15:54:29.647777|INFO    |VirtualServer |  1| client (id:222) was added to servergroup 'Mobile'(id:64) by client 'Kijori'(id:5)
2015-08-17 15:54:33.942964|INFO    |VirtualServer |  1| client (id:222) was removed from servergroup 'Mobile'(id:64) by client 'Kijori'(id:5)
2015-08-17 15:54:54.518649|INFO    |VirtualServer |  1| client 'Scarlet'(id:1383) was added to channelgroup 'Normal'(id:8) by client 'Scarlet'(id:1383) in channel 'Klawiatura Kijori'ego'(id:595)
2015-08-17 15:55:33.868198|INFO    |VirtualServer |  1| client (id:117) was added to servergroup 'Zarejestrowany'(id:7) by client 'Scarlet'(id:1383)
2015-08-17 15:55:42.020457|INFO    |VirtualServer |  1| client (id:1164) was added to servergroup 'Zarejestrowany'(id:7) by client 'Scarlet'(id:1383)
2015-08-17 15:55:58.287467|INFO    |VirtualServer |  1| client (id:1185) was added to servergroup 'Zarejestrowany'(id:7) by client 'Scarlet'(id:1383)
2015-08-17 15:56:04.937167|INFO    |VirtualServer |  1| client (id:1233) was added to servergroup 'Zarejestrowany'(id:7) by client 'Scarlet'(id:1383)
2015-08-17 16:06:33.670075|INFO    |VirtualServerBase|  1| channel 'Klawiatura Kijori'ego'(id:595) edited by 'Kijori'(id:5)
2015-08-17 17:05:37.805900|INFO    |VirtualServer |  1| permission 'b_virtualserver_modify_icon_id'(id:70) with values (value:1) was added by 'McK'(id:2) to client (id:1504)
2015-08-17 17:05:40.597068|INFO    |VirtualServer |  1| permission 'b_virtualserver_modify_icon_id'(id:70) was deleted by 'McK'(id:2) from client (id:1504)
2015-08-17 17:05:47.668170|INFO    |VirtualServer |  1| permission 'i_icon_id'(id:142) with values (value:1910538173) was added by 'McK'(id:2) to client (id:1504)
2015-08-17 17:28:30.607232|INFO    |VirtualServer |  1| client (id:1074) was added to servergroup 'Mobile'(id:64) by client 'Scarlet'(id:1383)
2015-08-17 17:28:33.709063|INFO    |VirtualServer |  1| client (id:1074) was removed from servergroup 'Mobile'(id:64) by client 'Scarlet'(id:1383)
2015-08-17 19:32:24.253840|INFO    |VirtualServer |  1| client 'MattikXD'(id:222) was added to channelgroup 'Normal'(id:8) by client 'Kijori'(id:5) in channel 'Klawiatura Kijori'ego'(id:595)
2015-08-17 22:34:43.558699|INFO    |VirtualServerBase|  1| channel '7-DayS Scarleta (to przez windowsa)'(id:593) edited by 'FENZIGO'(id:1651)
2015-08-18 02:06:11.168947|INFO    |VirtualServerBase|  1| channel 'League of N00bs'(id:239) edited by 'Scarlet'(id:1383)
2015-08-18 02:06:50.447165|INFO    |VirtualServerBase|  1| channel 'Counter Strike: Global Defensive'(id:322) edited by 'Scarlet'(id:1383)
2015-08-18 02:06:53.382586|INFO    |VirtualServerBase|  1| channel 'Counter Strike Global Defensive'(id:442) deleted by 'Scarlet'(id:1383)
2015-08-18 02:07:26.531728|INFO    |VirtualServerBase|  1| channel 'Mecz Mejking'(id:600) created as sub channel of 'Counter Strike: Global Defensive'(id:322) by 'Scarlet'(id:1383)
2015-08-18 09:05:20.669224|INFO    |VirtualServerBase|  1| channel 'Team A'(id:597) deleted by '&#10026; Jeffy &#10084;'(id:1164)
2015-08-18 09:05:22.886465|INFO    |VirtualServerBase|  1| channel 'Team B'(id:598) deleted by '&#10026; Jeffy &#10084;'(id:1164)
2015-08-18 12:35:13.192886|INFO    |VirtualServerBase|  1| channel 'Hck Channel'(id:601) created as sub channel of '[cspacer7]&#9562;&#9552;&#9552;&#9552;&#9552;&#9552;&#9552;&#9552;&#9552;&#9552;&#9552;&#9552;&#9552;&#9552;&#9552;&#9552;&#9565;'(id:165) by 'McK'(id:2)
2015-08-18 12:35:21.551086|INFO    |VirtualServerBase|  1| channel 'Hck Channel'(id:601) edited by 'McK'(id:2)
2015-08-18 12:35:26.679726|INFO    |VirtualServerBase|  1| channel '1'(id:602) created as sub channel of 'Hck Channel'(id:601) by 'McK'(id:2)
2015-08-18 12:35:35.791878|INFO    |VirtualServerBase|  1| channel '2'(id:603) created as sub channel of 'Hck Channel'(id:601) by 'McK'(id:2)
2015-08-18 12:35:39.386697|INFO    |VirtualServerBase|  1| channel '3'(id:604) created as sub channel of 'Hck Channel'(id:601) by 'McK'(id:2)
2015-08-18 17:26:08.138804|INFO    |VirtualServerBase|  1| channel 'MM with friends'(id:470) edited by 'Dobry'(id:862)
2015-08-18 17:26:16.965645|INFO    |VirtualServerBase|  1| channel 'MM with friends'(id:470) edited by 'Dobry'(id:862)
2015-08-18 18:05:39.027094|INFO    |VirtualServerBase|  1| channel 'League of Legends'(id:239) edited by 'Kijori'(id:5)
2015-08-18 18:18:46.094633|INFO    |VirtualServer |  1| client (id:1690) was added to servergroup 'Zarejestrowany'(id:7) by client 'McK'(id:2)
2015-08-19 10:17:20.855636|INFO    |VirtualServerBase|  1| channel 'Skiny Mattika'(id:599) edited by 'MattikXD'(id:222)
2015-08-19 10:24:01.942184|INFO    |VirtualServerBase|  1| channel 'Team Fight'(id:250) deleted by 'McK'(id:2)
2015-08-19 12:07:02.519725|INFO    |VirtualServer |  1| client (id:1504) was removed from servergroup 'Anal Wizard'(id:54) by client 'McK'(id:2)
2015-08-19 12:07:27.617068|INFO    |VirtualServer |  1| permission 'i_icon_id'(id:142) was deleted by 'McK'(id:2) from client (id:1504)
2015-08-19 12:07:38.924598|INFO    |VirtualServer |  1| client (id:1504) was added to servergroup 'Zarejestrowany'(id:7) by client 'McK'(id:2)
2015-08-19 14:57:20.324503|INFO    |VirtualServerBase|  1| channel 'Skiny Mattikaa'(id:599) edited by 'MattikXD'(id:222)
2015-08-19 14:57:25.507418|INFO    |VirtualServerBase|  1| channel 'Skiny Mattika'(id:599) edited by 'MattikXD'(id:222)
2015-08-19 14:57:25.616563|INFO    |VirtualServerBase|  1| channel 'Jacek ma dziewczyne (hahah nie)'(id:605) created as sub channel of 'Zau&#322;ek debili'(id:591) by 'Scarlet'(id:1383)
2015-08-19 14:57:35.297466|INFO    |VirtualServerBase|  1| channel 'Klawiatura Kijora'(id:595) edited by 'Kijori'(id:5)
2015-08-19 14:57:37.037042|INFO    |VirtualServer |  1| client 'RED'(id:1074) was added to channelgroup 'Admin kana&#322;u'(id:5) by client 'Scarlet'(id:1383) in channel 'Jacek ma dziewczyne (hahah nie)'(id:605)
2015-08-19 14:57:51.560719|INFO    |VirtualServerBase|  1| channel 'Klawiatura Kijori'ego'(id:595) edited by 'Kijori'(id:5)
2015-08-19 15:00:26.053073|INFO    |VirtualServer |  1| client 'zurek520'(id:1504) was added to channelgroup 'Admin kana&#322;u'(id:5) by client 'McK'(id:2) in channel 'Kom&#243;rka Zurka'(id:594)
2015-08-19 15:53:33.844778|INFO    |VirtualServerBase|  1| channel 'Klawiatura Kijori'ego'(id:595) edited by 'McK'(id:2)
2015-08-19 15:53:40.886962|INFO    |VirtualServerBase|  1| channel 'Klawiatura Kijori'ego'(id:595) edited by 'McK'(id:2)
2015-08-19 18:24:23.089650|INFO    |VirtualServerBase|  1| channel 'Moje dziffki'(id:606) created as sub channel of 'Wysypisko &#347;mieci Jeffiego'(id:66) by '&#10026; Jeffy &#10084;'(id:1164)
2015-08-19 18:47:45.855218|INFO    |VirtualServerBase|  1| channel 'Ulica Reda'(id:605) edited by 'RED'(id:1074)
2015-08-19 21:51:17.832583|INFO    |VirtualServer |  1| client (id:1705) was added to servergroup 'Zarejestrowany'(id:7) by client 'Verard'(id:1292)
2015-08-19 21:51:23.088346|INFO    |VirtualServer |  1| client (id:1704) was added to servergroup 'Zarejestrowany'(id:7) by client 'Verard'(id:1292)
2015-08-20 04:46:02.295901|INFO    |VirtualServerBase|  1| channel 'Internet Scarleta'(id:593) edited by 'Scarlet'(id:1383)
2015-08-20 10:46:37.331789|INFO    |VirtualServerBase|  1| channel 'Zau&#322;ek debili'(id:591) edited by 'McK'(id:2)
2015-08-20 10:46:55.787087|INFO    |VirtualServerBase|  1| channel '[cspacer0]&#8729;&#8226;&#9679;&#9679;&#8226;&#8729; Serwery i Partne &#8729;&#8226;&#9679;&#9679;&#8226;&#8729;'(id:196) edited by 'McK'(id:2)
2015-08-20 10:47:17.945068|INFO    |VirtualServerBase|  1| channel '[cspacer0]&#8729;&#8226;&#9679;&#9679;&#8226;&#8729; Sponsorowane &#8729;&#8226;&#9679;&#9679;&#8226;&#8729;'(id:196) edited by 'McK'(id:2)
2015-08-20 10:47:29.766421|INFO    |VirtualServerBase|  1| channel 'Administracja'(id:225) deleted by 'McK'(id:2)
2015-08-20 10:47:29.778196|INFO    |VirtualServerBase|  1| channel 'S1'(id:281) deleted by 'McK'(id:2)
2015-08-20 10:47:29.780668|INFO    |VirtualServerBase|  1| channel 'S2'(id:282) deleted by 'McK'(id:2)
2015-08-20 10:47:29.796207|INFO    |VirtualServerBase|  1| channel 'FK 2.0'(id:221) deleted by 'McK'(id:2)
2015-08-20 10:48:00.376058|INFO    |VirtualServerBase|  1| channel 'McK/McKey'(id:607) created as sub channel of 'Prenium:'(id:179) by 'McK'(id:2)
2015-08-20 10:48:03.275582|INFO    |VirtualServerBase|  1| channel 'McK/McKey'(id:607) edited by 'McK'(id:2)
2015-08-20 13:30:40.205703|INFO    |VirtualServerBase|  1| channel 'Moje dziffki'(id:606) deleted by 'McK'(id:2)
2015-08-20 15:22:11.715981|INFO    |VirtualServerBase|  1| channel 'Za&#322;amnica Scarleta'(id:593) edited by 'McK'(id:2)
2015-08-20 15:23:02.859681|INFO    |VirtualServerBase|  1| channel 'Jeziorko rozpaczy Scarleta'(id:593) edited by 'Scarlet'(id:1383)
2015-08-20 15:23:06.625766|INFO    |VirtualServerBase|  1| channel 'Za&#322;amnica Scarleta'(id:593) edited by 'McK'(id:2)
2015-08-20 15:23:31.812294|INFO    |VirtualServerBase|  1| channel 'Jeziorko rozpaczyScarleta'(id:593) edited by 'Scarlet'(id:1383)
2015-08-20 15:23:35.830013|INFO    |VirtualServerBase|  1| channel 'Jeziorko rozpaczy Scarleta'(id:593) edited by 'Scarlet'(id:1383)
2015-08-20 15:23:37.202075|INFO    |VirtualServerBase|  1| channel 'Za&#322;amnica Scarleta'(id:593) edited by 'McK'(id:2)
2015-08-20 15:23:51.529638|INFO    |VirtualServerBase|  1| channel 'Jeziorko rozpaczy Scarleta'(id:593) edited by 'Scarlet'(id:1383)
2015-08-20 15:23:53.100372|INFO    |VirtualServerBase|  1| channel 'Ruskie'(id:441) edited by 'McK'(id:2)
2015-08-20 17:00:09.484914|INFO    |VirtualServer |  1| client (id:1292) was added to servergroup 'Lol-Player'(id:15) by client 'McK'(id:2)
2015-08-20 17:00:39.751726|INFO    |VirtualServer |  1| client (id:1292) was added to servergroup 'Drewno V'(id:55) by client 'Scarlet'(id:1383)
2015-08-20 17:01:07.349451|INFO    |VirtualServerBase|  1| channel 'Skiny Mattika'(id:599) edited by 'McK'(id:2)
2015-08-20 17:01:14.247700|INFO    |VirtualServerBase|  1| channel 'Ulica Reda'(id:605) edited by 'McK'(id:2)
2015-08-20 17:49:59.091173|INFO    |VirtualServer |  1| servergroup 'Zarejestrowany'(id:7) was copied by 'Scarlet'(id:1383) to 'Rengar'(id:75)
2015-08-20 17:52:25.805064|INFO    |VirtualServer |  1| file upload to (id:0), '/icon_2432045505' by client 'Scarlet'(id:1383)
2015-08-20 18:38:50.853664|INFO    |VirtualServer |  1| client (id:631) was added to servergroup 'Zarejestrowany'(id:7) by client 'McK'(id:2)
2015-08-20 18:39:27.794506|INFO    |VirtualServer |  1| servergroup 'Normal'(id:9) was renamed to 'Zarejestrorwany' by 'McK'(id:2)
2015-08-20 21:01:41.567983|INFO    |VirtualServer |  1| client (id:1704) was added to servergroup 'Lol-Player'(id:15) by client 'McK'(id:2)
2015-08-21 13:21:24.465812|INFO    |VirtualServer |  1| client '...'(id:1612) was added to channelgroup 'Normal'(id:8) by client 'Jambojeta'(id:1185) in channel 'lol'(id:499)
2015-08-21 14:35:16.619962|INFO    |VirtualServerBase|  1| channel 'Legenda g&#322;osi'(id:441) edited by 'Kijori'(id:5)
2015-08-21 14:35:22.870034|INFO    |VirtualServerBase|  1| channel 'Legenda g&#322;osi, &#380;e'(id:441) edited by 'Kijori'(id:5)
2015-08-21 14:35:35.681036|INFO    |VirtualServerBase|  1| channel 'Minion Andrzej'(id:440) edited by 'Kijori'(id:5)
2015-08-21 14:35:51.936573|INFO    |VirtualServerBase|  1| channel 'Jest kr&#243;lem'(id:443) edited by 'Kijori'(id:5)
2015-08-21 14:36:15.529004|INFO    |VirtualServerBase|  1| channel 'Wszystkich Br&#261;z&#243;w'(id:444) edited by 'Kijori'(id:5)
2015-08-21 14:44:34.254203|INFO    |VirtualServerBase|  1| channel 'Legenda g&#322;osi, &#380;e'(id:441) edited by 'MattikXD'(id:222)
2015-08-21 14:44:48.883769|INFO    |VirtualServerBase|  1| channel 'Minion Andrzej'(id:440) edited by 'Kijori'(id:5)
2015-08-21 14:48:01.785900|INFO    |VirtualServerBase|  1| channel 'Skiny Mattika'(id:599) edited by 'MattikXD'(id:222)
2015-08-21 14:49:19.121896|INFO    |VirtualServerBase|  1| channel 'Skiny Mattika'(id:599) edited by 'MattikXD'(id:222)
2015-08-21 14:50:11.617650|INFO    |VirtualServerBase|  1| channel 'Skiny Mattika'(id:599) edited by 'MattikXD'(id:222)
2015-08-21 14:50:36.528747|INFO    |VirtualServer |  1| client 'Kijori'(id:5) was added to channelgroup 'Admin kana&#322;u'(id:5) by client 'MattikXD'(id:222) in channel 'Skiny Mattika'(id:599)
2015-08-21 14:50:43.486126|INFO    |VirtualServerBase|  1| channel 'Skiny Mattika'(id:599) edited by 'Kijori'(id:5)
2015-08-21 14:50:57.197880|INFO    |VirtualServer |  1| client 'Kijori'(id:5) was added to channelgroup 'Normal'(id:8) by client 'MattikXD'(id:222) in channel 'Skiny Mattika'(id:599)
2015-08-21 14:53:38.991691|INFO    |VirtualServerBase|  1| channel 'Skiny Mattika'(id:599) edited by 'MattikXD'(id:222)
2015-08-21 15:02:02.008178|INFO    |VirtualServerBase|  1| channel 'Skiny Mattika'(id:599) edited by 'MattikXD'(id:222)
2015-08-21 16:25:47.850486|INFO    |VirtualServer |  1| client 'Scarlet'(id:1383) was added to channelgroup 'Normal'(id:8) by client 'Scarlet'(id:1383) in channel 'Skiny Mattika'(id:599)
2015-08-21 16:25:53.688990|INFO    |VirtualServer |  1| client 'Scarlet'(id:1383) was added to channelgroup 'Normal'(id:8) by client 'Scarlet'(id:1383) in channel 'Mecz Mejking'(id:600)
2015-08-21 16:25:53.689523|INFO    |VirtualServer |  1| client 'Scarlet'(id:1383) was added to channelgroup 'Normal'(id:8) by client 'Scarlet'(id:1383) in channel 'Ulica Reda'(id:605)
2015-08-21 19:22:43.827402|INFO    |VirtualServer |  1| client 'Jambojeta'(id:1185) was added to channelgroup 'Normal'(id:8) by client 'Jumbo'(id:1173) in channel 'LaGaming'(id:498)
2015-08-21 20:21:21.618955|INFO    |VirtualServerBase|  1| channel 'cs'(id:500) edited by 'Jumbo'(id:1173)
2015-08-21 20:21:30.508040|INFO    |VirtualServerBase|  1| channel 'dom atroxa las borealny'(id:502) edited by 'Jumbo'(id:1173)
2015-08-21 20:21:40.720995|INFO    |VirtualServer |  1| client 'KumiHiko'(id:1174) was added to channelgroup 'Zast&#281;pca'(id:6) by client 'Jumbo'(id:1173) in channel 'LaGaming'(id:498)
2015-08-21 20:21:47.171588|INFO    |VirtualServer |  1| client 'KumiHiko'(id:1174) was added to channelgroup 'Zast&#281;pca'(id:6) by client 'Jumbo'(id:1173) in channel 'LaGaming'(id:498)
2015-08-21 20:21:53.819753|INFO    |VirtualServer |  1| client 'KumiHiko'(id:1174) was added to channelgroup 'Zast&#281;pca'(id:6) by client 'Jumbo'(id:1173) in channel 'LaGaming'(id:498)
2015-08-21 20:22:49.503837|INFO    |VirtualServer |  1| client 'KumiHiko'(id:1174) was added to channelgroup 'Normal'(id:8) by client 'Jumbo'(id:1173) in channel 'LaGaming'(id:498)
2015-08-21 20:56:27.490002|INFO    |VirtualServer |  1| client 'Jambojeta'(id:1185) was added to channelgroup 'Normal'(id:8) by client 'Jumbo'(id:1173) in channel 'dom atroxa las borealny'(id:502)
2015-08-21 23:03:50.785381|INFO    |VirtualServer |  1| client 'Jumbo1'(id:1185) was added to channelgroup 'G&#322;o&#347;nik'(id:7) by client 'Jumbo'(id:1173) in channel 'dom atroxa las borealny'(id:502)
2015-08-21 23:04:12.926517|INFO    |VirtualServer |  1| client 'Jumbo1'(id:1185) was added to channelgroup 'Zast&#281;pca'(id:6) by client 'Jumbo'(id:1173) in channel 'dom atroxa las borealny'(id:502)
2015-08-22 14:07:25.675503|INFO    |VirtualServer |  1| client (id:1690) was added to servergroup 'Lol-Player'(id:15) by client 'Scarlet'(id:1383)
2015-08-22 17:51:19.817374|INFO    |VirtualServerBase|  1| channel 'cs'(id:500) edited by '...'(id:1173)
2015-08-22 18:43:08.728750|INFO    |VirtualServer |  1| client (id:1504) was added to servergroup 'Lol-Player'(id:15) by client 'Android'(id:1607)
2015-08-22 18:43:12.242429|INFO    |VirtualServer |  1| client (id:1504) was added to servergroup 'Drewno V'(id:55) by client 'Android'(id:1607)
2015-08-22 18:43:14.220369|INFO    |VirtualServer |  1| client (id:1504) was added to servergroup 'CS:GO'(id:62) by client 'Android'(id:1607)
2015-08-22 18:43:24.206151|INFO    |VirtualServer |  1| client (id:1504) was removed from servergroup 'Drewno V'(id:55) by client 'Android'(id:1607)
2015-08-22 18:43:24.759806|INFO    |VirtualServer |  1| client (id:1504) was removed from servergroup 'CS:GO'(id:62) by client 'Android'(id:1607)
2015-08-22 18:43:32.505229|INFO    |VirtualServer |  1| client (id:1504) was added to servergroup 'Drewno V'(id:55) by client 'Android'(id:1607)
2015-08-22 18:43:49.399569|INFO    |VirtualServer |  1| client (id:1504) was added to servergroup 'Ninja'(id:74) by client 'Android'(id:1607)
2015-08-22 18:43:49.689589|INFO    |VirtualServer |  1| client (id:1504) was removed from servergroup 'Ninja'(id:74) by client 'Android'(id:1607)
2015-08-22 18:43:49.969873|INFO    |VirtualServer |  1| client (id:1504) was added to servergroup 'Ninja'(id:74) by client 'Android'(id:1607)
2015-08-22 18:43:50.270551|INFO    |VirtualServer |  1| client (id:1504) was removed from servergroup 'Ninja'(id:74) by client 'Android'(id:1607)
2015-08-22 18:43:50.679362|INFO    |VirtualServer |  1| client (id:1504) was added to servergroup 'Ninja'(id:74) by client 'Android'(id:1607)
2015-08-22 18:43:50.689336|INFO    |VirtualServer |  1| client (id:1504) was removed from servergroup 'Ninja'(id:74) by client 'Android'(id:1607)
2015-08-22 18:43:50.719138|INFO    |VirtualServer |  1| client (id:1504) was added to servergroup 'Ninja'(id:74) by client 'Android'(id:1607)
2015-08-22 18:43:50.739355|INFO    |VirtualServer |  1| client (id:1504) was removed from servergroup 'Ninja'(id:74) by client 'Android'(id:1607)
2015-08-22 18:43:51.246322|INFO    |VirtualServer |  1| client (id:1504) was added to servergroup 'Ninja'(id:74) by client 'Android'(id:1607)
2015-08-22 18:43:51.272722|INFO    |VirtualServer |  1| client (id:1504) was removed from servergroup 'Ninja'(id:74) by client 'Android'(id:1607)
2015-08-22 18:43:51.294105|INFO    |VirtualServer |  1| client (id:1504) was added to servergroup 'Ninja'(id:74) by client 'Android'(id:1607)
2015-08-22 18:43:51.338760|INFO    |VirtualServer |  1| client (id:1504) was removed from servergroup 'Ninja'(id:74) by client 'Android'(id:1607)
2015-08-22 18:43:51.659127|INFO    |VirtualServer |  1| client (id:1504) was added to servergroup 'Ninja'(id:74) by client 'Android'(id:1607)
2015-08-22 18:43:51.782882|INFO    |VirtualServer |  1| client (id:1504) was removed from servergroup 'Ninja'(id:74) by client 'Android'(id:1607)
2015-08-22 18:43:52.021186|INFO    |VirtualServer |  1| client (id:1504) was added to servergroup 'Ninja'(id:74) by client 'Android'(id:1607)
2015-08-22 18:43:52.033374|INFO    |VirtualServer |  1| client (id:1504) was removed from servergroup 'Ninja'(id:74) by client 'Android'(id:1607)
2015-08-22 18:43:52.439827|INFO    |VirtualServer |  1| client (id:1504) was added to servergroup 'Ninja'(id:74) by client 'Android'(id:1607)
2015-08-22 18:43:52.770331|INFO    |VirtualServer |  1| client (id:1504) was removed from servergroup 'Ninja'(id:74) by client 'Android'(id:1607)
2015-08-22 18:43:52.799466|INFO    |VirtualServer |  1| client (id:1504) was added to servergroup 'Ninja'(id:74) by client 'Android'(id:1607)
2015-08-22 18:43:53.339503|INFO    |VirtualServer |  1| client (id:1504) was removed from servergroup 'Ninja'(id:74) by client 'Android'(id:1607)
2015-08-22 18:43:53.499909|INFO    |VirtualServer |  1| client (id:1504) was added to servergroup 'Ninja'(id:74) by client 'Android'(id:1607)
2015-08-22 18:43:53.661108|INFO    |VirtualServer |  1| client (id:1504) was removed from servergroup 'Ninja'(id:74) by client 'Android'(id:1607)
2015-08-22 18:43:54.026240|INFO    |VirtualServer |  1| client (id:1504) was added to servergroup 'Ninja'(id:74) by client 'Android'(id:1607)
2015-08-22 18:43:54.045249|INFO    |VirtualServer |  1| client (id:1504) was removed from servergroup 'Ninja'(id:74) by client 'Android'(id:1607)
2015-08-22 18:43:54.569973|INFO    |VirtualServer |  1| client (id:1504) was added to servergroup 'Ninja'(id:74) by client 'Android'(id:1607)
2015-08-22 18:43:54.579689|INFO    |VirtualServer |  1| client (id:1504) was removed from servergroup 'Ninja'(id:74) by client 'Android'(id:1607)
2015-08-22 18:43:54.586348|INFO    |VirtualServer |  1| client (id:1504) was added to servergroup 'Ninja'(id:74) by client 'Android'(id:1607)
2015-08-22 18:43:55.119608|INFO    |VirtualServer |  1| client (id:1504) was removed from servergroup 'Ninja'(id:74) by client 'Android'(id:1607)
2015-08-22 18:43:55.141135|INFO    |VirtualServer |  1| client (id:1504) was added to servergroup 'Ninja'(id:74) by client 'Android'(id:1607)
2015-08-22 18:43:55.148212|INFO    |VirtualServer |  1| client (id:1504) was removed from servergroup 'Ninja'(id:74) by client 'Android'(id:1607)
2015-08-22 18:43:55.596457|INFO    |VirtualServer |  1| client (id:1504) was added to servergroup 'Ninja'(id:74) by client 'Android'(id:1607)
2015-08-22 18:43:55.769728|INFO    |VirtualServer |  1| client (id:1504) was removed from servergroup 'Ninja'(id:74) by client 'Android'(id:1607)
2015-08-22 18:43:55.776754|INFO    |VirtualServer |  1| client (id:1504) was added to servergroup 'Ninja'(id:74) by client 'Android'(id:1607)
2015-08-22 18:43:56.094002|INFO    |VirtualServer |  1| client (id:1504) was removed from servergroup 'Ninja'(id:74) by client 'Android'(id:1607)
2015-08-22 18:47:53.570387|INFO    |VirtualServer |  1| client (id:1607) was added to servergroup 'Ahri'(id:14) by client '[M]cKey'(id:1607)
2015-08-22 18:58:49.525945|INFO    |VirtualServer |  1| client (id:1383) was added to servergroup 'Zarejestrorwany'(id:9) by client '[M]cKey1'(id:1607)
2015-08-22 18:59:06.844042|INFO    |VirtualServer |  1| permission 'i_icon_id'(id:142) with values (value:-1862921791, negated:0, skipchannel:0) was added by 'Scarlet'(id:1383) to servergroup 'Rengar'(id:75)
2015-08-22 19:00:59.783348|INFO    |VirtualServer |  1| permission 'i_group_sort_id'(id:148) with values (value:2, negated:0, skipchannel:0) was added by 'Scarlet'(id:1383) to servergroup 'Zarejestrorwany'(id:9)
2015-08-22 19:02:07.162587|INFO    |VirtualServer |  1| permission 'b_serverinstance_help_view'(id:1) with values (value:1, negated:0, skipchannel:0) was added by 'Scarlet'(id:1383) to servergroup 'Scarlet'(id:16)
2015-08-22 19:02:07.244718|INFO    |VirtualServer |  1| permission 'b_serverinstance_help_view'(id:1) with values (value:0, negated:0, skipchannel:0) was added by 'Scarlet'(id:1383) to servergroup 'Scarlet'(id:16)
2015-08-22 19:02:08.033586|INFO    |VirtualServer |  1| permission 'b_serverinstance_help_view'(id:1) with values (value:1, negated:0, skipchannel:0) was added by 'Scarlet'(id:1383) to servergroup 'Scarlet'(id:16)
2015-08-22 19:02:08.604018|INFO    |VirtualServer |  1| permission 'b_serverinstance_version_view'(id:2) with values (value:1, negated:0, skipchannel:0) was added by 'Scarlet'(id:1383) to servergroup 'Scarlet'(id:16)
2015-08-22 19:02:09.163618|INFO    |VirtualServer |  1| permission 'b_serverinstance_info_view'(id:3) with values (value:1, negated:0, skipchannel:0) was added by 'Scarlet'(id:1383) to servergroup 'Scarlet'(id:16)
2015-08-22 19:02:09.737001|INFO    |VirtualServer |  1| permission 'b_serverinstance_virtualserver_list'(id:4) with values (value:1, negated:0, skipchannel:0) was added by 'Scarlet'(id:1383) to servergroup 'Scarlet'(id:16)
2015-08-22 19:02:10.274132|INFO    |VirtualServer |  1| permission 'b_serverinstance_binding_list'(id:5) with values (value:1, negated:0, skipchannel:0) was added by 'Scarlet'(id:1383) to servergroup 'Scarlet'(id:16)
2015-08-22 19:02:10.706624|INFO    |VirtualServer |  1| permission 'b_serverinstance_permission_list'(id:6) with values (value:1, negated:0, skipchannel:0) was added by 'Scarlet'(id:1383) to servergroup 'Scarlet'(id:16)
2015-08-22 19:02:11.115406|INFO    |VirtualServer |  1| permission 'b_serverinstance_permission_find'(id:7) with values (value:1, negated:0, skipchannel:0) was added by 'Scarlet'(id:1383) to servergroup 'Scarlet'(id:16)
2015-08-22 19:02:11.619174|INFO    |VirtualServer |  1| permission 'b_virtualserver_create'(id:8) with values (value:1, negated:0, skipchannel:0) was added by 'Scarlet'(id:1383) to servergroup 'Scarlet'(id:16)
2015-08-22 19:02:12.300202|INFO    |VirtualServer |  1| permission 'b_virtualserver_delete'(id:9) with values (value:1, negated:0, skipchannel:0) was added by 'Scarlet'(id:1383) to servergroup 'Scarlet'(id:16)
2015-08-22 19:02:12.705961|INFO    |VirtualServer |  1| permission 'b_virtualserver_start_any'(id:10) with values (value:1, negated:0, skipchannel:0) was added by 'Scarlet'(id:1383) to servergroup 'Scarlet'(id:16)
2015-08-22 19:02:13.122685|INFO    |VirtualServer |  1| permission 'b_virtualserver_stop_any'(id:11) with values (value:1, negated:0, skipchannel:0) was added by 'Scarlet'(id:1383) to servergroup 'Scarlet'(id:16)
2015-08-22 19:02:13.593446|INFO    |VirtualServer |  1| permission 'b_virtualserver_change_machine_id'(id:12) with values (value:1, negated:0, skipchannel:0) was added by 'Scarlet'(id:1383) to servergroup 'Scarlet'(id:16)
2015-08-22 19:02:14.058511|INFO    |VirtualServer |  1| permission 'b_virtualserver_change_template'(id:13) with values (value:1, negated:0, skipchannel:0) was added by 'Scarlet'(id:1383) to servergroup 'Scarlet'(id:16)
2015-08-22 19:02:15.009927|INFO    |VirtualServer |  1| permission 'b_serverquery_login'(id:14) with values (value:1, negated:0, skipchannel:0) was added by 'Scarlet'(id:1383) to servergroup 'Scarlet'(id:16)
2015-08-22 19:02:15.451548|INFO    |VirtualServer |  1| permission 'b_serverinstance_textmessage_send'(id:15) with values (value:1, negated:0, skipchannel:0) was added by 'Scarlet'(id:1383) to servergroup 'Scarlet'(id:16)
2015-08-22 19:02:15.961015|INFO    |VirtualServer |  1| permission 'b_serverinstance_log_view'(id:16) with values (value:1, negated:0, skipchannel:0) was added by 'Scarlet'(id:1383) to servergroup 'Scarlet'(id:16)
2015-08-22 19:02:16.450124|INFO    |VirtualServer |  1| permission 'b_serverinstance_log_add'(id:17) with values (value:1, negated:0, skipchannel:0) was added by 'Scarlet'(id:1383) to servergroup 'Scarlet'(id:16)
2015-08-22 19:02:16.952530|INFO    |VirtualServer |  1| permission 'b_serverinstance_stop'(id:18) with values (value:1, negated:0, skipchannel:0) was added by 'Scarlet'(id:1383) to servergroup 'Scarlet'(id:16)
2015-08-22 19:02:17.922025|INFO    |VirtualServer |  1| permission 'b_serverinstance_modify_settings'(id:19) with values (value:1, negated:0, skipchannel:0) was added by 'Scarlet'(id:1383) to servergroup 'Scarlet'(id:16)
2015-08-22 19:02:18.401030|INFO    |VirtualServer |  1| permission 'b_serverinstance_modify_querygroup'(id:20) with values (value:1, negated:0, skipchannel:0) was added by 'Scarlet'(id:1383) to servergroup 'Scarlet'(id:16)
2015-08-22 19:02:18.882911|INFO    |VirtualServer |  1| permission 'b_serverinstance_modify_templates'(id:21) with values (value:1, negated:0, skipchannel:0) was added by 'Scarlet'(id:1383) to servergroup 'Scarlet'(id:16)
2015-08-22 19:02:22.267838|INFO    |VirtualServer |  1| permission 'b_virtualserver_select'(id:22) with values (value:1, negated:0, skipchannel:0) was added by 'Scarlet'(id:1383) to servergroup 'Scarlet'(id:16)
2015-08-22 19:02:45.353652|INFO    |VirtualServer |  1| permission 'b_virtualserver_snapshot_create'(id:45) with values (value:1, negated:0, skipchannel:0) was added by 'Scarlet'(id:1383) to servergroup 'Scarlet'(id:16)
2015-08-22 19:02:45.905853|INFO    |VirtualServer |  1| permission 'b_virtualserver_snapshot_deploy'(id:46) with values (value:1, negated:0, skipchannel:0) was added by 'Scarlet'(id:1383) to servergroup 'Scarlet'(id:16)
2015-08-22 19:02:46.408099|INFO    |VirtualServer |  1| permission 'b_virtualserver_permission_reset'(id:47) with values (value:1, negated:0, skipchannel:0) was added by 'Scarlet'(id:1383) to servergroup 'Scarlet'(id:16)
2015-08-22 19:02:51.913782|INFO    |VirtualServer |  1| permission 'b_virtualserver_modify_temporary_passwords_own'(id:74) with values (value:1, negated:0, skipchannel:0) was added by 'Scarlet'(id:1383) to servergroup 'Scarlet'(id:16)
2015-08-22 19:03:08.951945|INFO    |VirtualServer |  1| permission 'b_channel_modify_make_codec_encrypted'(id:123) was deleted by 'Scarlet'(id:1383) from servergroup 'Scarlet'(id:16)
2015-08-22 19:03:32.570070|INFO    |VirtualServer |  1| permission 'i_channel_modify_power'(id:121) with values (value:100, negated:0, skipchannel:0) was added by 'Scarlet'(id:1383) to servergroup 'Scarlet'(id:16)
2015-08-22 19:03:35.718162|INFO    |VirtualServer |  1| permission 'i_channel_delete_power'(id:129) with values (value:100, negated:0, skipchannel:0) was added by 'Scarlet'(id:1383) to servergroup 'Scarlet'(id:16)
2015-08-22 19:03:37.343655|INFO    |VirtualServer |  1| permission 'i_channel_description_view_power'(id:140) with values (value:100, negated:0, skipchannel:0) was added by 'Scarlet'(id:1383) to servergroup 'Scarlet'(id:16)
2015-08-22 19:03:43.452642|INFO    |VirtualServer |  1| permission 'i_channel_permission_modify_power'(id:79) with values (value:100, negated:0, skipchannel:0) was added by 'Scarlet'(id:1383) to servergroup 'Scarlet'(id:16)
2015-08-22 19:03:49.405056|INFO    |VirtualServer |  1| permission 'i_group_modify_power'(id:161) with values (value:100, negated:0, skipchannel:0) was added by 'Scarlet'(id:1383) to servergroup 'Scarlet'(id:16)
2015-08-22 19:03:50.101584|INFO    |VirtualServer |  1| permission 'i_group_needed_modify_power'(id:162) with values (value:100, negated:0, skipchannel:0) was added by 'Scarlet'(id:1383) to servergroup 'Scarlet'(id:16)
2015-08-22 19:03:50.710171|INFO    |VirtualServer |  1| permission 'i_group_member_add_power'(id:163) with values (value:100, negated:0, skipchannel:0) was added by 'Scarlet'(id:1383) to servergroup 'Scarlet'(id:16)
2015-08-22 19:03:51.359360|INFO    |VirtualServer |  1| permission 'i_group_needed_member_add_power'(id:164) with values (value:100, negated:0, skipchannel:0) was added by 'Scarlet'(id:1383) to servergroup 'Scarlet'(id:16)
2015-08-22 19:03:52.366279|INFO    |VirtualServer |  1| permission 'i_group_member_remove_power'(id:165) with values (value:100, negated:0, skipchannel:0) was added by 'Scarlet'(id:1383) to servergroup 'Scarlet'(id:16)
2015-08-22 19:03:54.365672|INFO    |VirtualServer |  1| permission 'i_group_needed_member_remove_power'(id:166) with values (value:100, negated:0, skipchannel:0) was added by 'Scarlet'(id:1383) to servergroup 'Scarlet'(id:16)
2015-08-22 19:03:58.373181|INFO    |VirtualServer |  1| permission 'i_permission_modify_power'(id:167) with values (value:100, negated:0, skipchannel:0) was added by 'Scarlet'(id:1383) to servergroup 'Scarlet'(id:16)
2015-08-22 19:03:58.996774|INFO    |VirtualServer |  1| permission 'b_permission_modify_power_ignore'(id:168) with values (value:1, negated:0, skipchannel:0) was added by 'Scarlet'(id:1383) to servergroup 'Scarlet'(id:16)
2015-08-22 19:03:59.075757|INFO    |VirtualServer |  1| permission 'b_permission_modify_power_ignore'(id:168) with values (value:0, negated:0, skipchannel:0) was added by 'Scarlet'(id:1383) to servergroup 'Scarlet'(id:16)
2015-08-22 19:03:59.741935|INFO    |VirtualServer |  1| permission 'b_permission_modify_power_ignore'(id:168) with values (value:1, negated:0, skipchannel:0) was added by 'Scarlet'(id:1383) to servergroup 'Scarlet'(id:16)
2015-08-22 19:04:09.107058|INFO    |VirtualServer |  1| permission 'i_group_auto_update_max_value'(id:147) with values (value:100, negated:0, skipchannel:0) was added by 'Scarlet'(id:1383) to servergroup 'Scarlet'(id:16)
2015-08-22 19:04:20.554848|INFO    |VirtualServer |  1| permission 'i_group_auto_update_type'(id:146) with values (value:50, negated:0, skipchannel:0) was added by 'Scarlet'(id:1383) to servergroup 'Scarlet'(id:16)
2015-08-22 19:04:33.909702|INFO    |VirtualServer |  1| permission 'i_client_serverquery_view_power'(id:193) with values (value:100, negated:0, skipchannel:0) was added by 'Scarlet'(id:1383) to servergroup 'Scarlet'(id:16)
2015-08-22 19:04:35.882119|INFO    |VirtualServer |  1| permission 'i_client_needed_serverquery_view_power'(id:194) with values (value:100, negated:0, skipchannel:0) was added by 'Scarlet'(id:1383) to servergroup 'Scarlet'(id:16)
2015-08-22 19:04:41.625809|INFO    |VirtualServer |  1| permission 'i_client_ban_power'(id:200) with values (value:100, negated:0, skipchannel:0) was added by 'Scarlet'(id:1383) to servergroup 'Scarlet'(id:16)
2015-08-22 19:04:42.345756|INFO    |VirtualServer |  1| permission 'i_client_move_power'(id:202) with values (value:100, negated:0, skipchannel:0) was added by 'Scarlet'(id:1383) to servergroup 'Scarlet'(id:16)
2015-08-22 19:04:43.034082|INFO    |VirtualServer |  1| permission 'i_client_needed_move_power'(id:203) with values (value:100, negated:0, skipchannel:0) was added by 'Scarlet'(id:1383) to servergroup 'Scarlet'(id:16)
2015-08-22 19:04:45.008787|INFO    |VirtualServer |  1| permission 'i_client_complain_power'(id:204) with values (value:100, negated:0, skipchannel:0) was added by 'Scarlet'(id:1383) to servergroup 'Scarlet'(id:16)
2015-08-22 19:04:49.680796|INFO    |VirtualServer |  1| permission 'i_client_kick_from_server_power'(id:196) with values (value:100, negated:0, skipchannel:0) was added by 'Scarlet'(id:1383) to servergroup 'Scarlet'(id:16)
2015-08-22 19:04:50.615576|INFO    |VirtualServer |  1| permission 'i_client_needed_kick_from_server_power'(id:197) with values (value:100, negated:0, skipchannel:0) was added by 'Scarlet'(id:1383) to servergroup 'Scarlet'(id:16)
2015-08-22 19:04:51.777318|INFO    |VirtualServer |  1| permission 'i_client_kick_from_channel_power'(id:198) with values (value:100, negated:0, skipchannel:0) was added by 'Scarlet'(id:1383) to servergroup 'Scarlet'(id:16)
2015-08-22 19:04:53.390635|INFO    |VirtualServer |  1| permission 'i_client_needed_kick_from_channel_power'(id:199) with values (value:100, negated:0, skipchannel:0) was added by 'Scarlet'(id:1383) to servergroup 'Scarlet'(id:16)
2015-08-22 19:05:02.922527|INFO    |VirtualServer |  1| permission 'i_client_needed_private_textmessage_power'(id:215) with values (value:1, negated:0, skipchannel:0) was added by 'Scarlet'(id:1383) to servergroup 'Scarlet'(id:16)
2015-08-22 19:05:04.293664|INFO    |VirtualServer |  1| permission 'i_client_needed_talk_power'(id:220) with values (value:1, negated:0, skipchannel:0) was added by 'Scarlet'(id:1383) to servergroup 'Scarlet'(id:16)
2015-08-22 19:05:13.371403|INFO    |VirtualServer |  1| permission 'i_client_needed_private_textmessage_power'(id:215) was deleted by 'Scarlet'(id:1383) from servergroup 'Scarlet'(id:16)
2015-08-22 19:05:15.025580|INFO    |VirtualServer |  1| permission 'i_client_needed_talk_power'(id:220) was deleted by 'Scarlet'(id:1383) from servergroup 'Scarlet'(id:16)
2015-08-22 19:05:26.425694|INFO    |VirtualServer |  1| permission 'i_client_permission_modify_power'(id:171) with values (value:100, negated:0, skipchannel:0) was added by 'Scarlet'(id:1383) to servergroup 'Scarlet'(id:16)
2015-08-22 19:05:27.966371|INFO    |VirtualServer |  1| permission 'i_client_needed_permission_modify_power'(id:172) with values (value:100, negated:0, skipchannel:0) was added by 'Scarlet'(id:1383) to servergroup 'Scarlet'(id:16)
2015-08-22 19:05:30.911669|INFO    |VirtualServer |  1| permission 'i_client_max_clones_uid'(id:173) with values (value:100, negated:0, skipchannel:0) was added by 'Scarlet'(id:1383) to servergroup 'Scarlet'(id:16)
2015-08-22 19:05:41.552397|INFO    |VirtualServer |  1| permission 'b_client_skip_channelgroup_permissions'(id:178) with values (value:1, negated:0, skipchannel:0) was added by 'Scarlet'(id:1383) to servergroup 'Scarlet'(id:16)
2015-08-22 19:05:47.486710|INFO    |VirtualServer |  1| permission 'b_client_ignore_bans'(id:180) with values (value:1, negated:0, skipchannel:0) was added by 'Scarlet'(id:1383) to servergroup 'Scarlet'(id:16)
2015-08-22 19:05:55.585822|INFO    |VirtualServer |  1| permission 'i_ft_file_upload_power'(id:233) with values (value:100, negated:0, skipchannel:0) was added by 'Scarlet'(id:1383) to servergroup 'Scarlet'(id:16)
2015-08-22 19:05:56.126880|INFO    |VirtualServer |  1| permission 'i_ft_file_download_power'(id:235) with values (value:100, negated:0, skipchannel:0) was added by 'Scarlet'(id:1383) to servergroup 'Scarlet'(id:16)
2015-08-22 19:05:56.668293|INFO    |VirtualServer |  1| permission 'i_ft_file_delete_power'(id:237) with values (value:100, negated:0, skipchannel:0) was added by 'Scarlet'(id:1383) to servergroup 'Scarlet'(id:16)
2015-08-22 19:05:57.286832|INFO    |VirtualServer |  1| permission 'i_ft_file_rename_power'(id:239) with values (value:100, negated:0, skipchannel:0) was added by 'Scarlet'(id:1383) to servergroup 'Scarlet'(id:16)
2015-08-22 19:05:57.903101|INFO    |VirtualServer |  1| permission 'i_ft_file_browse_power'(id:241) with values (value:100, negated:0, skipchannel:0) was added by 'Scarlet'(id:1383) to servergroup 'Scarlet'(id:16)
2015-08-22 19:05:59.449837|INFO    |VirtualServer |  1| permission 'i_ft_directory_create_power'(id:243) with values (value:100, negated:0, skipchannel:0) was added by 'Scarlet'(id:1383) to servergroup 'Scarlet'(id:16)
2015-08-22 19:08:07.818510|INFO    |VirtualServer |  1| client (id:1383) was removed from servergroup 'Zarejestrorwany'(id:9) by client 'Scarlet'(id:1383)
2015-08-22 19:08:23.662532|INFO    |VirtualServer |  1| client (id:1383) was added to servergroup 'Zarejestrorwany'(id:9) by client 'Scarlet'(id:1383)
2015-08-22 19:08:30.000729|INFO    |VirtualServer |  1| client (id:1383) was removed from servergroup 'Zarejestrorwany'(id:9) by client 'Scarlet'(id:1383)
2015-08-22 19:46:10.068026|INFO    |VirtualServerBase|  1| channel 'Klawiatura Kijori'ego'(id:595) edited by 'Kijori'(id:5)
2015-08-22 19:56:38.505667|INFO    |VirtualServerBase|  1| channel 'cs'(id:500) edited by 'FENZIGO'(id:1651)
2015-08-22 19:57:08.384739|INFO    |VirtualServerBase|  1| channel 'cs'(id:500) edited by 'FENZIGO'(id:1651)
2015-08-22 19:58:38.065463|INFO    |VirtualServerBase|  1| channel 'Kom&#243;rka Zurka'(id:594) edited by 'zurek520'(id:1504)
2015-08-22 19:59:03.731957|INFO    |VirtualServerBase|  1| channel 'Kom&#243;rka Zurka'(id:594) edited by 'zurek520'(id:1504)
2015-08-22 19:59:36.798458|INFO    |VirtualServerBase|  1| channel 'Ulica Reda'(id:605) edited by 'RED'(id:1074)
2015-08-22 20:03:22.447380|INFO    |VirtualServer |  1| permission 'b_client_is_priority_speaker'(id:177) with values (value:1) was added by 'Scarlet'(id:1383) for client (id:1383) and channel 'Klawiatura Kijori'ego'(id:595)
2015-08-22 20:03:29.326966|INFO    |VirtualServerBase|  1| channel 'Klawiatura Kijori'ego'(id:595) edited by 'Kijori'(id:5)
2015-08-22 20:03:40.219418|INFO    |VirtualServerBase|  1| channel 'Klawiatura Kijori'ego'(id:595) edited by 'Kijori'(id:5)
2015-08-22 20:03:44.160862|INFO    |VirtualServerBase|  1| channel 'Klawiatura Kijori'ego'(id:595) edited by 'Kijori'(id:5)
2015-08-22 20:09:35.168384|INFO    |VirtualServerBase|  1| channel 'Ulica Reda'(id:605) edited by 'RED'(id:1074)
2015-08-22 20:29:15.688905|INFO    |VirtualServer |  1| client (id:1622) was removed from servergroup 'Zarejestrowany'(id:7) by client '[M]cKey'(id:1607)
2015-08-22 20:29:16.504567|INFO    |VirtualServer |  1| client (id:1622) was added to servergroup 'Zarejestrorwany'(id:9) by client '[M]cKey'(id:1607)
2015-08-23 07:20:49.115347|INFO    |VirtualServerBase|  1| channel 'Klawiatura Kijori'ego'(id:595) edited by 'CryptoKey'(id:1622)
2015-08-23 07:39:33.188412|INFO    |VirtualServer |  1| servergroup 'Zarejestrorwany'(id:9) was renamed to 'Zajerestrowany' by 'Scarlet'(id:1383)
2015-08-23 07:39:57.203106|INFO    |VirtualServer |  1| client (id:1622) was added to servergroup 'Zarejestrowany'(id:7) by client 'CryptoKey'(id:1622)
2015-08-23 07:40:07.805900|INFO    |VirtualServer |  1| client (id:1622) was removed from servergroup 'Zarejestrowany'(id:7) by client 'CryptoKey'(id:1622)
2015-08-23 07:40:13.700359|INFO    |VirtualServer |  1| client (id:1383) was added to servergroup 'Zarejestrowany'(id:7) by client 'Scarlet'(id:1383)
2015-08-23 07:40:29.056109|INFO    |VirtualServer |  1| client (id:1383) was removed from servergroup 'Zarejestrowany'(id:7) by client 'Scarlet'(id:1383)
2015-08-23 16:54:34.830852|INFO    |VirtualServer |  1| client 'rzym123'(id:1178) was added to channelgroup 'Normal'(id:8) by client 'Jumbo'(id:1173) in channel 'cs'(id:500)
2015-08-23 19:24:58.247263|INFO    |VirtualServer |  1| client 'Jest peda&#322;em'(id:1722) was added to channelgroup 'Zast&#281;pca'(id:6) by client 'McK'(id:1622) in channel 'Legenda g&#322;osi, &#380;e'(id:441)
2015-08-23 19:25:37.939859|INFO    |VirtualServerBase|  1| channel 'Legenda g&#322;osi, &#380;e'(id:441) edited by 'McK'(id:1622)
2015-08-23 19:29:31.748906|INFO    |VirtualServerBase|  1| channel 'Legenda g&#322;osi, &#380;e'(id:441) edited by 'Kijori'(id:5)
2015-08-23 19:29:54.046957|INFO    |VirtualServerBase|  1| channel 'Legenda g&#322;osi, &#380;e'(id:441) edited by 'McK'(id:1622)
2015-08-23 19:30:02.730508|INFO    |VirtualServer |  1| permission 'i_channel_needed_modify_power'(id:122) with values (value:99) was added by 'McK'(id:1622) to channel 'Legenda g&#322;osi, &#380;e'(id:441)
2015-08-23 19:32:34.575066|INFO    |VirtualServer |  1| permission 'i_channel_needed_modify_power'(id:122) with values (value:50) was added by 'McK'(id:1622) to channel 'Legenda g&#322;osi, &#380;e'(id:441)
2015-08-23 19:33:08.059654|INFO    |VirtualServer |  1| permission 'i_channel_needed_modify_power'(id:122) with values (value:30) was added by 'McK'(id:1622) to channel 'Legenda g&#322;osi, &#380;e'(id:441)
2015-08-23 19:33:48.403589|INFO    |VirtualServerBase|  1| channel 'Legenda g&#322;osi, &#380;e'(id:441) edited by 'Kijori'(id:5)
2015-08-23 20:05:09.730501|INFO    |VirtualServer |  1| client 'SalemCat'(id:1399) was added to channelgroup 'Admin kana&#322;u'(id:5) by client 'Scarlet'(id:1383) in channel 'Salemowy Kana&#322; Roboczy'(id:551)
2015-08-24 11:57:19.121036|INFO    |VirtualServer |  1| client 'Incarnati0n'(id:1179) was added to channelgroup 'Zast&#281;pca'(id:6) by client 'Jumbo1'(id:1173) in channel 'LaGaming'(id:498)
2015-08-24 11:57:22.880145|INFO    |VirtualServer |  1| client 'Incarnati0n'(id:1179) was added to channelgroup 'Zast&#281;pca'(id:6) by client 'Jumbo1'(id:1173) in channel 'LaGaming'(id:498)
2015-08-24 12:53:00.132759|INFO    |VirtualServer |  1| client 'Incarnati0n'(id:1179) was added to channelgroup 'Zast&#281;pca'(id:6) by client 'Jumbo1'(id:1173) in channel 'LaGaming'(id:498)
2015-08-24 12:53:07.608703|INFO    |VirtualServer |  1| client 'Incarnati0n'(id:1179) was added to channelgroup 'Normal'(id:8) by client 'Jumbo1'(id:1173) in channel 'LaGaming'(id:498)
2015-08-24 15:35:06.728400|INFO    |VirtualServer |  1| client (id:1385) was added to servergroup 'CS:GO'(id:62) by client 'Scarlet'(id:1383)
2015-08-24 15:35:16.140424|INFO    |VirtualServer |  1| client (id:1385) was added to servergroup 'Lol-Player'(id:15) by client 'Scarlet'(id:1383)
2015-08-24 15:35:31.984261|INFO    |VirtualServer |  1| client (id:1385) was added to servergroup 'Arogancki Silver'(id:53) by client 'Scarlet'(id:1383)
2015-08-24 16:26:18.406155|INFO    |VirtualServerBase|  1| channel 'cs'(id:500) edited by 'Jumbo'(id:1173)
2015-08-24 16:30:09.390260|INFO    |VirtualServerBase|  1| channel '[cspacer03]&#8729;&#8226;&#9679;&#9679;&#8226;&#8729; Prywatne &#8729;&#8226;&#9679;&#9679;&#8226;&#8729;'(id:163) edited by 'Scarlet'(id:1383)
2015-08-24 16:30:22.641647|INFO    |VirtualServerBase|  1| channel 'cs'(id:500) edited by 'Jumbo'(id:1173)
2015-08-24 16:58:58.723415|INFO    |VirtualServer |  1| client (id:1505) was added to servergroup 'Rengar'(id:75) by client 'Kijori'(id:5)
2015-08-24 16:59:03.896657|INFO    |VirtualServer |  1| client (id:631) was added to servergroup 'Rengar'(id:75) by client '.MattikXD'(id:222)
2015-08-24 17:48:49.457821|INFO    |VirtualServer |  1| client (id:222) was removed from servergroup 'Osu! Player'(id:61) by client 'McK'(id:2)
2015-08-24 17:48:52.869758|INFO    |VirtualServer |  1| client (id:222) was added to servergroup 'Ahri'(id:14) by client 'McK'(id:2)
2015-08-24 17:56:38.047065|INFO    |VirtualServer |  1| servergroup 'Rengar'(id:75) was copied by 'Scarlet'(id:1383) to 'Yasuo'(id:76)
2015-08-24 17:56:50.247998|INFO    |VirtualServer |  1| file upload to (id:0), '/icon_1278674848' by client 'Scarlet'(id:1383)
2015-08-24 17:56:52.953512|INFO    |VirtualServer |  1| permission 'i_icon_id'(id:142) with values (value:1278674848, negated:0, skipchannel:0) was added by 'Scarlet'(id:1383) to servergroup 'Yasuo'(id:76)
2015-08-24 17:56:58.698899|INFO    |VirtualServer |  1| client (id:1505) was added to servergroup 'Yasuo'(id:76) by client 'Scarlet'(id:1383)
2015-08-24 17:57:09.088771|INFO    |VirtualServer |  1| client (id:1505) was removed from servergroup 'Rengar'(id:75) by client 'Scarlet'(id:1383)
2015-08-24 17:58:04.282700|INFO    |VirtualServer |  1| client (id:1657) was added to servergroup 'Zarejestrowany'(id:7) by client 'Scarlet'(id:1383)
2015-08-24 18:02:08.976254|INFO    |VirtualServer |  1| servergroup 'Master Yi'(id:77) was added by 'Scarlet'(id:1383)
2015-08-24 18:02:16.304802|INFO    |VirtualServer |  1| servergroup 'Master Yi'(id:77) was deleted by 'Scarlet'(id:1383)
2015-08-24 18:02:26.220006|INFO    |VirtualServer |  1| servergroup 'Rengar'(id:75) was copied by 'Scarlet'(id:1383) to 'Master Yi'(id:78)
2015-08-24 18:02:44.353659|INFO    |VirtualServer |  1| file upload to (id:0), '/icon_3438414261' by client 'Scarlet'(id:1383)
2015-08-24 18:02:46.300208|INFO    |VirtualServer |  1| permission 'i_icon_id'(id:142) with values (value:-856553035, negated:0, skipchannel:0) was added by 'Scarlet'(id:1383) to servergroup 'Master Yi'(id:78)
2015-08-24 18:03:05.381334|INFO    |VirtualServer |  1| permission 'i_group_sort_id'(id:148) with values (value:6, negated:0, skipchannel:0) was added by 'Scarlet'(id:1383) to servergroup 'Master Yi'(id:78)
2015-08-24 18:03:07.879596|INFO    |VirtualServer |  1| permission 'i_group_sort_id'(id:148) with values (value:6, negated:0, skipchannel:0) was added by 'Scarlet'(id:1383) to servergroup 'Yasuo'(id:76)
2015-08-24 18:03:09.769798|INFO    |VirtualServer |  1| permission 'i_group_sort_id'(id:148) with values (value:6, negated:0, skipchannel:0) was added by 'Scarlet'(id:1383) to servergroup 'Rengar'(id:75)
2015-08-24 18:03:48.062348|INFO    |VirtualServer |  1| servergroup '--- CS:GO ---'(id:72) was copied by 'Scarlet'(id:1383) to '--- League Of Legends ---'(id:79)
2015-08-24 18:03:54.726204|INFO    |VirtualServer |  1| permission 'i_group_sort_id'(id:148) with values (value:13, negated:0, skipchannel:0) was added by 'Scarlet'(id:1383) to servergroup '--- League Of Legends ---'(id:79)
2015-08-24 18:04:06.189429|INFO    |VirtualServer |  1| permission 'i_group_sort_id'(id:148) with values (value:14, negated:0, skipchannel:0) was added by 'Scarlet'(id:1383) to servergroup 'Master Yi'(id:78)
2015-08-24 18:04:08.817860|INFO    |VirtualServer |  1| permission 'i_group_sort_id'(id:148) with values (value:14, negated:0, skipchannel:0) was added by 'Scarlet'(id:1383) to servergroup 'Yasuo'(id:76)
2015-08-24 18:04:11.484280|INFO    |VirtualServer |  1| permission 'i_group_sort_id'(id:148) with values (value:14, negated:0, skipchannel:0) was added by 'Scarlet'(id:1383) to servergroup 'Rengar'(id:75)
2015-08-24 18:04:14.542845|INFO    |VirtualServer |  1| permission 'i_group_sort_id'(id:148) with values (value:14, negated:0, skipchannel:0) was added by 'Scarlet'(id:1383) to servergroup 'Trynda'(id:66)
2015-08-24 18:04:21.843268|INFO    |VirtualServer |  1| permission 'i_group_sort_id'(id:148) with values (value:14, negated:0, skipchannel:0) was added by 'Scarlet'(id:1383) to servergroup 'Drewno V'(id:55)
2015-08-24 18:04:24.422163|INFO    |VirtualServer |  1| permission 'i_group_sort_id'(id:148) with values (value:14, negated:0, skipchannel:0) was added by 'Scarlet'(id:1383) to servergroup 'Arogancki Silver'(id:53)
2015-08-24 18:04:31.028989|INFO    |VirtualServer |  1| permission 'i_group_sort_id'(id:148) with values (value:14, negated:0, skipchannel:0) was added by 'Scarlet'(id:1383) to servergroup 'Ahri'(id:14)
2015-08-24 18:04:33.796195|INFO    |VirtualServer |  1| permission 'i_group_sort_id'(id:148) with values (value:14, negated:0, skipchannel:0) was added by 'Scarlet'(id:1383) to servergroup 'Lol-Player'(id:15)
2015-08-24 18:05:18.770700|INFO    |VirtualServer |  1| servergroup 'Ahri'(id:14) was copied by 'Scarlet'(id:1383) to 'Vayne'(id:80)
2015-08-24 18:05:29.678235|INFO    |VirtualServer |  1| file upload to (id:0), '/icon_2389595147' by client 'Scarlet'(id:1383)
2015-08-24 18:05:35.883239|INFO    |VirtualServer |  1| file upload to (id:0), '/icon_2389595147' by client 'Scarlet'(id:1383)
2015-08-24 18:05:50.429374|INFO    |VirtualServer |  1| permission 'i_icon_id'(id:142) with values (value:-1905372149, negated:0, skipchannel:0) was added by 'Scarlet'(id:1383) to servergroup 'Vayne'(id:80)
2015-08-24 18:06:24.100981|INFO    |VirtualServer |  1| servergroup 'Rengar'(id:75) was copied by 'Scarlet'(id:1383) to 'Gnar'(id:81)
2015-08-24 18:06:28.585187|INFO    |VirtualServer |  1| file upload to (id:0), '/icon_4150753263' by client 'Scarlet'(id:1383)
2015-08-24 18:06:30.795909|INFO    |VirtualServer |  1| permission 'i_icon_id'(id:142) with values (value:-144214033, negated:0, skipchannel:0) was added by 'Scarlet'(id:1383) to servergroup 'Gnar'(id:81)
2015-08-24 18:10:15.644435|INFO    |VirtualServer |  1| client '.MattikXD'(id:222) was added to channelgroup 'Zast&#281;pca'(id:6) by client 'Kijori'(id:5) in channel 'Legenda g&#322;osi, &#380;e'(id:441)
2015-08-24 18:10:22.205746|INFO    |VirtualServer |  1| client '.MattikXD'(id:222) was added to channelgroup 'Admin kana&#322;u'(id:5) by client 'Kijori'(id:5) in channel 'Legenda g&#322;osi, &#380;e'(id:441)
2015-08-24 18:13:07.497201|INFO    |VirtualServer |  1| client (id:1505) was added to servergroup 'Master Yi'(id:78) by client 'Kijori'(id:5)
2015-08-24 18:13:14.400768|INFO    |VirtualServer |  1| client (id:1505) was added to servergroup 'Gnar'(id:81) by client 'Kijori'(id:5)
2015-08-24 18:13:22.816311|INFO    |VirtualServer |  1| client (id:1505) was removed from servergroup 'Mobile'(id:64) by client 'Kijori'(id:5)
2015-08-24 18:13:27.405904|INFO    |VirtualServer |  1| client (id:1505) was added to servergroup 'Mobile'(id:64) by client '!McK'(id:2)
2015-08-24 18:13:33.322221|INFO    |VirtualServer |  1| client (id:1504) was added to servergroup 'Gnar'(id:81) by client 'Kijori'(id:5)
2015-08-24 18:13:36.605934|INFO    |VirtualServer |  1| client (id:1505) was removed from servergroup 'Gnar'(id:81) by client '.MattikXD'(id:222)
2015-08-24 18:56:25.459404|INFO    |VirtualServer |  1| client 'Igorek'(id:1172) was added to channelgroup 'Normal'(id:8) by client 'Jumbo'(id:1173) in channel '&#380;&#243;&#322;w'(id:501)
2015-08-24 18:58:54.494015|INFO    |VirtualServer |  1| client (id:1728) was added to servergroup 'Mobile'(id:64) by client '!McK'(id:2)
2015-08-24 19:01:21.965641|INFO    |VirtualServerBase|  1| channel 'Prywatny (Sypialnia Salema)'(id:550) edited by '!McK'(id:2)
2015-08-24 19:34:33.190244|INFO    |VirtualServerBase|  1| channel 'Kom&#243;rka Zurka'(id:594) edited by 'zurek520'(id:1504)
2015-08-24 19:37:50.636470|INFO    |VirtualServerBase|  1| channel 'Kom&#243;rka Zurka'(id:594) edited by 'zurek520'(id:1504)
2015-08-24 19:37:50.645882|INFO    |VirtualServerBase|  1| channel 'Kom&#243;rka Zurka'(id:594) edited by 'zurek520'(id:1504)
2015-08-24 19:39:31.206398|INFO    |VirtualServerBase|  1| channel 'Kom&#243;rka Zurka'(id:594) edited by 'zurek520'(id:1504)
2015-08-24 19:59:58.459048|INFO    |VirtualServer |  1| client (id:1729) was added to servergroup 'Yasuo'(id:76) by client 'Scarlet'(id:1383)
2015-08-24 20:00:01.863721|INFO    |VirtualServer |  1| client (id:1729) was added to servergroup 'Master Yi'(id:78) by client 'Scarlet'(id:1383)
2015-08-24 20:00:05.998820|INFO    |VirtualServer |  1| client (id:1729) was added to servergroup 'Anal Wizard'(id:54) by client 'Scarlet'(id:1383)
2015-08-24 20:00:13.146488|INFO    |VirtualServer |  1| client (id:1729) was added to servergroup 'Lol-Player'(id:15) by client 'Scarlet'(id:1383)
2015-08-24 20:00:18.213687|INFO    |VirtualServer |  1| client (id:1729) was removed from servergroup 'Anal Wizard'(id:54) by client 'Scarlet'(id:1383)
2015-08-24 20:40:05.932763|INFO    |VirtualServer |  1| client 'Jumbo1'(id:1185) was added to channelgroup 'AFK'(id:17) by client 'Jumbo'(id:1173) in channel '&#380;&#243;&#322;w'(id:501)
2015-08-24 20:40:16.668888|INFO    |VirtualServer |  1| client 'Jumbo1'(id:1185) was added to channelgroup 'Normal'(id:8) by client 'Jumbo'(id:1173) in channel '&#380;&#243;&#322;w'(id:501)
2015-08-24 20:41:10.918352|INFO    |VirtualServer |  1| client 'Jumbo1'(id:1185) was added to channelgroup 'Normal'(id:8) by client 'Jumbo'(id:1173) in channel 'dom atroxa las borealny'(id:502)
2015-08-24 21:05:11.100282|INFO    |VirtualServer |  1| client (id:1657) was added to servergroup 'Gnar'(id:81) by client 'Kijori'(id:5)
2015-08-24 21:05:19.189696|INFO    |VirtualServer |  1| client (id:1657) was added to servergroup 'Yasuo'(id:76) by client 'Kijori'(id:5)
2015-08-24 21:05:24.564773|INFO    |VirtualServer |  1| client (id:1657) was added to servergroup 'Rengar'(id:75) by client 'Kijori'(id:5)
2015-08-24 21:05:42.389206|INFO    |VirtualServer |  1| client (id:1657) was added to servergroup 'Master Yi'(id:78) by client 'Kijori'(id:5)
2015-08-24 21:05:45.365663|INFO    |VirtualServer |  1| client (id:1657) was removed from servergroup 'Gnar'(id:81) by client 'Kijori'(id:5)
2015-08-25 07:18:34.332850|INFO    |VirtualServer |  1| servergroup 'Gnar'(id:81) was copied by 'Scarlet'(id:1383) to 'Riven'(id:82)
2015-08-25 07:18:48.331839|INFO    |VirtualServer |  1| file upload to (id:0), '/icon_2652895331' by client 'Scarlet'(id:1383)
2015-08-25 07:18:52.542467|INFO    |VirtualServer |  1| permission 'i_icon_id'(id:142) with values (value:-1642071965, negated:0, skipchannel:0) was added by 'Scarlet'(id:1383) to servergroup 'Riven'(id:82)
2015-08-25 07:20:56.288301|INFO    |VirtualServer |  1| permission 'i_group_needed_modify_power'(id:162) with values (value:49, negated:0, skipchannel:0) was added by 'Scarlet'(id:1383) to servergroup 'Trynda'(id:66)
2015-08-25 07:20:57.334019|INFO    |VirtualServer |  1| permission 'i_group_needed_member_add_power'(id:164) with values (value:49, negated:0, skipchannel:0) was added by 'Scarlet'(id:1383) to servergroup 'Trynda'(id:66)
2015-08-25 07:20:58.555329|INFO    |VirtualServer |  1| permission 'i_group_needed_member_remove_power'(id:166) with values (value:49, negated:0, skipchannel:0) was added by 'Scarlet'(id:1383) to servergroup 'Trynda'(id:66)
2015-08-25 07:21:03.279940|INFO    |VirtualServer |  1| permission 'i_group_needed_modify_power'(id:162) with values (value:49, negated:0, skipchannel:0) was added by 'Scarlet'(id:1383) to servergroup 'Vayne'(id:80)
2015-08-25 07:21:04.155976|INFO    |VirtualServer |  1| permission 'i_group_needed_member_add_power'(id:164) with values (value:49, negated:0, skipchannel:0) was added by 'Scarlet'(id:1383) to servergroup 'Vayne'(id:80)
2015-08-25 07:21:05.278858|INFO    |VirtualServer |  1| permission 'i_group_needed_member_remove_power'(id:166) with values (value:49, negated:0, skipchannel:0) was added by 'Scarlet'(id:1383) to servergroup 'Vayne'(id:80)
2015-08-25 07:22:17.481682|INFO    |VirtualServer |  1| permission 'i_group_needed_member_remove_power'(id:166) with values (value:49, negated:0, skipchannel:0) was added by 'Scarlet'(id:1383) to servergroup 'Drewno V'(id:55)
2015-08-25 07:22:18.400801|INFO    |VirtualServer |  1| permission 'i_group_needed_member_add_power'(id:164) with values (value:49, negated:0, skipchannel:0) was added by 'Scarlet'(id:1383) to servergroup 'Drewno V'(id:55)
2015-08-25 07:22:19.625047|INFO    |VirtualServer |  1| permission 'i_group_needed_modify_power'(id:162) with values (value:49, negated:0, skipchannel:0) was added by 'Scarlet'(id:1383) to servergroup 'Drewno V'(id:55)
2015-08-25 07:22:21.685763|INFO    |VirtualServer |  1| permission 'i_group_needed_modify_power'(id:162) with values (value:49, negated:0, skipchannel:0) was added by 'Scarlet'(id:1383) to servergroup 'Arogancki Silver'(id:53)
2015-08-25 07:22:22.485716|INFO    |VirtualServer |  1| permission 'i_group_needed_member_add_power'(id:164) with values (value:49, negated:0, skipchannel:0) was added by 'Scarlet'(id:1383) to servergroup 'Arogancki Silver'(id:53)
2015-08-25 07:22:23.541935|INFO    |VirtualServer |  1| permission 'i_group_needed_member_remove_power'(id:166) with values (value:49, negated:0, skipchannel:0) was added by 'Scarlet'(id:1383) to servergroup 'Arogancki Silver'(id:53)
2015-08-25 07:22:25.501859|INFO    |VirtualServer |  1| permission 'i_group_needed_modify_power'(id:162) with values (value:49, negated:0, skipchannel:0) was added by 'Scarlet'(id:1383) to servergroup 'Lol-Player'(id:15)
2015-08-25 07:22:26.211449|INFO    |VirtualServer |  1| permission 'i_group_needed_member_add_power'(id:164) with values (value:49, negated:0, skipchannel:0) was added by 'Scarlet'(id:1383) to servergroup 'Lol-Player'(id:15)
2015-08-25 07:22:27.033246|INFO    |VirtualServer |  1| permission 'i_group_needed_member_remove_power'(id:166) with values (value:49, negated:0, skipchannel:0) was added by 'Scarlet'(id:1383) to servergroup 'Lol-Player'(id:15)
2015-08-25 07:22:28.344796|INFO    |VirtualServer |  1| permission 'i_group_needed_modify_power'(id:162) with values (value:49, negated:0, skipchannel:0) was added by 'Scarlet'(id:1383) to servergroup 'Ahri'(id:14)
2015-08-25 07:22:29.232698|INFO    |VirtualServer |  1| permission 'i_group_needed_member_add_power'(id:164) with values (value:49, negated:0, skipchannel:0) was added by 'Scarlet'(id:1383) to servergroup 'Ahri'(id:14)
2015-08-25 07:22:30.584334|INFO    |VirtualServer |  1| permission 'i_group_needed_member_remove_power'(id:166) with values (value:49, negated:0, skipchannel:0) was added by 'Scarlet'(id:1383) to servergroup 'Ahri'(id:14)
2015-08-25 07:23:16.572113|INFO    |VirtualServer |  1| permission 'i_channel_modify_power'(id:121) with values (value:0, negated:0, skipchannel:0) was added by 'Scarlet'(id:1383) to servergroup 'Trynda'(id:66)
2015-08-25 07:24:08.021715|INFO    |VirtualServer |  1| permission 'b_virtualserver_servergroup_client_list'(id:152) with values (value:1, negated:0, skipchannel:0) was added by 'Scarlet'(id:1383) to servergroup 'Trynda'(id:66)
2015-08-25 07:24:12.373368|INFO    |VirtualServer |  1| permission 'b_virtualserver_channelgroup_client_list'(id:155) with values (value:1, negated:0, skipchannel:0) was added by 'Scarlet'(id:1383) to servergroup 'Trynda'(id:66)
2015-08-25 10:46:59.578852|INFO    |VirtualServer |  1| client 'Igorek'(id:1172) was added to channelgroup 'Normal'(id:8) by client 'Jumbo'(id:1173) in channel 'dom atroxa las borealny'(id:502)
2015-08-25 10:46:59.580028|INFO    |VirtualServer |  1| client 'Igorek1'(id:1172) was added to channelgroup 'Normal'(id:8) by client 'Jumbo'(id:1173) in channel 'dom atroxa las borealny'(id:502)
2015-08-25 11:02:29.908991|INFO    |VirtualServer |  1| client (id:1630) was added to servergroup 'Mobile'(id:64) by client 'McK'(id:2)
2015-08-25 11:08:48.252998|INFO    |VirtualServerBase|  1| channel 'dom atroxa las borealny'(id:502) edited by 'Jumbo'(id:1173)
